<?xml version="1.0" encoding="UTF-8" ?>
<testsuite errors="0" failures="0" hostname="Coltons-MacBook-Pro.local" name="org.apache.ivy.ant.IvyResolveTest" skipped="0" tests="33" time="2.041" timestamp="2016-04-23T16:06:29">
  <properties>
    <property name="java.home.ivy.instance" value="/Library/Java/JavaVirtualMachines/jdk1.8.0_66.jdk/Contents/Home/jre" />
    <property name="source.." value="src/java/" />
    <property name="ant.home.ivy.instance" value="/usr/local/Cellar/ant/1.9.4/libexec" />
    <property name="java.awt.graphicsenv.ivy.instance" value="sun.awt.CGraphicsEnvironment" />
    <property name="java.awt.printerjob.ivy.instance" value="sun.lwawt.macosx.CPrinterJob" />
    <property name="env.TERM" value="screen-256color" />
    <property name="ant.library.dir" value="/usr/local/Cellar/ant/1.9.4/libexec/lib" />
    <property name="ant.core.lib" value="/usr/local/Cellar/ant/1.9.4/libexec/lib/ant.jar" />
    <property name="java.vm.info.ivy.instance" value="mixed mode" />
    <property name="env.rvm_bin_path" value="/usr/local/rvm/bin" />
    <property name="ivy.report.output.pattern.ivy.instance" value="[organisation]-[module]-[conf].[ext]" />
    <property name="user.dir" value="/Volumes/MacintoshHDD/mccurdyc/Downloads/tlb-complete-0.3.2/tools/ivy" />
    <property name="java.vm.version" value="25.66-b17" />
    <property name="ivy.lib.dir.ivy.instance" value="/Volumes/MacintoshHDD/mccurdyc/Downloads/tlb-complete-0.3.2/tools/ivy/lib" />
    <property name="env.HISTFILESIZE" value="1000000" />
    <property name="path.separator.ivy.instance" value=":" />
    <property name="env.Apple_PubSub_Socket_Render" value="/private/tmp/com.apple.launchd.9wlgBydeto/Render" />
    <property name="env.HISTSIZE" value="1000000" />
    <property name="lib.dir" value="/Volumes/MacintoshHDD/mccurdyc/Downloads/tlb-complete-0.3.2/tools/ivy/lib" />
    <property name="env.GEM_HOME" value="/usr/local/rvm/gems/ruby-2.0.0-p353" />
    <property name="java.library.path.ivy.instance" value="/Users/ColtonMcCurdy/Library/Java/Extensions:/Library/Java/Extensions:/Network/Library/Java/Extensions:/System/Library/Java/Extensions:/usr/lib/java:." />
    <property name="ant.file.type.ivy" value="file" />
    <property name="ivy.resolve.default.type.filter.ivy.instance" value="*" />
    <property name="java.version.ivy.instance" value="1.8.0_66" />
    <property name="sun.os.patch.level" value="unknown" />
    <property name="ivy.shared.default.root" value="/Users/ColtonMcCurdy/.ivy2/shared" />
    <property name="java.vm.specification.name" value="Java Virtual Machine Specification" />
    <property name="ivy.shared.default.artifact.pattern.ivy.instance" value="[organisation]/[module]/[revision]/[type]s/[artifact].[ext]" />
    <property name="debug.mode" value="on" />
    <property name="env.TMUX_PWD_37" value="/Volumes/MacintoshHDD/mccurdyc/computer_science/research/spring_2016/selectms" />
    <property name="file.separator.ivy.instance" value="/" />
    <property name="env.HAS_256_COLORS" value="yes" />
    <property name="os.name" value="Mac OS X" />
    <property name="ivy.status" value="integration" />
    <property name="ivy.install.version" value="1.4.1" />
    <property name="ivy.local.default.ivy.pattern.ivy.instance" value="[organisation]/[module]/[revision]/[type]s/[artifact].[ext]" />
    <property name="ivy.settings.dir.ivy.instance" value="jar:file:/Users/ColtonMcCurdy/.ant/lib/ivy.jar!/org/apache/ivy/core/settings" />
    <property name="env.XPC_FLAGS" value="0x0" />
    <property name="java.vendor.url.bug" value="http://bugreport.sun.com/bugreport/" />
    <property name="env.POWERLINE_COMMAND" value="powerline" />
    <property name="env.TMUX_PWD_26" value="/Volumes/MacintoshHDD/mccurdyc/computer_science/research/spring_2016/selectms" />
    <property name="env.TODOTXT_DEFAULT_ACTION" value="ls" />
    <property name="os.arch" value="x86_64" />
    <property name="user.name" value="ColtonMcCurdy" />
    <property name="ivy.retrieve.pattern.ivy.instance" value="/Volumes/MacintoshHDD/mccurdyc/Downloads/tlb-complete-0.3.2/tools/ivy/lib/[artifact]-[revision](-[classifier]).[ext]" />
    <property name="doc.build.dir" value="/Volumes/MacintoshHDD/mccurdyc/Downloads/tlb-complete-0.3.2/tools/ivy/build/doc" />
    <property name="sun.java.command" value="org.apache.tools.ant.taskdefs.optional.junit.JUnitTestRunner org.apache.ivy.ant.IvyResolveTest skipNonTests=false filtertrace=true haltOnError=false haltOnFailure=false formatter=org.apache.tools.ant.taskdefs.optional.junit.SummaryJUnitResultFormatter showoutput=false outputtoformatters=true logfailedtests=true threadid=0 logtestlistenerevents=false formatter=org.apache.tools.ant.taskdefs.optional.junit.XMLJUnitResultFormatter,/Volumes/MacintoshHDD/mccurdyc/Downloads/tlb-complete-0.3.2/tools/ivy/build/test-report/TEST-org.apache.ivy.ant.IvyResolveTest.xml crashfile=/Volumes/MacintoshHDD/mccurdyc/Downloads/tlb-complete-0.3.2/tools/ivy/junitvmwatcher2895756696388832393.properties propsfile=/Volumes/MacintoshHDD/mccurdyc/Downloads/tlb-complete-0.3.2/tools/ivy/junit6079771926027940945.properties" />
    <property name="env.USER" value="ColtonMcCurdy" />
    <property name="ivy.shared.default.artifact.pattern" value="[organisation]/[module]/[revision]/[type]s/[artifact].[ext]" />
    <property name="env.LOGNAME" value="ColtonMcCurdy" />
    <property name="sun.arch.data.model.ivy.instance" value="64" />
    <property name="ivy.default.conf.dir" value="jar:file:/Users/ColtonMcCurdy/.ant/lib/ivy.jar!/org/apache/ivy/core/settings" />
    <property name="build.version" value="2.5.0-local-20160423120551" />
    <property name="user.country" value="US" />
    <property name="java.vm.specification.version.ivy.instance" value="1.8" />
    <property name="ivy.default.always.check.exact.revision" value="false" />
    <property name="emma.coverage.out.file" value="${coverage.dir}/coverage.emma" />
    <property name="os.name.ivy.instance" value="Mac OS X" />
    <property name="java.endorsed.dirs" value="/Library/Java/JavaVirtualMachines/jdk1.8.0_66.jdk/Contents/Home/jre/lib/endorsed" />
    <property name="java.endorsed.dirs.ivy.instance" value="/Library/Java/JavaVirtualMachines/jdk1.8.0_66.jdk/Contents/Home/jre/lib/endorsed" />
    <property name="ivy.lib.dir" value="/Volumes/MacintoshHDD/mccurdyc/Downloads/tlb-complete-0.3.2/tools/ivy/lib" />
    <property name="java.vm.specification.version" value="1.8" />
    <property name="env.IRBRC" value="/usr/local/rvm/rubies/ruby-2.0.0-p353/.irbrc" />
    <property name="optional.classes.build.dir" value="/Volumes/MacintoshHDD/mccurdyc/Downloads/tlb-complete-0.3.2/tools/ivy/build/classes/optional" />
    <property name="env._system_version" value="10.11" />
    <property name="gopherProxySet.ivy.instance" value="false" />
    <property name="ivy.settings.url" value="jar:file:/Users/ColtonMcCurdy/.ant/lib/ivy.jar!/org/apache/ivy/core/settings/ivysettings.xml" />
    <property name="env.SHLVL" value="4" />
    <property name="java.vendor" value="Oracle Corporation" />
    <property name="user.dir.ivy.instance" value="/Volumes/MacintoshHDD/mccurdyc/Downloads/tlb-complete-0.3.2/tools/ivy" />
    <property name="ivy.default.settings.dir" value="jar:file:/Users/ColtonMcCurdy/.ant/lib/ivy.jar!/org/apache/ivy/core/settings" />
    <property name="user.region" value="TR" />
    <property name="ivy.settings.file" value="ivysettings.xml" />
    <property name="java.runtime.name.ivy.instance" value="Java(TM) SE Runtime Environment" />
    <property name="env.CLICOLOR" value="1" />
    <property name="test.xml.dir" value="/Volumes/MacintoshHDD/mccurdyc/Downloads/tlb-complete-0.3.2/tools/ivy/build/test-report" />
    <property name="file.separator" value="/" />
    <property name="ivy.local.default.artifact.pattern.ivy.instance" value="[organisation]/[module]/[revision]/[type]s/[artifact].[ext]" />
    <property name="ivy.cache.dir.ivy.instance" value="/Users/ColtonMcCurdy/.ivy2/cache" />
    <property name="ivy.default.settings.dir.ivy.instance" value="jar:file:/Users/ColtonMcCurdy/.ant/lib/ivy.jar!/org/apache/ivy/core/settings" />
    <property name="sun.java.launcher" value="SUN_STANDARD" />
    <property name="ivy.shared.default.ivy.pattern.ivy.instance" value="[organisation]/[module]/[revision]/[type]s/[artifact].[ext]" />
    <property name="env.PAGER" value="less" />
    <property name="java.io.tmpdir.ivy.instance" value="/var/folders/63/3rz5g1g93kl56014nnctmg6w0000gn/T/" />
    <property name="rat.report.dir" value="/Volumes/MacintoshHDD/mccurdyc/Downloads/tlb-complete-0.3.2/tools/ivy/build/doc/reports/rat" />
    <property name="env.GHC_DOT_APP" value="/Volumes/MacintoshHDD/mccurdyc/Downloads/ghc-7.10.2.app" />
    <property name="ant.home" value="/usr/local/Cellar/ant/1.9.4/libexec" />
    <property name="ivy.resolved.file" value="/Volumes/MacintoshHDD/mccurdyc/Downloads/tlb-complete-0.3.2/tools/ivy/ivy.xml" />
    <property name="ant.java.version" value="1.8" />
    <property name="java.library.path" value="/Users/ColtonMcCurdy/Library/Java/Extensions:/Library/Java/Extensions:/Network/Library/Java/Extensions:/System/Library/Java/Extensions:/usr/lib/java:." />
    <property name="artifacts.build.dir" value="/Volumes/MacintoshHDD/mccurdyc/Downloads/tlb-complete-0.3.2/tools/ivy/build/artifact" />
    <property name="env._system_type" value="Darwin" />
    <property name="classes.build.dir" value="/Volumes/MacintoshHDD/mccurdyc/Downloads/tlb-complete-0.3.2/tools/ivy/build/classes" />
    <property name="javadoc.build.dir" value="/Volumes/MacintoshHDD/mccurdyc/Downloads/tlb-complete-0.3.2/tools/ivy/build/doc/reports/api" />
    <property name="DSTAMP" value="20160423" />
    <property name="ivy.resolved.configurations" value="default, test" />
    <property name="sun.arch.data.model" value="64" />
    <property name="basedir" value="/Volumes/MacintoshHDD/mccurdyc/Downloads/tlb-complete-0.3.2/tools/ivy" />
    <property name="java.vendor.url.ivy.instance" value="http://java.oracle.com/" />
    <property name="java.ext.dirs.ivy.instance" value="/Users/ColtonMcCurdy/Library/Java/Extensions:/Library/Java/JavaVirtualMachines/jdk1.8.0_66.jdk/Contents/Home/jre/lib/ext:/Library/Java/Extensions:/Network/Library/Java/Extensions:/System/Library/Java/Extensions:/usr/lib/java" />
    <property name="ivy.version" value="2.2.0" />
    <property name="env.PATH" value="/Users/ColtonMcCurdy/bin:/usr/local/rvm/gems/ruby-2.0.0-p353/bin:/usr/local/rvm/gems/ruby-2.0.0-p353@global/bin:/usr/local/rvm/rubies/ruby-2.0.0-p353/bin:/usr/local/bin:/usr/bin:/bin:/usr/local/sbin:/usr/sbin:/sbin:/opt/X11/bin:/usr/local/git/bin:/usr/local/go/bin:/opt/ImageMagick/bin:/usr/local/MacGPG2/bin:/usr/texbin:/Users/ColtonMcCurdy/bin:/usr/local/rvm/gems/ruby-2.0.0-p353/bin:/usr/local/rvm/gems/ruby-2.0.0-p353@global/bin:/usr/local/rvm/rubies/ruby-2.0.0-p353/bin:/usr/local/rvm/bin:bin/apache-maven-3.3.9/bin:/Library/TeX/Distributions/.DefaultTeX/Contents/Programs/texbin:bin/apache-maven-3.3.9/bin:/Library/TeX/Distributions/.DefaultTeX/Contents/Programs/texbin" />
    <property name="path.separator" value=":" />
    <property name="ivy.resolver.default.check.modified.ivy.instance" value="false" />
    <property name="env.TERM_PROGRAM" value="Apple_Terminal" />
    <property name="sun.io.unicode.encoding" value="UnicodeBig" />
    <property name="ivy.conf.dir" value="jar:file:/Users/ColtonMcCurdy/.ant/lib/ivy.jar!/org/apache/ivy/core/settings" />
    <property name="TSTAMP" value="1205" />
    <property name="user.language" value="tr" />
    <property name="env.TMUX_COLUMNS_6" value="230" />
    <property name="env.TMUX_COLUMNS_5" value="114" />
    <property name="env.TMUX_COLUMNS_4" value="114" />
    <property name="java.vm.specification.vendor.ivy.instance" value="Oracle Corporation" />
    <property name="env.TMUX_COLUMNS_3" value="114" />
    <property name="env.rvm_path" value="/usr/local/rvm" />
    <property name="env.TMUX_COLUMNS_1" value="114" />
    <property name="env.TMUX_COLUMNS_0" value="114" />
    <property name="ant.project.invoked-targets" value="test-report" />
    <property name="env.TMUX_PWD_6" value="/Volumes/MacintoshHDD/mccurdyc/computer_science/research/spring_2016/selectms" />
    <property name="env.TMUX_PWD_5" value="/Volumes/MacintoshHDD/mccurdyc/computer_science/research/spring_2016/selectms" />
    <property name="env.TMUX_PWD_3" value="/Volumes/MacintoshHDD/mccurdyc/computer_science/research/spring_2016/selectms" />
    <property name="awt.toolkit.ivy.instance" value="sun.lwawt.macosx.LWCToolkit" />
    <property name="env.TMUX_PWD_1" value="/Volumes/MacintoshHDD/mccurdyc/computer_science/cs441s2016/cs441s2016-fp-team1" />
    <property name="env.TMUX_PWD_0" value="/Volumes/MacintoshHDD/mccurdyc/computer_science/cs441s2016/cs441s2016-fp-team1" />
    <property name="gopherProxySet" value="false" />
    <property name="ivy.report.output.pattern" value="[organisation]-[module]-[conf].[ext]" />
    <property name="java.class.version" value="52.0" />
    <property name="sun.boot.library.path.ivy.instance" value="/Library/Java/JavaVirtualMachines/jdk1.8.0_66.jdk/Contents/Home/jre/lib" />
    <property name="os.version.ivy.instance" value="10.11.4" />
    <property name="ivy.project.dir.ivy.instance" value="/Volumes/MacintoshHDD/mccurdyc/Downloads/tlb-complete-0.3.2/tools/ivy" />
    <property name="file.encoding.pkg" value="sun.io" />
    <property name="sun.cpu.endian" value="little" />
    <property name="ivy.configurations.ivy.instance" value="*" />
    <property name="ivy.home.ivy.instance" value="/Users/ColtonMcCurdy/.ivy2" />
    <property name="env.SHELL" value="/bin/bash" />
    <property name="env.rvm_version" value="1.26.11 (latest)" />
    <property name="doc.src.dir" value="/Volumes/MacintoshHDD/mccurdyc/Downloads/tlb-complete-0.3.2/tools/ivy/doc" />
    <property name="java.home" value="/Library/Java/JavaVirtualMachines/jdk1.8.0_66.jdk/Contents/Home/jre" />
    <property name="ant.project.default-target" value="coverage-report" />
    <property name="target.ivy.bundle.version" value="2.5.0" />
    <property name="ivy.status.ivy.instance" value="integration" />
    <property name="ant.library.dir.ivy.instance" value="/usr/local/Cellar/ant/1.9.4/libexec/lib" />
    <property name="sun.java.launcher.ivy.instance" value="SUN_STANDARD" />
    <property name="ivy.basedir.ivy.instance" value="/Volumes/MacintoshHDD/mccurdyc/Downloads/tlb-complete-0.3.2/tools/ivy" />
    <property name="java.vm.vendor.ivy.instance" value="Oracle Corporation" />
    <property name="ivy.cache.ttl.default.ivy.instance" value="10s" />
    <property name="ivy.default.conf.dir.ivy.instance" value="jar:file:/Users/ColtonMcCurdy/.ant/lib/ivy.jar!/org/apache/ivy/core/settings" />
    <property name="ivy.settings.url.ivy.instance" value="jar:file:/Users/ColtonMcCurdy/.ant/lib/ivy.jar!/org/apache/ivy/core/settings/ivysettings.xml" />
    <property name="env.SSH_AUTH_SOCK" value="/private/tmp/com.apple.launchd.6KgC4020rB/Listeners" />
    <property name="test.build.dir" value="/Volumes/MacintoshHDD/mccurdyc/Downloads/tlb-complete-0.3.2/tools/ivy/build/test" />
    <property name="target.ivy.version" value="2.5.0" />
    <property name="sun.management.compiler" value="HotSpot 64-Bit Tiered Compilers" />
    <property name="ivy.local.default.ivy.pattern" value="[organisation]/[module]/[revision]/[type]s/[artifact].[ext]" />
    <property name="env.DISPLAY" value="/private/tmp/com.apple.launchd.VVkZtuXN7c/org.macosforge.xquartz:0" />
    <property name="env.RUBY_VERSION" value="ruby-2.0.0-p353" />
    <property name="env.MY_RUBY_HOME" value="/usr/local/rvm/rubies/ruby-2.0.0-p353" />
    <property name="env.XPC_SERVICE_NAME" value="0" />
    <property name="ant.file" value="/Volumes/MacintoshHDD/mccurdyc/Downloads/tlb-complete-0.3.2/tools/ivy/build.xml" />
    <property name="ivy.buildlist.ivyfilepath.ivy.instance" value="ivy.xml" />
    <property name="env._system_name" value="OSX" />
    <property name="user.country.ivy.instance" value="US" />
    <property name="ivy.minimum.javaversion" value="1.5" />
    <property name="env.PYTHONPATH" value="/usr/local/lib/python2.7/site-packages" />
    <property name="ivy.local.default.artifact.pattern" value="[organisation]/[module]/[revision]/[type]s/[artifact].[ext]" />
    <property name="core.classes.build.dir" value="/Volumes/MacintoshHDD/mccurdyc/Downloads/tlb-complete-0.3.2/tools/ivy/build/classes/core" />
    <property name="ivy.default.always.check.exact.revision.ivy.instance" value="false" />
    <property name="sun.cpu.isalist.ivy.instance" value="" />
    <property name="java.vm.specification.vendor" value="Oracle Corporation" />
    <property name="java.vm.name" value="Java HotSpot(TM) 64-Bit Server VM" />
    <property name="distrib.dir" value="/Volumes/MacintoshHDD/mccurdyc/Downloads/tlb-complete-0.3.2/tools/ivy/build/distrib" />
    <property name="env._system_arch" value="x86_64" />
    <property name="java.io.tmpdir" value="/var/folders/63/3rz5g1g93kl56014nnctmg6w0000gn/T/" />
    <property name="file.encoding.ivy.instance" value="UTF-8" />
    <property name="java.vendor.url" value="http://java.oracle.com/" />
    <property name="ivy.cache.ttl.default" value="10s" />
    <property name="env.rvmsudo_secure_path" value="0" />
    <property name="ivy.settings.file.ivy.instance" value="ivysettings.xml" />
    <property name="sun.boot.library.path" value="/Library/Java/JavaVirtualMachines/jdk1.8.0_66.jdk/Contents/Home/jre/lib" />
    <property name="env.GEM_PATH" value="/usr/local/rvm/gems/ruby-2.0.0-p353:/usr/local/rvm/gems/ruby-2.0.0-p353@global" />
    <property name="checkstyle.report.dir" value="/Volumes/MacintoshHDD/mccurdyc/Downloads/tlb-complete-0.3.2/tools/ivy/build/doc/reports/checkstyle" />
    <property name="test.report.dir" value="/Volumes/MacintoshHDD/mccurdyc/Downloads/tlb-complete-0.3.2/tools/ivy/build/doc/reports/test" />
    <property name="file.encoding.pkg.ivy.instance" value="sun.io" />
    <property name="ivy.local.default.root" value="/Users/ColtonMcCurdy/.ivy2/local" />
    <property name="ivy.resolver.default.check.modified" value="false" />
    <property name="java.runtime.name" value="Java(TM) SE Runtime Environment" />
    <property name="ant.project.name" value="ivy" />
    <property name="ivy.local.default.root.ivy.instance" value="/Users/ColtonMcCurdy/.ivy2/local" />
    <property name="sun.management.compiler.ivy.instance" value="HotSpot 64-Bit Tiered Compilers" />
    <property name="java.vendor.url.bug.ivy.instance" value="http://bugreport.sun.com/bugreport/" />
    <property name="ivy.conf.dir.ivy.instance" value="jar:file:/Users/ColtonMcCurdy/.ant/lib/ivy.jar!/org/apache/ivy/core/settings" />
    <property name="ivy.buildlist.ivyfilepath" value="ivy.xml" />
    <property name="env.PYTHONSTARTUP" value="/Users/ColtonMcCurdy/.pythonrc.py" />
    <property name="sun.cpu.isalist" value="" />
    <property name="ivy.default.ivy.user.dir" value="/Users/ColtonMcCurdy/.ivy2" />
    <property name="java.runtime.version.ivy.instance" value="1.8.0_66-b17" />
    <property name="user.home" value="/Users/ColtonMcCurdy" />
    <property name="env.JAVA_HOME" value="/Library/Java/JavaVirtualMachines/jdk1.8.0_66.jdk/Contents/Home" />
    <property name="java.vm.version.ivy.instance" value="25.66-b17" />
    <property name="java.specification.name" value="Java Platform API Specification" />
    <property name="ivy.dep.file" value="ivy.xml" />
    <property name="user.timezone.ivy.instance" value="America/New_York" />
    <property name="ivy.deliver.ivy.pattern.ivy.instance" value="/Volumes/MacintoshHDD/mccurdyc/Downloads/tlb-complete-0.3.2/tools/ivy/distrib/[type]s/[artifact]-[revision](-[classifier]).[ext]" />
    <property name="ivy.conf.url" value="jar:file:/Users/ColtonMcCurdy/.ant/lib/ivy.jar!/org/apache/ivy/core/settings/ivysettings.xml" />
    <property name="java.specification.vendor" value="Oracle Corporation" />
    <property name="ivy.deps.changed" value="false" />
    <property name="ivy.shared.default.ivy.pattern" value="[organisation]/[module]/[revision]/[type]s/[artifact].[ext]" />
    <property name="java.version" value="1.8.0_66" />
    <property name="sun.jnu.encoding.ivy.instance" value="UTF-8" />
    <property name="sun.io.unicode.encoding.ivy.instance" value="UnicodeBig" />
    <property name="output.." value="bin/" />
    <property name="bootstrap.classes.build.dir" value="/Volumes/MacintoshHDD/mccurdyc/Downloads/tlb-complete-0.3.2/tools/ivy/build/classes/bootstrap" />
    <property name="sun.java.command.ivy.instance" value="org.apache.tools.ant.launch.Launcher -cp  test-report" />
    <property name="env.LESS" value="-niSR" />
    <property name="basedir.ivy.instance" value="/Volumes/MacintoshHDD/mccurdyc/Downloads/tlb-complete-0.3.2/tools/ivy" />
    <property name="ant.file.ivy" value="/Volumes/MacintoshHDD/mccurdyc/Downloads/tlb-complete-0.3.2/tools/ivy/build.xml" />
    <property name="ivy.conf.url.ivy.instance" value="jar:file:/Users/ColtonMcCurdy/.ant/lib/ivy.jar!/org/apache/ivy/core/settings/ivysettings.xml" />
    <property name="version.prefix" value="2.5.0-local-" />
    <property name="java.specification.vendor.ivy.instance" value="Oracle Corporation" />
    <property name="test.dir" value="/Volumes/MacintoshHDD/mccurdyc/Downloads/tlb-complete-0.3.2/tools/ivy/test/java" />
    <property name="ivy.build.artifacts.dir.ivy.instance" value="/Volumes/MacintoshHDD/mccurdyc/Downloads/tlb-complete-0.3.2/tools/ivy/build/artifacts" />
    <property name="ivy.cache.dir" value="/Users/ColtonMcCurdy/.ivy2/cache" />
    <property name="user.language.ivy.instance" value="en" />
    <property name="java.class.path.ivy.instance" value="/usr/local/Cellar/ant/1.9.4/libexec/lib/ant-launcher.jar:/Users/ColtonMcCurdy/.ant/lib/ivy.jar:/usr/local/Cellar/ant/1.9.4/libexec/lib/ant-antlr.jar:/usr/local/Cellar/ant/1.9.4/libexec/lib/ant-apache-bcel.jar:/usr/local/Cellar/ant/1.9.4/libexec/lib/ant-apache-bsf.jar:/usr/local/Cellar/ant/1.9.4/libexec/lib/ant-apache-log4j.jar:/usr/local/Cellar/ant/1.9.4/libexec/lib/ant-apache-oro.jar:/usr/local/Cellar/ant/1.9.4/libexec/lib/ant-apache-regexp.jar:/usr/local/Cellar/ant/1.9.4/libexec/lib/ant-apache-resolver.jar:/usr/local/Cellar/ant/1.9.4/libexec/lib/ant-apache-xalan2.jar:/usr/local/Cellar/ant/1.9.4/libexec/lib/ant-commons-logging.jar:/usr/local/Cellar/ant/1.9.4/libexec/lib/ant-commons-net.jar:/usr/local/Cellar/ant/1.9.4/libexec/lib/ant-jai.jar:/usr/local/Cellar/ant/1.9.4/libexec/lib/ant-javamail.jar:/usr/local/Cellar/ant/1.9.4/libexec/lib/ant-jdepend.jar:/usr/local/Cellar/ant/1.9.4/libexec/lib/ant-jmf.jar:/usr/local/Cellar/ant/1.9.4/libexec/lib/ant-jsch.jar:/usr/local/Cellar/ant/1.9.4/libexec/lib/ant-junit.jar:/usr/local/Cellar/ant/1.9.4/libexec/lib/ant-junit4.jar:/usr/local/Cellar/ant/1.9.4/libexec/lib/ant-launcher.jar:/usr/local/Cellar/ant/1.9.4/libexec/lib/ant-netrexx.jar:/usr/local/Cellar/ant/1.9.4/libexec/lib/ant-swing.jar:/usr/local/Cellar/ant/1.9.4/libexec/lib/ant-testutil.jar:/usr/local/Cellar/ant/1.9.4/libexec/lib/ant.jar:/Library/Java/JavaVirtualMachines/jdk1.8.0_66.jdk/Contents/Home/lib/tools.jar" />
    <property name="env.PWD" value="/Users/ColtonMcCurdy/Downloads/tlb-complete-0.3.2/tools/ivy" />
    <property name="env.TMPDIR" value="/var/folders/63/3rz5g1g93kl56014nnctmg6w0000gn/T/" />
    <property name="sun.cpu.endian.ivy.instance" value="little" />
    <property name="line.separator" value="&#xa;" />
    <property name="java.specification.version" value="1.8" />
    <property name="ivy.publish.src.artifacts.pattern" value="/Volumes/MacintoshHDD/mccurdyc/Downloads/tlb-complete-0.3.2/tools/ivy/distrib/[type]s/[artifact]-[revision](-[classifier]).[ext]" />
    <property name="all.classes.build.dir" value="/Volumes/MacintoshHDD/mccurdyc/Downloads/tlb-complete-0.3.2/tools/ivy/build/classes/all" />
    <property name="java.vm.info" value="mixed mode" />
    <property name="bin.includes" value="META-INF/,." />
    <property name="env.TERM_PROGRAM_VERSION" value="361.1" />
    <property name="ivy.retrieve.pattern" value="/Volumes/MacintoshHDD/mccurdyc/Downloads/tlb-complete-0.3.2/tools/ivy/lib/[artifact]-[revision](-[classifier]).[ext]" />
    <property name="ivy.organisation" value="org.apache.ivy" />
    <property name="ivy.targets.copied" value="false" />
    <property name="sun.boot.class.path" value="/Library/Java/JavaVirtualMachines/jdk1.8.0_66.jdk/Contents/Home/jre/lib/resources.jar:/Library/Java/JavaVirtualMachines/jdk1.8.0_66.jdk/Contents/Home/jre/lib/rt.jar:/Library/Java/JavaVirtualMachines/jdk1.8.0_66.jdk/Contents/Home/jre/lib/sunrsasign.jar:/Library/Java/JavaVirtualMachines/jdk1.8.0_66.jdk/Contents/Home/jre/lib/jsse.jar:/Library/Java/JavaVirtualMachines/jdk1.8.0_66.jdk/Contents/Home/jre/lib/jce.jar:/Library/Java/JavaVirtualMachines/jdk1.8.0_66.jdk/Contents/Home/jre/lib/charsets.jar:/Library/Java/JavaVirtualMachines/jdk1.8.0_66.jdk/Contents/Home/jre/lib/jfr.jar:/Library/Java/JavaVirtualMachines/jdk1.8.0_66.jdk/Contents/Home/jre/classes" />
    <property name="env.TMUX_COLUMNS_37" value="57" />
    <property name="ivy.resolve.default.type.filter" value="*" />
    <property name="java.specification.version.ivy.instance" value="1.8" />
    <property name="src.dir" value="/Volumes/MacintoshHDD/mccurdyc/Downloads/tlb-complete-0.3.2/tools/ivy/src/java" />
    <property name="ivy.basedir" value="/Volumes/MacintoshHDD/mccurdyc/Downloads/tlb-complete-0.3.2/tools/ivy" />
    <property name="ivy.log.modules.in.use.ivy.instance" value="false" />
    <property name="env.rvm_prefix" value="/usr/local" />
    <property name="java.specification.name.ivy.instance" value="Java Platform API Specification" />
    <property name="env.HOME" value="/Users/ColtonMcCurdy" />
    <property name="line.separator.ivy.instance" value="&#xa;" />
    <property name="user.home.ivy.instance" value="/Users/ColtonMcCurdy" />
    <property name="ivy.publish.src.artifacts.pattern.ivy.instance" value="/Volumes/MacintoshHDD/mccurdyc/Downloads/tlb-complete-0.3.2/tools/ivy/distrib/[type]s/[artifact]-[revision](-[classifier]).[ext]" />
    <property name="ivy.deliver.ivy.pattern" value="/Volumes/MacintoshHDD/mccurdyc/Downloads/tlb-complete-0.3.2/tools/ivy/distrib/[type]s/[artifact]-[revision](-[classifier]).[ext]" />
    <property name="ivy.shared.default.root.ivy.instance" value="/Users/ColtonMcCurdy/.ivy2/shared" />
    <property name="env.TMUX_COLUMNS_26" value="56" />
    <property name="ivy.checksums.ivy.instance" value="sha1,md5" />
    <property name="bundle.version" value="2.5.0.alpha_20160423120551" />
    <property name="java.awt.printerjob" value="sun.lwawt.macosx.CPrinterJob" />
    <property name="env.TMUX_PANE" value="%50" />
    <property name="TODAY" value="April 23 2016" />
    <property name="sun.jnu.encoding" value="UTF-8" />
    <property name="ivy.default.ivy.user.dir.ivy.instance" value="/Users/ColtonMcCurdy/.ivy2" />
    <property name="reports.dir" value="/Volumes/MacintoshHDD/mccurdyc/Downloads/tlb-complete-0.3.2/tools/ivy/build/doc/reports" />
    <property name="ant.classes.build.dir" value="/Volumes/MacintoshHDD/mccurdyc/Downloads/tlb-complete-0.3.2/tools/ivy/build/classes/ant" />
    <property name="ivy.project.dir" value="/Volumes/MacintoshHDD/mccurdyc/Downloads/tlb-complete-0.3.2/tools/ivy" />
    <property name="ivy.revision" value="working@Coltons-MacBook-Pro.local" />
    <property name="java.runtime.version" value="1.8.0_66-b17" />
    <property name="checkstyle.src.dir" value="/Volumes/MacintoshHDD/mccurdyc/Downloads/tlb-complete-0.3.2/tools/ivy/src/etc/checkstyle" />
    <property name="sun.boot.class.path.ivy.instance" value="/Library/Java/JavaVirtualMachines/jdk1.8.0_66.jdk/Contents/Home/jre/lib/resources.jar:/Library/Java/JavaVirtualMachines/jdk1.8.0_66.jdk/Contents/Home/jre/lib/rt.jar:/Library/Java/JavaVirtualMachines/jdk1.8.0_66.jdk/Contents/Home/jre/lib/sunrsasign.jar:/Library/Java/JavaVirtualMachines/jdk1.8.0_66.jdk/Contents/Home/jre/lib/jsse.jar:/Library/Java/JavaVirtualMachines/jdk1.8.0_66.jdk/Contents/Home/jre/lib/jce.jar:/Library/Java/JavaVirtualMachines/jdk1.8.0_66.jdk/Contents/Home/jre/lib/charsets.jar:/Library/Java/JavaVirtualMachines/jdk1.8.0_66.jdk/Contents/Home/jre/lib/jfr.jar:/Library/Java/JavaVirtualMachines/jdk1.8.0_66.jdk/Contents/Home/jre/classes" />
    <property name="ivy.home" value="/Users/ColtonMcCurdy/.ivy2" />
    <property name="java.vendor.ivy.instance" value="Oracle Corporation" />
    <property name="ivy.distrib.dir.ivy.instance" value="/Volumes/MacintoshHDD/mccurdyc/Downloads/tlb-complete-0.3.2/tools/ivy/distrib" />
    <property name="tlb.dist.dir" value="/Volumes/MacintoshHDD/mccurdyc/Downloads/tlb-complete-0.3.2/java" />
    <property name="user.timezone" value="" />
    <property name="java.vm.specification.name.ivy.instance" value="Java Virtual Machine Specification" />
    <property name="env.TMUX" value="/private/var/folders/63/3rz5g1g93kl56014nnctmg6w0000gn/T/tmux-501/default,1024,2" />
    <property name="ivy.dep.file.ivy.instance" value="ivy.xml" />
    <property name="java.ext.dirs" value="/Users/ColtonMcCurdy/Library/Java/Extensions:/Library/Java/JavaVirtualMachines/jdk1.8.0_66.jdk/Contents/Home/jre/lib/ext:/Library/Java/Extensions:/Network/Library/Java/Extensions:/System/Library/Java/Extensions:/usr/lib/java" />
    <property name="java.class.path" value="/Volumes/MacintoshHDD/mccurdyc/Downloads/tlb-complete-0.3.2/tools/ivy/lib/ant-contrib.jar:/Volumes/MacintoshHDD/mccurdyc/Downloads/tlb-complete-0.3.2/tools/ivy/lib/ant-testutil.jar:/Volumes/MacintoshHDD/mccurdyc/Downloads/tlb-complete-0.3.2/tools/ivy/lib/bcpg-jdk15on.jar:/Volumes/MacintoshHDD/mccurdyc/Downloads/tlb-complete-0.3.2/tools/ivy/lib/bcprov-jdk15on.jar:/Volumes/MacintoshHDD/mccurdyc/Downloads/tlb-complete-0.3.2/tools/ivy/lib/commons-codec.jar:/Volumes/MacintoshHDD/mccurdyc/Downloads/tlb-complete-0.3.2/tools/ivy/lib/commons-httpclient.jar:/Volumes/MacintoshHDD/mccurdyc/Downloads/tlb-complete-0.3.2/tools/ivy/lib/commons-lang.jar:/Volumes/MacintoshHDD/mccurdyc/Downloads/tlb-complete-0.3.2/tools/ivy/lib/commons-logging.jar:/Volumes/MacintoshHDD/mccurdyc/Downloads/tlb-complete-0.3.2/tools/ivy/lib/commons-vfs.jar:/Volumes/MacintoshHDD/mccurdyc/Downloads/tlb-complete-0.3.2/tools/ivy/lib/jna.jar:/Volumes/MacintoshHDD/mccurdyc/Downloads/tlb-complete-0.3.2/tools/ivy/lib/jsch.agentproxy.connector-factory.jar:/Volumes/MacintoshHDD/mccurdyc/Downloads/tlb-complete-0.3.2/tools/ivy/lib/jsch.agentproxy.core.jar:/Volumes/MacintoshHDD/mccurdyc/Downloads/tlb-complete-0.3.2/tools/ivy/lib/jsch.agentproxy.jsch.jar:/Volumes/MacintoshHDD/mccurdyc/Downloads/tlb-complete-0.3.2/tools/ivy/lib/jsch.agentproxy.pageant.jar:/Volumes/MacintoshHDD/mccurdyc/Downloads/tlb-complete-0.3.2/tools/ivy/lib/jsch.agentproxy.sshagent.jar:/Volumes/MacintoshHDD/mccurdyc/Downloads/tlb-complete-0.3.2/tools/ivy/lib/jsch.agentproxy.usocket-jna.jar:/Volumes/MacintoshHDD/mccurdyc/Downloads/tlb-complete-0.3.2/tools/ivy/lib/jsch.agentproxy.usocket-nc.jar:/Volumes/MacintoshHDD/mccurdyc/Downloads/tlb-complete-0.3.2/tools/ivy/lib/jsch.jar:/Volumes/MacintoshHDD/mccurdyc/Downloads/tlb-complete-0.3.2/tools/ivy/lib/junit.jar:/Volumes/MacintoshHDD/mccurdyc/Downloads/tlb-complete-0.3.2/tools/ivy/lib/oro.jar:/Volumes/MacintoshHDD/mccurdyc/Downloads/tlb-complete-0.3.2/tools/ivy/lib/platform.jar:/Volumes/MacintoshHDD/mccurdyc/Downloads/tlb-complete-0.3.2/tools/ivy/lib/xercesImpl.jar:/Volumes/MacintoshHDD/mccurdyc/Downloads/tlb-complete-0.3.2/tools/ivy/lib/xmlParserAPIs.jar:/Volumes/MacintoshHDD/mccurdyc/Downloads/tlb-complete-0.3.2/tools/ivy/lib/xmlunit.jar:/Volumes/MacintoshHDD/mccurdyc/Downloads/tlb-complete-0.3.2/tools/ivy/build/classes/core:/Volumes/MacintoshHDD/mccurdyc/Downloads/tlb-complete-0.3.2/tools/ivy/build/classes/ant:/Volumes/MacintoshHDD/mccurdyc/Downloads/tlb-complete-0.3.2/tools/ivy/build/classes/optional:/Volumes/MacintoshHDD/mccurdyc/Downloads/tlb-complete-0.3.2/tools/ivy/build/test:/usr/local/Cellar/ant/1.9.4/libexec/lib/ant-launcher.jar:/usr/local/Cellar/ant/1.9.4/libexec/lib/ant.jar:/usr/local/Cellar/ant/1.9.4/libexec/lib/ant-junit.jar:/usr/local/Cellar/ant/1.9.4/libexec/lib/ant-junit4.jar" />
    <property name="ivy.settings.dir" value="jar:file:/Users/ColtonMcCurdy/.ant/lib/ivy.jar!/org/apache/ivy/core/settings" />
    <property name="tlb.project.dir" value="/Volumes/MacintoshHDD/mccurdyc/Downloads/tlb-complete-0.3.2/tlb" />
    <property name="example.dir" value="/Volumes/MacintoshHDD/mccurdyc/Downloads/tlb-complete-0.3.2/tools/ivy/src/example" />
    <property name="os.version" value="10.11.4" />
    <property name="coverage.report.dir" value="/Volumes/MacintoshHDD/mccurdyc/Downloads/tlb-complete-0.3.2/tools/ivy/build/doc/reports/coverage" />
    <property name="java.class.version.ivy.instance" value="52.0" />
    <property name="ivy.module" value="ivy" />
    <property name="os.arch.ivy.instance" value="x86_64" />
    <property name="env.TERM_SESSION_ID" value="4A239604-06C0-4C75-82B4-8A1D80F9C9E9" />
    <property name="env.LANG" value="en_US.UTF-8" />
    <property name="ivy.nb.targets.copied" value="0" />
    <property name="java.awt.graphicsenv" value="sun.awt.CGraphicsEnvironment" />
    <property name="java.vm.name.ivy.instance" value="Java HotSpot(TM) 64-Bit Server VM" />
    <property name="java.vm.vendor" value="Oracle Corporation" />
    <property name="target.ivy.bundle.version.qualifier" value="alpha_" />
    <property name="ivy.log.modules.in.use" value="false" />
    <property name="test.class.pattern" value="*Test" />
    <property name="ant.file.type" value="file" />
    <property name="pubdate" value="20160423120551" />
    <property name="ivy.build.artifacts.dir" value="/Volumes/MacintoshHDD/mccurdyc/Downloads/tlb-complete-0.3.2/tools/ivy/build/artifacts" />
    <property name="ivy.checksums" value="sha1,md5" />
    <property name="sun.os.patch.level.ivy.instance" value="unknown" />
    <property name="build.dir" value="/Volumes/MacintoshHDD/mccurdyc/Downloads/tlb-complete-0.3.2/tools/ivy/build" />
    <property name="ivy.configurations" value="*" />
    <property name="final.name" value="ivy.jar" />
    <property name="env.JAVA_MAIN_CLASS_36901" value="org.apache.tools.ant.launch.Launcher" />
    <property name="ivy.distrib.dir" value="/Volumes/MacintoshHDD/mccurdyc/Downloads/tlb-complete-0.3.2/tools/ivy/distrib" />
    <property name="ant.version" value="Apache Ant(TM) version 1.9.4 compiled on April 29 2014" />
    <property name="ivy.report.dir" value="/Volumes/MacintoshHDD/mccurdyc/Downloads/tlb-complete-0.3.2/tools/ivy/build/doc/reports/ivy" />
    <property name="file.encoding" value="UTF-8" />
    <property name="env.__CF_USER_TEXT_ENCODING" value="0x1F5:0x0:0x0" />
    <property name="awt.toolkit" value="sun.lwawt.macosx.LWCToolkit" />
    <property name="emma.coverage.out.merge" value="true" />
    <property name="user.name.ivy.instance" value="ColtonMcCurdy" />
  </properties>
  <testcase classname="org.apache.ivy.ant.IvyResolveTest" name="testFailureOnBadDependencyIvyFile" time="0.419" />
  <testcase classname="org.apache.ivy.ant.IvyResolveTest" name="testFailureOnBadStatusInDependencyIvyFile" time="0.058" />
  <testcase classname="org.apache.ivy.ant.IvyResolveTest" name="testHaltOnFailure" time="0.032" />
  <testcase classname="org.apache.ivy.ant.IvyResolveTest" name="testWithResolveId" time="0.053" />
  <testcase classname="org.apache.ivy.ant.IvyResolveTest" name="testDoubleResolveWithResolveId" time="0.065" />
  <testcase classname="org.apache.ivy.ant.IvyResolveTest" name="testDifferentResolveWithSameResolveId" time="0.056" />
  <testcase classname="org.apache.ivy.ant.IvyResolveTest" name="testExcludedConf" time="0.04" />
  <testcase classname="org.apache.ivy.ant.IvyResolveTest" name="testResolveWithAbsoluteFile" time="0.033" />
  <testcase classname="org.apache.ivy.ant.IvyResolveTest" name="testResolveWithRelativeFile" time="0.036" />
  <testcase classname="org.apache.ivy.ant.IvyResolveTest" name="testChildsSimple" time="0.021" />
  <testcase classname="org.apache.ivy.ant.IvyResolveTest" name="testChildsMultiple" time="0.088" />
  <testcase classname="org.apache.ivy.ant.IvyResolveTest" name="testChildsMultipleWithConf" time="0.063" />
  <testcase classname="org.apache.ivy.ant.IvyResolveTest" name="testChildsMultipleWithConf2" time="0.077" />
  <testcase classname="org.apache.ivy.ant.IvyResolveTest" name="testChildsExclude" time="0.074" />
  <testcase classname="org.apache.ivy.ant.IvyResolveTest" name="testChildsDependencyExclude" time="0.062" />
  <testcase classname="org.apache.ivy.ant.IvyResolveTest" name="testChildsDependencyInclude" time="0.046" />
  <testcase classname="org.apache.ivy.ant.IvyResolveTest" name="testChildsFail" time="0.014" />
  <testcase classname="org.apache.ivy.ant.IvyResolveTest" name="testSimpleExtends" time="0.088" />
  <testcase classname="org.apache.ivy.ant.IvyResolveTest" name="testInlineWithResolveId" time="0.02" />
  <testcase classname="org.apache.ivy.ant.IvyResolveTest" name="testInlineForNonExistingModule" time="0.014" />
  <testcase classname="org.apache.ivy.ant.IvyResolveTest" name="testResolveWithoutIvyFile" time="0.034" />
  <testcase classname="org.apache.ivy.ant.IvyResolveTest" name="testWithSlashes" time="0.045" />
  <testcase classname="org.apache.ivy.ant.IvyResolveTest" name="testDepsChanged" time="0.034" />
  <testcase classname="org.apache.ivy.ant.IvyResolveTest" name="testDontCheckIfChanged" time="0.031" />
  <testcase classname="org.apache.ivy.ant.IvyResolveTest" name="testConflictingDepsChanged" time="0.08" />
  <testcase classname="org.apache.ivy.ant.IvyResolveTest" name="testDouble" time="0.038" />
  <testcase classname="org.apache.ivy.ant.IvyResolveTest" name="testFailure" time="0.014" />
  <testcase classname="org.apache.ivy.ant.IvyResolveTest" name="testIvyLogModulesInUseWithFailure" time="0.02" />
  <testcase classname="org.apache.ivy.ant.IvyResolveTest" name="testFailureWithMissingConfigurations" time="0.012" />
  <testcase classname="org.apache.ivy.ant.IvyResolveTest" name="testInline" time="0.017" />
  <testcase classname="org.apache.ivy.ant.IvyResolveTest" name="testIVY1455" time="0.098" />
  <testcase classname="org.apache.ivy.ant.IvyResolveTest" name="testIVY779" time="0.06" />
  <testcase classname="org.apache.ivy.ant.IvyResolveTest" name="testSimple" time="0.024" />
  <system-out><![CDATA[     [null] :: Apache Ivy non official version -  :: http://ant.apache.org/ivy/ ::
     [null] :: loading settings :: file = /Volumes/MacintoshHDD/mccurdyc/Downloads/tlb-complete-0.3.2/tools/ivy/test/repositories/ivysettings.xml
     [null] :: resolving dependencies :: apache#resolve-failure2;1.0
     [null] 	confs: [default]
     [null] :: resolution report :: resolve 74ms :: artifacts dl 0ms
	---------------------------------------------------------------------
	|                  |            modules            ||   artifacts   |
	|       conf       | number| search|dwnlded|evicted|| number|dwnlded|
	---------------------------------------------------------------------
	|      default     |   1   |   0   |   0   |   0   ||   0   |   0   |
	---------------------------------------------------------------------
     [null] 
     [null] :: problems summary ::
     [null] :::: WARNINGS
     [null] 		::::::::::::::::::::::::::::::::::::::::::::::
     [null] 		::          UNRESOLVED DEPENDENCIES         ::
     [null] 		::::::::::::::::::::::::::::::::::::::::::::::
     [null] 		:: orgfailure#modfailure;1.0: java.text.ParseException: [xml parsing: ivy-1.0.xml.original:25:11: cvc-complex-type.2.4.a: Invalid content was found starting with element 'badtag'. One of '{"":configurations, "":publications, "":dependencies, "":conflicts}' is expected. in file:/Volumes/MacintoshHDD/mccurdyc/Downloads/tlb-complete-0.3.2/tools/ivy/build/cache/orgfailure/modfailure/ivy-1.0.xml.original
     [null] , unknown tag badtag in file:/Volumes/MacintoshHDD/mccurdyc/Downloads/tlb-complete-0.3.2/tools/ivy/build/cache/orgfailure/modfailure/ivy-1.0.xml.original
     [null] ]
     [null] 		::::::::::::::::::::::::::::::::::::::::::::::
     [null] 
     [null] :: USE VERBOSE OR DEBUG MESSAGE LEVEL FOR MORE DETAILS
     [null] :: loading settings :: file = /Volumes/MacintoshHDD/mccurdyc/Downloads/tlb-complete-0.3.2/tools/ivy/test/repositories/ivysettings.xml
     [null] :: resolving dependencies :: apache#resolve-failure3;1.0
     [null] 	confs: [default]
     [null] :: resolution report :: resolve 23ms :: artifacts dl 0ms
	---------------------------------------------------------------------
	|                  |            modules            ||   artifacts   |
	|       conf       | number| search|dwnlded|evicted|| number|dwnlded|
	---------------------------------------------------------------------
	|      default     |   1   |   0   |   0   |   0   ||   0   |   0   |
	---------------------------------------------------------------------
     [null] 
     [null] :: problems summary ::
     [null] :::: WARNINGS
     [null] 		::::::::::::::::::::::::::::::::::::::::::::::
     [null] 		::          UNRESOLVED DEPENDENCIES         ::
     [null] 		::::::::::::::::::::::::::::::::::::::::::::::
     [null] 		:: orgfailure#modfailure;1.1: java.text.ParseException: inconsistent module descriptor file found in '/Volumes/MacintoshHDD/mccurdyc/Downloads/tlb-complete-0.3.2/tools/ivy/test/repositories/1/orgfailure/modfailure/ivys/ivy-1.1.xml': bad status: 'badstatus'; 
     [null] 		::::::::::::::::::::::::::::::::::::::::::::::
     [null] :::: ERRORS
     [null] 		1: bad status found in /Volumes/MacintoshHDD/mccurdyc/Downloads/tlb-complete-0.3.2/tools/ivy/test/repositories/1/orgfailure/modfailure/ivys/ivy-1.1.xml: 'badstatus'
     [null] 
     [null] :: USE VERBOSE OR DEBUG MESSAGE LEVEL FOR MORE DETAILS
     [null] :: loading settings :: file = /Volumes/MacintoshHDD/mccurdyc/Downloads/tlb-complete-0.3.2/tools/ivy/test/repositories/ivysettings.xml
     [null] :: resolving dependencies :: apache#resolve-simple;1.0
     [null] 	confs: [default]
     [null] :: resolution report :: resolve 7ms :: artifacts dl 0ms
	---------------------------------------------------------------------
	|                  |            modules            ||   artifacts   |
	|       conf       | number| search|dwnlded|evicted|| number|dwnlded|
	---------------------------------------------------------------------
	|      default     |   1   |   0   |   0   |   0   ||   0   |   0   |
	---------------------------------------------------------------------
     [null] 
     [null] :: problems summary ::
     [null] :::: WARNINGS
     [null] 		module not found: unknwon#unknown;1.0
     [null] 	==== 1: tried
     [null] 	  /Volumes/MacintoshHDD/mccurdyc/Downloads/tlb-complete-0.3.2/tools/ivy/test/repositories/1/unknwon/unknown/ivys/ivy-1.0.xml
     [null] 	  -- artifact unknwon#unknown;1.0!unknown.jar:
     [null] 	  /Volumes/MacintoshHDD/mccurdyc/Downloads/tlb-complete-0.3.2/tools/ivy/test/repositories/1/unknwon/unknown/jars/unknown-1.0.jar
     [null] 	==== 2-ivy: tried
     [null] 	  /Volumes/MacintoshHDD/mccurdyc/Downloads/tlb-complete-0.3.2/tools/ivy/test/repositories/2/unknown/ivy-1.0.xml
     [null] 	==== 2-artifact: tried
     [null] 	  -- artifact unknwon#unknown;1.0!unknown.jar:
     [null] 	  /Volumes/MacintoshHDD/mccurdyc/Downloads/tlb-complete-0.3.2/tools/ivy/test/repositories/2/unknown/unknown-1.0.jar
     [null] 	  /Volumes/MacintoshHDD/mccurdyc/Downloads/tlb-complete-0.3.2/tools/ivy/test/repositories/2/unknown/unknown.jar
     [null] 	==== m2: tried
     [null] 	  file:/Volumes/MacintoshHDD/mccurdyc/Downloads/tlb-complete-0.3.2/tools/ivy/test/repositories/m2/unknwon/unknown/1.0/unknown-1.0.pom
     [null] 	  -- artifact unknwon#unknown;1.0!unknown.jar:
     [null] 	  file:/Volumes/MacintoshHDD/mccurdyc/Downloads/tlb-complete-0.3.2/tools/ivy/test/repositories/m2/unknwon/unknown/1.0/unknown-1.0.jar
     [null] 		::::::::::::::::::::::::::::::::::::::::::::::
     [null] 		::          UNRESOLVED DEPENDENCIES         ::
     [null] 		::::::::::::::::::::::::::::::::::::::::::::::
     [null] 		:: unknwon#unknown;1.0: not found
     [null] 		::::::::::::::::::::::::::::::::::::::::::::::
     [null] 
     [null] :: USE VERBOSE OR DEBUG MESSAGE LEVEL FOR MORE DETAILS
     [null] :: loading settings :: file = /Volumes/MacintoshHDD/mccurdyc/Downloads/tlb-complete-0.3.2/tools/ivy/test/repositories/ivysettings.xml
     [null] :: resolving dependencies :: apache#resolve-simple;1.0
     [null] 	confs: [default]
     [null] 	found org1#mod1.2;2.0 in 1
     [null] downloading /Volumes/MacintoshHDD/mccurdyc/Downloads/tlb-complete-0.3.2/tools/ivy/test/repositories/1/org1/mod1.2/jars/mod1.2-2.0.jar ...
     [null] . (0kB)
     [null] 	[SUCCESSFUL ] org1#mod1.2;2.0!mod1.2.jar (1ms)
     [null] :: resolution report :: resolve 22ms :: artifacts dl 3ms
	---------------------------------------------------------------------
	|                  |            modules            ||   artifacts   |
	|       conf       | number| search|dwnlded|evicted|| number|dwnlded|
	---------------------------------------------------------------------
	|      default     |   1   |   1   |   0   |   0   ||   1   |   1   |
	---------------------------------------------------------------------
     [null] :: loading settings :: file = /Volumes/MacintoshHDD/mccurdyc/Downloads/tlb-complete-0.3.2/tools/ivy/test/repositories/ivysettings.xml
     [null] :: resolving dependencies :: apache#resolve-simple;1.0
     [null] 	confs: [default]
     [null] 	found org1#mod1.2;2.0 in 1
     [null] downloading /Volumes/MacintoshHDD/mccurdyc/Downloads/tlb-complete-0.3.2/tools/ivy/test/repositories/1/org1/mod1.2/jars/mod1.2-2.0.jar ...
     [null] . (0kB)
     [null] 	[SUCCESSFUL ] org1#mod1.2;2.0!mod1.2.jar (2ms)
     [null] :: resolution report :: resolve 9ms :: artifacts dl 3ms
	---------------------------------------------------------------------
	|                  |            modules            ||   artifacts   |
	|       conf       | number| search|dwnlded|evicted|| number|dwnlded|
	---------------------------------------------------------------------
	|      default     |   1   |   1   |   0   |   0   ||   1   |   1   |
	---------------------------------------------------------------------
     [null] :: resolving dependencies :: apache2#resolve-simple2;1.1
     [null] 	confs: [default]
     [null] 	found org1#mod1.2;2.1 in 1
     [null] downloading /Volumes/MacintoshHDD/mccurdyc/Downloads/tlb-complete-0.3.2/tools/ivy/test/repositories/1/org1/mod1.2/jars/mod1.2-2.1.jar ...
     [null] .. (0kB)
     [null] 	[SUCCESSFUL ] org1#mod1.2;2.1!mod1.2.jar (1ms)
     [null] :: resolution report :: resolve 19ms :: artifacts dl 2ms
	---------------------------------------------------------------------
	|                  |            modules            ||   artifacts   |
	|       conf       | number| search|dwnlded|evicted|| number|dwnlded|
	---------------------------------------------------------------------
	|      default     |   1   |   1   |   0   |   0   ||   1   |   1   |
	---------------------------------------------------------------------
     [null] :: loading settings :: file = /Volumes/MacintoshHDD/mccurdyc/Downloads/tlb-complete-0.3.2/tools/ivy/test/repositories/ivysettings.xml
     [null] :: resolving dependencies :: apache#resolve-simple;1.0
     [null] 	confs: [default]
     [null] 	found org1#mod1.2;2.0 in 1
     [null] downloading /Volumes/MacintoshHDD/mccurdyc/Downloads/tlb-complete-0.3.2/tools/ivy/test/repositories/1/org1/mod1.2/jars/mod1.2-2.0.jar ...
     [null] . (0kB)
     [null] 	[SUCCESSFUL ] org1#mod1.2;2.0!mod1.2.jar (2ms)
     [null] :: resolution report :: resolve 7ms :: artifacts dl 2ms
	---------------------------------------------------------------------
	|                  |            modules            ||   artifacts   |
	|       conf       | number| search|dwnlded|evicted|| number|dwnlded|
	---------------------------------------------------------------------
	|      default     |   1   |   1   |   0   |   0   ||   1   |   1   |
	---------------------------------------------------------------------
     [null] :: resolving dependencies :: apache2#resolve-simple2;1.1
     [null] 	confs: [default]
     [null] 	found org1#mod1.2;2.1 in 1
     [null] downloading /Volumes/MacintoshHDD/mccurdyc/Downloads/tlb-complete-0.3.2/tools/ivy/test/repositories/1/org1/mod1.2/jars/mod1.2-2.1.jar ...
     [null] .. (0kB)
     [null] 	[SUCCESSFUL ] org1#mod1.2;2.1!mod1.2.jar (2ms)
     [null] :: resolution report :: resolve 18ms :: artifacts dl 2ms
	---------------------------------------------------------------------
	|                  |            modules            ||   artifacts   |
	|       conf       | number| search|dwnlded|evicted|| number|dwnlded|
	---------------------------------------------------------------------
	|      default     |   1   |   1   |   0   |   0   ||   1   |   1   |
	---------------------------------------------------------------------
     [null] :: loading settings :: file = /Volumes/MacintoshHDD/mccurdyc/Downloads/tlb-complete-0.3.2/tools/ivy/test/repositories/ivysettings.xml
     [null] :: resolving dependencies :: apache#resolve-simple;1.0
     [null] 	confs: [compile]
     [null] 	found org1#mod1.1;2.0 in 1
     [null] downloading /Volumes/MacintoshHDD/mccurdyc/Downloads/tlb-complete-0.3.2/tools/ivy/test/repositories/1/org1/mod1.1/jars/mod1.1-2.0.jar ...
     [null] .. (0kB)
     [null] 	[SUCCESSFUL ] org1#mod1.1;2.0!mod1.1.jar (1ms)
     [null] :: resolution report :: resolve 18ms :: artifacts dl 3ms
	---------------------------------------------------------------------
	|                  |            modules            ||   artifacts   |
	|       conf       | number| search|dwnlded|evicted|| number|dwnlded|
	---------------------------------------------------------------------
	|      compile     |   1   |   1   |   1   |   0   ||   1   |   1   |
	---------------------------------------------------------------------
     [null] :: loading settings :: file = /Volumes/MacintoshHDD/mccurdyc/Downloads/tlb-complete-0.3.2/tools/ivy/test/repositories/ivysettings.xml
     [null] :: resolving dependencies :: apache#resolve-simple;1.0
     [null] 	confs: [default]
     [null] 	found org1#mod1.2;2.0 in 1
     [null] downloading /Volumes/MacintoshHDD/mccurdyc/Downloads/tlb-complete-0.3.2/tools/ivy/test/repositories/1/org1/mod1.2/jars/mod1.2-2.0.jar ...
     [null] . (0kB)
     [null] 	[SUCCESSFUL ] org1#mod1.2;2.0!mod1.2.jar (2ms)
     [null] :: resolution report :: resolve 8ms :: artifacts dl 3ms
	---------------------------------------------------------------------
	|                  |            modules            ||   artifacts   |
	|       conf       | number| search|dwnlded|evicted|| number|dwnlded|
	---------------------------------------------------------------------
	|      default     |   1   |   1   |   0   |   0   ||   1   |   1   |
	---------------------------------------------------------------------
     [null] :: loading settings :: file = /Volumes/MacintoshHDD/mccurdyc/Downloads/tlb-complete-0.3.2/tools/ivy/test/repositories/ivysettings.xml
     [null] :: resolving dependencies :: apache#resolve-simple;1.0
     [null] 	confs: [default]
     [null] 	found org1#mod1.2;2.0 in 1
     [null] downloading /Volumes/MacintoshHDD/mccurdyc/Downloads/tlb-complete-0.3.2/tools/ivy/test/repositories/1/org1/mod1.2/jars/mod1.2-2.0.jar ...
     [null] . (0kB)
     [null] 	[SUCCESSFUL ] org1#mod1.2;2.0!mod1.2.jar (2ms)
     [null] :: resolution report :: resolve 8ms :: artifacts dl 3ms
	---------------------------------------------------------------------
	|                  |            modules            ||   artifacts   |
	|       conf       | number| search|dwnlded|evicted|| number|dwnlded|
	---------------------------------------------------------------------
	|      default     |   1   |   1   |   0   |   0   ||   1   |   1   |
	---------------------------------------------------------------------
     [null] :: loading settings :: file = /Volumes/MacintoshHDD/mccurdyc/Downloads/tlb-complete-0.3.2/tools/ivy/test/repositories/ivysettings.xml
     [null] :: resolving dependencies :: #;working@Coltons-MacBook-Pro.local
     [null] 	confs: [default]
     [null] 	found org1#mod1.2;2.0 in 1
     [null] downloading /Volumes/MacintoshHDD/mccurdyc/Downloads/tlb-complete-0.3.2/tools/ivy/test/repositories/1/org1/mod1.2/jars/mod1.2-2.0.jar ...
     [null] . (0kB)
     [null] 	[SUCCESSFUL ] org1#mod1.2;2.0!mod1.2.jar (1ms)
     [null] :: resolution report :: resolve 8ms :: artifacts dl 2ms
	---------------------------------------------------------------------
	|                  |            modules            ||   artifacts   |
	|       conf       | number| search|dwnlded|evicted|| number|dwnlded|
	---------------------------------------------------------------------
	|      default     |   1   |   1   |   0   |   0   ||   1   |   1   |
	---------------------------------------------------------------------
     [null] :: loading settings :: file = /Volumes/MacintoshHDD/mccurdyc/Downloads/tlb-complete-0.3.2/tools/ivy/test/repositories/ivysettings.xml
     [null] :: resolving dependencies :: #;working@Coltons-MacBook-Pro.local
     [null] 	confs: [default]
     [null] 	found org1#mod1.2;2.0 in 1
     [null] 	found org2#mod2.3;0.7 in 1
     [null] 	found org2#mod2.1;0.3 in 1
     [null] 	found org1#mod1.1;1.0 in 1
     [null] downloading /Volumes/MacintoshHDD/mccurdyc/Downloads/tlb-complete-0.3.2/tools/ivy/test/repositories/1/org1/mod1.2/jars/mod1.2-2.0.jar ...
     [null] . (0kB)
     [null] 	[SUCCESSFUL ] org1#mod1.2;2.0!mod1.2.jar (2ms)
     [null] downloading /Volumes/MacintoshHDD/mccurdyc/Downloads/tlb-complete-0.3.2/tools/ivy/test/repositories/1/org2/mod2.3/jars/mod2.3-0.7.jar ...
     [null] .. (0kB)
     [null] 	[SUCCESSFUL ] org2#mod2.3;0.7!mod2.3.jar (3ms)
     [null] downloading /Volumes/MacintoshHDD/mccurdyc/Downloads/tlb-complete-0.3.2/tools/ivy/test/repositories/1/org2/mod2.1/jars/art21A-0.3.jar ...
     [null] .. (0kB)
     [null] 	[SUCCESSFUL ] org2#mod2.1;0.3!art21A.jar (2ms)
     [null] downloading /Volumes/MacintoshHDD/mccurdyc/Downloads/tlb-complete-0.3.2/tools/ivy/test/repositories/1/org2/mod2.1/jars/art21B-0.3.jar ...
     [null] .. (0kB)
     [null] 	[SUCCESSFUL ] org2#mod2.1;0.3!art21B.jar (2ms)
     [null] downloading /Volumes/MacintoshHDD/mccurdyc/Downloads/tlb-complete-0.3.2/tools/ivy/test/repositories/1/org1/mod1.1/jars/mod1.1-1.0.jar ...
     [null] .. (0kB)
     [null] 	[SUCCESSFUL ] org1#mod1.1;1.0!mod1.1.jar (2ms)
     [null] :: resolution report :: resolve 55ms :: artifacts dl 14ms
	---------------------------------------------------------------------
	|                  |            modules            ||   artifacts   |
	|       conf       | number| search|dwnlded|evicted|| number|dwnlded|
	---------------------------------------------------------------------
	|      default     |   4   |   4   |   3   |   0   ||   5   |   5   |
	---------------------------------------------------------------------
     [null] :: loading settings :: file = /Volumes/MacintoshHDD/mccurdyc/Downloads/tlb-complete-0.3.2/tools/ivy/test/repositories/ivysettings.xml
     [null] :: resolving dependencies :: #;working@Coltons-MacBook-Pro.local
     [null] 	confs: [default]
     [null] 	found org1#mod1.2;2.0 in 1
     [null] 	found org2#mod2.2;0.10 in 1
     [null] 	found org2#mod2.1;0.7 in 1
     [null] downloading /Volumes/MacintoshHDD/mccurdyc/Downloads/tlb-complete-0.3.2/tools/ivy/test/repositories/1/org1/mod1.2/jars/mod1.2-2.0.jar ...
     [null] . (0kB)
     [null] 	[SUCCESSFUL ] org1#mod1.2;2.0!mod1.2.jar (2ms)
     [null] downloading /Volumes/MacintoshHDD/mccurdyc/Downloads/tlb-complete-0.3.2/tools/ivy/test/repositories/1/org2/mod2.2/jars/mod2.2-0.10.jar ...
     [null] .. (0kB)
     [null] 	[SUCCESSFUL ] org2#mod2.2;0.10!mod2.2.jar (1ms)
     [null] downloading /Volumes/MacintoshHDD/mccurdyc/Downloads/tlb-complete-0.3.2/tools/ivy/test/repositories/1/org2/mod2.1/jars/mod2.1-0.7.jar ...
     [null] .. (0kB)
     [null] 	[SUCCESSFUL ] org2#mod2.1;0.7!mod2.1.jar (2ms)
     [null] :: resolution report :: resolve 39ms :: artifacts dl 9ms
	---------------------------------------------------------------------
	|                  |            modules            ||   artifacts   |
	|       conf       | number| search|dwnlded|evicted|| number|dwnlded|
	---------------------------------------------------------------------
	|      default     |   3   |   3   |   2   |   0   ||   3   |   3   |
	---------------------------------------------------------------------
     [null] :: loading settings :: file = /Volumes/MacintoshHDD/mccurdyc/Downloads/tlb-complete-0.3.2/tools/ivy/test/repositories/ivysettings.xml
     [null] :: resolving dependencies :: #;working@Coltons-MacBook-Pro.local
     [null] 	confs: [default]
     [null] 	found org1#mod1.2;2.0 in 1
     [null] 	found org2#mod2.2;0.10 in 1
     [null] 	found org2#mod2.1;0.7 in 1
     [null] 	found org1#mod1.1;1.0 in 1
     [null] downloading /Volumes/MacintoshHDD/mccurdyc/Downloads/tlb-complete-0.3.2/tools/ivy/test/repositories/1/org1/mod1.2/jars/mod1.2-2.0.jar ...
     [null] . (0kB)
     [null] 	[SUCCESSFUL ] org1#mod1.2;2.0!mod1.2.jar (2ms)
     [null] downloading /Volumes/MacintoshHDD/mccurdyc/Downloads/tlb-complete-0.3.2/tools/ivy/test/repositories/1/org2/mod2.2/jars/mod2.2-0.10.jar ...
     [null] .. (0kB)
     [null] 	[SUCCESSFUL ] org2#mod2.2;0.10!mod2.2.jar (2ms)
     [null] downloading /Volumes/MacintoshHDD/mccurdyc/Downloads/tlb-complete-0.3.2/tools/ivy/test/repositories/1/org2/mod2.1/jars/mod2.1-0.7.jar ...
     [null] .. (0kB)
     [null] 	[SUCCESSFUL ] org2#mod2.1;0.7!mod2.1.jar (1ms)
     [null] downloading /Volumes/MacintoshHDD/mccurdyc/Downloads/tlb-complete-0.3.2/tools/ivy/test/repositories/1/org1/mod1.1/jars/mod1.1-1.0.jar ...
     [null] .. (0kB)
     [null] 	[SUCCESSFUL ] org1#mod1.1;1.0!mod1.1.jar (2ms)
     [null] :: resolution report :: resolve 50ms :: artifacts dl 12ms
	---------------------------------------------------------------------
	|                  |            modules            ||   artifacts   |
	|       conf       | number| search|dwnlded|evicted|| number|dwnlded|
	---------------------------------------------------------------------
	|      default     |   4   |   4   |   3   |   0   ||   4   |   4   |
	---------------------------------------------------------------------
     [null] :: loading settings :: file = /Volumes/MacintoshHDD/mccurdyc/Downloads/tlb-complete-0.3.2/tools/ivy/test/repositories/ivysettings.xml
     [null] :: resolving dependencies :: #;working@Coltons-MacBook-Pro.local
     [null] 	confs: [default]
     [null] 	found org1#mod1.2;2.0 in 1
     [null] 	found org2#mod2.2;0.10 in 1
     [null] 	found org2#mod2.1;0.7 in 1
     [null] downloading /Volumes/MacintoshHDD/mccurdyc/Downloads/tlb-complete-0.3.2/tools/ivy/test/repositories/1/org1/mod1.2/jars/mod1.2-2.0.jar ...
     [null] . (0kB)
     [null] 	[SUCCESSFUL ] org1#mod1.2;2.0!mod1.2.jar (2ms)
     [null] downloading /Volumes/MacintoshHDD/mccurdyc/Downloads/tlb-complete-0.3.2/tools/ivy/test/repositories/1/org2/mod2.2/jars/mod2.2-0.10.jar ...
     [null] .. (0kB)
     [null] 	[SUCCESSFUL ] org2#mod2.2;0.10!mod2.2.jar (1ms)
     [null] downloading /Volumes/MacintoshHDD/mccurdyc/Downloads/tlb-complete-0.3.2/tools/ivy/test/repositories/1/org2/mod2.1/jars/mod2.1-0.7.jar ...
     [null] .. (0kB)
     [null] 	[SUCCESSFUL ] org2#mod2.1;0.7!mod2.1.jar (2ms)
     [null] :: resolution report :: resolve 50ms :: artifacts dl 7ms
	---------------------------------------------------------------------
	|                  |            modules            ||   artifacts   |
	|       conf       | number| search|dwnlded|evicted|| number|dwnlded|
	---------------------------------------------------------------------
	|      default     |   3   |   3   |   2   |   0   ||   3   |   3   |
	---------------------------------------------------------------------
     [null] :: loading settings :: file = /Volumes/MacintoshHDD/mccurdyc/Downloads/tlb-complete-0.3.2/tools/ivy/test/repositories/ivysettings.xml
     [null] :: resolving dependencies :: #;working@Coltons-MacBook-Pro.local
     [null] 	confs: [default]
     [null] 	found org1#mod1.2;2.0 in 1
     [null] 	found org2#mod2.2;0.10 in 1
     [null] 	found org2#mod2.1;0.7 in 1
     [null] downloading /Volumes/MacintoshHDD/mccurdyc/Downloads/tlb-complete-0.3.2/tools/ivy/test/repositories/1/org1/mod1.2/jars/mod1.2-2.0.jar ...
     [null] . (0kB)
     [null] 	[SUCCESSFUL ] org1#mod1.2;2.0!mod1.2.jar (1ms)
     [null] downloading /Volumes/MacintoshHDD/mccurdyc/Downloads/tlb-complete-0.3.2/tools/ivy/test/repositories/1/org2/mod2.2/jars/mod2.2-0.10.jar ...
     [null] .. (0kB)
     [null] 	[SUCCESSFUL ] org2#mod2.2;0.10!mod2.2.jar (2ms)
     [null] downloading /Volumes/MacintoshHDD/mccurdyc/Downloads/tlb-complete-0.3.2/tools/ivy/test/repositories/1/org2/mod2.1/jars/mod2.1-0.7.jar ...
     [null] .. (0kB)
     [null] 	[SUCCESSFUL ] org2#mod2.1;0.7!mod2.1.jar (1ms)
     [null] :: resolution report :: resolve 41ms :: artifacts dl 6ms
	---------------------------------------------------------------------
	|                  |            modules            ||   artifacts   |
	|       conf       | number| search|dwnlded|evicted|| number|dwnlded|
	---------------------------------------------------------------------
	|      default     |   3   |   3   |   2   |   0   ||   3   |   3   |
	---------------------------------------------------------------------
     [null] :: loading settings :: file = /Volumes/MacintoshHDD/mccurdyc/Downloads/tlb-complete-0.3.2/tools/ivy/test/repositories/ivysettings.xml
     [null] :: resolving dependencies :: #;working@Coltons-MacBook-Pro.local
     [null] 	confs: [default]
     [null] 	found org1#mod1.2;2.0 in 1
     [null] 	found org2#mod2.2;0.9 in 1
     [null] downloading /Volumes/MacintoshHDD/mccurdyc/Downloads/tlb-complete-0.3.2/tools/ivy/test/repositories/1/org1/mod1.2/jars/mod1.2-2.0.jar ...
     [null] . (0kB)
     [null] 	[SUCCESSFUL ] org1#mod1.2;2.0!mod1.2.jar (1ms)
     [null] downloading /Volumes/MacintoshHDD/mccurdyc/Downloads/tlb-complete-0.3.2/tools/ivy/test/repositories/1/org2/mod2.2/jars/art22-1-0.9.jar ...
     [null] .. (0kB)
     [null] 	[SUCCESSFUL ] org2#mod2.2;0.9!art22-1.jar (1ms)
     [null] :: resolution report :: resolve 26ms :: artifacts dl 3ms
	---------------------------------------------------------------------
	|                  |            modules            ||   artifacts   |
	|       conf       | number| search|dwnlded|evicted|| number|dwnlded|
	---------------------------------------------------------------------
	|      default     |   2   |   2   |   1   |   0   ||   2   |   2   |
	---------------------------------------------------------------------
     [null] :: loading settings :: file = /Volumes/MacintoshHDD/mccurdyc/Downloads/tlb-complete-0.3.2/tools/ivy/test/repositories/ivysettings.xml
     [null] :: resolving dependencies :: #;working@Coltons-MacBook-Pro.local
     [null] 	confs: [default]
     [null] :: resolution report :: resolve 4ms :: artifacts dl 0ms
	---------------------------------------------------------------------
	|                  |            modules            ||   artifacts   |
	|       conf       | number| search|dwnlded|evicted|| number|dwnlded|
	---------------------------------------------------------------------
	|      default     |   1   |   0   |   0   |   0   ||   0   |   0   |
	---------------------------------------------------------------------
     [null] 
     [null] :: problems summary ::
     [null] :::: WARNINGS
     [null] 		module not found: org1#noexisting;2.0
     [null] 	==== 1: tried
     [null] 	  /Volumes/MacintoshHDD/mccurdyc/Downloads/tlb-complete-0.3.2/tools/ivy/test/repositories/1/org1/noexisting/ivys/ivy-2.0.xml
     [null] 	  -- artifact org1#noexisting;2.0!noexisting.jar:
     [null] 	  /Volumes/MacintoshHDD/mccurdyc/Downloads/tlb-complete-0.3.2/tools/ivy/test/repositories/1/org1/noexisting/jars/noexisting-2.0.jar
     [null] 	==== 2-ivy: tried
     [null] 	  /Volumes/MacintoshHDD/mccurdyc/Downloads/tlb-complete-0.3.2/tools/ivy/test/repositories/2/noexisting/ivy-2.0.xml
     [null] 	==== 2-artifact: tried
     [null] 	  -- artifact org1#noexisting;2.0!noexisting.jar:
     [null] 	  /Volumes/MacintoshHDD/mccurdyc/Downloads/tlb-complete-0.3.2/tools/ivy/test/repositories/2/noexisting/noexisting-2.0.jar
     [null] 	  /Volumes/MacintoshHDD/mccurdyc/Downloads/tlb-complete-0.3.2/tools/ivy/test/repositories/2/noexisting/noexisting.jar
     [null] 	==== m2: tried
     [null] 	  file:/Volumes/MacintoshHDD/mccurdyc/Downloads/tlb-complete-0.3.2/tools/ivy/test/repositories/m2/org1/noexisting/2.0/noexisting-2.0.pom
     [null] 	  -- artifact org1#noexisting;2.0!noexisting.jar:
     [null] 	  file:/Volumes/MacintoshHDD/mccurdyc/Downloads/tlb-complete-0.3.2/tools/ivy/test/repositories/m2/org1/noexisting/2.0/noexisting-2.0.jar
     [null] 		::::::::::::::::::::::::::::::::::::::::::::::
     [null] 		::          UNRESOLVED DEPENDENCIES         ::
     [null] 		::::::::::::::::::::::::::::::::::::::::::::::
     [null] 		:: org1#noexisting;2.0: not found
     [null] 		::::::::::::::::::::::::::::::::::::::::::::::
     [null] 
     [null] :: USE VERBOSE OR DEBUG MESSAGE LEVEL FOR MORE DETAILS
     [null] :: loading settings :: file = /Volumes/MacintoshHDD/mccurdyc/Downloads/tlb-complete-0.3.2/tools/ivy/test/repositories/ivysettings.xml
     [null] :: resolving dependencies :: apache#resolve-extends;1.0
     [null] 	confs: [default, compile, extra]
     [null] 	found org1#mod1.1;2.0 in 1
     [null] 	found org1#mod1.2;2.0 in 1
     [null] 	found org2#mod2.1;0.3 in 1
     [null] 	found org1#mod1.2;2.1 in 1
     [null] downloading /Volumes/MacintoshHDD/mccurdyc/Downloads/tlb-complete-0.3.2/tools/ivy/test/repositories/1/org1/mod1.1/jars/mod1.1-2.0.jar ...
     [null] .. (0kB)
     [null] 	[SUCCESSFUL ] org1#mod1.1;2.0!mod1.1.jar (1ms)
     [null] downloading /Volumes/MacintoshHDD/mccurdyc/Downloads/tlb-complete-0.3.2/tools/ivy/test/repositories/1/org2/mod2.1/jars/art21A-0.3.jar ...
     [null] .. (0kB)
     [null] 	[SUCCESSFUL ] org2#mod2.1;0.3!art21A.jar (2ms)
     [null] downloading /Volumes/MacintoshHDD/mccurdyc/Downloads/tlb-complete-0.3.2/tools/ivy/test/repositories/1/org2/mod2.1/jars/art21B-0.3.jar ...
     [null] .. (0kB)
     [null] 	[SUCCESSFUL ] org2#mod2.1;0.3!art21B.jar (1ms)
     [null] downloading /Volumes/MacintoshHDD/mccurdyc/Downloads/tlb-complete-0.3.2/tools/ivy/test/repositories/1/org1/mod1.2/jars/mod1.2-2.1.jar ...
     [null] .. (0kB)
     [null] 	[SUCCESSFUL ] org1#mod1.2;2.1!mod1.2.jar (1ms)
     [null] :: resolution report :: resolve 54ms :: artifacts dl 9ms
     [null] 	:: evicted modules:
     [null] 	org1#mod1.1;1.1 by [org1#mod1.1;2.0] in [default, compile]
     [null] 	org1#mod1.2;2.0 by [org1#mod1.2;2.1] in [default]
     [null] 	org1#mod1.1;1.0 by [org1#mod1.1;2.0] in [default]
	---------------------------------------------------------------------
	|                  |            modules            ||   artifacts   |
	|       conf       | number| search|dwnlded|evicted|| number|dwnlded|
	---------------------------------------------------------------------
	|      default     |   6   |   4   |   2   |   3   ||   4   |   4   |
	|      compile     |   2   |   1   |   1   |   1   ||   1   |   1   |
	|       extra      |   0   |   0   |   0   |   0   ||   0   |   0   |
	---------------------------------------------------------------------
     [null] :: loading settings :: file = /Volumes/MacintoshHDD/mccurdyc/Downloads/tlb-complete-0.3.2/tools/ivy/test/repositories/ivysettings.xml
     [null] :: resolving dependencies :: org1#mod1.2-caller;working
     [null] 	confs: [default]
     [null] 	found org1#mod1.2;2.0 in 1
     [null] downloading /Volumes/MacintoshHDD/mccurdyc/Downloads/tlb-complete-0.3.2/tools/ivy/test/repositories/1/org1/mod1.2/jars/mod1.2-2.0.jar ...
     [null] . (0kB)
     [null] 	[SUCCESSFUL ] org1#mod1.2;2.0!mod1.2.jar (1ms)
     [null] :: resolution report :: resolve 3ms :: artifacts dl 2ms
	---------------------------------------------------------------------
	|                  |            modules            ||   artifacts   |
	|       conf       | number| search|dwnlded|evicted|| number|dwnlded|
	---------------------------------------------------------------------
	|      default     |   1   |   0   |   0   |   0   ||   1   |   1   |
	---------------------------------------------------------------------
     [null] :: loading settings :: file = /Volumes/MacintoshHDD/mccurdyc/Downloads/tlb-complete-0.3.2/tools/ivy/test/repositories/ivysettings.xml
     [null] 
     [null] :: problems summary ::
     [null] :::: WARNINGS
     [null] 		module not found: org1XX#mod1.2;2.0
     [null] 	==== 1: tried
     [null] 	  /Volumes/MacintoshHDD/mccurdyc/Downloads/tlb-complete-0.3.2/tools/ivy/test/repositories/1/org1XX/mod1.2/ivys/ivy-2.0.xml
     [null] 	  -- artifact org1XX#mod1.2;2.0!mod1.2.jar:
     [null] 	  /Volumes/MacintoshHDD/mccurdyc/Downloads/tlb-complete-0.3.2/tools/ivy/test/repositories/1/org1XX/mod1.2/jars/mod1.2-2.0.jar
     [null] 	==== 2-ivy: tried
     [null] 	  /Volumes/MacintoshHDD/mccurdyc/Downloads/tlb-complete-0.3.2/tools/ivy/test/repositories/2/mod1.2/ivy-2.0.xml
     [null] 	==== 2-artifact: tried
     [null] 	  -- artifact org1XX#mod1.2;2.0!mod1.2.jar:
     [null] 	  /Volumes/MacintoshHDD/mccurdyc/Downloads/tlb-complete-0.3.2/tools/ivy/test/repositories/2/mod1.2/mod1.2-2.0.jar
     [null] 	  /Volumes/MacintoshHDD/mccurdyc/Downloads/tlb-complete-0.3.2/tools/ivy/test/repositories/2/mod1.2/mod1.2.jar
     [null] 	==== m2: tried
     [null] 	  file:/Volumes/MacintoshHDD/mccurdyc/Downloads/tlb-complete-0.3.2/tools/ivy/test/repositories/m2/org1XX/mod1.2/2.0/mod1.2-2.0.pom
     [null] 	  -- artifact org1XX#mod1.2;2.0!mod1.2.jar:
     [null] 	  file:/Volumes/MacintoshHDD/mccurdyc/Downloads/tlb-complete-0.3.2/tools/ivy/test/repositories/m2/org1XX/mod1.2/2.0/mod1.2-2.0.jar
     [null] 		::::::::::::::::::::::::::::::::::::::::::::::
     [null] 		::          UNRESOLVED DEPENDENCIES         ::
     [null] 		::::::::::::::::::::::::::::::::::::::::::::::
     [null] 		:: org1XX#mod1.2;2.0: not found
     [null] 		::::::::::::::::::::::::::::::::::::::::::::::
     [null] 
     [null] :: USE VERBOSE OR DEBUG MESSAGE LEVEL FOR MORE DETAILS
     [null] :: loading settings :: file = /Volumes/MacintoshHDD/mccurdyc/Downloads/tlb-complete-0.3.2/tools/ivy/test/repositories/IVY-630/ivysettings.xml
     [null] DEPRECATED: 'defaultCache' is deprecated, use 'caches[@defaultCacheDir]' instead (file:/Volumes/MacintoshHDD/mccurdyc/Downloads/tlb-complete-0.3.2/tools/ivy/test/repositories/IVY-630/ivysettings.xml)
     [null] DEPRECATED: 'checkUpToDate' is deprecated, use the 'overwriteMode' on the 'ivy:retrieve' task instead (file:/Volumes/MacintoshHDD/mccurdyc/Downloads/tlb-complete-0.3.2/tools/ivy/test/repositories/IVY-630/ivysettings.xml)
     [null] DEPRECATED: allownomd is deprecated, please use descriptor="optional" instead
     [null] :: resolving dependencies :: apache#630;working@Coltons-MacBook-Pro.local
     [null] 	confs: [default]
     [null] 	found junit#junit;4.1 in 1
     [null] 	[4.1] junit#junit;latest.integration
     [null] downloading /Volumes/MacintoshHDD/mccurdyc/Downloads/tlb-complete-0.3.2/tools/ivy/test/repositories/IVY-630/junit-4.1/jars/junit-4.1.jar ...
     [null] .. (0kB)
     [null] 	[SUCCESSFUL ] junit#junit;4.1!junit.jar (1ms)
     [null] :: resolution report :: resolve 8ms :: artifacts dl 2ms
	---------------------------------------------------------------------
	|                  |            modules            ||   artifacts   |
	|       conf       | number| search|dwnlded|evicted|| number|dwnlded|
	---------------------------------------------------------------------
	|      default     |   1   |   1   |   0   |   0   ||   1   |   1   |
	---------------------------------------------------------------------
     [null] :: loading settings :: file = /Volumes/MacintoshHDD/mccurdyc/Downloads/tlb-complete-0.3.2/tools/ivy/test/repositories/ivysettings.xml
     [null] :: resolving dependencies :: myorg/mydep#system/module;1.0
     [null] 	confs: [default]
     [null] 	found yourorg/yourdep#yoursys/yourmod;1.0 in 1
     [null] 	found org1#mod1.2;2.0 in 1
     [null] downloading /Volumes/MacintoshHDD/mccurdyc/Downloads/tlb-complete-0.3.2/tools/ivy/test/repositories/1/yourorg/yourdep/yoursys/yourmod/jars/yourmod-1.0.jar ...
     [null] . (0kB)
     [null] 	[SUCCESSFUL ] yourorg/yourdep#yoursys/yourmod;1.0!yourmod.jar (1ms)
     [null] downloading /Volumes/MacintoshHDD/mccurdyc/Downloads/tlb-complete-0.3.2/tools/ivy/test/repositories/1/org1/mod1.2/jars/mod1.2-2.0.jar ...
     [null] . (0kB)
     [null] 	[SUCCESSFUL ] org1#mod1.2;2.0!mod1.2.jar (1ms)
     [null] :: resolution report :: resolve 24ms :: artifacts dl 4ms
	---------------------------------------------------------------------
	|                  |            modules            ||   artifacts   |
	|       conf       | number| search|dwnlded|evicted|| number|dwnlded|
	---------------------------------------------------------------------
	|      default     |   2   |   2   |   1   |   0   ||   2   |   2   |
	---------------------------------------------------------------------
     [null] :: loading settings :: file = /Volumes/MacintoshHDD/mccurdyc/Downloads/tlb-complete-0.3.2/tools/ivy/test/repositories/ivysettings.xml
     [null] :: resolving dependencies :: apache#resolve-simple;1.0
     [null] 	confs: [default]
     [null] 	found org1#mod1.2;2.0 in 1
     [null] downloading /Volumes/MacintoshHDD/mccurdyc/Downloads/tlb-complete-0.3.2/tools/ivy/test/repositories/1/org1/mod1.2/jars/mod1.2-2.0.jar ...
     [null] . (0kB)
     [null] 	[SUCCESSFUL ] org1#mod1.2;2.0!mod1.2.jar (2ms)
     [null] :: resolution report :: resolve 6ms :: artifacts dl 3ms
	---------------------------------------------------------------------
	|                  |            modules            ||   artifacts   |
	|       conf       | number| search|dwnlded|evicted|| number|dwnlded|
	---------------------------------------------------------------------
	|      default     |   1   |   1   |   0   |   0   ||   1   |   1   |
	---------------------------------------------------------------------
     [null] :: resolving dependencies :: apache#resolve-simple;1.0
     [null] 	confs: [default]
     [null] 	found org1#mod1.2;2.0 in 1
     [null] :: resolution report :: resolve 5ms :: artifacts dl 1ms
	---------------------------------------------------------------------
	|                  |            modules            ||   artifacts   |
	|       conf       | number| search|dwnlded|evicted|| number|dwnlded|
	---------------------------------------------------------------------
	|      default     |   1   |   0   |   0   |   0   ||   1   |   0   |
	---------------------------------------------------------------------
     [null] :: loading settings :: file = /Volumes/MacintoshHDD/mccurdyc/Downloads/tlb-complete-0.3.2/tools/ivy/test/repositories/ivysettings.xml
     [null] :: resolving dependencies :: apache#resolve-simple;1.0
     [null] 	confs: [default]
     [null] 	found org1#mod1.2;2.0 in 1
     [null] downloading /Volumes/MacintoshHDD/mccurdyc/Downloads/tlb-complete-0.3.2/tools/ivy/test/repositories/1/org1/mod1.2/jars/mod1.2-2.0.jar ...
     [null] . (0kB)
     [null] 	[SUCCESSFUL ] org1#mod1.2;2.0!mod1.2.jar (0ms)
     [null] :: resolution report :: resolve 6ms :: artifacts dl 2ms
	---------------------------------------------------------------------
	|                  |            modules            ||   artifacts   |
	|       conf       | number| search|dwnlded|evicted|| number|dwnlded|
	---------------------------------------------------------------------
	|      default     |   1   |   1   |   0   |   0   ||   1   |   1   |
	---------------------------------------------------------------------
     [null] :: resolving dependencies :: apache#resolve-simple;1.0
     [null] 	confs: [default]
     [null] 	found org1#mod1.2;2.0 in 1
     [null] :: resolution report :: resolve 4ms :: artifacts dl 0ms
	---------------------------------------------------------------------
	|                  |            modules            ||   artifacts   |
	|       conf       | number| search|dwnlded|evicted|| number|dwnlded|
	---------------------------------------------------------------------
	|      default     |   1   |   0   |   0   |   0   ||   1   |   0   |
	---------------------------------------------------------------------
     [null] :: loading settings :: file = /Volumes/MacintoshHDD/mccurdyc/Downloads/tlb-complete-0.3.2/tools/ivy/test/repositories/ivysettings.xml
     [null] :: resolving dependencies :: org4#mod4.1;4.1
     [null] 	confs: [default]
     [null] 	found org1#mod1.1;1.0 in 1
     [null] 	found org1#mod1.2;2.0 in 1
     [null] 	found org3#mod3.1;1.1 in 2-ivy
     [null] 	found org1#mod1.2;2.1 in 1
     [null] downloading /Volumes/MacintoshHDD/mccurdyc/Downloads/tlb-complete-0.3.2/tools/ivy/test/repositories/1/org1/mod1.1/jars/mod1.1-1.0.jar ...
     [null] .. (0kB)
     [null] 	[SUCCESSFUL ] org1#mod1.1;1.0!mod1.1.jar (1ms)
     [null] downloading /Volumes/MacintoshHDD/mccurdyc/Downloads/tlb-complete-0.3.2/tools/ivy/test/repositories/2/mod3.1/mod3.1-1.1.jar ...
     [null] .. (0kB)
     [null] 	[SUCCESSFUL ] org3#mod3.1;1.1!mod3.1.jar (1ms)
     [null] downloading /Volumes/MacintoshHDD/mccurdyc/Downloads/tlb-complete-0.3.2/tools/ivy/test/repositories/1/org1/mod1.2/jars/mod1.2-2.1.jar ...
     [null] .. (0kB)
     [null] 	[SUCCESSFUL ] org1#mod1.2;2.1!mod1.2.jar (1ms)
     [null] :: resolution report :: resolve 35ms :: artifacts dl 5ms
     [null] 	:: evicted modules:
     [null] 	org1#mod1.2;2.0 by [org1#mod1.2;2.1] in [default]
	---------------------------------------------------------------------
	|                  |            modules            ||   artifacts   |
	|       conf       | number| search|dwnlded|evicted|| number|dwnlded|
	---------------------------------------------------------------------
	|      default     |   4   |   4   |   2   |   1   ||   3   |   3   |
	---------------------------------------------------------------------
     [null] :: resolving dependencies :: org4#mod4.1;4.1
     [null] 	confs: [default]
     [null] 	found org1#mod1.1;1.0 in 1
     [null] 	found org1#mod1.2;2.0 in 1
     [null] 	found org3#mod3.1;1.1 in 2-ivy
     [null] 	found org1#mod1.2;2.1 in 1
     [null] :: resolution report :: resolve 14ms :: artifacts dl 2ms
     [null] 	:: evicted modules:
     [null] 	org1#mod1.2;2.0 by [org1#mod1.2;2.1] in [default]
	---------------------------------------------------------------------
	|                  |            modules            ||   artifacts   |
	|       conf       | number| search|dwnlded|evicted|| number|dwnlded|
	---------------------------------------------------------------------
	|      default     |   4   |   0   |   0   |   1   ||   3   |   0   |
	---------------------------------------------------------------------
     [null] :: loading settings :: file = /Volumes/MacintoshHDD/mccurdyc/Downloads/tlb-complete-0.3.2/tools/ivy/test/repositories/ivysettings.xml
     [null] :: resolving dependencies :: apache#resolve-simple;1.0
     [null] 	confs: [default]
     [null] 	found org1#mod1.2;2.0 in 1
     [null] downloading /Volumes/MacintoshHDD/mccurdyc/Downloads/tlb-complete-0.3.2/tools/ivy/test/repositories/1/org1/mod1.2/jars/mod1.2-2.0.jar ...
     [null] . (0kB)
     [null] 	[SUCCESSFUL ] org1#mod1.2;2.0!mod1.2.jar (1ms)
     [null] :: resolution report :: resolve 7ms :: artifacts dl 2ms
	---------------------------------------------------------------------
	|                  |            modules            ||   artifacts   |
	|       conf       | number| search|dwnlded|evicted|| number|dwnlded|
	---------------------------------------------------------------------
	|      default     |   1   |   1   |   0   |   0   ||   1   |   1   |
	---------------------------------------------------------------------
     [null] :: resolving dependencies :: apache#resolve-double;1.1
     [null] 	confs: [default]
     [null] 	found org1#mod1.2;2.0 in 1
     [null] :: resolution report :: resolve 4ms :: artifacts dl 1ms
	---------------------------------------------------------------------
	|                  |            modules            ||   artifacts   |
	|       conf       | number| search|dwnlded|evicted|| number|dwnlded|
	---------------------------------------------------------------------
	|      default     |   1   |   0   |   0   |   0   ||   1   |   0   |
	---------------------------------------------------------------------
     [null] :: loading settings :: file = /Volumes/MacintoshHDD/mccurdyc/Downloads/tlb-complete-0.3.2/tools/ivy/test/repositories/ivysettings.xml
     [null] :: resolving dependencies :: apache#resolve-simple;1.0
     [null] 	confs: [default]
     [null] :: resolution report :: resolve 4ms :: artifacts dl 1ms
	---------------------------------------------------------------------
	|                  |            modules            ||   artifacts   |
	|       conf       | number| search|dwnlded|evicted|| number|dwnlded|
	---------------------------------------------------------------------
	|      default     |   1   |   0   |   0   |   0   ||   0   |   0   |
	---------------------------------------------------------------------
     [null] 
     [null] :: problems summary ::
     [null] :::: WARNINGS
     [null] 		module not found: unknwon#unknown;1.0
     [null] 	==== 1: tried
     [null] 	  /Volumes/MacintoshHDD/mccurdyc/Downloads/tlb-complete-0.3.2/tools/ivy/test/repositories/1/unknwon/unknown/ivys/ivy-1.0.xml
     [null] 	  -- artifact unknwon#unknown;1.0!unknown.jar:
     [null] 	  /Volumes/MacintoshHDD/mccurdyc/Downloads/tlb-complete-0.3.2/tools/ivy/test/repositories/1/unknwon/unknown/jars/unknown-1.0.jar
     [null] 	==== 2-ivy: tried
     [null] 	  /Volumes/MacintoshHDD/mccurdyc/Downloads/tlb-complete-0.3.2/tools/ivy/test/repositories/2/unknown/ivy-1.0.xml
     [null] 	==== 2-artifact: tried
     [null] 	  -- artifact unknwon#unknown;1.0!unknown.jar:
     [null] 	  /Volumes/MacintoshHDD/mccurdyc/Downloads/tlb-complete-0.3.2/tools/ivy/test/repositories/2/unknown/unknown-1.0.jar
     [null] 	  /Volumes/MacintoshHDD/mccurdyc/Downloads/tlb-complete-0.3.2/tools/ivy/test/repositories/2/unknown/unknown.jar
     [null] 	==== m2: tried
     [null] 	  file:/Volumes/MacintoshHDD/mccurdyc/Downloads/tlb-complete-0.3.2/tools/ivy/test/repositories/m2/unknwon/unknown/1.0/unknown-1.0.pom
     [null] 	  -- artifact unknwon#unknown;1.0!unknown.jar:
     [null] 	  file:/Volumes/MacintoshHDD/mccurdyc/Downloads/tlb-complete-0.3.2/tools/ivy/test/repositories/m2/unknwon/unknown/1.0/unknown-1.0.jar
     [null] 		::::::::::::::::::::::::::::::::::::::::::::::
     [null] 		::          UNRESOLVED DEPENDENCIES         ::
     [null] 		::::::::::::::::::::::::::::::::::::::::::::::
     [null] 		:: unknwon#unknown;1.0: not found
     [null] 		::::::::::::::::::::::::::::::::::::::::::::::
     [null] 
     [null] :: USE VERBOSE OR DEBUG MESSAGE LEVEL FOR MORE DETAILS
     [null] :: loading settings :: file = /Volumes/MacintoshHDD/mccurdyc/Downloads/tlb-complete-0.3.2/tools/ivy/test/repositories/ivysettings.xml
     [null] :: resolving dependencies :: apache#resolve-simple;1.0
     [null] 	confs: [default]
     [null] :: resolution report :: resolve 7ms :: artifacts dl 0ms
     [null] 	:: modules in use:
	---------------------------------------------------------------------
	|                  |            modules            ||   artifacts   |
	|       conf       | number| search|dwnlded|evicted|| number|dwnlded|
	---------------------------------------------------------------------
	|      default     |   1   |   0   |   0   |   0   ||   0   |   0   |
	---------------------------------------------------------------------
     [null] 
     [null] :: problems summary ::
     [null] :::: WARNINGS
     [null] 		module not found: unknwon#unknown;1.0
     [null] 	==== 1: tried
     [null] 	  /Volumes/MacintoshHDD/mccurdyc/Downloads/tlb-complete-0.3.2/tools/ivy/test/repositories/1/unknwon/unknown/ivys/ivy-1.0.xml
     [null] 	  -- artifact unknwon#unknown;1.0!unknown.jar:
     [null] 	  /Volumes/MacintoshHDD/mccurdyc/Downloads/tlb-complete-0.3.2/tools/ivy/test/repositories/1/unknwon/unknown/jars/unknown-1.0.jar
     [null] 	==== 2-ivy: tried
     [null] 	  /Volumes/MacintoshHDD/mccurdyc/Downloads/tlb-complete-0.3.2/tools/ivy/test/repositories/2/unknown/ivy-1.0.xml
     [null] 	==== 2-artifact: tried
     [null] 	  -- artifact unknwon#unknown;1.0!unknown.jar:
     [null] 	  /Volumes/MacintoshHDD/mccurdyc/Downloads/tlb-complete-0.3.2/tools/ivy/test/repositories/2/unknown/unknown-1.0.jar
     [null] 	  /Volumes/MacintoshHDD/mccurdyc/Downloads/tlb-complete-0.3.2/tools/ivy/test/repositories/2/unknown/unknown.jar
     [null] 	==== m2: tried
     [null] 	  file:/Volumes/MacintoshHDD/mccurdyc/Downloads/tlb-complete-0.3.2/tools/ivy/test/repositories/m2/unknwon/unknown/1.0/unknown-1.0.pom
     [null] 	  -- artifact unknwon#unknown;1.0!unknown.jar:
     [null] 	  file:/Volumes/MacintoshHDD/mccurdyc/Downloads/tlb-complete-0.3.2/tools/ivy/test/repositories/m2/unknwon/unknown/1.0/unknown-1.0.jar
     [null] 		::::::::::::::::::::::::::::::::::::::::::::::
     [null] 		::          UNRESOLVED DEPENDENCIES         ::
     [null] 		::::::::::::::::::::::::::::::::::::::::::::::
     [null] 		:: unknwon#unknown;1.0: not found
     [null] 		::::::::::::::::::::::::::::::::::::::::::::::
     [null] 
     [null] :: USE VERBOSE OR DEBUG MESSAGE LEVEL FOR MORE DETAILS
     [null] :: loading settings :: file = /Volumes/MacintoshHDD/mccurdyc/Downloads/tlb-complete-0.3.2/tools/ivy/test/repositories/ivysettings.xml
     [null] :: resolving dependencies :: apache#resolve-simple;1.0
     [null] 	confs: [default, unknown]
     [null] 
     [null] :: problems summary ::
     [null] :::: ERRORS
     [null] 	requested configuration not found in apache#resolve-simple;1.0: [ 'unknown' ]
     [null] 
     [null] :: USE VERBOSE OR DEBUG MESSAGE LEVEL FOR MORE DETAILS
     [null] :: loading settings :: file = /Volumes/MacintoshHDD/mccurdyc/Downloads/tlb-complete-0.3.2/tools/ivy/test/repositories/ivysettings.xml
     [null] :: resolving dependencies :: org1#mod1.2-caller;working
     [null] 	confs: [default]
     [null] 	found org1#mod1.2;2.0 in 1
     [null] downloading /Volumes/MacintoshHDD/mccurdyc/Downloads/tlb-complete-0.3.2/tools/ivy/test/repositories/1/org1/mod1.2/jars/mod1.2-2.0.jar ...
     [null] . (0kB)
     [null] 	[SUCCESSFUL ] org1#mod1.2;2.0!mod1.2.jar (2ms)
     [null] :: resolution report :: resolve 3ms :: artifacts dl 2ms
	---------------------------------------------------------------------
	|                  |            modules            ||   artifacts   |
	|       conf       | number| search|dwnlded|evicted|| number|dwnlded|
	---------------------------------------------------------------------
	|      default     |   1   |   0   |   0   |   0   ||   1   |   1   |
	---------------------------------------------------------------------
     [null] :: loading settings :: file = /Volumes/MacintoshHDD/mccurdyc/Downloads/tlb-complete-0.3.2/tools/ivy/test/repositories/IVY-1455/ivysettings.xml
     [null] :: resolving dependencies :: reproducer#top-level;working@Coltons-MacBook-Pro.local
     [null] 	confs: [master, with-direct-dep, without-direct-dep]
     [null] 	found reproducer#phase-one;1 in test
     [null] 	found reproducer#phase-two;1 in test
     [null] 	found empty-module#empty-module;1 in test
     [null] 	found conflict#conflict;2 in test
     [null] :: resolution report :: resolve 77ms :: artifacts dl 0ms
     [null] 	:: evicted modules:
     [null] 	conflict#conflict;1 by [conflict#conflict;2] in [with-direct-dep]
	---------------------------------------------------------------------
	|                  |            modules            ||   artifacts   |
	|       conf       | number| search|dwnlded|evicted|| number|dwnlded|
	---------------------------------------------------------------------
	|      master      |   4   |   4   |   4   |   0   ||   0   |   0   |
	|  with-direct-dep |   5   |   4   |   4   |   1   ||   0   |   0   |
	|without-direct-dep|   4   |   4   |   4   |   0   ||   0   |   0   |
	---------------------------------------------------------------------
     [null] :: loading settings :: url = file:/Volumes/MacintoshHDD/mccurdyc/Downloads/tlb-complete-0.3.2/tools/ivy/build/classes/core/org/apache/ivy/core/settings/ivysettings.xml
     [null] :: resolving dependencies :: myorg#module1;working@Coltons-MacBook-Pro.local
     [null] 	confs: [myconf]
     [null] 	found myorg#module2;2.0 in local
     [null] downloading /Volumes/MacintoshHDD/mccurdyc/Downloads/tlb-complete-0.3.2/tools/ivy/test/repositories/norev/module2/module2.jar ...
     [null] .. (0kB)
     [null] 	[SUCCESSFUL ] myorg#module2;2.0!module2.jar (1ms)
     [null] :: resolution report :: resolve 27ms :: artifacts dl 2ms
	---------------------------------------------------------------------
	|                  |            modules            ||   artifacts   |
	|       conf       | number| search|dwnlded|evicted|| number|dwnlded|
	---------------------------------------------------------------------
	|      myconf      |   1   |   1   |   1   |   0   ||   1   |   1   |
	---------------------------------------------------------------------
     [null] :: loading settings :: file = /Volumes/MacintoshHDD/mccurdyc/Downloads/tlb-complete-0.3.2/tools/ivy/test/repositories/ivysettings.xml
     [null] :: resolving dependencies :: apache#resolve-simple;1.0
     [null] 	confs: [default]
     [null] 	found org1#mod1.2;2.0 in 1
     [null] downloading /Volumes/MacintoshHDD/mccurdyc/Downloads/tlb-complete-0.3.2/tools/ivy/test/repositories/1/org1/mod1.2/jars/mod1.2-2.0.jar ...
     [null] . (0kB)
     [null] 	[SUCCESSFUL ] org1#mod1.2;2.0!mod1.2.jar (1ms)
     [null] :: resolution report :: resolve 8ms :: artifacts dl 2ms
	---------------------------------------------------------------------
	|                  |            modules            ||   artifacts   |
	|       conf       | number| search|dwnlded|evicted|| number|dwnlded|
	---------------------------------------------------------------------
	|      default     |   1   |   1   |   0   |   0   ||   1   |   1   |
	---------------------------------------------------------------------
]]></system-out>
  <system-err><![CDATA[]]></system-err>
</testsuite>
