<?xml version="1.0" encoding="UTF-8" ?>
<testsuite errors="0" failures="0" hostname="Coltons-MBP" name="org.apache.ivy.plugins.resolver.PackagerResolverTest" skipped="0" tests="3" time="1.953" timestamp="2016-04-21T23:23:59">
  <properties>
    <property name="java.home.ivy.instance" value="/Library/Java/JavaVirtualMachines/jdk1.8.0_66.jdk/Contents/Home/jre" />
    <property name="source.." value="src/java/" />
    <property name="ant.home.ivy.instance" value="/usr/local/Cellar/ant/1.9.4/libexec" />
    <property name="java.awt.graphicsenv.ivy.instance" value="sun.awt.CGraphicsEnvironment" />
    <property name="java.awt.printerjob.ivy.instance" value="sun.lwawt.macosx.CPrinterJob" />
    <property name="env.TERM" value="screen-256color" />
    <property name="ant.library.dir" value="/usr/local/Cellar/ant/1.9.4/libexec/lib" />
    <property name="ant.core.lib" value="/usr/local/Cellar/ant/1.9.4/libexec/lib/ant.jar" />
    <property name="java.vm.info.ivy.instance" value="mixed mode" />
    <property name="env.rvm_bin_path" value="/usr/local/rvm/bin" />
    <property name="ivy.report.output.pattern.ivy.instance" value="[organisation]-[module]-[conf].[ext]" />
    <property name="user.dir" value="/Volumes/MacintoshHDD/mccurdyc/computer_science/cs441s2016/cs441s2016-fp-team1/tools/ant-ivy" />
    <property name="java.vm.version" value="25.66-b17" />
    <property name="ivy.lib.dir.ivy.instance" value="/Volumes/MacintoshHDD/mccurdyc/computer_science/cs441s2016/cs441s2016-fp-team1/tools/ant-ivy/lib" />
    <property name="env.HISTFILESIZE" value="1000000" />
    <property name="path.separator.ivy.instance" value=":" />
    <property name="env.Apple_PubSub_Socket_Render" value="/private/tmp/com.apple.launchd.9wlgBydeto/Render" />
    <property name="env.HISTSIZE" value="1000000" />
    <property name="lib.dir" value="/Volumes/MacintoshHDD/mccurdyc/computer_science/cs441s2016/cs441s2016-fp-team1/tools/ant-ivy/lib" />
    <property name="env.GEM_HOME" value="/usr/local/rvm/gems/ruby-2.0.0-p353" />
    <property name="java.library.path.ivy.instance" value="/Users/ColtonMcCurdy/Library/Java/Extensions:/Library/Java/Extensions:/Network/Library/Java/Extensions:/System/Library/Java/Extensions:/usr/lib/java:." />
    <property name="ant.file.type.ivy" value="file" />
    <property name="ivy.resolve.default.type.filter.ivy.instance" value="*" />
    <property name="java.version.ivy.instance" value="1.8.0_66" />
    <property name="sun.os.patch.level" value="unknown" />
    <property name="ivy.shared.default.root" value="/Users/ColtonMcCurdy/.ivy2/shared" />
    <property name="java.vm.specification.name" value="Java Virtual Machine Specification" />
    <property name="ivy.shared.default.artifact.pattern.ivy.instance" value="[organisation]/[module]/[revision]/[type]s/[artifact].[ext]" />
    <property name="debug.mode" value="on" />
    <property name="file.separator.ivy.instance" value="/" />
    <property name="env.HAS_256_COLORS" value="yes" />
    <property name="os.name" value="Mac OS X" />
    <property name="ivy.status" value="integration" />
    <property name="ivy.install.version" value="1.4.1" />
    <property name="ivy.local.default.ivy.pattern.ivy.instance" value="[organisation]/[module]/[revision]/[type]s/[artifact].[ext]" />
    <property name="ivy.settings.dir.ivy.instance" value="jar:file:/Users/ColtonMcCurdy/.ant/lib/ivy.jar!/org/apache/ivy/core/settings" />
    <property name="test.failed" value="true" />
    <property name="env.XPC_FLAGS" value="0x0" />
    <property name="java.vendor.url.bug" value="http://bugreport.sun.com/bugreport/" />
    <property name="env.POWERLINE_COMMAND" value="powerline" />
    <property name="env.TODOTXT_DEFAULT_ACTION" value="ls" />
    <property name="os.arch" value="x86_64" />
    <property name="user.name" value="ColtonMcCurdy" />
    <property name="ivy.retrieve.pattern.ivy.instance" value="/Volumes/MacintoshHDD/mccurdyc/computer_science/cs441s2016/cs441s2016-fp-team1/tools/ant-ivy/lib/[artifact]-[revision](-[classifier]).[ext]" />
    <property name="doc.build.dir" value="/Volumes/MacintoshHDD/mccurdyc/computer_science/cs441s2016/cs441s2016-fp-team1/tools/ant-ivy/build/doc" />
    <property name="sun.java.command" value="org.apache.tools.ant.taskdefs.optional.junit.JUnitTestRunner org.apache.ivy.plugins.resolver.PackagerResolverTest skipNonTests=false filtertrace=true haltOnError=false haltOnFailure=false formatter=org.apache.tools.ant.taskdefs.optional.junit.SummaryJUnitResultFormatter showoutput=false outputtoformatters=true logfailedtests=true threadid=0 logtestlistenerevents=false formatter=org.apache.tools.ant.taskdefs.optional.junit.XMLJUnitResultFormatter,/Volumes/MacintoshHDD/mccurdyc/computer_science/cs441s2016/cs441s2016-fp-team1/tools/ant-ivy/build/test-report/TEST-org.apache.ivy.plugins.resolver.PackagerResolverTest.xml crashfile=/Volumes/MacintoshHDD/mccurdyc/computer_science/cs441s2016/cs441s2016-fp-team1/tools/ant-ivy/junitvmwatcher1396038054526377272.properties propsfile=/Volumes/MacintoshHDD/mccurdyc/computer_science/cs441s2016/cs441s2016-fp-team1/tools/ant-ivy/junit1374989178428886242.properties" />
    <property name="env.USER" value="ColtonMcCurdy" />
    <property name="ivy.shared.default.artifact.pattern" value="[organisation]/[module]/[revision]/[type]s/[artifact].[ext]" />
    <property name="env.LOGNAME" value="ColtonMcCurdy" />
    <property name="sun.arch.data.model.ivy.instance" value="64" />
    <property name="ivy.default.conf.dir" value="jar:file:/Users/ColtonMcCurdy/.ant/lib/ivy.jar!/org/apache/ivy/core/settings" />
    <property name="build.version" value="2.5.0-local-20160421192055" />
    <property name="user.country" value="US" />
    <property name="java.vm.specification.version.ivy.instance" value="1.8" />
    <property name="ivy.default.always.check.exact.revision" value="false" />
    <property name="emma.coverage.out.file" value="${coverage.dir}/coverage.emma" />
    <property name="os.name.ivy.instance" value="Mac OS X" />
    <property name="java.endorsed.dirs" value="/Library/Java/JavaVirtualMachines/jdk1.8.0_66.jdk/Contents/Home/jre/lib/endorsed" />
    <property name="java.endorsed.dirs.ivy.instance" value="/Library/Java/JavaVirtualMachines/jdk1.8.0_66.jdk/Contents/Home/jre/lib/endorsed" />
    <property name="ivy.lib.dir" value="/Volumes/MacintoshHDD/mccurdyc/computer_science/cs441s2016/cs441s2016-fp-team1/tools/ant-ivy/lib" />
    <property name="java.vm.specification.version" value="1.8" />
    <property name="env.IRBRC" value="/usr/local/rvm/rubies/ruby-2.0.0-p353/.irbrc" />
    <property name="optional.classes.build.dir" value="/Volumes/MacintoshHDD/mccurdyc/computer_science/cs441s2016/cs441s2016-fp-team1/tools/ant-ivy/build/classes/optional" />
    <property name="env._system_version" value="10.11" />
    <property name="gopherProxySet.ivy.instance" value="false" />
    <property name="ivy.settings.url" value="jar:file:/Users/ColtonMcCurdy/.ant/lib/ivy.jar!/org/apache/ivy/core/settings/ivysettings.xml" />
    <property name="env.SHLVL" value="4" />
    <property name="java.vendor" value="Oracle Corporation" />
    <property name="user.dir.ivy.instance" value="/Volumes/MacintoshHDD/mccurdyc/computer_science/cs441s2016/cs441s2016-fp-team1/tools/ant-ivy" />
    <property name="ivy.default.settings.dir" value="jar:file:/Users/ColtonMcCurdy/.ant/lib/ivy.jar!/org/apache/ivy/core/settings" />
    <property name="user.region" value="TR" />
    <property name="ivy.settings.file" value="ivysettings.xml" />
    <property name="java.runtime.name.ivy.instance" value="Java(TM) SE Runtime Environment" />
    <property name="env.CLICOLOR" value="1" />
    <property name="test.xml.dir" value="/Volumes/MacintoshHDD/mccurdyc/computer_science/cs441s2016/cs441s2016-fp-team1/tools/ant-ivy/build/test-report" />
    <property name="file.separator" value="/" />
    <property name="ivy.local.default.artifact.pattern.ivy.instance" value="[organisation]/[module]/[revision]/[type]s/[artifact].[ext]" />
    <property name="ivy.cache.dir.ivy.instance" value="/Users/ColtonMcCurdy/.ivy2/cache" />
    <property name="ivy.default.settings.dir.ivy.instance" value="jar:file:/Users/ColtonMcCurdy/.ant/lib/ivy.jar!/org/apache/ivy/core/settings" />
    <property name="sun.java.launcher" value="SUN_STANDARD" />
    <property name="ivy.shared.default.ivy.pattern.ivy.instance" value="[organisation]/[module]/[revision]/[type]s/[artifact].[ext]" />
    <property name="env.PAGER" value="less" />
    <property name="java.io.tmpdir.ivy.instance" value="/var/folders/63/3rz5g1g93kl56014nnctmg6w0000gn/T/" />
    <property name="rat.report.dir" value="/Volumes/MacintoshHDD/mccurdyc/computer_science/cs441s2016/cs441s2016-fp-team1/tools/ant-ivy/build/doc/reports/rat" />
    <property name="env.GHC_DOT_APP" value="/Volumes/MacintoshHDD/mccurdyc/Downloads/ghc-7.10.2.app" />
    <property name="ant.home" value="/usr/local/Cellar/ant/1.9.4/libexec" />
    <property name="ivy.resolved.file" value="/Volumes/MacintoshHDD/mccurdyc/computer_science/cs441s2016/cs441s2016-fp-team1/tools/ant-ivy/ivy.xml" />
    <property name="ant.java.version" value="1.8" />
    <property name="java.library.path" value="/Users/ColtonMcCurdy/Library/Java/Extensions:/Library/Java/Extensions:/Network/Library/Java/Extensions:/System/Library/Java/Extensions:/usr/lib/java:." />
    <property name="artifacts.build.dir" value="/Volumes/MacintoshHDD/mccurdyc/computer_science/cs441s2016/cs441s2016-fp-team1/tools/ant-ivy/build/artifact" />
    <property name="env._system_type" value="Darwin" />
    <property name="classes.build.dir" value="/Volumes/MacintoshHDD/mccurdyc/computer_science/cs441s2016/cs441s2016-fp-team1/tools/ant-ivy/build/classes" />
    <property name="javadoc.build.dir" value="/Volumes/MacintoshHDD/mccurdyc/computer_science/cs441s2016/cs441s2016-fp-team1/tools/ant-ivy/build/doc/reports/api" />
    <property name="DSTAMP" value="20160421" />
    <property name="ivy.resolved.configurations" value="default, test" />
    <property name="sun.arch.data.model" value="64" />
    <property name="basedir" value="/Volumes/MacintoshHDD/mccurdyc/computer_science/cs441s2016/cs441s2016-fp-team1/tools/ant-ivy" />
    <property name="java.vendor.url.ivy.instance" value="http://java.oracle.com/" />
    <property name="java.ext.dirs.ivy.instance" value="/Users/ColtonMcCurdy/Library/Java/Extensions:/Library/Java/JavaVirtualMachines/jdk1.8.0_66.jdk/Contents/Home/jre/lib/ext:/Library/Java/Extensions:/Network/Library/Java/Extensions:/System/Library/Java/Extensions:/usr/lib/java" />
    <property name="ivy.version" value="2.2.0" />
    <property name="env.PATH" value="/Users/ColtonMcCurdy/bin:/usr/local/rvm/gems/ruby-2.0.0-p353/bin:/usr/local/rvm/gems/ruby-2.0.0-p353@global/bin:/usr/local/rvm/rubies/ruby-2.0.0-p353/bin:/usr/local/bin:/usr/bin:/bin:/usr/local/sbin:/usr/sbin:/sbin:/opt/X11/bin:/usr/local/git/bin:/usr/local/go/bin:/opt/ImageMagick/bin:/usr/local/MacGPG2/bin:/usr/texbin:/Users/ColtonMcCurdy/bin:/usr/local/rvm/gems/ruby-2.0.0-p353/bin:/usr/local/rvm/gems/ruby-2.0.0-p353@global/bin:/usr/local/rvm/rubies/ruby-2.0.0-p353/bin:/usr/local/rvm/bin:bin/apache-maven-3.3.9/bin:/Library/TeX/Distributions/.DefaultTeX/Contents/Programs/texbin:bin/apache-maven-3.3.9/bin:/Library/TeX/Distributions/.DefaultTeX/Contents/Programs/texbin" />
    <property name="path.separator" value=":" />
    <property name="ivy.resolver.default.check.modified.ivy.instance" value="false" />
    <property name="env.TERM_PROGRAM" value="Apple_Terminal" />
    <property name="sun.io.unicode.encoding" value="UnicodeBig" />
    <property name="ivy.conf.dir" value="jar:file:/Users/ColtonMcCurdy/.ant/lib/ivy.jar!/org/apache/ivy/core/settings" />
    <property name="TSTAMP" value="1920" />
    <property name="user.language" value="tr" />
    <property name="java.vm.specification.vendor.ivy.instance" value="Oracle Corporation" />
    <property name="env.rvm_path" value="/usr/local/rvm" />
    <property name="ant.project.invoked-targets" value="test" />
    <property name="awt.toolkit.ivy.instance" value="sun.lwawt.macosx.LWCToolkit" />
    <property name="gopherProxySet" value="false" />
    <property name="ivy.report.output.pattern" value="[organisation]-[module]-[conf].[ext]" />
    <property name="java.class.version" value="52.0" />
    <property name="sun.boot.library.path.ivy.instance" value="/Library/Java/JavaVirtualMachines/jdk1.8.0_66.jdk/Contents/Home/jre/lib" />
    <property name="os.version.ivy.instance" value="10.11.4" />
    <property name="ivy.project.dir.ivy.instance" value="/Volumes/MacintoshHDD/mccurdyc/computer_science/cs441s2016/cs441s2016-fp-team1/tools/ant-ivy" />
    <property name="file.encoding.pkg" value="sun.io" />
    <property name="sun.cpu.endian" value="little" />
    <property name="ivy.configurations.ivy.instance" value="*" />
    <property name="ivy.home.ivy.instance" value="/Users/ColtonMcCurdy/.ivy2" />
    <property name="env.SHELL" value="/bin/bash" />
    <property name="env.rvm_version" value="1.26.11 (latest)" />
    <property name="doc.src.dir" value="/Volumes/MacintoshHDD/mccurdyc/computer_science/cs441s2016/cs441s2016-fp-team1/tools/ant-ivy/doc" />
    <property name="java.home" value="/Library/Java/JavaVirtualMachines/jdk1.8.0_66.jdk/Contents/Home/jre" />
    <property name="ant.project.default-target" value="coverage-report" />
    <property name="target.ivy.bundle.version" value="2.5.0" />
    <property name="ivy.status.ivy.instance" value="integration" />
    <property name="ant.library.dir.ivy.instance" value="/usr/local/Cellar/ant/1.9.4/libexec/lib" />
    <property name="sun.java.launcher.ivy.instance" value="SUN_STANDARD" />
    <property name="ivy.basedir.ivy.instance" value="/Volumes/MacintoshHDD/mccurdyc/computer_science/cs441s2016/cs441s2016-fp-team1/tools/ant-ivy" />
    <property name="java.vm.vendor.ivy.instance" value="Oracle Corporation" />
    <property name="ivy.cache.ttl.default.ivy.instance" value="10s" />
    <property name="ivy.default.conf.dir.ivy.instance" value="jar:file:/Users/ColtonMcCurdy/.ant/lib/ivy.jar!/org/apache/ivy/core/settings" />
    <property name="ivy.settings.url.ivy.instance" value="jar:file:/Users/ColtonMcCurdy/.ant/lib/ivy.jar!/org/apache/ivy/core/settings/ivysettings.xml" />
    <property name="env.SSH_AUTH_SOCK" value="/private/tmp/com.apple.launchd.6KgC4020rB/Listeners" />
    <property name="test.build.dir" value="/Volumes/MacintoshHDD/mccurdyc/computer_science/cs441s2016/cs441s2016-fp-team1/tools/ant-ivy/build/test" />
    <property name="target.ivy.version" value="2.5.0" />
    <property name="sun.management.compiler" value="HotSpot 64-Bit Tiered Compilers" />
    <property name="ivy.local.default.ivy.pattern" value="[organisation]/[module]/[revision]/[type]s/[artifact].[ext]" />
    <property name="env.DISPLAY" value="/private/tmp/com.apple.launchd.VVkZtuXN7c/org.macosforge.xquartz:0" />
    <property name="env.RUBY_VERSION" value="ruby-2.0.0-p353" />
    <property name="env.MY_RUBY_HOME" value="/usr/local/rvm/rubies/ruby-2.0.0-p353" />
    <property name="env.XPC_SERVICE_NAME" value="0" />
    <property name="ant.file" value="/Volumes/MacintoshHDD/mccurdyc/computer_science/cs441s2016/cs441s2016-fp-team1/tools/ant-ivy/build.xml" />
    <property name="ivy.buildlist.ivyfilepath.ivy.instance" value="ivy.xml" />
    <property name="env._system_name" value="OSX" />
    <property name="user.country.ivy.instance" value="US" />
    <property name="ivy.minimum.javaversion" value="1.5" />
    <property name="env.PYTHONPATH" value="/usr/local/lib/python2.7/site-packages" />
    <property name="ivy.local.default.artifact.pattern" value="[organisation]/[module]/[revision]/[type]s/[artifact].[ext]" />
    <property name="core.classes.build.dir" value="/Volumes/MacintoshHDD/mccurdyc/computer_science/cs441s2016/cs441s2016-fp-team1/tools/ant-ivy/build/classes/core" />
    <property name="ivy.default.always.check.exact.revision.ivy.instance" value="false" />
    <property name="sun.cpu.isalist.ivy.instance" value="" />
    <property name="java.vm.specification.vendor" value="Oracle Corporation" />
    <property name="java.vm.name" value="Java HotSpot(TM) 64-Bit Server VM" />
    <property name="distrib.dir" value="/Volumes/MacintoshHDD/mccurdyc/computer_science/cs441s2016/cs441s2016-fp-team1/tools/ant-ivy/build/distrib" />
    <property name="env._system_arch" value="x86_64" />
    <property name="java.io.tmpdir" value="/var/folders/63/3rz5g1g93kl56014nnctmg6w0000gn/T/" />
    <property name="file.encoding.ivy.instance" value="UTF-8" />
    <property name="java.vendor.url" value="http://java.oracle.com/" />
    <property name="ivy.cache.ttl.default" value="10s" />
    <property name="env.rvmsudo_secure_path" value="0" />
    <property name="ivy.settings.file.ivy.instance" value="ivysettings.xml" />
    <property name="sun.boot.library.path" value="/Library/Java/JavaVirtualMachines/jdk1.8.0_66.jdk/Contents/Home/jre/lib" />
    <property name="env.GEM_PATH" value="/usr/local/rvm/gems/ruby-2.0.0-p353:/usr/local/rvm/gems/ruby-2.0.0-p353@global" />
    <property name="checkstyle.report.dir" value="/Volumes/MacintoshHDD/mccurdyc/computer_science/cs441s2016/cs441s2016-fp-team1/tools/ant-ivy/build/doc/reports/checkstyle" />
    <property name="test.report.dir" value="/Volumes/MacintoshHDD/mccurdyc/computer_science/cs441s2016/cs441s2016-fp-team1/tools/ant-ivy/build/doc/reports/test" />
    <property name="file.encoding.pkg.ivy.instance" value="sun.io" />
    <property name="ivy.local.default.root" value="/Users/ColtonMcCurdy/.ivy2/local" />
    <property name="ivy.resolver.default.check.modified" value="false" />
    <property name="java.runtime.name" value="Java(TM) SE Runtime Environment" />
    <property name="ant.project.name" value="ivy" />
    <property name="ivy.local.default.root.ivy.instance" value="/Users/ColtonMcCurdy/.ivy2/local" />
    <property name="sun.management.compiler.ivy.instance" value="HotSpot 64-Bit Tiered Compilers" />
    <property name="java.vendor.url.bug.ivy.instance" value="http://bugreport.sun.com/bugreport/" />
    <property name="ivy.conf.dir.ivy.instance" value="jar:file:/Users/ColtonMcCurdy/.ant/lib/ivy.jar!/org/apache/ivy/core/settings" />
    <property name="ivy.buildlist.ivyfilepath" value="ivy.xml" />
    <property name="env.PYTHONSTARTUP" value="/Users/ColtonMcCurdy/.pythonrc.py" />
    <property name="sun.cpu.isalist" value="" />
    <property name="ivy.default.ivy.user.dir" value="/Users/ColtonMcCurdy/.ivy2" />
    <property name="java.runtime.version.ivy.instance" value="1.8.0_66-b17" />
    <property name="user.home" value="/Users/ColtonMcCurdy" />
    <property name="env.JAVA_HOME" value="/Library/Java/JavaVirtualMachines/jdk1.8.0_66.jdk/Contents/Home" />
    <property name="java.vm.version.ivy.instance" value="25.66-b17" />
    <property name="java.specification.name" value="Java Platform API Specification" />
    <property name="ivy.dep.file" value="ivy.xml" />
    <property name="user.timezone.ivy.instance" value="America/New_York" />
    <property name="env.JAVA_MAIN_CLASS_3021" value="org.apache.tools.ant.launch.Launcher" />
    <property name="ivy.deliver.ivy.pattern.ivy.instance" value="/Volumes/MacintoshHDD/mccurdyc/computer_science/cs441s2016/cs441s2016-fp-team1/tools/ant-ivy/distrib/[type]s/[artifact]-[revision](-[classifier]).[ext]" />
    <property name="ivy.conf.url" value="jar:file:/Users/ColtonMcCurdy/.ant/lib/ivy.jar!/org/apache/ivy/core/settings/ivysettings.xml" />
    <property name="java.specification.vendor" value="Oracle Corporation" />
    <property name="ivy.deps.changed" value="false" />
    <property name="ivy.shared.default.ivy.pattern" value="[organisation]/[module]/[revision]/[type]s/[artifact].[ext]" />
    <property name="java.version" value="1.8.0_66" />
    <property name="sun.jnu.encoding.ivy.instance" value="UTF-8" />
    <property name="sun.io.unicode.encoding.ivy.instance" value="UnicodeBig" />
    <property name="output.." value="bin/" />
    <property name="bootstrap.classes.build.dir" value="/Volumes/MacintoshHDD/mccurdyc/computer_science/cs441s2016/cs441s2016-fp-team1/tools/ant-ivy/build/classes/bootstrap" />
    <property name="sun.java.command.ivy.instance" value="org.apache.tools.ant.launch.Launcher -cp  test" />
    <property name="env.LESS" value="-niSR" />
    <property name="basedir.ivy.instance" value="/Volumes/MacintoshHDD/mccurdyc/computer_science/cs441s2016/cs441s2016-fp-team1/tools/ant-ivy" />
    <property name="ant.file.ivy" value="/Volumes/MacintoshHDD/mccurdyc/computer_science/cs441s2016/cs441s2016-fp-team1/tools/ant-ivy/build.xml" />
    <property name="ivy.conf.url.ivy.instance" value="jar:file:/Users/ColtonMcCurdy/.ant/lib/ivy.jar!/org/apache/ivy/core/settings/ivysettings.xml" />
    <property name="version.prefix" value="2.5.0-local-" />
    <property name="java.specification.vendor.ivy.instance" value="Oracle Corporation" />
    <property name="test.dir" value="/Volumes/MacintoshHDD/mccurdyc/computer_science/cs441s2016/cs441s2016-fp-team1/tools/ant-ivy/test/java" />
    <property name="ivy.build.artifacts.dir.ivy.instance" value="/Volumes/MacintoshHDD/mccurdyc/computer_science/cs441s2016/cs441s2016-fp-team1/tools/ant-ivy/build/artifacts" />
    <property name="ivy.cache.dir" value="/Users/ColtonMcCurdy/.ivy2/cache" />
    <property name="user.language.ivy.instance" value="en" />
    <property name="java.class.path.ivy.instance" value="/usr/local/Cellar/ant/1.9.4/libexec/lib/ant-launcher.jar:/Users/ColtonMcCurdy/.ant/lib/ivy.jar:/usr/local/Cellar/ant/1.9.4/libexec/lib/ant-antlr.jar:/usr/local/Cellar/ant/1.9.4/libexec/lib/ant-apache-bcel.jar:/usr/local/Cellar/ant/1.9.4/libexec/lib/ant-apache-bsf.jar:/usr/local/Cellar/ant/1.9.4/libexec/lib/ant-apache-log4j.jar:/usr/local/Cellar/ant/1.9.4/libexec/lib/ant-apache-oro.jar:/usr/local/Cellar/ant/1.9.4/libexec/lib/ant-apache-regexp.jar:/usr/local/Cellar/ant/1.9.4/libexec/lib/ant-apache-resolver.jar:/usr/local/Cellar/ant/1.9.4/libexec/lib/ant-apache-xalan2.jar:/usr/local/Cellar/ant/1.9.4/libexec/lib/ant-commons-logging.jar:/usr/local/Cellar/ant/1.9.4/libexec/lib/ant-commons-net.jar:/usr/local/Cellar/ant/1.9.4/libexec/lib/ant-jai.jar:/usr/local/Cellar/ant/1.9.4/libexec/lib/ant-javamail.jar:/usr/local/Cellar/ant/1.9.4/libexec/lib/ant-jdepend.jar:/usr/local/Cellar/ant/1.9.4/libexec/lib/ant-jmf.jar:/usr/local/Cellar/ant/1.9.4/libexec/lib/ant-jsch.jar:/usr/local/Cellar/ant/1.9.4/libexec/lib/ant-junit.jar:/usr/local/Cellar/ant/1.9.4/libexec/lib/ant-junit4.jar:/usr/local/Cellar/ant/1.9.4/libexec/lib/ant-launcher.jar:/usr/local/Cellar/ant/1.9.4/libexec/lib/ant-netrexx.jar:/usr/local/Cellar/ant/1.9.4/libexec/lib/ant-swing.jar:/usr/local/Cellar/ant/1.9.4/libexec/lib/ant-testutil.jar:/usr/local/Cellar/ant/1.9.4/libexec/lib/ant.jar:/Library/Java/JavaVirtualMachines/jdk1.8.0_66.jdk/Contents/Home/lib/tools.jar" />
    <property name="env.PWD" value="/Users/ColtonMcCurdy/computer_science/cs441s2016/cs441s2016-fp-team1/tools/ant-ivy" />
    <property name="env.TMPDIR" value="/var/folders/63/3rz5g1g93kl56014nnctmg6w0000gn/T/" />
    <property name="sun.cpu.endian.ivy.instance" value="little" />
    <property name="line.separator" value="&#xa;" />
    <property name="java.specification.version" value="1.8" />
    <property name="ivy.publish.src.artifacts.pattern" value="/Volumes/MacintoshHDD/mccurdyc/computer_science/cs441s2016/cs441s2016-fp-team1/tools/ant-ivy/distrib/[type]s/[artifact]-[revision](-[classifier]).[ext]" />
    <property name="all.classes.build.dir" value="/Volumes/MacintoshHDD/mccurdyc/computer_science/cs441s2016/cs441s2016-fp-team1/tools/ant-ivy/build/classes/all" />
    <property name="java.vm.info" value="mixed mode" />
    <property name="bin.includes" value="META-INF/,." />
    <property name="env.TERM_PROGRAM_VERSION" value="361.1" />
    <property name="ivy.retrieve.pattern" value="/Volumes/MacintoshHDD/mccurdyc/computer_science/cs441s2016/cs441s2016-fp-team1/tools/ant-ivy/lib/[artifact]-[revision](-[classifier]).[ext]" />
    <property name="ivy.organisation" value="org.apache.ivy" />
    <property name="ivy.targets.copied" value="true" />
    <property name="sun.boot.class.path" value="/Library/Java/JavaVirtualMachines/jdk1.8.0_66.jdk/Contents/Home/jre/lib/resources.jar:/Library/Java/JavaVirtualMachines/jdk1.8.0_66.jdk/Contents/Home/jre/lib/rt.jar:/Library/Java/JavaVirtualMachines/jdk1.8.0_66.jdk/Contents/Home/jre/lib/sunrsasign.jar:/Library/Java/JavaVirtualMachines/jdk1.8.0_66.jdk/Contents/Home/jre/lib/jsse.jar:/Library/Java/JavaVirtualMachines/jdk1.8.0_66.jdk/Contents/Home/jre/lib/jce.jar:/Library/Java/JavaVirtualMachines/jdk1.8.0_66.jdk/Contents/Home/jre/lib/charsets.jar:/Library/Java/JavaVirtualMachines/jdk1.8.0_66.jdk/Contents/Home/jre/lib/jfr.jar:/Library/Java/JavaVirtualMachines/jdk1.8.0_66.jdk/Contents/Home/jre/classes" />
    <property name="ivy.resolve.default.type.filter" value="*" />
    <property name="java.specification.version.ivy.instance" value="1.8" />
    <property name="src.dir" value="/Volumes/MacintoshHDD/mccurdyc/computer_science/cs441s2016/cs441s2016-fp-team1/tools/ant-ivy/src/java" />
    <property name="ivy.basedir" value="/Volumes/MacintoshHDD/mccurdyc/computer_science/cs441s2016/cs441s2016-fp-team1/tools/ant-ivy" />
    <property name="ivy.log.modules.in.use.ivy.instance" value="false" />
    <property name="env.rvm_prefix" value="/usr/local" />
    <property name="java.specification.name.ivy.instance" value="Java Platform API Specification" />
    <property name="env.HOME" value="/Users/ColtonMcCurdy" />
    <property name="line.separator.ivy.instance" value="&#xa;" />
    <property name="user.home.ivy.instance" value="/Users/ColtonMcCurdy" />
    <property name="ivy.publish.src.artifacts.pattern.ivy.instance" value="/Volumes/MacintoshHDD/mccurdyc/computer_science/cs441s2016/cs441s2016-fp-team1/tools/ant-ivy/distrib/[type]s/[artifact]-[revision](-[classifier]).[ext]" />
    <property name="ivy.deliver.ivy.pattern" value="/Volumes/MacintoshHDD/mccurdyc/computer_science/cs441s2016/cs441s2016-fp-team1/tools/ant-ivy/distrib/[type]s/[artifact]-[revision](-[classifier]).[ext]" />
    <property name="ivy.shared.default.root.ivy.instance" value="/Users/ColtonMcCurdy/.ivy2/shared" />
    <property name="ivy.checksums.ivy.instance" value="sha1,md5" />
    <property name="bundle.version" value="2.5.0.alpha_20160421192055" />
    <property name="java.awt.printerjob" value="sun.lwawt.macosx.CPrinterJob" />
    <property name="env.TMUX_PANE" value="%1" />
    <property name="TODAY" value="April 21 2016" />
    <property name="sun.jnu.encoding" value="UTF-8" />
    <property name="ivy.default.ivy.user.dir.ivy.instance" value="/Users/ColtonMcCurdy/.ivy2" />
    <property name="reports.dir" value="/Volumes/MacintoshHDD/mccurdyc/computer_science/cs441s2016/cs441s2016-fp-team1/tools/ant-ivy/build/doc/reports" />
    <property name="ant.classes.build.dir" value="/Volumes/MacintoshHDD/mccurdyc/computer_science/cs441s2016/cs441s2016-fp-team1/tools/ant-ivy/build/classes/ant" />
    <property name="ivy.project.dir" value="/Volumes/MacintoshHDD/mccurdyc/computer_science/cs441s2016/cs441s2016-fp-team1/tools/ant-ivy" />
    <property name="ivy.revision" value="working@Coltons-MBP" />
    <property name="java.runtime.version" value="1.8.0_66-b17" />
    <property name="checkstyle.src.dir" value="/Volumes/MacintoshHDD/mccurdyc/computer_science/cs441s2016/cs441s2016-fp-team1/tools/ant-ivy/src/etc/checkstyle" />
    <property name="sun.boot.class.path.ivy.instance" value="/Library/Java/JavaVirtualMachines/jdk1.8.0_66.jdk/Contents/Home/jre/lib/resources.jar:/Library/Java/JavaVirtualMachines/jdk1.8.0_66.jdk/Contents/Home/jre/lib/rt.jar:/Library/Java/JavaVirtualMachines/jdk1.8.0_66.jdk/Contents/Home/jre/lib/sunrsasign.jar:/Library/Java/JavaVirtualMachines/jdk1.8.0_66.jdk/Contents/Home/jre/lib/jsse.jar:/Library/Java/JavaVirtualMachines/jdk1.8.0_66.jdk/Contents/Home/jre/lib/jce.jar:/Library/Java/JavaVirtualMachines/jdk1.8.0_66.jdk/Contents/Home/jre/lib/charsets.jar:/Library/Java/JavaVirtualMachines/jdk1.8.0_66.jdk/Contents/Home/jre/lib/jfr.jar:/Library/Java/JavaVirtualMachines/jdk1.8.0_66.jdk/Contents/Home/jre/classes" />
    <property name="ivy.home" value="/Users/ColtonMcCurdy/.ivy2" />
    <property name="java.vendor.ivy.instance" value="Oracle Corporation" />
    <property name="ivy.distrib.dir.ivy.instance" value="/Volumes/MacintoshHDD/mccurdyc/computer_science/cs441s2016/cs441s2016-fp-team1/tools/ant-ivy/distrib" />
    <property name="user.timezone" value="" />
    <property name="java.vm.specification.name.ivy.instance" value="Java Virtual Machine Specification" />
    <property name="env.TMUX" value="/private/var/folders/63/3rz5g1g93kl56014nnctmg6w0000gn/T/tmux-501/default,1024,0" />
    <property name="ivy.dep.file.ivy.instance" value="ivy.xml" />
    <property name="java.ext.dirs" value="/Users/ColtonMcCurdy/Library/Java/Extensions:/Library/Java/JavaVirtualMachines/jdk1.8.0_66.jdk/Contents/Home/jre/lib/ext:/Library/Java/Extensions:/Network/Library/Java/Extensions:/System/Library/Java/Extensions:/usr/lib/java" />
    <property name="java.class.path" value="/Volumes/MacintoshHDD/mccurdyc/computer_science/cs441s2016/cs441s2016-fp-team1/tools/ant-ivy/lib/ant-contrib.jar:/Volumes/MacintoshHDD/mccurdyc/computer_science/cs441s2016/cs441s2016-fp-team1/tools/ant-ivy/lib/ant-testutil.jar:/Volumes/MacintoshHDD/mccurdyc/computer_science/cs441s2016/cs441s2016-fp-team1/tools/ant-ivy/lib/bcpg-jdk15on.jar:/Volumes/MacintoshHDD/mccurdyc/computer_science/cs441s2016/cs441s2016-fp-team1/tools/ant-ivy/lib/bcprov-jdk15on.jar:/Volumes/MacintoshHDD/mccurdyc/computer_science/cs441s2016/cs441s2016-fp-team1/tools/ant-ivy/lib/commons-codec.jar:/Volumes/MacintoshHDD/mccurdyc/computer_science/cs441s2016/cs441s2016-fp-team1/tools/ant-ivy/lib/commons-httpclient.jar:/Volumes/MacintoshHDD/mccurdyc/computer_science/cs441s2016/cs441s2016-fp-team1/tools/ant-ivy/lib/commons-lang.jar:/Volumes/MacintoshHDD/mccurdyc/computer_science/cs441s2016/cs441s2016-fp-team1/tools/ant-ivy/lib/commons-logging.jar:/Volumes/MacintoshHDD/mccurdyc/computer_science/cs441s2016/cs441s2016-fp-team1/tools/ant-ivy/lib/commons-vfs.jar:/Volumes/MacintoshHDD/mccurdyc/computer_science/cs441s2016/cs441s2016-fp-team1/tools/ant-ivy/lib/jna.jar:/Volumes/MacintoshHDD/mccurdyc/computer_science/cs441s2016/cs441s2016-fp-team1/tools/ant-ivy/lib/jsch.agentproxy.connector-factory.jar:/Volumes/MacintoshHDD/mccurdyc/computer_science/cs441s2016/cs441s2016-fp-team1/tools/ant-ivy/lib/jsch.agentproxy.core.jar:/Volumes/MacintoshHDD/mccurdyc/computer_science/cs441s2016/cs441s2016-fp-team1/tools/ant-ivy/lib/jsch.agentproxy.jsch.jar:/Volumes/MacintoshHDD/mccurdyc/computer_science/cs441s2016/cs441s2016-fp-team1/tools/ant-ivy/lib/jsch.agentproxy.pageant.jar:/Volumes/MacintoshHDD/mccurdyc/computer_science/cs441s2016/cs441s2016-fp-team1/tools/ant-ivy/lib/jsch.agentproxy.sshagent.jar:/Volumes/MacintoshHDD/mccurdyc/computer_science/cs441s2016/cs441s2016-fp-team1/tools/ant-ivy/lib/jsch.agentproxy.usocket-jna.jar:/Volumes/MacintoshHDD/mccurdyc/computer_science/cs441s2016/cs441s2016-fp-team1/tools/ant-ivy/lib/jsch.agentproxy.usocket-nc.jar:/Volumes/MacintoshHDD/mccurdyc/computer_science/cs441s2016/cs441s2016-fp-team1/tools/ant-ivy/lib/jsch.jar:/Volumes/MacintoshHDD/mccurdyc/computer_science/cs441s2016/cs441s2016-fp-team1/tools/ant-ivy/lib/junit.jar:/Volumes/MacintoshHDD/mccurdyc/computer_science/cs441s2016/cs441s2016-fp-team1/tools/ant-ivy/lib/mod1.2-2.0.jar:/Volumes/MacintoshHDD/mccurdyc/computer_science/cs441s2016/cs441s2016-fp-team1/tools/ant-ivy/lib/oro.jar:/Volumes/MacintoshHDD/mccurdyc/computer_science/cs441s2016/cs441s2016-fp-team1/tools/ant-ivy/lib/platform.jar:/Volumes/MacintoshHDD/mccurdyc/computer_science/cs441s2016/cs441s2016-fp-team1/tools/ant-ivy/lib/xercesImpl.jar:/Volumes/MacintoshHDD/mccurdyc/computer_science/cs441s2016/cs441s2016-fp-team1/tools/ant-ivy/lib/xmlParserAPIs.jar:/Volumes/MacintoshHDD/mccurdyc/computer_science/cs441s2016/cs441s2016-fp-team1/tools/ant-ivy/lib/xmlunit.jar:/Volumes/MacintoshHDD/mccurdyc/computer_science/cs441s2016/cs441s2016-fp-team1/tools/ant-ivy/build/classes/core:/Volumes/MacintoshHDD/mccurdyc/computer_science/cs441s2016/cs441s2016-fp-team1/tools/ant-ivy/build/classes/ant:/Volumes/MacintoshHDD/mccurdyc/computer_science/cs441s2016/cs441s2016-fp-team1/tools/ant-ivy/build/classes/optional:/Volumes/MacintoshHDD/mccurdyc/computer_science/cs441s2016/cs441s2016-fp-team1/tools/ant-ivy/build/test:/usr/local/Cellar/ant/1.9.4/libexec/lib/ant-launcher.jar:/usr/local/Cellar/ant/1.9.4/libexec/lib/ant.jar:/usr/local/Cellar/ant/1.9.4/libexec/lib/ant-junit.jar:/usr/local/Cellar/ant/1.9.4/libexec/lib/ant-junit4.jar" />
    <property name="ivy.settings.dir" value="jar:file:/Users/ColtonMcCurdy/.ant/lib/ivy.jar!/org/apache/ivy/core/settings" />
    <property name="example.dir" value="/Volumes/MacintoshHDD/mccurdyc/computer_science/cs441s2016/cs441s2016-fp-team1/tools/ant-ivy/src/example" />
    <property name="os.version" value="10.11.4" />
    <property name="coverage.report.dir" value="/Volumes/MacintoshHDD/mccurdyc/computer_science/cs441s2016/cs441s2016-fp-team1/tools/ant-ivy/build/doc/reports/coverage" />
    <property name="java.class.version.ivy.instance" value="52.0" />
    <property name="ivy.module" value="ivy" />
    <property name="os.arch.ivy.instance" value="x86_64" />
    <property name="env.TERM_SESSION_ID" value="4A239604-06C0-4C75-82B4-8A1D80F9C9E9" />
    <property name="env.LANG" value="en_US.UTF-8" />
    <property name="ivy.nb.targets.copied" value="28" />
    <property name="java.awt.graphicsenv" value="sun.awt.CGraphicsEnvironment" />
    <property name="java.vm.name.ivy.instance" value="Java HotSpot(TM) 64-Bit Server VM" />
    <property name="target.ivy.bundle.version.qualifier" value="alpha_" />
    <property name="java.vm.vendor" value="Oracle Corporation" />
    <property name="ivy.log.modules.in.use" value="false" />
    <property name="test.class.pattern" value="*Test" />
    <property name="pubdate" value="20160421192055" />
    <property name="ant.file.type" value="file" />
    <property name="ivy.build.artifacts.dir" value="/Volumes/MacintoshHDD/mccurdyc/computer_science/cs441s2016/cs441s2016-fp-team1/tools/ant-ivy/build/artifacts" />
    <property name="sun.os.patch.level.ivy.instance" value="unknown" />
    <property name="ivy.checksums" value="sha1,md5" />
    <property name="build.dir" value="/Volumes/MacintoshHDD/mccurdyc/computer_science/cs441s2016/cs441s2016-fp-team1/tools/ant-ivy/build" />
    <property name="ivy.configurations" value="*" />
    <property name="final.name" value="ivy.jar" />
    <property name="ivy.distrib.dir" value="/Volumes/MacintoshHDD/mccurdyc/computer_science/cs441s2016/cs441s2016-fp-team1/tools/ant-ivy/distrib" />
    <property name="ant.version" value="Apache Ant(TM) version 1.9.4 compiled on April 29 2014" />
    <property name="ivy.report.dir" value="/Volumes/MacintoshHDD/mccurdyc/computer_science/cs441s2016/cs441s2016-fp-team1/tools/ant-ivy/build/doc/reports/ivy" />
    <property name="file.encoding" value="UTF-8" />
    <property name="env.__CF_USER_TEXT_ENCODING" value="0x1F5:0x0:0x0" />
    <property name="awt.toolkit" value="sun.lwawt.macosx.LWCToolkit" />
    <property name="emma.coverage.out.merge" value="true" />
    <property name="user.name.ivy.instance" value="ColtonMcCurdy" />
  </properties>
  <testcase classname="org.apache.ivy.plugins.resolver.PackagerResolverTest" name="testFile" time="1.299" />
  <testcase classname="org.apache.ivy.plugins.resolver.PackagerResolverTest" name="testZipResourceInclusion" time="0.242" />
  <testcase classname="org.apache.ivy.plugins.resolver.PackagerResolverTest" name="testTarResourceInclusion" time="0.25" />
  <system-out><![CDATA[setting 'ivy.default.settings.dir' to 'file:/Volumes/MacintoshHDD/mccurdyc/computer_science/cs441s2016/cs441s2016-fp-team1/tools/ant-ivy/build/classes/core/org/apache/ivy/core/settings'
setting 'ivy.basedir' to '/Volumes/MacintoshHDD/mccurdyc/computer_science/cs441s2016/cs441s2016-fp-team1/tools/ant-ivy/.'
setting 'ivy.default.conf.dir' to 'file:/Volumes/MacintoshHDD/mccurdyc/computer_science/cs441s2016/cs441s2016-fp-team1/tools/ant-ivy/build/classes/core/org/apache/ivy/core/settings'
setting 'java.runtime.name' to 'Java(TM) SE Runtime Environment'
setting 'sun.boot.library.path' to '/Library/Java/JavaVirtualMachines/jdk1.8.0_66.jdk/Contents/Home/jre/lib'
setting 'java.vm.version' to '25.66-b17'
setting 'gopherProxySet' to 'false'
setting 'java.vm.vendor' to 'Oracle Corporation'
setting 'java.vendor.url' to 'http://java.oracle.com/'
setting 'emma.coverage.out.merge' to 'true'
setting 'path.separator' to ':'
setting 'java.vm.name' to 'Java HotSpot(TM) 64-Bit Server VM'
setting 'file.encoding.pkg' to 'sun.io'
setting 'user.country' to 'US'
setting 'sun.java.launcher' to 'SUN_STANDARD'
setting 'sun.os.patch.level' to 'unknown'
setting 'java.vm.specification.name' to 'Java Virtual Machine Specification'
setting 'user.dir' to '/Volumes/MacintoshHDD/mccurdyc/computer_science/cs441s2016/cs441s2016-fp-team1/tools/ant-ivy'
setting 'java.runtime.version' to '1.8.0_66-b17'
setting 'java.awt.graphicsenv' to 'sun.awt.CGraphicsEnvironment'
setting 'java.endorsed.dirs' to '/Library/Java/JavaVirtualMachines/jdk1.8.0_66.jdk/Contents/Home/jre/lib/endorsed'
setting 'os.arch' to 'x86_64'
setting 'java.io.tmpdir' to '/var/folders/63/3rz5g1g93kl56014nnctmg6w0000gn/T/'
setting 'line.separator' to '
'
setting 'java.vm.specification.vendor' to 'Oracle Corporation'
setting 'os.name' to 'Mac OS X'
setting 'sun.jnu.encoding' to 'UTF-8'
setting 'java.library.path' to '/Users/ColtonMcCurdy/Library/Java/Extensions:/Library/Java/Extensions:/Network/Library/Java/Extensions:/System/Library/Java/Extensions:/usr/lib/java:.'
setting 'emma.coverage.out.file' to '${coverage.dir}/coverage.emma'
setting 'java.specification.name' to 'Java Platform API Specification'
setting 'java.class.version' to '52.0'
setting 'sun.management.compiler' to 'HotSpot 64-Bit Tiered Compilers'
setting 'os.version' to '10.11.4'
setting 'user.home' to '/Users/ColtonMcCurdy'
setting 'user.timezone' to 'America/New_York'
setting 'java.awt.printerjob' to 'sun.lwawt.macosx.CPrinterJob'
setting 'file.encoding' to 'UTF-8'
setting 'java.specification.version' to '1.8'
setting 'java.class.path' to '/Volumes/MacintoshHDD/mccurdyc/computer_science/cs441s2016/cs441s2016-fp-team1/tools/ant-ivy/lib/ant-contrib.jar:/Volumes/MacintoshHDD/mccurdyc/computer_science/cs441s2016/cs441s2016-fp-team1/tools/ant-ivy/lib/ant-testutil.jar:/Volumes/MacintoshHDD/mccurdyc/computer_science/cs441s2016/cs441s2016-fp-team1/tools/ant-ivy/lib/bcpg-jdk15on.jar:/Volumes/MacintoshHDD/mccurdyc/computer_science/cs441s2016/cs441s2016-fp-team1/tools/ant-ivy/lib/bcprov-jdk15on.jar:/Volumes/MacintoshHDD/mccurdyc/computer_science/cs441s2016/cs441s2016-fp-team1/tools/ant-ivy/lib/commons-codec.jar:/Volumes/MacintoshHDD/mccurdyc/computer_science/cs441s2016/cs441s2016-fp-team1/tools/ant-ivy/lib/commons-httpclient.jar:/Volumes/MacintoshHDD/mccurdyc/computer_science/cs441s2016/cs441s2016-fp-team1/tools/ant-ivy/lib/commons-lang.jar:/Volumes/MacintoshHDD/mccurdyc/computer_science/cs441s2016/cs441s2016-fp-team1/tools/ant-ivy/lib/commons-logging.jar:/Volumes/MacintoshHDD/mccurdyc/computer_science/cs441s2016/cs441s2016-fp-team1/tools/ant-ivy/lib/commons-vfs.jar:/Volumes/MacintoshHDD/mccurdyc/computer_science/cs441s2016/cs441s2016-fp-team1/tools/ant-ivy/lib/jna.jar:/Volumes/MacintoshHDD/mccurdyc/computer_science/cs441s2016/cs441s2016-fp-team1/tools/ant-ivy/lib/jsch.agentproxy.connector-factory.jar:/Volumes/MacintoshHDD/mccurdyc/computer_science/cs441s2016/cs441s2016-fp-team1/tools/ant-ivy/lib/jsch.agentproxy.core.jar:/Volumes/MacintoshHDD/mccurdyc/computer_science/cs441s2016/cs441s2016-fp-team1/tools/ant-ivy/lib/jsch.agentproxy.jsch.jar:/Volumes/MacintoshHDD/mccurdyc/computer_science/cs441s2016/cs441s2016-fp-team1/tools/ant-ivy/lib/jsch.agentproxy.pageant.jar:/Volumes/MacintoshHDD/mccurdyc/computer_science/cs441s2016/cs441s2016-fp-team1/tools/ant-ivy/lib/jsch.agentproxy.sshagent.jar:/Volumes/MacintoshHDD/mccurdyc/computer_science/cs441s2016/cs441s2016-fp-team1/tools/ant-ivy/lib/jsch.agentproxy.usocket-jna.jar:/Volumes/MacintoshHDD/mccurdyc/computer_science/cs441s2016/cs441s2016-fp-team1/tools/ant-ivy/lib/jsch.agentproxy.usocket-nc.jar:/Volumes/MacintoshHDD/mccurdyc/computer_science/cs441s2016/cs441s2016-fp-team1/tools/ant-ivy/lib/jsch.jar:/Volumes/MacintoshHDD/mccurdyc/computer_science/cs441s2016/cs441s2016-fp-team1/tools/ant-ivy/lib/junit.jar:/Volumes/MacintoshHDD/mccurdyc/computer_science/cs441s2016/cs441s2016-fp-team1/tools/ant-ivy/lib/mod1.2-2.0.jar:/Volumes/MacintoshHDD/mccurdyc/computer_science/cs441s2016/cs441s2016-fp-team1/tools/ant-ivy/lib/oro.jar:/Volumes/MacintoshHDD/mccurdyc/computer_science/cs441s2016/cs441s2016-fp-team1/tools/ant-ivy/lib/platform.jar:/Volumes/MacintoshHDD/mccurdyc/computer_science/cs441s2016/cs441s2016-fp-team1/tools/ant-ivy/lib/xercesImpl.jar:/Volumes/MacintoshHDD/mccurdyc/computer_science/cs441s2016/cs441s2016-fp-team1/tools/ant-ivy/lib/xmlParserAPIs.jar:/Volumes/MacintoshHDD/mccurdyc/computer_science/cs441s2016/cs441s2016-fp-team1/tools/ant-ivy/lib/xmlunit.jar:/Volumes/MacintoshHDD/mccurdyc/computer_science/cs441s2016/cs441s2016-fp-team1/tools/ant-ivy/build/classes/core:/Volumes/MacintoshHDD/mccurdyc/computer_science/cs441s2016/cs441s2016-fp-team1/tools/ant-ivy/build/classes/ant:/Volumes/MacintoshHDD/mccurdyc/computer_science/cs441s2016/cs441s2016-fp-team1/tools/ant-ivy/build/classes/optional:/Volumes/MacintoshHDD/mccurdyc/computer_science/cs441s2016/cs441s2016-fp-team1/tools/ant-ivy/build/test:/usr/local/Cellar/ant/1.9.4/libexec/lib/ant-launcher.jar:/usr/local/Cellar/ant/1.9.4/libexec/lib/ant.jar:/usr/local/Cellar/ant/1.9.4/libexec/lib/ant-junit.jar:/usr/local/Cellar/ant/1.9.4/libexec/lib/ant-junit4.jar'
setting 'user.name' to 'ColtonMcCurdy'
setting 'java.vm.specification.version' to '1.8'
setting 'sun.java.command' to 'org.apache.tools.ant.taskdefs.optional.junit.JUnitTestRunner org.apache.ivy.plugins.resolver.PackagerResolverTest skipNonTests=false filtertrace=true haltOnError=false haltOnFailure=false formatter=org.apache.tools.ant.taskdefs.optional.junit.SummaryJUnitResultFormatter showoutput=false outputtoformatters=true logfailedtests=true threadid=0 logtestlistenerevents=false formatter=org.apache.tools.ant.taskdefs.optional.junit.XMLJUnitResultFormatter,/Volumes/MacintoshHDD/mccurdyc/computer_science/cs441s2016/cs441s2016-fp-team1/tools/ant-ivy/build/test-report/TEST-org.apache.ivy.plugins.resolver.PackagerResolverTest.xml crashfile=/Volumes/MacintoshHDD/mccurdyc/computer_science/cs441s2016/cs441s2016-fp-team1/tools/ant-ivy/junitvmwatcher1396038054526377272.properties propsfile=/Volumes/MacintoshHDD/mccurdyc/computer_science/cs441s2016/cs441s2016-fp-team1/tools/ant-ivy/junit1374989178428886242.properties'
setting 'java.home' to '/Library/Java/JavaVirtualMachines/jdk1.8.0_66.jdk/Contents/Home/jre'
setting 'sun.arch.data.model' to '64'
setting 'user.language' to 'tr'
setting 'java.specification.vendor' to 'Oracle Corporation'
setting 'awt.toolkit' to 'sun.lwawt.macosx.LWCToolkit'
setting 'java.vm.info' to 'mixed mode'
setting 'java.version' to '1.8.0_66'
setting 'java.ext.dirs' to '/Users/ColtonMcCurdy/Library/Java/Extensions:/Library/Java/JavaVirtualMachines/jdk1.8.0_66.jdk/Contents/Home/jre/lib/ext:/Library/Java/Extensions:/Network/Library/Java/Extensions:/System/Library/Java/Extensions:/usr/lib/java'
setting 'sun.boot.class.path' to '/Library/Java/JavaVirtualMachines/jdk1.8.0_66.jdk/Contents/Home/jre/lib/resources.jar:/Library/Java/JavaVirtualMachines/jdk1.8.0_66.jdk/Contents/Home/jre/lib/rt.jar:/Library/Java/JavaVirtualMachines/jdk1.8.0_66.jdk/Contents/Home/jre/lib/sunrsasign.jar:/Library/Java/JavaVirtualMachines/jdk1.8.0_66.jdk/Contents/Home/jre/lib/jsse.jar:/Library/Java/JavaVirtualMachines/jdk1.8.0_66.jdk/Contents/Home/jre/lib/jce.jar:/Library/Java/JavaVirtualMachines/jdk1.8.0_66.jdk/Contents/Home/jre/lib/charsets.jar:/Library/Java/JavaVirtualMachines/jdk1.8.0_66.jdk/Contents/Home/jre/lib/jfr.jar:/Library/Java/JavaVirtualMachines/jdk1.8.0_66.jdk/Contents/Home/jre/classes'
setting 'java.vendor' to 'Oracle Corporation'
setting 'file.separator' to '/'
setting 'java.vendor.url.bug' to 'http://bugreport.sun.com/bugreport/'
setting 'sun.io.unicode.encoding' to 'UnicodeBig'
setting 'sun.cpu.endian' to 'little'
setting 'user.region' to 'TR'
setting 'sun.cpu.isalist' to ''
setting 'ivy.cache.dir' to '/Volumes/MacintoshHDD/mccurdyc/computer_science/cs441s2016/cs441s2016-fp-team1/tools/ant-ivy/build/cache'
packager: no namespace defined: using system
	no ivy file in cache for org#mod;1.0: tried build/cache/org/mod/ivy-1.0.xml
setting 'ivy.default.settings.dir' to 'file:/Volumes/MacintoshHDD/mccurdyc/computer_science/cs441s2016/cs441s2016-fp-team1/tools/ant-ivy/build/classes/core/org/apache/ivy/core/settings'
setting 'ivy.basedir' to '/Volumes/MacintoshHDD/mccurdyc/computer_science/cs441s2016/cs441s2016-fp-team1/tools/ant-ivy/.'
setting 'ivy.default.conf.dir' to 'file:/Volumes/MacintoshHDD/mccurdyc/computer_science/cs441s2016/cs441s2016-fp-team1/tools/ant-ivy/build/classes/core/org/apache/ivy/core/settings'
setting 'java.runtime.name' to 'Java(TM) SE Runtime Environment'
setting 'sun.boot.library.path' to '/Library/Java/JavaVirtualMachines/jdk1.8.0_66.jdk/Contents/Home/jre/lib'
setting 'java.vm.version' to '25.66-b17'
setting 'gopherProxySet' to 'false'
setting 'java.vm.vendor' to 'Oracle Corporation'
setting 'java.vendor.url' to 'http://java.oracle.com/'
setting 'emma.coverage.out.merge' to 'true'
setting 'path.separator' to ':'
setting 'java.vm.name' to 'Java HotSpot(TM) 64-Bit Server VM'
setting 'file.encoding.pkg' to 'sun.io'
setting 'user.country' to 'US'
setting 'sun.java.launcher' to 'SUN_STANDARD'
setting 'sun.os.patch.level' to 'unknown'
setting 'java.vm.specification.name' to 'Java Virtual Machine Specification'
setting 'user.dir' to '/Volumes/MacintoshHDD/mccurdyc/computer_science/cs441s2016/cs441s2016-fp-team1/tools/ant-ivy'
setting 'java.runtime.version' to '1.8.0_66-b17'
setting 'java.awt.graphicsenv' to 'sun.awt.CGraphicsEnvironment'
setting 'java.endorsed.dirs' to '/Library/Java/JavaVirtualMachines/jdk1.8.0_66.jdk/Contents/Home/jre/lib/endorsed'
setting 'os.arch' to 'x86_64'
setting 'java.io.tmpdir' to '/var/folders/63/3rz5g1g93kl56014nnctmg6w0000gn/T/'
setting 'line.separator' to '
'
setting 'java.vm.specification.vendor' to 'Oracle Corporation'
setting 'os.name' to 'Mac OS X'
setting 'sun.jnu.encoding' to 'UTF-8'
setting 'java.library.path' to '/Users/ColtonMcCurdy/Library/Java/Extensions:/Library/Java/Extensions:/Network/Library/Java/Extensions:/System/Library/Java/Extensions:/usr/lib/java:.'
setting 'emma.coverage.out.file' to '${coverage.dir}/coverage.emma'
setting 'java.specification.name' to 'Java Platform API Specification'
setting 'java.class.version' to '52.0'
setting 'sun.management.compiler' to 'HotSpot 64-Bit Tiered Compilers'
setting 'os.version' to '10.11.4'
setting 'user.home' to '/Users/ColtonMcCurdy'
setting 'user.timezone' to 'America/New_York'
setting 'java.awt.printerjob' to 'sun.lwawt.macosx.CPrinterJob'
setting 'file.encoding' to 'UTF-8'
setting 'java.specification.version' to '1.8'
setting 'java.class.path' to '/Volumes/MacintoshHDD/mccurdyc/computer_science/cs441s2016/cs441s2016-fp-team1/tools/ant-ivy/lib/ant-contrib.jar:/Volumes/MacintoshHDD/mccurdyc/computer_science/cs441s2016/cs441s2016-fp-team1/tools/ant-ivy/lib/ant-testutil.jar:/Volumes/MacintoshHDD/mccurdyc/computer_science/cs441s2016/cs441s2016-fp-team1/tools/ant-ivy/lib/bcpg-jdk15on.jar:/Volumes/MacintoshHDD/mccurdyc/computer_science/cs441s2016/cs441s2016-fp-team1/tools/ant-ivy/lib/bcprov-jdk15on.jar:/Volumes/MacintoshHDD/mccurdyc/computer_science/cs441s2016/cs441s2016-fp-team1/tools/ant-ivy/lib/commons-codec.jar:/Volumes/MacintoshHDD/mccurdyc/computer_science/cs441s2016/cs441s2016-fp-team1/tools/ant-ivy/lib/commons-httpclient.jar:/Volumes/MacintoshHDD/mccurdyc/computer_science/cs441s2016/cs441s2016-fp-team1/tools/ant-ivy/lib/commons-lang.jar:/Volumes/MacintoshHDD/mccurdyc/computer_science/cs441s2016/cs441s2016-fp-team1/tools/ant-ivy/lib/commons-logging.jar:/Volumes/MacintoshHDD/mccurdyc/computer_science/cs441s2016/cs441s2016-fp-team1/tools/ant-ivy/lib/commons-vfs.jar:/Volumes/MacintoshHDD/mccurdyc/computer_science/cs441s2016/cs441s2016-fp-team1/tools/ant-ivy/lib/jna.jar:/Volumes/MacintoshHDD/mccurdyc/computer_science/cs441s2016/cs441s2016-fp-team1/tools/ant-ivy/lib/jsch.agentproxy.connector-factory.jar:/Volumes/MacintoshHDD/mccurdyc/computer_science/cs441s2016/cs441s2016-fp-team1/tools/ant-ivy/lib/jsch.agentproxy.core.jar:/Volumes/MacintoshHDD/mccurdyc/computer_science/cs441s2016/cs441s2016-fp-team1/tools/ant-ivy/lib/jsch.agentproxy.jsch.jar:/Volumes/MacintoshHDD/mccurdyc/computer_science/cs441s2016/cs441s2016-fp-team1/tools/ant-ivy/lib/jsch.agentproxy.pageant.jar:/Volumes/MacintoshHDD/mccurdyc/computer_science/cs441s2016/cs441s2016-fp-team1/tools/ant-ivy/lib/jsch.agentproxy.sshagent.jar:/Volumes/MacintoshHDD/mccurdyc/computer_science/cs441s2016/cs441s2016-fp-team1/tools/ant-ivy/lib/jsch.agentproxy.usocket-jna.jar:/Volumes/MacintoshHDD/mccurdyc/computer_science/cs441s2016/cs441s2016-fp-team1/tools/ant-ivy/lib/jsch.agentproxy.usocket-nc.jar:/Volumes/MacintoshHDD/mccurdyc/computer_science/cs441s2016/cs441s2016-fp-team1/tools/ant-ivy/lib/jsch.jar:/Volumes/MacintoshHDD/mccurdyc/computer_science/cs441s2016/cs441s2016-fp-team1/tools/ant-ivy/lib/junit.jar:/Volumes/MacintoshHDD/mccurdyc/computer_science/cs441s2016/cs441s2016-fp-team1/tools/ant-ivy/lib/mod1.2-2.0.jar:/Volumes/MacintoshHDD/mccurdyc/computer_science/cs441s2016/cs441s2016-fp-team1/tools/ant-ivy/lib/oro.jar:/Volumes/MacintoshHDD/mccurdyc/computer_science/cs441s2016/cs441s2016-fp-team1/tools/ant-ivy/lib/platform.jar:/Volumes/MacintoshHDD/mccurdyc/computer_science/cs441s2016/cs441s2016-fp-team1/tools/ant-ivy/lib/xercesImpl.jar:/Volumes/MacintoshHDD/mccurdyc/computer_science/cs441s2016/cs441s2016-fp-team1/tools/ant-ivy/lib/xmlParserAPIs.jar:/Volumes/MacintoshHDD/mccurdyc/computer_science/cs441s2016/cs441s2016-fp-team1/tools/ant-ivy/lib/xmlunit.jar:/Volumes/MacintoshHDD/mccurdyc/computer_science/cs441s2016/cs441s2016-fp-team1/tools/ant-ivy/build/classes/core:/Volumes/MacintoshHDD/mccurdyc/computer_science/cs441s2016/cs441s2016-fp-team1/tools/ant-ivy/build/classes/ant:/Volumes/MacintoshHDD/mccurdyc/computer_science/cs441s2016/cs441s2016-fp-team1/tools/ant-ivy/build/classes/optional:/Volumes/MacintoshHDD/mccurdyc/computer_science/cs441s2016/cs441s2016-fp-team1/tools/ant-ivy/build/test:/usr/local/Cellar/ant/1.9.4/libexec/lib/ant-launcher.jar:/usr/local/Cellar/ant/1.9.4/libexec/lib/ant.jar:/usr/local/Cellar/ant/1.9.4/libexec/lib/ant-junit.jar:/usr/local/Cellar/ant/1.9.4/libexec/lib/ant-junit4.jar'
setting 'user.name' to 'ColtonMcCurdy'
setting 'java.vm.specification.version' to '1.8'
setting 'sun.java.command' to 'org.apache.tools.ant.taskdefs.optional.junit.JUnitTestRunner org.apache.ivy.plugins.resolver.PackagerResolverTest skipNonTests=false filtertrace=true haltOnError=false haltOnFailure=false formatter=org.apache.tools.ant.taskdefs.optional.junit.SummaryJUnitResultFormatter showoutput=false outputtoformatters=true logfailedtests=true threadid=0 logtestlistenerevents=false formatter=org.apache.tools.ant.taskdefs.optional.junit.XMLJUnitResultFormatter,/Volumes/MacintoshHDD/mccurdyc/computer_science/cs441s2016/cs441s2016-fp-team1/tools/ant-ivy/build/test-report/TEST-org.apache.ivy.plugins.resolver.PackagerResolverTest.xml crashfile=/Volumes/MacintoshHDD/mccurdyc/computer_science/cs441s2016/cs441s2016-fp-team1/tools/ant-ivy/junitvmwatcher1396038054526377272.properties propsfile=/Volumes/MacintoshHDD/mccurdyc/computer_science/cs441s2016/cs441s2016-fp-team1/tools/ant-ivy/junit1374989178428886242.properties'
setting 'java.home' to '/Library/Java/JavaVirtualMachines/jdk1.8.0_66.jdk/Contents/Home/jre'
setting 'sun.arch.data.model' to '64'
setting 'user.language' to 'tr'
setting 'java.specification.vendor' to 'Oracle Corporation'
setting 'awt.toolkit' to 'sun.lwawt.macosx.LWCToolkit'
setting 'java.vm.info' to 'mixed mode'
setting 'java.version' to '1.8.0_66'
setting 'java.ext.dirs' to '/Users/ColtonMcCurdy/Library/Java/Extensions:/Library/Java/JavaVirtualMachines/jdk1.8.0_66.jdk/Contents/Home/jre/lib/ext:/Library/Java/Extensions:/Network/Library/Java/Extensions:/System/Library/Java/Extensions:/usr/lib/java'
setting 'sun.boot.class.path' to '/Library/Java/JavaVirtualMachines/jdk1.8.0_66.jdk/Contents/Home/jre/lib/resources.jar:/Library/Java/JavaVirtualMachines/jdk1.8.0_66.jdk/Contents/Home/jre/lib/rt.jar:/Library/Java/JavaVirtualMachines/jdk1.8.0_66.jdk/Contents/Home/jre/lib/sunrsasign.jar:/Library/Java/JavaVirtualMachines/jdk1.8.0_66.jdk/Contents/Home/jre/lib/jsse.jar:/Library/Java/JavaVirtualMachines/jdk1.8.0_66.jdk/Contents/Home/jre/lib/jce.jar:/Library/Java/JavaVirtualMachines/jdk1.8.0_66.jdk/Contents/Home/jre/lib/charsets.jar:/Library/Java/JavaVirtualMachines/jdk1.8.0_66.jdk/Contents/Home/jre/lib/jfr.jar:/Library/Java/JavaVirtualMachines/jdk1.8.0_66.jdk/Contents/Home/jre/classes'
setting 'java.vendor' to 'Oracle Corporation'
setting 'file.separator' to '/'
setting 'java.vendor.url.bug' to 'http://bugreport.sun.com/bugreport/'
setting 'sun.io.unicode.encoding' to 'UnicodeBig'
setting 'sun.cpu.endian' to 'little'
setting 'user.region' to 'TR'
setting 'sun.cpu.isalist' to ''
:: loading settings :: url = file:/Volumes/MacintoshHDD/mccurdyc/computer_science/cs441s2016/cs441s2016-fp-team1/tools/ant-ivy/build/classes/core/org/apache/ivy/core/settings/ivysettings.xml
setting 'ivy.settings.url' to 'file:/Volumes/MacintoshHDD/mccurdyc/computer_science/cs441s2016/cs441s2016-fp-team1/tools/ant-ivy/build/classes/core/org/apache/ivy/core/settings/ivysettings.xml'
setting 'ivy.conf.url' to 'file:/Volumes/MacintoshHDD/mccurdyc/computer_science/cs441s2016/cs441s2016-fp-team1/tools/ant-ivy/build/classes/core/org/apache/ivy/core/settings/ivysettings.xml'
setting 'ivy.settings.dir' to 'file:/Volumes/MacintoshHDD/mccurdyc/computer_science/cs441s2016/cs441s2016-fp-team1/tools/ant-ivy/build/classes/core/org/apache/ivy/core/settings'
setting 'ivy.settings.dir.url' to 'file:/Volumes/MacintoshHDD/mccurdyc/computer_science/cs441s2016/cs441s2016-fp-team1/tools/ant-ivy/build/classes/core/org/apache/ivy/core/settings'
setting 'ivy.conf.dir' to 'file:/Volumes/MacintoshHDD/mccurdyc/computer_science/cs441s2016/cs441s2016-fp-team1/tools/ant-ivy/build/classes/core/org/apache/ivy/core/settings'
setting 'ivy.default.ivy.user.dir' to '/Users/ColtonMcCurdy/.ivy2'
setting 'ivy.home' to '/Users/ColtonMcCurdy/.ivy2'
no default ivy user dir defined: set to /Users/ColtonMcCurdy/.ivy2
setting 'ivy.log.modules.in.use' to 'false'
setting 'ivy.resolver.default.check.modified' to 'false'
setting 'ivy.default.always.check.exact.revision' to 'false'
setting 'ivy.retrieve.pattern' to '${ivy.lib.dir}/[artifact]-[revision](-[classifier]).[ext]'
setting 'ivy.configurations' to '*'
setting 'ivy.buildlist.ivyfilepath' to 'ivy.xml'
setting 'ivy.status' to 'integration'
setting 'ivy.resolve.default.type.filter' to '*'
setting 'ivy.project.dir' to '${basedir}'
setting 'ivy.dep.file' to 'ivy.xml'
setting 'ivy.settings.file' to 'ivysettings.xml'
setting 'ivy.report.output.pattern' to '[organisation]-[module]-[conf].[ext]'
setting 'ivy.cache.ttl.default' to '10s'
setting 'ivy.publish.src.artifacts.pattern' to '${ivy.distrib.dir}/[type]s/[artifact]-[revision](-[classifier]).[ext]'
setting 'ivy.deliver.ivy.pattern' to '${ivy.distrib.dir}/[type]s/[artifact]-[revision](-[classifier]).[ext]'
setting 'ivy.build.artifacts.dir' to '${ivy.project.dir}/build/artifacts'
setting 'ivy.checksums' to 'sha1,md5'
setting 'ivy.distrib.dir' to '${ivy.project.dir}/distrib'
setting 'ivy.lib.dir' to '${ivy.project.dir}/lib'
including url: file:/Volumes/MacintoshHDD/mccurdyc/computer_science/cs441s2016/cs441s2016-fp-team1/tools/ant-ivy/build/classes/core/org/apache/ivy/core/settings/ivysettings-public.xml
setting 'ivy.settings.dir.url' to 'file:/Volumes/MacintoshHDD/mccurdyc/computer_science/cs441s2016/cs441s2016-fp-team1/tools/ant-ivy/build/classes/core/org/apache/ivy/core/settings'
setting 'ivy.cache.dir' to '/Users/ColtonMcCurdy/.ivy2/cache'
no default cache defined: set to /Users/ColtonMcCurdy/.ivy2/cache
public: no namespace defined: using system
public: no latest strategy defined: using default
including url: file:/Volumes/MacintoshHDD/mccurdyc/computer_science/cs441s2016/cs441s2016-fp-team1/tools/ant-ivy/build/classes/core/org/apache/ivy/core/settings/ivysettings-shared.xml
setting 'ivy.settings.dir.url' to 'file:/Volumes/MacintoshHDD/mccurdyc/computer_science/cs441s2016/cs441s2016-fp-team1/tools/ant-ivy/build/classes/core/org/apache/ivy/core/settings'
setting 'ivy.shared.default.root' to '/Users/ColtonMcCurdy/.ivy2/shared'
setting 'ivy.shared.default.ivy.pattern' to '[organisation]/[module]/[revision]/[type]s/[artifact].[ext]'
setting 'ivy.shared.default.artifact.pattern' to '[organisation]/[module]/[revision]/[type]s/[artifact].[ext]'
shared: no namespace defined: using system
shared: no latest strategy defined: using default
public: no namespace defined: using system
public: no latest strategy defined: using default
including url: file:/Volumes/MacintoshHDD/mccurdyc/computer_science/cs441s2016/cs441s2016-fp-team1/tools/ant-ivy/build/classes/core/org/apache/ivy/core/settings/ivysettings-local.xml
setting 'ivy.settings.dir.url' to 'file:/Volumes/MacintoshHDD/mccurdyc/computer_science/cs441s2016/cs441s2016-fp-team1/tools/ant-ivy/build/classes/core/org/apache/ivy/core/settings'
setting 'ivy.local.default.root' to '/Users/ColtonMcCurdy/.ivy2/local'
setting 'ivy.local.default.ivy.pattern' to '[organisation]/[module]/[revision]/[type]s/[artifact].[ext]'
setting 'ivy.local.default.artifact.pattern' to '[organisation]/[module]/[revision]/[type]s/[artifact].[ext]'
shared: no namespace defined: using system
shared: no latest strategy defined: using default
public: no namespace defined: using system
public: no latest strategy defined: using default
local: no namespace defined: using system
local: no latest strategy defined: using default
including url: file:/Volumes/MacintoshHDD/mccurdyc/computer_science/cs441s2016/cs441s2016-fp-team1/tools/ant-ivy/build/classes/core/org/apache/ivy/core/settings/ivysettings-main-chain.xml
setting 'ivy.settings.dir.url' to 'file:/Volumes/MacintoshHDD/mccurdyc/computer_science/cs441s2016/cs441s2016-fp-team1/tools/ant-ivy/build/classes/core/org/apache/ivy/core/settings'
shared: no namespace defined: using system
shared: no latest strategy defined: using default
public: no namespace defined: using system
public: no latest strategy defined: using default
main: no namespace defined: using system
main: no latest strategy defined: using default
local: no namespace defined: using system
local: no latest strategy defined: using default
including url: file:/Volumes/MacintoshHDD/mccurdyc/computer_science/cs441s2016/cs441s2016-fp-team1/tools/ant-ivy/build/classes/core/org/apache/ivy/core/settings/ivysettings-default-chain.xml
setting 'ivy.settings.dir.url' to 'file:/Volumes/MacintoshHDD/mccurdyc/computer_science/cs441s2016/cs441s2016-fp-team1/tools/ant-ivy/build/classes/core/org/apache/ivy/core/settings'
shared: no namespace defined: using system
shared: no latest strategy defined: using default
default: no namespace defined: using system
default: no latest strategy defined: using default
public: no namespace defined: using system
public: no latest strategy defined: using default
main: no namespace defined: using system
main: no latest strategy defined: using default
local: no namespace defined: using system
local: no latest strategy defined: using default
shared: no namespace defined: using system
shared: no latest strategy defined: using default
default: no namespace defined: using system
default: no latest strategy defined: using default
public: no namespace defined: using system
public: no latest strategy defined: using default
main: no namespace defined: using system
main: no latest strategy defined: using default
local: no namespace defined: using system
local: no latest strategy defined: using default
'ivy.default.ivy.user.dir' already set: discarding '/Users/ColtonMcCurdy/.ivy2'
settings loaded (80ms)
	default cache: /Users/ColtonMcCurdy/.ivy2/cache
	default resolver: default
	default latest strategy: latest-revision
	default conflict manager: latest-revision
	circular dependency strategy: warn
	validate: true
	check up2date: true
	-- 5 resolvers:
	shared [file]
		cache: null
		m2compatible: false
		ivy patterns:
			/Users/ColtonMcCurdy/.ivy2/shared/[organisation]/[module]/[revision]/[type]s/[artifact].[ext]
		artifact patterns:
			/Users/ColtonMcCurdy/.ivy2/shared/[organisation]/[module]/[revision]/[type]s/[artifact].[ext]
		repository: shared
	default [chain] [local, main]
		return first: true
		dual: false
		-> local
		-> main
	public [ibiblio]
		cache: null
		m2compatible: true
		ivy patterns:
			https://repo1.maven.org/maven2/[organisation]/[module]/[revision]/[artifact]-[revision](-[classifier]).[ext]
		artifact patterns:
			https://repo1.maven.org/maven2/[organisation]/[module]/[revision]/[artifact]-[revision](-[classifier]).[ext]
		repository: public
		root: https://repo1.maven.org/maven2/
		pattern: [organisation]/[module]/[revision]/[artifact]-[revision](-[classifier]).[ext]
		usepoms: true
		useMavenMetadata: true
	main [chain] [shared, public]
		return first: false
		dual: true
		-> shared
		-> public
	local [file]
		cache: null
		m2compatible: false
		ivy patterns:
			/Users/ColtonMcCurdy/.ivy2/local/[organisation]/[module]/[revision]/[type]s/[artifact].[ext]
		artifact patterns:
			/Users/ColtonMcCurdy/.ivy2/local/[organisation]/[module]/[revision]/[type]s/[artifact].[ext]
		repository: local
	module settings:
		NONE
	 trying file:/Volumes/MacintoshHDD/mccurdyc/computer_science/cs441s2016/cs441s2016-fp-team1/tools/ant-ivy/test/repositories/packager/repo/org/mod/1.0/ivy.xml
		tried file:/Volumes/MacintoshHDD/mccurdyc/computer_science/cs441s2016/cs441s2016-fp-team1/tools/ant-ivy/test/repositories/packager/repo/org/mod/1.0/ivy.xml
Execution environment profile JavaSE-1.2 loaded
Execution environment profile JavaSE-1.3 loaded
Execution environment profile JavaSE-1.4 loaded
Execution environment profile JavaSE-1.5 loaded
Execution environment profile JavaSE-1.6 loaded
Execution environment profile JavaSE-1.7 loaded
Execution environment profile OSGi/Minimum-1.1 loaded
Execution environment profile JavaSE-1.8 loaded
Execution environment profile CDC-1.0/Foundation-1.0 loaded
Execution environment profile CDC-1.1/Foundation-1.1 loaded
Execution environment profile OSGi/Minimum-1.2 loaded
Execution environment profile OSGi/Minimum-1.0 loaded
	packager: found md file for org#mod;1.0
		=> file:/Volumes/MacintoshHDD/mccurdyc/computer_science/cs441s2016/cs441s2016-fp-team1/tools/ant-ivy/test/repositories/packager/repo/org/mod/1.0/ivy.xml (1.0)
	parser = ivy parser
	no ivy file in cache for org#mod;1.0: tried build/cache/org/mod/ivy-1.0.xml
downloading file:/Volumes/MacintoshHDD/mccurdyc/computer_science/cs441s2016/cs441s2016-fp-team1/tools/ant-ivy/test/repositories/packager/repo/org/mod/1.0/ivy.xml ...
	packager: downloading file:/Volumes/MacintoshHDD/mccurdyc/computer_science/cs441s2016/cs441s2016-fp-team1/tools/ant-ivy/test/repositories/packager/repo/org/mod/1.0/ivy.xml
		to /Volumes/MacintoshHDD/mccurdyc/computer_science/cs441s2016/cs441s2016-fp-team1/tools/ant-ivy/build/cache/org/mod/ivy-1.0.xml.original.part
	[SUCCESSFUL ] org#mod;1.0!ivy.xml(ivy.original) (12ms)
post 1.3 ivy file: using exact as default matcher
	default-cache: parsed downloaded md file for org#mod;1.0; parsed=org#mod;1.0
	checking org#mod;1.0 from packager against [none]
	module revision kept as first found: org#mod;1.0 from packager
	 trying file:/Volumes/MacintoshHDD/mccurdyc/computer_science/cs441s2016/cs441s2016-fp-team1/tools/ant-ivy/test/repositories/packager/repo/org/mod/1.0/packager.xml
		tried file:/Volumes/MacintoshHDD/mccurdyc/computer_science/cs441s2016/cs441s2016-fp-team1/tools/ant-ivy/test/repositories/packager/repo/org/mod/1.0/packager.xml
performing packager resolver build in build/test/PackagerResolverTest/build/org/mod/1.0
Build sequence for target(s) `build' is [validate, setResourceURL1, setResourceURL2, style, build]
Complete build sequence is [validate, setResourceURL1, setResourceURL2, style, build, ]

validate:
parsing buildfile jar:file:/usr/local/Cellar/ant/1.9.4/libexec/lib/ant.jar!/org/apache/tools/ant/antlib.xml with URI = jar:file:/usr/local/Cellar/ant/1.9.4/libexec/lib/ant.jar!/org/apache/tools/ant/antlib.xml from a zip file
[xmlvalidate] Using SAX2 reader org.apache.xerces.parsers.SAXParser
[xmlvalidate] Validating packager.xml... 
Ignoring Exception java.util.zip.ZipException: zip file is empty reading resource org/apache/tools/ant/types/resolver/ApacheCatalogResolver.class from /Volumes/MacintoshHDD/mccurdyc/computer_science/cs441s2016/cs441s2016-fp-team1/tools/ant-ivy/lib/mod1.2-2.0.jar
Apache resolver library not found, internal resolver will be used
[xmlvalidate] 1 file(s) have been successfully validated.

setResourceURL1:
Skipped because property 'ivy.packager.resourceURL' not set.

setResourceURL2:

style:
     [xslt] Using class org.apache.tools.ant.taskdefs.optional.TraXLiaison
     [xslt] Processing /Volumes/MacintoshHDD/mccurdyc/computer_science/cs441s2016/cs441s2016-fp-team1/tools/ant-ivy/build/test/PackagerResolverTest/build/org/mod/1.0/packager.xml to /Volumes/MacintoshHDD/mccurdyc/computer_science/cs441s2016/cs441s2016-fp-team1/tools/ant-ivy/build/test/PackagerResolverTest/build/org/mod/1.0/packager-output.xml
     [xslt] Loading stylesheet /Volumes/MacintoshHDD/mccurdyc/computer_science/cs441s2016/cs441s2016-fp-team1/tools/ant-ivy/build/test/PackagerResolverTest/build/org/mod/1.0/packager.xsl

build:
Project base dir set to: /Volumes/MacintoshHDD/mccurdyc/computer_science/cs441s2016/cs441s2016-fp-team1/tools/ant-ivy/build/test/PackagerResolverTest/build/org/mod/1.0
      [ant] calling target(s) [default] in build file /Volumes/MacintoshHDD/mccurdyc/computer_science/cs441s2016/cs441s2016-fp-team1/tools/ant-ivy/build/test/PackagerResolverTest/build/org/mod/1.0/packager-output.xml
parsing buildfile /Volumes/MacintoshHDD/mccurdyc/computer_science/cs441s2016/cs441s2016-fp-team1/tools/ant-ivy/build/test/PackagerResolverTest/build/org/mod/1.0/packager-output.xml with URI = file:/Volumes/MacintoshHDD/mccurdyc/computer_science/cs441s2016/cs441s2016-fp-team1/tools/ant-ivy/build/test/PackagerResolverTest/build/org/mod/1.0/packager-output.xml
Project base dir set to: /Volumes/MacintoshHDD/mccurdyc/computer_science/cs441s2016/cs441s2016-fp-team1/tools/ant-ivy/build/test/PackagerResolverTest/build/org/mod/1.0
      [ant] Entering /Volumes/MacintoshHDD/mccurdyc/computer_science/cs441s2016/cs441s2016-fp-team1/tools/ant-ivy/build/test/PackagerResolverTest/build/org/mod/1.0/packager-output.xml...
Build sequence for target(s) `build' is [setfilename.N65555, genresdir.1.N65555, genresdir.2.N65555, checkdownload.0.N65555, download.1.N65555, checkdownload.1.N65555, download.N65555, resource.N65555, setgroupdirs.N65564, genresdir.1.N65569, genresdir.2.N65569, checkdownload.0.N65569, download.1.N65569, checkdownload.1.N65569, download.N65569, resource.N65569, resources, build]
Complete build sequence is [setfilename.N65555, genresdir.1.N65555, genresdir.2.N65555, checkdownload.0.N65555, download.1.N65555, checkdownload.1.N65555, download.N65555, resource.N65555, setgroupdirs.N65564, genresdir.1.N65569, genresdir.2.N65569, checkdownload.0.N65569, download.1.N65569, checkdownload.1.N65569, download.N65569, resource.N65569, resources, build, ]

setfilename.N65555:

genresdir.1.N65555:
Skipped because property 'ivy.packager.resourceCache' set.

genresdir.2.N65555:
     [echo] using resource cache: /Volumes/MacintoshHDD/mccurdyc/computer_science/cs441s2016/cs441s2016-fp-team1/tools/ant-ivy/build/test/PackagerResolverTest/resources

checkdownload.0.N65555:
    [mkdir] Skipping /Volumes/MacintoshHDD/mccurdyc/computer_science/cs441s2016/cs441s2016-fp-team1/tools/ant-ivy/build/test/PackagerResolverTest/resources because it already exists.
[available] Unable to find /Volumes/MacintoshHDD/mccurdyc/computer_science/cs441s2016/cs441s2016-fp-team1/tools/ant-ivy/build/test/PackagerResolverTest/resources/mod-1.0.tar.gz

download.1.N65555:
      [get] Getting: file:/Volumes/MacintoshHDD/mccurdyc/computer_science/cs441s2016/cs441s2016-fp-team1/tools/ant-ivy/test/repositories/packager/website//dist/mod-1.0.tar.gz
      [get] To: /Volumes/MacintoshHDD/mccurdyc/computer_science/cs441s2016/cs441s2016-fp-team1/tools/ant-ivy/build/test/PackagerResolverTest/resources/mod-1.0.tar.gz
.

checkdownload.1.N65555:
[available] Found: /Volumes/MacintoshHDD/mccurdyc/computer_science/cs441s2016/cs441s2016-fp-team1/tools/ant-ivy/build/test/PackagerResolverTest/resources/mod-1.0.tar.gz

download.N65555:
Skipped because property 'alreadydownloaded.N65555' set.

resource.N65555:
    [mkdir] Created dir: /Volumes/MacintoshHDD/mccurdyc/computer_science/cs441s2016/cs441s2016-fp-team1/tools/ant-ivy/build/test/PackagerResolverTest/build/org/mod/1.0/extract
    [untar] Expanding: /Volumes/MacintoshHDD/mccurdyc/computer_science/cs441s2016/cs441s2016-fp-team1/tools/ant-ivy/build/test/PackagerResolverTest/resources/mod-1.0.tar.gz into /Volumes/MacintoshHDD/mccurdyc/computer_science/cs441s2016/cs441s2016-fp-team1/tools/ant-ivy/build/test/PackagerResolverTest/build/org/mod/1.0/extract
    [untar] skipping mod-1.0/ as it is excluded or not included.
    [untar] expanding mod-1.0/mod.jar to /Volumes/MacintoshHDD/mccurdyc/computer_science/cs441s2016/cs441s2016-fp-team1/tools/ant-ivy/build/test/PackagerResolverTest/build/org/mod/1.0/extract/mod-1.0/mod.jar
    [untar] expand complete

setgroupdirs.N65564:
[pathconvert] Set property groupdirs.N65564 = org/apache/ivy

genresdir.1.N65569:
Skipped because property 'ivy.packager.resourceCache' set.

genresdir.2.N65569:
     [echo] using resource cache: /Volumes/MacintoshHDD/mccurdyc/computer_science/cs441s2016/cs441s2016-fp-team1/tools/ant-ivy/build/test/PackagerResolverTest/resources

checkdownload.0.N65569:
    [mkdir] Skipping /Volumes/MacintoshHDD/mccurdyc/computer_science/cs441s2016/cs441s2016-fp-team1/tools/ant-ivy/build/test/PackagerResolverTest/resources because it already exists.
[available] Unable to find /Volumes/MacintoshHDD/mccurdyc/computer_science/cs441s2016/cs441s2016-fp-team1/tools/ant-ivy/build/test/PackagerResolverTest/resources/foobar-1.0-janfu.jar

download.1.N65569:
      [get] Getting: file:/Volumes/MacintoshHDD/mccurdyc/computer_science/cs441s2016/cs441s2016-fp-team1/tools/ant-ivy/test/repositories/packager/website//m2repo/org/apache/ivy/foobar/1.0/foobar-1.0-janfu.jar
      [get] To: /Volumes/MacintoshHDD/mccurdyc/computer_science/cs441s2016/cs441s2016-fp-team1/tools/ant-ivy/build/test/PackagerResolverTest/resources/foobar-1.0-janfu.jar


checkdownload.1.N65569:
[available] Found: /Volumes/MacintoshHDD/mccurdyc/computer_science/cs441s2016/cs441s2016-fp-team1/tools/ant-ivy/build/test/PackagerResolverTest/resources/foobar-1.0-janfu.jar

download.N65569:
Skipped because property 'alreadydownloaded.N65569' set.

resource.N65569:
     [copy] Copying 1 file to /Volumes/MacintoshHDD/mccurdyc/computer_science/cs441s2016/cs441s2016-fp-team1/tools/ant-ivy/build/test/PackagerResolverTest/build/org/mod/1.0/artifacts/jars
     [copy] Copying /Volumes/MacintoshHDD/mccurdyc/computer_science/cs441s2016/cs441s2016-fp-team1/tools/ant-ivy/build/test/PackagerResolverTest/resources/foobar-1.0-janfu.jar to /Volumes/MacintoshHDD/mccurdyc/computer_science/cs441s2016/cs441s2016-fp-team1/tools/ant-ivy/build/test/PackagerResolverTest/build/org/mod/1.0/artifacts/jars/foobar-janfu.jar

resources:

build:
    [mkdir] Skipping /Volumes/MacintoshHDD/mccurdyc/computer_science/cs441s2016/cs441s2016-fp-team1/tools/ant-ivy/build/test/PackagerResolverTest/build/org/mod/1.0/artifacts/jars because it already exists.
    [mkdir] Created dir: /Volumes/MacintoshHDD/mccurdyc/computer_science/cs441s2016/cs441s2016-fp-team1/tools/ant-ivy/build/test/PackagerResolverTest/build/org/mod/1.0/artifacts/sources
    [mkdir] Created dir: /Volumes/MacintoshHDD/mccurdyc/computer_science/cs441s2016/cs441s2016-fp-team1/tools/ant-ivy/build/test/PackagerResolverTest/build/org/mod/1.0/artifacts/javadocs
     [move] Moving 1 file to /Volumes/MacintoshHDD/mccurdyc/computer_science/cs441s2016/cs441s2016-fp-team1/tools/ant-ivy/build/test/PackagerResolverTest/build/org/mod/1.0/artifacts/jars
     [move] Attempting to rename: /Volumes/MacintoshHDD/mccurdyc/computer_science/cs441s2016/cs441s2016-fp-team1/tools/ant-ivy/build/test/PackagerResolverTest/build/org/mod/1.0/extract/mod-1.0/mod.jar to /Volumes/MacintoshHDD/mccurdyc/computer_science/cs441s2016/cs441s2016-fp-team1/tools/ant-ivy/build/test/PackagerResolverTest/build/org/mod/1.0/artifacts/jars/mod.jar
      [ant] Exiting /Volumes/MacintoshHDD/mccurdyc/computer_science/cs441s2016/cs441s2016-fp-team1/tools/ant-ivy/build/test/PackagerResolverTest/build/org/mod/1.0/packager-output.xml.
downloading file:/Volumes/MacintoshHDD/mccurdyc/computer_science/cs441s2016/cs441s2016-fp-team1/tools/ant-ivy/build/test/PackagerResolverTest/build/org/mod/1.0/artifacts/jars/mod.jar ...
	packager: downloading file:/Volumes/MacintoshHDD/mccurdyc/computer_science/cs441s2016/cs441s2016-fp-team1/tools/ant-ivy/build/test/PackagerResolverTest/build/org/mod/1.0/artifacts/jars/mod.jar
		to /Volumes/MacintoshHDD/mccurdyc/computer_science/cs441s2016/cs441s2016-fp-team1/tools/ant-ivy/build/cache/org/mod/jars/mod-1.0.jar.part
setting 'ivy.default.settings.dir' to 'file:/Volumes/MacintoshHDD/mccurdyc/computer_science/cs441s2016/cs441s2016-fp-team1/tools/ant-ivy/build/classes/core/org/apache/ivy/core/settings'
setting 'ivy.basedir' to '/Volumes/MacintoshHDD/mccurdyc/computer_science/cs441s2016/cs441s2016-fp-team1/tools/ant-ivy/.'
setting 'ivy.default.conf.dir' to 'file:/Volumes/MacintoshHDD/mccurdyc/computer_science/cs441s2016/cs441s2016-fp-team1/tools/ant-ivy/build/classes/core/org/apache/ivy/core/settings'
setting 'java.runtime.name' to 'Java(TM) SE Runtime Environment'
setting 'sun.boot.library.path' to '/Library/Java/JavaVirtualMachines/jdk1.8.0_66.jdk/Contents/Home/jre/lib'
setting 'java.vm.version' to '25.66-b17'
setting 'gopherProxySet' to 'false'
setting 'java.vm.vendor' to 'Oracle Corporation'
setting 'java.vendor.url' to 'http://java.oracle.com/'
setting 'emma.coverage.out.merge' to 'true'
setting 'path.separator' to ':'
setting 'java.vm.name' to 'Java HotSpot(TM) 64-Bit Server VM'
setting 'file.encoding.pkg' to 'sun.io'
setting 'user.country' to 'US'
setting 'sun.java.launcher' to 'SUN_STANDARD'
setting 'sun.os.patch.level' to 'unknown'
setting 'java.vm.specification.name' to 'Java Virtual Machine Specification'
setting 'user.dir' to '/Volumes/MacintoshHDD/mccurdyc/computer_science/cs441s2016/cs441s2016-fp-team1/tools/ant-ivy'
setting 'java.runtime.version' to '1.8.0_66-b17'
setting 'java.awt.graphicsenv' to 'sun.awt.CGraphicsEnvironment'
setting 'java.endorsed.dirs' to '/Library/Java/JavaVirtualMachines/jdk1.8.0_66.jdk/Contents/Home/jre/lib/endorsed'
setting 'os.arch' to 'x86_64'
setting 'java.io.tmpdir' to '/var/folders/63/3rz5g1g93kl56014nnctmg6w0000gn/T/'
setting 'line.separator' to '
'
setting 'java.vm.specification.vendor' to 'Oracle Corporation'
setting 'os.name' to 'Mac OS X'
setting 'sun.jnu.encoding' to 'UTF-8'
setting 'java.library.path' to '/Users/ColtonMcCurdy/Library/Java/Extensions:/Library/Java/Extensions:/Network/Library/Java/Extensions:/System/Library/Java/Extensions:/usr/lib/java:.'
setting 'emma.coverage.out.file' to '${coverage.dir}/coverage.emma'
setting 'java.specification.name' to 'Java Platform API Specification'
setting 'java.class.version' to '52.0'
setting 'sun.management.compiler' to 'HotSpot 64-Bit Tiered Compilers'
setting 'os.version' to '10.11.4'
setting 'user.home' to '/Users/ColtonMcCurdy'
setting 'user.timezone' to 'America/New_York'
setting 'java.awt.printerjob' to 'sun.lwawt.macosx.CPrinterJob'
setting 'file.encoding' to 'UTF-8'
setting 'java.specification.version' to '1.8'
setting 'java.class.path' to '/Volumes/MacintoshHDD/mccurdyc/computer_science/cs441s2016/cs441s2016-fp-team1/tools/ant-ivy/lib/ant-contrib.jar:/Volumes/MacintoshHDD/mccurdyc/computer_science/cs441s2016/cs441s2016-fp-team1/tools/ant-ivy/lib/ant-testutil.jar:/Volumes/MacintoshHDD/mccurdyc/computer_science/cs441s2016/cs441s2016-fp-team1/tools/ant-ivy/lib/bcpg-jdk15on.jar:/Volumes/MacintoshHDD/mccurdyc/computer_science/cs441s2016/cs441s2016-fp-team1/tools/ant-ivy/lib/bcprov-jdk15on.jar:/Volumes/MacintoshHDD/mccurdyc/computer_science/cs441s2016/cs441s2016-fp-team1/tools/ant-ivy/lib/commons-codec.jar:/Volumes/MacintoshHDD/mccurdyc/computer_science/cs441s2016/cs441s2016-fp-team1/tools/ant-ivy/lib/commons-httpclient.jar:/Volumes/MacintoshHDD/mccurdyc/computer_science/cs441s2016/cs441s2016-fp-team1/tools/ant-ivy/lib/commons-lang.jar:/Volumes/MacintoshHDD/mccurdyc/computer_science/cs441s2016/cs441s2016-fp-team1/tools/ant-ivy/lib/commons-logging.jar:/Volumes/MacintoshHDD/mccurdyc/computer_science/cs441s2016/cs441s2016-fp-team1/tools/ant-ivy/lib/commons-vfs.jar:/Volumes/MacintoshHDD/mccurdyc/computer_science/cs441s2016/cs441s2016-fp-team1/tools/ant-ivy/lib/jna.jar:/Volumes/MacintoshHDD/mccurdyc/computer_science/cs441s2016/cs441s2016-fp-team1/tools/ant-ivy/lib/jsch.agentproxy.connector-factory.jar:/Volumes/MacintoshHDD/mccurdyc/computer_science/cs441s2016/cs441s2016-fp-team1/tools/ant-ivy/lib/jsch.agentproxy.core.jar:/Volumes/MacintoshHDD/mccurdyc/computer_science/cs441s2016/cs441s2016-fp-team1/tools/ant-ivy/lib/jsch.agentproxy.jsch.jar:/Volumes/MacintoshHDD/mccurdyc/computer_science/cs441s2016/cs441s2016-fp-team1/tools/ant-ivy/lib/jsch.agentproxy.pageant.jar:/Volumes/MacintoshHDD/mccurdyc/computer_science/cs441s2016/cs441s2016-fp-team1/tools/ant-ivy/lib/jsch.agentproxy.sshagent.jar:/Volumes/MacintoshHDD/mccurdyc/computer_science/cs441s2016/cs441s2016-fp-team1/tools/ant-ivy/lib/jsch.agentproxy.usocket-jna.jar:/Volumes/MacintoshHDD/mccurdyc/computer_science/cs441s2016/cs441s2016-fp-team1/tools/ant-ivy/lib/jsch.agentproxy.usocket-nc.jar:/Volumes/MacintoshHDD/mccurdyc/computer_science/cs441s2016/cs441s2016-fp-team1/tools/ant-ivy/lib/jsch.jar:/Volumes/MacintoshHDD/mccurdyc/computer_science/cs441s2016/cs441s2016-fp-team1/tools/ant-ivy/lib/junit.jar:/Volumes/MacintoshHDD/mccurdyc/computer_science/cs441s2016/cs441s2016-fp-team1/tools/ant-ivy/lib/mod1.2-2.0.jar:/Volumes/MacintoshHDD/mccurdyc/computer_science/cs441s2016/cs441s2016-fp-team1/tools/ant-ivy/lib/oro.jar:/Volumes/MacintoshHDD/mccurdyc/computer_science/cs441s2016/cs441s2016-fp-team1/tools/ant-ivy/lib/platform.jar:/Volumes/MacintoshHDD/mccurdyc/computer_science/cs441s2016/cs441s2016-fp-team1/tools/ant-ivy/lib/xercesImpl.jar:/Volumes/MacintoshHDD/mccurdyc/computer_science/cs441s2016/cs441s2016-fp-team1/tools/ant-ivy/lib/xmlParserAPIs.jar:/Volumes/MacintoshHDD/mccurdyc/computer_science/cs441s2016/cs441s2016-fp-team1/tools/ant-ivy/lib/xmlunit.jar:/Volumes/MacintoshHDD/mccurdyc/computer_science/cs441s2016/cs441s2016-fp-team1/tools/ant-ivy/build/classes/core:/Volumes/MacintoshHDD/mccurdyc/computer_science/cs441s2016/cs441s2016-fp-team1/tools/ant-ivy/build/classes/ant:/Volumes/MacintoshHDD/mccurdyc/computer_science/cs441s2016/cs441s2016-fp-team1/tools/ant-ivy/build/classes/optional:/Volumes/MacintoshHDD/mccurdyc/computer_science/cs441s2016/cs441s2016-fp-team1/tools/ant-ivy/build/test:/usr/local/Cellar/ant/1.9.4/libexec/lib/ant-launcher.jar:/usr/local/Cellar/ant/1.9.4/libexec/lib/ant.jar:/usr/local/Cellar/ant/1.9.4/libexec/lib/ant-junit.jar:/usr/local/Cellar/ant/1.9.4/libexec/lib/ant-junit4.jar'
setting 'user.name' to 'ColtonMcCurdy'
setting 'java.vm.specification.version' to '1.8'
setting 'sun.java.command' to 'org.apache.tools.ant.taskdefs.optional.junit.JUnitTestRunner org.apache.ivy.plugins.resolver.PackagerResolverTest skipNonTests=false filtertrace=true haltOnError=false haltOnFailure=false formatter=org.apache.tools.ant.taskdefs.optional.junit.SummaryJUnitResultFormatter showoutput=false outputtoformatters=true logfailedtests=true threadid=0 logtestlistenerevents=false formatter=org.apache.tools.ant.taskdefs.optional.junit.XMLJUnitResultFormatter,/Volumes/MacintoshHDD/mccurdyc/computer_science/cs441s2016/cs441s2016-fp-team1/tools/ant-ivy/build/test-report/TEST-org.apache.ivy.plugins.resolver.PackagerResolverTest.xml crashfile=/Volumes/MacintoshHDD/mccurdyc/computer_science/cs441s2016/cs441s2016-fp-team1/tools/ant-ivy/junitvmwatcher1396038054526377272.properties propsfile=/Volumes/MacintoshHDD/mccurdyc/computer_science/cs441s2016/cs441s2016-fp-team1/tools/ant-ivy/junit1374989178428886242.properties'
setting 'java.home' to '/Library/Java/JavaVirtualMachines/jdk1.8.0_66.jdk/Contents/Home/jre'
setting 'sun.arch.data.model' to '64'
setting 'user.language' to 'tr'
setting 'java.specification.vendor' to 'Oracle Corporation'
setting 'awt.toolkit' to 'sun.lwawt.macosx.LWCToolkit'
setting 'java.vm.info' to 'mixed mode'
setting 'java.version' to '1.8.0_66'
setting 'java.ext.dirs' to '/Users/ColtonMcCurdy/Library/Java/Extensions:/Library/Java/JavaVirtualMachines/jdk1.8.0_66.jdk/Contents/Home/jre/lib/ext:/Library/Java/Extensions:/Network/Library/Java/Extensions:/System/Library/Java/Extensions:/usr/lib/java'
setting 'sun.boot.class.path' to '/Library/Java/JavaVirtualMachines/jdk1.8.0_66.jdk/Contents/Home/jre/lib/resources.jar:/Library/Java/JavaVirtualMachines/jdk1.8.0_66.jdk/Contents/Home/jre/lib/rt.jar:/Library/Java/JavaVirtualMachines/jdk1.8.0_66.jdk/Contents/Home/jre/lib/sunrsasign.jar:/Library/Java/JavaVirtualMachines/jdk1.8.0_66.jdk/Contents/Home/jre/lib/jsse.jar:/Library/Java/JavaVirtualMachines/jdk1.8.0_66.jdk/Contents/Home/jre/lib/jce.jar:/Library/Java/JavaVirtualMachines/jdk1.8.0_66.jdk/Contents/Home/jre/lib/charsets.jar:/Library/Java/JavaVirtualMachines/jdk1.8.0_66.jdk/Contents/Home/jre/lib/jfr.jar:/Library/Java/JavaVirtualMachines/jdk1.8.0_66.jdk/Contents/Home/jre/classes'
setting 'java.vendor' to 'Oracle Corporation'
setting 'file.separator' to '/'
setting 'java.vendor.url.bug' to 'http://bugreport.sun.com/bugreport/'
setting 'sun.io.unicode.encoding' to 'UnicodeBig'
setting 'sun.cpu.endian' to 'little'
setting 'user.region' to 'TR'
setting 'sun.cpu.isalist' to ''
:: loading settings :: url = file:/Volumes/MacintoshHDD/mccurdyc/computer_science/cs441s2016/cs441s2016-fp-team1/tools/ant-ivy/build/classes/core/org/apache/ivy/core/settings/ivysettings.xml
setting 'ivy.settings.url' to 'file:/Volumes/MacintoshHDD/mccurdyc/computer_science/cs441s2016/cs441s2016-fp-team1/tools/ant-ivy/build/classes/core/org/apache/ivy/core/settings/ivysettings.xml'
setting 'ivy.conf.url' to 'file:/Volumes/MacintoshHDD/mccurdyc/computer_science/cs441s2016/cs441s2016-fp-team1/tools/ant-ivy/build/classes/core/org/apache/ivy/core/settings/ivysettings.xml'
setting 'ivy.settings.dir' to 'file:/Volumes/MacintoshHDD/mccurdyc/computer_science/cs441s2016/cs441s2016-fp-team1/tools/ant-ivy/build/classes/core/org/apache/ivy/core/settings'
setting 'ivy.settings.dir.url' to 'file:/Volumes/MacintoshHDD/mccurdyc/computer_science/cs441s2016/cs441s2016-fp-team1/tools/ant-ivy/build/classes/core/org/apache/ivy/core/settings'
setting 'ivy.conf.dir' to 'file:/Volumes/MacintoshHDD/mccurdyc/computer_science/cs441s2016/cs441s2016-fp-team1/tools/ant-ivy/build/classes/core/org/apache/ivy/core/settings'
setting 'ivy.default.ivy.user.dir' to '/Users/ColtonMcCurdy/.ivy2'
setting 'ivy.home' to '/Users/ColtonMcCurdy/.ivy2'
no default ivy user dir defined: set to /Users/ColtonMcCurdy/.ivy2
setting 'ivy.log.modules.in.use' to 'false'
setting 'ivy.resolver.default.check.modified' to 'false'
setting 'ivy.default.always.check.exact.revision' to 'false'
setting 'ivy.retrieve.pattern' to '${ivy.lib.dir}/[artifact]-[revision](-[classifier]).[ext]'
setting 'ivy.configurations' to '*'
setting 'ivy.buildlist.ivyfilepath' to 'ivy.xml'
setting 'ivy.status' to 'integration'
setting 'ivy.resolve.default.type.filter' to '*'
setting 'ivy.project.dir' to '${basedir}'
setting 'ivy.dep.file' to 'ivy.xml'
setting 'ivy.settings.file' to 'ivysettings.xml'
setting 'ivy.report.output.pattern' to '[organisation]-[module]-[conf].[ext]'
setting 'ivy.cache.ttl.default' to '10s'
setting 'ivy.publish.src.artifacts.pattern' to '${ivy.distrib.dir}/[type]s/[artifact]-[revision](-[classifier]).[ext]'
setting 'ivy.deliver.ivy.pattern' to '${ivy.distrib.dir}/[type]s/[artifact]-[revision](-[classifier]).[ext]'
setting 'ivy.build.artifacts.dir' to '${ivy.project.dir}/build/artifacts'
setting 'ivy.checksums' to 'sha1,md5'
setting 'ivy.distrib.dir' to '${ivy.project.dir}/distrib'
setting 'ivy.lib.dir' to '${ivy.project.dir}/lib'
including url: file:/Volumes/MacintoshHDD/mccurdyc/computer_science/cs441s2016/cs441s2016-fp-team1/tools/ant-ivy/build/classes/core/org/apache/ivy/core/settings/ivysettings-public.xml
setting 'ivy.settings.dir.url' to 'file:/Volumes/MacintoshHDD/mccurdyc/computer_science/cs441s2016/cs441s2016-fp-team1/tools/ant-ivy/build/classes/core/org/apache/ivy/core/settings'
setting 'ivy.cache.dir' to '/Users/ColtonMcCurdy/.ivy2/cache'
no default cache defined: set to /Users/ColtonMcCurdy/.ivy2/cache
public: no namespace defined: using system
public: no latest strategy defined: using default
including url: file:/Volumes/MacintoshHDD/mccurdyc/computer_science/cs441s2016/cs441s2016-fp-team1/tools/ant-ivy/build/classes/core/org/apache/ivy/core/settings/ivysettings-shared.xml
setting 'ivy.settings.dir.url' to 'file:/Volumes/MacintoshHDD/mccurdyc/computer_science/cs441s2016/cs441s2016-fp-team1/tools/ant-ivy/build/classes/core/org/apache/ivy/core/settings'
setting 'ivy.shared.default.root' to '/Users/ColtonMcCurdy/.ivy2/shared'
setting 'ivy.shared.default.ivy.pattern' to '[organisation]/[module]/[revision]/[type]s/[artifact].[ext]'
setting 'ivy.shared.default.artifact.pattern' to '[organisation]/[module]/[revision]/[type]s/[artifact].[ext]'
shared: no namespace defined: using system
shared: no latest strategy defined: using default
public: no namespace defined: using system
public: no latest strategy defined: using default
including url: file:/Volumes/MacintoshHDD/mccurdyc/computer_science/cs441s2016/cs441s2016-fp-team1/tools/ant-ivy/build/classes/core/org/apache/ivy/core/settings/ivysettings-local.xml
setting 'ivy.settings.dir.url' to 'file:/Volumes/MacintoshHDD/mccurdyc/computer_science/cs441s2016/cs441s2016-fp-team1/tools/ant-ivy/build/classes/core/org/apache/ivy/core/settings'
setting 'ivy.local.default.root' to '/Users/ColtonMcCurdy/.ivy2/local'
setting 'ivy.local.default.ivy.pattern' to '[organisation]/[module]/[revision]/[type]s/[artifact].[ext]'
setting 'ivy.local.default.artifact.pattern' to '[organisation]/[module]/[revision]/[type]s/[artifact].[ext]'
shared: no namespace defined: using system
shared: no latest strategy defined: using default
public: no namespace defined: using system
public: no latest strategy defined: using default
local: no namespace defined: using system
local: no latest strategy defined: using default
including url: file:/Volumes/MacintoshHDD/mccurdyc/computer_science/cs441s2016/cs441s2016-fp-team1/tools/ant-ivy/build/classes/core/org/apache/ivy/core/settings/ivysettings-main-chain.xml
setting 'ivy.settings.dir.url' to 'file:/Volumes/MacintoshHDD/mccurdyc/computer_science/cs441s2016/cs441s2016-fp-team1/tools/ant-ivy/build/classes/core/org/apache/ivy/core/settings'
shared: no namespace defined: using system
shared: no latest strategy defined: using default
public: no namespace defined: using system
public: no latest strategy defined: using default
main: no namespace defined: using system
main: no latest strategy defined: using default
local: no namespace defined: using system
local: no latest strategy defined: using default
including url: file:/Volumes/MacintoshHDD/mccurdyc/computer_science/cs441s2016/cs441s2016-fp-team1/tools/ant-ivy/build/classes/core/org/apache/ivy/core/settings/ivysettings-default-chain.xml
setting 'ivy.settings.dir.url' to 'file:/Volumes/MacintoshHDD/mccurdyc/computer_science/cs441s2016/cs441s2016-fp-team1/tools/ant-ivy/build/classes/core/org/apache/ivy/core/settings'
shared: no namespace defined: using system
shared: no latest strategy defined: using default
default: no namespace defined: using system
default: no latest strategy defined: using default
public: no namespace defined: using system
public: no latest strategy defined: using default
main: no namespace defined: using system
main: no latest strategy defined: using default
local: no namespace defined: using system
local: no latest strategy defined: using default
shared: no namespace defined: using system
shared: no latest strategy defined: using default
default: no namespace defined: using system
default: no latest strategy defined: using default
public: no namespace defined: using system
public: no latest strategy defined: using default
main: no namespace defined: using system
main: no latest strategy defined: using default
local: no namespace defined: using system
local: no latest strategy defined: using default
'ivy.default.ivy.user.dir' already set: discarding '/Users/ColtonMcCurdy/.ivy2'
settings loaded (24ms)
	default cache: /Users/ColtonMcCurdy/.ivy2/cache
	default resolver: default
	default latest strategy: latest-revision
	default conflict manager: latest-revision
	circular dependency strategy: warn
	validate: true
	check up2date: true
	-- 5 resolvers:
	shared [file]
		cache: null
		m2compatible: false
		ivy patterns:
			/Users/ColtonMcCurdy/.ivy2/shared/[organisation]/[module]/[revision]/[type]s/[artifact].[ext]
		artifact patterns:
			/Users/ColtonMcCurdy/.ivy2/shared/[organisation]/[module]/[revision]/[type]s/[artifact].[ext]
		repository: shared
	default [chain] [local, main]
		return first: true
		dual: false
		-> local
		-> main
	public [ibiblio]
		cache: null
		m2compatible: true
		ivy patterns:
			https://repo1.maven.org/maven2/[organisation]/[module]/[revision]/[artifact]-[revision](-[classifier]).[ext]
		artifact patterns:
			https://repo1.maven.org/maven2/[organisation]/[module]/[revision]/[artifact]-[revision](-[classifier]).[ext]
		repository: public
		root: https://repo1.maven.org/maven2/
		pattern: [organisation]/[module]/[revision]/[artifact]-[revision](-[classifier]).[ext]
		usepoms: true
		useMavenMetadata: true
	main [chain] [shared, public]
		return first: false
		dual: true
		-> shared
		-> public
	local [file]
		cache: null
		m2compatible: false
		ivy patterns:
			/Users/ColtonMcCurdy/.ivy2/local/[organisation]/[module]/[revision]/[type]s/[artifact].[ext]
		artifact patterns:
			/Users/ColtonMcCurdy/.ivy2/local/[organisation]/[module]/[revision]/[type]s/[artifact].[ext]
		repository: local
	module settings:
		NONE
	[SUCCESSFUL ] org#mod;1.0!mod.jar (828ms)
downloaddetails: 
	[NOT REQUIRED] org#mod;1.0!mod.jar
downloading file:/Volumes/MacintoshHDD/mccurdyc/computer_science/cs441s2016/cs441s2016-fp-team1/tools/ant-ivy/build/test/PackagerResolverTest/build/org/mod/1.0/artifacts/jars/foobar-janfu.jar ...
	packager: downloading file:/Volumes/MacintoshHDD/mccurdyc/computer_science/cs441s2016/cs441s2016-fp-team1/tools/ant-ivy/build/test/PackagerResolverTest/build/org/mod/1.0/artifacts/jars/foobar-janfu.jar
		to /Volumes/MacintoshHDD/mccurdyc/computer_science/cs441s2016/cs441s2016-fp-team1/tools/ant-ivy/build/cache/org/mod/jars/foobar-janfu-1.0.jar.part
	[SUCCESSFUL ] org#mod;1.0!foobar-janfu.jar (2ms)
setting 'ivy.default.settings.dir' to 'file:/Volumes/MacintoshHDD/mccurdyc/computer_science/cs441s2016/cs441s2016-fp-team1/tools/ant-ivy/build/classes/core/org/apache/ivy/core/settings'
setting 'ivy.basedir' to '/Volumes/MacintoshHDD/mccurdyc/computer_science/cs441s2016/cs441s2016-fp-team1/tools/ant-ivy/.'
setting 'ivy.default.conf.dir' to 'file:/Volumes/MacintoshHDD/mccurdyc/computer_science/cs441s2016/cs441s2016-fp-team1/tools/ant-ivy/build/classes/core/org/apache/ivy/core/settings'
setting 'java.runtime.name' to 'Java(TM) SE Runtime Environment'
setting 'sun.boot.library.path' to '/Library/Java/JavaVirtualMachines/jdk1.8.0_66.jdk/Contents/Home/jre/lib'
setting 'java.vm.version' to '25.66-b17'
setting 'gopherProxySet' to 'false'
setting 'java.vm.vendor' to 'Oracle Corporation'
setting 'java.vendor.url' to 'http://java.oracle.com/'
setting 'emma.coverage.out.merge' to 'true'
setting 'path.separator' to ':'
setting 'java.vm.name' to 'Java HotSpot(TM) 64-Bit Server VM'
setting 'file.encoding.pkg' to 'sun.io'
setting 'user.country' to 'US'
setting 'sun.java.launcher' to 'SUN_STANDARD'
setting 'sun.os.patch.level' to 'unknown'
setting 'java.vm.specification.name' to 'Java Virtual Machine Specification'
setting 'user.dir' to '/Volumes/MacintoshHDD/mccurdyc/computer_science/cs441s2016/cs441s2016-fp-team1/tools/ant-ivy'
setting 'java.runtime.version' to '1.8.0_66-b17'
setting 'java.awt.graphicsenv' to 'sun.awt.CGraphicsEnvironment'
setting 'java.endorsed.dirs' to '/Library/Java/JavaVirtualMachines/jdk1.8.0_66.jdk/Contents/Home/jre/lib/endorsed'
setting 'os.arch' to 'x86_64'
setting 'java.io.tmpdir' to '/var/folders/63/3rz5g1g93kl56014nnctmg6w0000gn/T/'
setting 'line.separator' to '
'
setting 'java.vm.specification.vendor' to 'Oracle Corporation'
setting 'os.name' to 'Mac OS X'
setting 'sun.jnu.encoding' to 'UTF-8'
setting 'java.library.path' to '/Users/ColtonMcCurdy/Library/Java/Extensions:/Library/Java/Extensions:/Network/Library/Java/Extensions:/System/Library/Java/Extensions:/usr/lib/java:.'
setting 'emma.coverage.out.file' to '${coverage.dir}/coverage.emma'
setting 'java.specification.name' to 'Java Platform API Specification'
setting 'java.class.version' to '52.0'
setting 'sun.management.compiler' to 'HotSpot 64-Bit Tiered Compilers'
setting 'os.version' to '10.11.4'
setting 'user.home' to '/Users/ColtonMcCurdy'
setting 'user.timezone' to 'America/New_York'
setting 'java.awt.printerjob' to 'sun.lwawt.macosx.CPrinterJob'
setting 'file.encoding' to 'UTF-8'
setting 'java.specification.version' to '1.8'
setting 'java.class.path' to '/Volumes/MacintoshHDD/mccurdyc/computer_science/cs441s2016/cs441s2016-fp-team1/tools/ant-ivy/lib/ant-contrib.jar:/Volumes/MacintoshHDD/mccurdyc/computer_science/cs441s2016/cs441s2016-fp-team1/tools/ant-ivy/lib/ant-testutil.jar:/Volumes/MacintoshHDD/mccurdyc/computer_science/cs441s2016/cs441s2016-fp-team1/tools/ant-ivy/lib/bcpg-jdk15on.jar:/Volumes/MacintoshHDD/mccurdyc/computer_science/cs441s2016/cs441s2016-fp-team1/tools/ant-ivy/lib/bcprov-jdk15on.jar:/Volumes/MacintoshHDD/mccurdyc/computer_science/cs441s2016/cs441s2016-fp-team1/tools/ant-ivy/lib/commons-codec.jar:/Volumes/MacintoshHDD/mccurdyc/computer_science/cs441s2016/cs441s2016-fp-team1/tools/ant-ivy/lib/commons-httpclient.jar:/Volumes/MacintoshHDD/mccurdyc/computer_science/cs441s2016/cs441s2016-fp-team1/tools/ant-ivy/lib/commons-lang.jar:/Volumes/MacintoshHDD/mccurdyc/computer_science/cs441s2016/cs441s2016-fp-team1/tools/ant-ivy/lib/commons-logging.jar:/Volumes/MacintoshHDD/mccurdyc/computer_science/cs441s2016/cs441s2016-fp-team1/tools/ant-ivy/lib/commons-vfs.jar:/Volumes/MacintoshHDD/mccurdyc/computer_science/cs441s2016/cs441s2016-fp-team1/tools/ant-ivy/lib/jna.jar:/Volumes/MacintoshHDD/mccurdyc/computer_science/cs441s2016/cs441s2016-fp-team1/tools/ant-ivy/lib/jsch.agentproxy.connector-factory.jar:/Volumes/MacintoshHDD/mccurdyc/computer_science/cs441s2016/cs441s2016-fp-team1/tools/ant-ivy/lib/jsch.agentproxy.core.jar:/Volumes/MacintoshHDD/mccurdyc/computer_science/cs441s2016/cs441s2016-fp-team1/tools/ant-ivy/lib/jsch.agentproxy.jsch.jar:/Volumes/MacintoshHDD/mccurdyc/computer_science/cs441s2016/cs441s2016-fp-team1/tools/ant-ivy/lib/jsch.agentproxy.pageant.jar:/Volumes/MacintoshHDD/mccurdyc/computer_science/cs441s2016/cs441s2016-fp-team1/tools/ant-ivy/lib/jsch.agentproxy.sshagent.jar:/Volumes/MacintoshHDD/mccurdyc/computer_science/cs441s2016/cs441s2016-fp-team1/tools/ant-ivy/lib/jsch.agentproxy.usocket-jna.jar:/Volumes/MacintoshHDD/mccurdyc/computer_science/cs441s2016/cs441s2016-fp-team1/tools/ant-ivy/lib/jsch.agentproxy.usocket-nc.jar:/Volumes/MacintoshHDD/mccurdyc/computer_science/cs441s2016/cs441s2016-fp-team1/tools/ant-ivy/lib/jsch.jar:/Volumes/MacintoshHDD/mccurdyc/computer_science/cs441s2016/cs441s2016-fp-team1/tools/ant-ivy/lib/junit.jar:/Volumes/MacintoshHDD/mccurdyc/computer_science/cs441s2016/cs441s2016-fp-team1/tools/ant-ivy/lib/mod1.2-2.0.jar:/Volumes/MacintoshHDD/mccurdyc/computer_science/cs441s2016/cs441s2016-fp-team1/tools/ant-ivy/lib/oro.jar:/Volumes/MacintoshHDD/mccurdyc/computer_science/cs441s2016/cs441s2016-fp-team1/tools/ant-ivy/lib/platform.jar:/Volumes/MacintoshHDD/mccurdyc/computer_science/cs441s2016/cs441s2016-fp-team1/tools/ant-ivy/lib/xercesImpl.jar:/Volumes/MacintoshHDD/mccurdyc/computer_science/cs441s2016/cs441s2016-fp-team1/tools/ant-ivy/lib/xmlParserAPIs.jar:/Volumes/MacintoshHDD/mccurdyc/computer_science/cs441s2016/cs441s2016-fp-team1/tools/ant-ivy/lib/xmlunit.jar:/Volumes/MacintoshHDD/mccurdyc/computer_science/cs441s2016/cs441s2016-fp-team1/tools/ant-ivy/build/classes/core:/Volumes/MacintoshHDD/mccurdyc/computer_science/cs441s2016/cs441s2016-fp-team1/tools/ant-ivy/build/classes/ant:/Volumes/MacintoshHDD/mccurdyc/computer_science/cs441s2016/cs441s2016-fp-team1/tools/ant-ivy/build/classes/optional:/Volumes/MacintoshHDD/mccurdyc/computer_science/cs441s2016/cs441s2016-fp-team1/tools/ant-ivy/build/test:/usr/local/Cellar/ant/1.9.4/libexec/lib/ant-launcher.jar:/usr/local/Cellar/ant/1.9.4/libexec/lib/ant.jar:/usr/local/Cellar/ant/1.9.4/libexec/lib/ant-junit.jar:/usr/local/Cellar/ant/1.9.4/libexec/lib/ant-junit4.jar'
setting 'user.name' to 'ColtonMcCurdy'
setting 'java.vm.specification.version' to '1.8'
setting 'sun.java.command' to 'org.apache.tools.ant.taskdefs.optional.junit.JUnitTestRunner org.apache.ivy.plugins.resolver.PackagerResolverTest skipNonTests=false filtertrace=true haltOnError=false haltOnFailure=false formatter=org.apache.tools.ant.taskdefs.optional.junit.SummaryJUnitResultFormatter showoutput=false outputtoformatters=true logfailedtests=true threadid=0 logtestlistenerevents=false formatter=org.apache.tools.ant.taskdefs.optional.junit.XMLJUnitResultFormatter,/Volumes/MacintoshHDD/mccurdyc/computer_science/cs441s2016/cs441s2016-fp-team1/tools/ant-ivy/build/test-report/TEST-org.apache.ivy.plugins.resolver.PackagerResolverTest.xml crashfile=/Volumes/MacintoshHDD/mccurdyc/computer_science/cs441s2016/cs441s2016-fp-team1/tools/ant-ivy/junitvmwatcher1396038054526377272.properties propsfile=/Volumes/MacintoshHDD/mccurdyc/computer_science/cs441s2016/cs441s2016-fp-team1/tools/ant-ivy/junit1374989178428886242.properties'
setting 'java.home' to '/Library/Java/JavaVirtualMachines/jdk1.8.0_66.jdk/Contents/Home/jre'
setting 'sun.arch.data.model' to '64'
setting 'user.language' to 'tr'
setting 'java.specification.vendor' to 'Oracle Corporation'
setting 'awt.toolkit' to 'sun.lwawt.macosx.LWCToolkit'
setting 'java.vm.info' to 'mixed mode'
setting 'java.version' to '1.8.0_66'
setting 'java.ext.dirs' to '/Users/ColtonMcCurdy/Library/Java/Extensions:/Library/Java/JavaVirtualMachines/jdk1.8.0_66.jdk/Contents/Home/jre/lib/ext:/Library/Java/Extensions:/Network/Library/Java/Extensions:/System/Library/Java/Extensions:/usr/lib/java'
setting 'sun.boot.class.path' to '/Library/Java/JavaVirtualMachines/jdk1.8.0_66.jdk/Contents/Home/jre/lib/resources.jar:/Library/Java/JavaVirtualMachines/jdk1.8.0_66.jdk/Contents/Home/jre/lib/rt.jar:/Library/Java/JavaVirtualMachines/jdk1.8.0_66.jdk/Contents/Home/jre/lib/sunrsasign.jar:/Library/Java/JavaVirtualMachines/jdk1.8.0_66.jdk/Contents/Home/jre/lib/jsse.jar:/Library/Java/JavaVirtualMachines/jdk1.8.0_66.jdk/Contents/Home/jre/lib/jce.jar:/Library/Java/JavaVirtualMachines/jdk1.8.0_66.jdk/Contents/Home/jre/lib/charsets.jar:/Library/Java/JavaVirtualMachines/jdk1.8.0_66.jdk/Contents/Home/jre/lib/jfr.jar:/Library/Java/JavaVirtualMachines/jdk1.8.0_66.jdk/Contents/Home/jre/classes'
setting 'java.vendor' to 'Oracle Corporation'
setting 'file.separator' to '/'
setting 'java.vendor.url.bug' to 'http://bugreport.sun.com/bugreport/'
setting 'sun.io.unicode.encoding' to 'UnicodeBig'
setting 'sun.cpu.endian' to 'little'
setting 'user.region' to 'TR'
setting 'sun.cpu.isalist' to ''
setting 'ivy.cache.dir' to '/Volumes/MacintoshHDD/mccurdyc/computer_science/cs441s2016/cs441s2016-fp-team1/tools/ant-ivy/build/cache'
packager: no namespace defined: using system
	no ivy file in cache for org#A;1.0: tried build/cache/org/A/ivy-1.0.xml
	 trying file:/Volumes/MacintoshHDD/mccurdyc/computer_science/cs441s2016/cs441s2016-fp-team1/tools/ant-ivy/test/repositories/IVY-1179/repo/org/A/1.0/ivy.xml
		tried file:/Volumes/MacintoshHDD/mccurdyc/computer_science/cs441s2016/cs441s2016-fp-team1/tools/ant-ivy/test/repositories/IVY-1179/repo/org/A/1.0/ivy.xml
	packager: found md file for org#A;1.0
		=> file:/Volumes/MacintoshHDD/mccurdyc/computer_science/cs441s2016/cs441s2016-fp-team1/tools/ant-ivy/test/repositories/IVY-1179/repo/org/A/1.0/ivy.xml (1.0)
	parser = ivy parser
	no ivy file in cache for org#A;1.0: tried build/cache/org/A/ivy-1.0.xml
downloading file:/Volumes/MacintoshHDD/mccurdyc/computer_science/cs441s2016/cs441s2016-fp-team1/tools/ant-ivy/test/repositories/IVY-1179/repo/org/A/1.0/ivy.xml ...
	packager: downloading file:/Volumes/MacintoshHDD/mccurdyc/computer_science/cs441s2016/cs441s2016-fp-team1/tools/ant-ivy/test/repositories/IVY-1179/repo/org/A/1.0/ivy.xml
		to /Volumes/MacintoshHDD/mccurdyc/computer_science/cs441s2016/cs441s2016-fp-team1/tools/ant-ivy/build/cache/org/A/ivy-1.0.xml.original.part
	[SUCCESSFUL ] org#A;1.0!ivy.xml(ivy.original) (20ms)
post 1.3 ivy file: using exact as default matcher
	default-cache: parsed downloaded md file for org#A;1.0; parsed=org#A;1.0
	checking org#A;1.0 from packager against [none]
	module revision kept as first found: org#A;1.0 from packager
	 trying file:/Volumes/MacintoshHDD/mccurdyc/computer_science/cs441s2016/cs441s2016-fp-team1/tools/ant-ivy/test/repositories/IVY-1179/repo/org/A/1.0/packager.xml
		tried file:/Volumes/MacintoshHDD/mccurdyc/computer_science/cs441s2016/cs441s2016-fp-team1/tools/ant-ivy/test/repositories/IVY-1179/repo/org/A/1.0/packager.xml
performing packager resolver build in build/test/PackagerResolverTest/build/org/A/1.0
Build sequence for target(s) `build' is [validate, setResourceURL1, setResourceURL2, style, build]
Complete build sequence is [validate, setResourceURL1, setResourceURL2, style, build, ]

validate:
parsing buildfile jar:file:/usr/local/Cellar/ant/1.9.4/libexec/lib/ant.jar!/org/apache/tools/ant/antlib.xml with URI = jar:file:/usr/local/Cellar/ant/1.9.4/libexec/lib/ant.jar!/org/apache/tools/ant/antlib.xml from a zip file
[xmlvalidate] Using SAX2 reader org.apache.xerces.parsers.SAXParser
[xmlvalidate] Validating packager.xml... 
Ignoring Exception java.util.zip.ZipException: zip file is empty reading resource org/apache/tools/ant/types/resolver/ApacheCatalogResolver.class from /Volumes/MacintoshHDD/mccurdyc/computer_science/cs441s2016/cs441s2016-fp-team1/tools/ant-ivy/lib/mod1.2-2.0.jar
Apache resolver library not found, internal resolver will be used
[xmlvalidate] 1 file(s) have been successfully validated.

setResourceURL1:
Skipped because property 'ivy.packager.resourceURL' not set.

setResourceURL2:

style:
     [xslt] Using class org.apache.tools.ant.taskdefs.optional.TraXLiaison
     [xslt] Processing /Volumes/MacintoshHDD/mccurdyc/computer_science/cs441s2016/cs441s2016-fp-team1/tools/ant-ivy/build/test/PackagerResolverTest/build/org/A/1.0/packager.xml to /Volumes/MacintoshHDD/mccurdyc/computer_science/cs441s2016/cs441s2016-fp-team1/tools/ant-ivy/build/test/PackagerResolverTest/build/org/A/1.0/packager-output.xml
     [xslt] Loading stylesheet /Volumes/MacintoshHDD/mccurdyc/computer_science/cs441s2016/cs441s2016-fp-team1/tools/ant-ivy/build/test/PackagerResolverTest/build/org/A/1.0/packager.xsl

build:
Project base dir set to: /Volumes/MacintoshHDD/mccurdyc/computer_science/cs441s2016/cs441s2016-fp-team1/tools/ant-ivy/build/test/PackagerResolverTest/build/org/A/1.0
      [ant] calling target(s) [default] in build file /Volumes/MacintoshHDD/mccurdyc/computer_science/cs441s2016/cs441s2016-fp-team1/tools/ant-ivy/build/test/PackagerResolverTest/build/org/A/1.0/packager-output.xml
parsing buildfile /Volumes/MacintoshHDD/mccurdyc/computer_science/cs441s2016/cs441s2016-fp-team1/tools/ant-ivy/build/test/PackagerResolverTest/build/org/A/1.0/packager-output.xml with URI = file:/Volumes/MacintoshHDD/mccurdyc/computer_science/cs441s2016/cs441s2016-fp-team1/tools/ant-ivy/build/test/PackagerResolverTest/build/org/A/1.0/packager-output.xml
Project base dir set to: /Volumes/MacintoshHDD/mccurdyc/computer_science/cs441s2016/cs441s2016-fp-team1/tools/ant-ivy/build/test/PackagerResolverTest/build/org/A/1.0
      [ant] Entering /Volumes/MacintoshHDD/mccurdyc/computer_science/cs441s2016/cs441s2016-fp-team1/tools/ant-ivy/build/test/PackagerResolverTest/build/org/A/1.0/packager-output.xml...
Build sequence for target(s) `build' is [setfilename.N65554, genresdir.1.N65554, genresdir.2.N65554, checkdownload.0.N65554, download.1.N65554, checkdownload.1.N65554, download.N65554, resource.N65554, resources, build]
Complete build sequence is [setfilename.N65554, genresdir.1.N65554, genresdir.2.N65554, checkdownload.0.N65554, download.1.N65554, checkdownload.1.N65554, download.N65554, resource.N65554, resources, build, ]

setfilename.N65554:

genresdir.1.N65554:
Skipped because property 'ivy.packager.resourceCache' set.

genresdir.2.N65554:
     [echo] using resource cache: /Volumes/MacintoshHDD/mccurdyc/computer_science/cs441s2016/cs441s2016-fp-team1/tools/ant-ivy/build/test/PackagerResolverTest/resources

checkdownload.0.N65554:
    [mkdir] Skipping /Volumes/MacintoshHDD/mccurdyc/computer_science/cs441s2016/cs441s2016-fp-team1/tools/ant-ivy/build/test/PackagerResolverTest/resources because it already exists.
[available] Unable to find /Volumes/MacintoshHDD/mccurdyc/computer_science/cs441s2016/cs441s2016-fp-team1/tools/ant-ivy/build/test/PackagerResolverTest/resources/A-1.0.zip

download.1.N65554:
      [get] Getting: file:/Volumes/MacintoshHDD/mccurdyc/computer_science/cs441s2016/cs441s2016-fp-team1/tools/ant-ivy/test/repositories/IVY-1179/website//dist/A-1.0.zip
      [get] To: /Volumes/MacintoshHDD/mccurdyc/computer_science/cs441s2016/cs441s2016-fp-team1/tools/ant-ivy/build/test/PackagerResolverTest/resources/A-1.0.zip
.

checkdownload.1.N65554:
[available] Found: /Volumes/MacintoshHDD/mccurdyc/computer_science/cs441s2016/cs441s2016-fp-team1/tools/ant-ivy/build/test/PackagerResolverTest/resources/A-1.0.zip

download.N65554:
Skipped because property 'alreadydownloaded.N65554' set.

resource.N65554:
    [mkdir] Created dir: /Volumes/MacintoshHDD/mccurdyc/computer_science/cs441s2016/cs441s2016-fp-team1/tools/ant-ivy/build/test/PackagerResolverTest/build/org/A/1.0/extract
    [unzip] Expanding: /Volumes/MacintoshHDD/mccurdyc/computer_science/cs441s2016/cs441s2016-fp-team1/tools/ant-ivy/build/test/PackagerResolverTest/resources/A-1.0.zip into /Volumes/MacintoshHDD/mccurdyc/computer_science/cs441s2016/cs441s2016-fp-team1/tools/ant-ivy/build/test/PackagerResolverTest/build/org/A/1.0/extract
    [unzip] skipping A-1.0/ as it is excluded or not included.
    [unzip] expanding A-1.0/A.jar to /Volumes/MacintoshHDD/mccurdyc/computer_science/cs441s2016/cs441s2016-fp-team1/tools/ant-ivy/build/test/PackagerResolverTest/build/org/A/1.0/extract/A-1.0/A.jar
    [unzip] skipping A-1.0/README as it is excluded or not included.
    [unzip] expand complete

resources:

build:
    [mkdir] Created dir: /Volumes/MacintoshHDD/mccurdyc/computer_science/cs441s2016/cs441s2016-fp-team1/tools/ant-ivy/build/test/PackagerResolverTest/build/org/A/1.0/artifacts/jars
    [mkdir] Created dir: /Volumes/MacintoshHDD/mccurdyc/computer_science/cs441s2016/cs441s2016-fp-team1/tools/ant-ivy/build/test/PackagerResolverTest/build/org/A/1.0/artifacts/sources
    [mkdir] Created dir: /Volumes/MacintoshHDD/mccurdyc/computer_science/cs441s2016/cs441s2016-fp-team1/tools/ant-ivy/build/test/PackagerResolverTest/build/org/A/1.0/artifacts/javadocs
     [move] Moving 1 file to /Volumes/MacintoshHDD/mccurdyc/computer_science/cs441s2016/cs441s2016-fp-team1/tools/ant-ivy/build/test/PackagerResolverTest/build/org/A/1.0/artifacts/jars
     [move] Attempting to rename: /Volumes/MacintoshHDD/mccurdyc/computer_science/cs441s2016/cs441s2016-fp-team1/tools/ant-ivy/build/test/PackagerResolverTest/build/org/A/1.0/extract/A-1.0/A.jar to /Volumes/MacintoshHDD/mccurdyc/computer_science/cs441s2016/cs441s2016-fp-team1/tools/ant-ivy/build/test/PackagerResolverTest/build/org/A/1.0/artifacts/jars/A.jar
      [ant] Exiting /Volumes/MacintoshHDD/mccurdyc/computer_science/cs441s2016/cs441s2016-fp-team1/tools/ant-ivy/build/test/PackagerResolverTest/build/org/A/1.0/packager-output.xml.
downloading file:/Volumes/MacintoshHDD/mccurdyc/computer_science/cs441s2016/cs441s2016-fp-team1/tools/ant-ivy/build/test/PackagerResolverTest/build/org/A/1.0/artifacts/jars/A.jar ...
	packager: downloading file:/Volumes/MacintoshHDD/mccurdyc/computer_science/cs441s2016/cs441s2016-fp-team1/tools/ant-ivy/build/test/PackagerResolverTest/build/org/A/1.0/artifacts/jars/A.jar
		to /Volumes/MacintoshHDD/mccurdyc/computer_science/cs441s2016/cs441s2016-fp-team1/tools/ant-ivy/build/cache/org/A/jars/A-1.0.jar.part
	[SUCCESSFUL ] org#A;1.0!A.jar (189ms)
setting 'ivy.default.settings.dir' to 'file:/Volumes/MacintoshHDD/mccurdyc/computer_science/cs441s2016/cs441s2016-fp-team1/tools/ant-ivy/build/classes/core/org/apache/ivy/core/settings'
setting 'ivy.basedir' to '/Volumes/MacintoshHDD/mccurdyc/computer_science/cs441s2016/cs441s2016-fp-team1/tools/ant-ivy/.'
setting 'ivy.default.conf.dir' to 'file:/Volumes/MacintoshHDD/mccurdyc/computer_science/cs441s2016/cs441s2016-fp-team1/tools/ant-ivy/build/classes/core/org/apache/ivy/core/settings'
setting 'java.runtime.name' to 'Java(TM) SE Runtime Environment'
setting 'sun.boot.library.path' to '/Library/Java/JavaVirtualMachines/jdk1.8.0_66.jdk/Contents/Home/jre/lib'
setting 'java.vm.version' to '25.66-b17'
setting 'gopherProxySet' to 'false'
setting 'java.vm.vendor' to 'Oracle Corporation'
setting 'java.vendor.url' to 'http://java.oracle.com/'
setting 'emma.coverage.out.merge' to 'true'
setting 'path.separator' to ':'
setting 'java.vm.name' to 'Java HotSpot(TM) 64-Bit Server VM'
setting 'file.encoding.pkg' to 'sun.io'
setting 'user.country' to 'US'
setting 'sun.java.launcher' to 'SUN_STANDARD'
setting 'sun.os.patch.level' to 'unknown'
setting 'java.vm.specification.name' to 'Java Virtual Machine Specification'
setting 'user.dir' to '/Volumes/MacintoshHDD/mccurdyc/computer_science/cs441s2016/cs441s2016-fp-team1/tools/ant-ivy'
setting 'java.runtime.version' to '1.8.0_66-b17'
setting 'java.awt.graphicsenv' to 'sun.awt.CGraphicsEnvironment'
setting 'java.endorsed.dirs' to '/Library/Java/JavaVirtualMachines/jdk1.8.0_66.jdk/Contents/Home/jre/lib/endorsed'
setting 'os.arch' to 'x86_64'
setting 'java.io.tmpdir' to '/var/folders/63/3rz5g1g93kl56014nnctmg6w0000gn/T/'
setting 'line.separator' to '
'
setting 'java.vm.specification.vendor' to 'Oracle Corporation'
setting 'os.name' to 'Mac OS X'
setting 'sun.jnu.encoding' to 'UTF-8'
setting 'java.library.path' to '/Users/ColtonMcCurdy/Library/Java/Extensions:/Library/Java/Extensions:/Network/Library/Java/Extensions:/System/Library/Java/Extensions:/usr/lib/java:.'
setting 'emma.coverage.out.file' to '${coverage.dir}/coverage.emma'
setting 'java.specification.name' to 'Java Platform API Specification'
setting 'java.class.version' to '52.0'
setting 'sun.management.compiler' to 'HotSpot 64-Bit Tiered Compilers'
setting 'os.version' to '10.11.4'
setting 'user.home' to '/Users/ColtonMcCurdy'
setting 'user.timezone' to 'America/New_York'
setting 'java.awt.printerjob' to 'sun.lwawt.macosx.CPrinterJob'
setting 'file.encoding' to 'UTF-8'
setting 'java.specification.version' to '1.8'
setting 'java.class.path' to '/Volumes/MacintoshHDD/mccurdyc/computer_science/cs441s2016/cs441s2016-fp-team1/tools/ant-ivy/lib/ant-contrib.jar:/Volumes/MacintoshHDD/mccurdyc/computer_science/cs441s2016/cs441s2016-fp-team1/tools/ant-ivy/lib/ant-testutil.jar:/Volumes/MacintoshHDD/mccurdyc/computer_science/cs441s2016/cs441s2016-fp-team1/tools/ant-ivy/lib/bcpg-jdk15on.jar:/Volumes/MacintoshHDD/mccurdyc/computer_science/cs441s2016/cs441s2016-fp-team1/tools/ant-ivy/lib/bcprov-jdk15on.jar:/Volumes/MacintoshHDD/mccurdyc/computer_science/cs441s2016/cs441s2016-fp-team1/tools/ant-ivy/lib/commons-codec.jar:/Volumes/MacintoshHDD/mccurdyc/computer_science/cs441s2016/cs441s2016-fp-team1/tools/ant-ivy/lib/commons-httpclient.jar:/Volumes/MacintoshHDD/mccurdyc/computer_science/cs441s2016/cs441s2016-fp-team1/tools/ant-ivy/lib/commons-lang.jar:/Volumes/MacintoshHDD/mccurdyc/computer_science/cs441s2016/cs441s2016-fp-team1/tools/ant-ivy/lib/commons-logging.jar:/Volumes/MacintoshHDD/mccurdyc/computer_science/cs441s2016/cs441s2016-fp-team1/tools/ant-ivy/lib/commons-vfs.jar:/Volumes/MacintoshHDD/mccurdyc/computer_science/cs441s2016/cs441s2016-fp-team1/tools/ant-ivy/lib/jna.jar:/Volumes/MacintoshHDD/mccurdyc/computer_science/cs441s2016/cs441s2016-fp-team1/tools/ant-ivy/lib/jsch.agentproxy.connector-factory.jar:/Volumes/MacintoshHDD/mccurdyc/computer_science/cs441s2016/cs441s2016-fp-team1/tools/ant-ivy/lib/jsch.agentproxy.core.jar:/Volumes/MacintoshHDD/mccurdyc/computer_science/cs441s2016/cs441s2016-fp-team1/tools/ant-ivy/lib/jsch.agentproxy.jsch.jar:/Volumes/MacintoshHDD/mccurdyc/computer_science/cs441s2016/cs441s2016-fp-team1/tools/ant-ivy/lib/jsch.agentproxy.pageant.jar:/Volumes/MacintoshHDD/mccurdyc/computer_science/cs441s2016/cs441s2016-fp-team1/tools/ant-ivy/lib/jsch.agentproxy.sshagent.jar:/Volumes/MacintoshHDD/mccurdyc/computer_science/cs441s2016/cs441s2016-fp-team1/tools/ant-ivy/lib/jsch.agentproxy.usocket-jna.jar:/Volumes/MacintoshHDD/mccurdyc/computer_science/cs441s2016/cs441s2016-fp-team1/tools/ant-ivy/lib/jsch.agentproxy.usocket-nc.jar:/Volumes/MacintoshHDD/mccurdyc/computer_science/cs441s2016/cs441s2016-fp-team1/tools/ant-ivy/lib/jsch.jar:/Volumes/MacintoshHDD/mccurdyc/computer_science/cs441s2016/cs441s2016-fp-team1/tools/ant-ivy/lib/junit.jar:/Volumes/MacintoshHDD/mccurdyc/computer_science/cs441s2016/cs441s2016-fp-team1/tools/ant-ivy/lib/mod1.2-2.0.jar:/Volumes/MacintoshHDD/mccurdyc/computer_science/cs441s2016/cs441s2016-fp-team1/tools/ant-ivy/lib/oro.jar:/Volumes/MacintoshHDD/mccurdyc/computer_science/cs441s2016/cs441s2016-fp-team1/tools/ant-ivy/lib/platform.jar:/Volumes/MacintoshHDD/mccurdyc/computer_science/cs441s2016/cs441s2016-fp-team1/tools/ant-ivy/lib/xercesImpl.jar:/Volumes/MacintoshHDD/mccurdyc/computer_science/cs441s2016/cs441s2016-fp-team1/tools/ant-ivy/lib/xmlParserAPIs.jar:/Volumes/MacintoshHDD/mccurdyc/computer_science/cs441s2016/cs441s2016-fp-team1/tools/ant-ivy/lib/xmlunit.jar:/Volumes/MacintoshHDD/mccurdyc/computer_science/cs441s2016/cs441s2016-fp-team1/tools/ant-ivy/build/classes/core:/Volumes/MacintoshHDD/mccurdyc/computer_science/cs441s2016/cs441s2016-fp-team1/tools/ant-ivy/build/classes/ant:/Volumes/MacintoshHDD/mccurdyc/computer_science/cs441s2016/cs441s2016-fp-team1/tools/ant-ivy/build/classes/optional:/Volumes/MacintoshHDD/mccurdyc/computer_science/cs441s2016/cs441s2016-fp-team1/tools/ant-ivy/build/test:/usr/local/Cellar/ant/1.9.4/libexec/lib/ant-launcher.jar:/usr/local/Cellar/ant/1.9.4/libexec/lib/ant.jar:/usr/local/Cellar/ant/1.9.4/libexec/lib/ant-junit.jar:/usr/local/Cellar/ant/1.9.4/libexec/lib/ant-junit4.jar'
setting 'user.name' to 'ColtonMcCurdy'
setting 'java.vm.specification.version' to '1.8'
setting 'sun.java.command' to 'org.apache.tools.ant.taskdefs.optional.junit.JUnitTestRunner org.apache.ivy.plugins.resolver.PackagerResolverTest skipNonTests=false filtertrace=true haltOnError=false haltOnFailure=false formatter=org.apache.tools.ant.taskdefs.optional.junit.SummaryJUnitResultFormatter showoutput=false outputtoformatters=true logfailedtests=true threadid=0 logtestlistenerevents=false formatter=org.apache.tools.ant.taskdefs.optional.junit.XMLJUnitResultFormatter,/Volumes/MacintoshHDD/mccurdyc/computer_science/cs441s2016/cs441s2016-fp-team1/tools/ant-ivy/build/test-report/TEST-org.apache.ivy.plugins.resolver.PackagerResolverTest.xml crashfile=/Volumes/MacintoshHDD/mccurdyc/computer_science/cs441s2016/cs441s2016-fp-team1/tools/ant-ivy/junitvmwatcher1396038054526377272.properties propsfile=/Volumes/MacintoshHDD/mccurdyc/computer_science/cs441s2016/cs441s2016-fp-team1/tools/ant-ivy/junit1374989178428886242.properties'
setting 'java.home' to '/Library/Java/JavaVirtualMachines/jdk1.8.0_66.jdk/Contents/Home/jre'
setting 'sun.arch.data.model' to '64'
setting 'user.language' to 'tr'
setting 'java.specification.vendor' to 'Oracle Corporation'
setting 'awt.toolkit' to 'sun.lwawt.macosx.LWCToolkit'
setting 'java.vm.info' to 'mixed mode'
setting 'java.version' to '1.8.0_66'
setting 'java.ext.dirs' to '/Users/ColtonMcCurdy/Library/Java/Extensions:/Library/Java/JavaVirtualMachines/jdk1.8.0_66.jdk/Contents/Home/jre/lib/ext:/Library/Java/Extensions:/Network/Library/Java/Extensions:/System/Library/Java/Extensions:/usr/lib/java'
setting 'sun.boot.class.path' to '/Library/Java/JavaVirtualMachines/jdk1.8.0_66.jdk/Contents/Home/jre/lib/resources.jar:/Library/Java/JavaVirtualMachines/jdk1.8.0_66.jdk/Contents/Home/jre/lib/rt.jar:/Library/Java/JavaVirtualMachines/jdk1.8.0_66.jdk/Contents/Home/jre/lib/sunrsasign.jar:/Library/Java/JavaVirtualMachines/jdk1.8.0_66.jdk/Contents/Home/jre/lib/jsse.jar:/Library/Java/JavaVirtualMachines/jdk1.8.0_66.jdk/Contents/Home/jre/lib/jce.jar:/Library/Java/JavaVirtualMachines/jdk1.8.0_66.jdk/Contents/Home/jre/lib/charsets.jar:/Library/Java/JavaVirtualMachines/jdk1.8.0_66.jdk/Contents/Home/jre/lib/jfr.jar:/Library/Java/JavaVirtualMachines/jdk1.8.0_66.jdk/Contents/Home/jre/classes'
setting 'java.vendor' to 'Oracle Corporation'
setting 'file.separator' to '/'
setting 'java.vendor.url.bug' to 'http://bugreport.sun.com/bugreport/'
setting 'sun.io.unicode.encoding' to 'UnicodeBig'
setting 'sun.cpu.endian' to 'little'
setting 'user.region' to 'TR'
setting 'sun.cpu.isalist' to ''
setting 'ivy.cache.dir' to '/Volumes/MacintoshHDD/mccurdyc/computer_science/cs441s2016/cs441s2016-fp-team1/tools/ant-ivy/build/cache'
packager: no namespace defined: using system
	no ivy file in cache for org#B;1.0: tried build/cache/org/B/ivy-1.0.xml
	 trying file:/Volumes/MacintoshHDD/mccurdyc/computer_science/cs441s2016/cs441s2016-fp-team1/tools/ant-ivy/test/repositories/IVY-1179/repo/org/B/1.0/ivy.xml
		tried file:/Volumes/MacintoshHDD/mccurdyc/computer_science/cs441s2016/cs441s2016-fp-team1/tools/ant-ivy/test/repositories/IVY-1179/repo/org/B/1.0/ivy.xml
	packager: found md file for org#B;1.0
		=> file:/Volumes/MacintoshHDD/mccurdyc/computer_science/cs441s2016/cs441s2016-fp-team1/tools/ant-ivy/test/repositories/IVY-1179/repo/org/B/1.0/ivy.xml (1.0)
	parser = ivy parser
	no ivy file in cache for org#B;1.0: tried build/cache/org/B/ivy-1.0.xml
downloading file:/Volumes/MacintoshHDD/mccurdyc/computer_science/cs441s2016/cs441s2016-fp-team1/tools/ant-ivy/test/repositories/IVY-1179/repo/org/B/1.0/ivy.xml ...
	packager: downloading file:/Volumes/MacintoshHDD/mccurdyc/computer_science/cs441s2016/cs441s2016-fp-team1/tools/ant-ivy/test/repositories/IVY-1179/repo/org/B/1.0/ivy.xml
		to /Volumes/MacintoshHDD/mccurdyc/computer_science/cs441s2016/cs441s2016-fp-team1/tools/ant-ivy/build/cache/org/B/ivy-1.0.xml.original.part
	[SUCCESSFUL ] org#B;1.0!ivy.xml(ivy.original) (11ms)
post 1.3 ivy file: using exact as default matcher
	default-cache: parsed downloaded md file for org#B;1.0; parsed=org#B;1.0
	checking org#B;1.0 from packager against [none]
	module revision kept as first found: org#B;1.0 from packager
	 trying file:/Volumes/MacintoshHDD/mccurdyc/computer_science/cs441s2016/cs441s2016-fp-team1/tools/ant-ivy/test/repositories/IVY-1179/repo/org/B/1.0/packager.xml
		tried file:/Volumes/MacintoshHDD/mccurdyc/computer_science/cs441s2016/cs441s2016-fp-team1/tools/ant-ivy/test/repositories/IVY-1179/repo/org/B/1.0/packager.xml
performing packager resolver build in build/test/PackagerResolverTest/build/org/B/1.0
Build sequence for target(s) `build' is [validate, setResourceURL1, setResourceURL2, style, build]
Complete build sequence is [validate, setResourceURL1, setResourceURL2, style, build, ]

validate:
parsing buildfile jar:file:/usr/local/Cellar/ant/1.9.4/libexec/lib/ant.jar!/org/apache/tools/ant/antlib.xml with URI = jar:file:/usr/local/Cellar/ant/1.9.4/libexec/lib/ant.jar!/org/apache/tools/ant/antlib.xml from a zip file
[xmlvalidate] Using SAX2 reader org.apache.xerces.parsers.SAXParser
[xmlvalidate] Validating packager.xml... 
Ignoring Exception java.util.zip.ZipException: zip file is empty reading resource org/apache/tools/ant/types/resolver/ApacheCatalogResolver.class from /Volumes/MacintoshHDD/mccurdyc/computer_science/cs441s2016/cs441s2016-fp-team1/tools/ant-ivy/lib/mod1.2-2.0.jar
Apache resolver library not found, internal resolver will be used
[xmlvalidate] 1 file(s) have been successfully validated.

setResourceURL1:
Skipped because property 'ivy.packager.resourceURL' not set.

setResourceURL2:

style:
     [xslt] Using class org.apache.tools.ant.taskdefs.optional.TraXLiaison
     [xslt] Processing /Volumes/MacintoshHDD/mccurdyc/computer_science/cs441s2016/cs441s2016-fp-team1/tools/ant-ivy/build/test/PackagerResolverTest/build/org/B/1.0/packager.xml to /Volumes/MacintoshHDD/mccurdyc/computer_science/cs441s2016/cs441s2016-fp-team1/tools/ant-ivy/build/test/PackagerResolverTest/build/org/B/1.0/packager-output.xml
     [xslt] Loading stylesheet /Volumes/MacintoshHDD/mccurdyc/computer_science/cs441s2016/cs441s2016-fp-team1/tools/ant-ivy/build/test/PackagerResolverTest/build/org/B/1.0/packager.xsl

build:
Project base dir set to: /Volumes/MacintoshHDD/mccurdyc/computer_science/cs441s2016/cs441s2016-fp-team1/tools/ant-ivy/build/test/PackagerResolverTest/build/org/B/1.0
      [ant] calling target(s) [default] in build file /Volumes/MacintoshHDD/mccurdyc/computer_science/cs441s2016/cs441s2016-fp-team1/tools/ant-ivy/build/test/PackagerResolverTest/build/org/B/1.0/packager-output.xml
parsing buildfile /Volumes/MacintoshHDD/mccurdyc/computer_science/cs441s2016/cs441s2016-fp-team1/tools/ant-ivy/build/test/PackagerResolverTest/build/org/B/1.0/packager-output.xml with URI = file:/Volumes/MacintoshHDD/mccurdyc/computer_science/cs441s2016/cs441s2016-fp-team1/tools/ant-ivy/build/test/PackagerResolverTest/build/org/B/1.0/packager-output.xml
Project base dir set to: /Volumes/MacintoshHDD/mccurdyc/computer_science/cs441s2016/cs441s2016-fp-team1/tools/ant-ivy/build/test/PackagerResolverTest/build/org/B/1.0
      [ant] Entering /Volumes/MacintoshHDD/mccurdyc/computer_science/cs441s2016/cs441s2016-fp-team1/tools/ant-ivy/build/test/PackagerResolverTest/build/org/B/1.0/packager-output.xml...
Build sequence for target(s) `build' is [setfilename.N65554, genresdir.1.N65554, genresdir.2.N65554, checkdownload.0.N65554, download.1.N65554, checkdownload.1.N65554, download.N65554, resource.N65554, resources, build]
Complete build sequence is [setfilename.N65554, genresdir.1.N65554, genresdir.2.N65554, checkdownload.0.N65554, download.1.N65554, checkdownload.1.N65554, download.N65554, resource.N65554, resources, build, ]

setfilename.N65554:

genresdir.1.N65554:
Skipped because property 'ivy.packager.resourceCache' set.

genresdir.2.N65554:
     [echo] using resource cache: /Volumes/MacintoshHDD/mccurdyc/computer_science/cs441s2016/cs441s2016-fp-team1/tools/ant-ivy/build/test/PackagerResolverTest/resources

checkdownload.0.N65554:
    [mkdir] Skipping /Volumes/MacintoshHDD/mccurdyc/computer_science/cs441s2016/cs441s2016-fp-team1/tools/ant-ivy/build/test/PackagerResolverTest/resources because it already exists.
[available] Unable to find /Volumes/MacintoshHDD/mccurdyc/computer_science/cs441s2016/cs441s2016-fp-team1/tools/ant-ivy/build/test/PackagerResolverTest/resources/B-1.0.tar.gz

download.1.N65554:
      [get] Getting: file:/Volumes/MacintoshHDD/mccurdyc/computer_science/cs441s2016/cs441s2016-fp-team1/tools/ant-ivy/test/repositories/IVY-1179/website//dist/B-1.0.tar.gz
      [get] To: /Volumes/MacintoshHDD/mccurdyc/computer_science/cs441s2016/cs441s2016-fp-team1/tools/ant-ivy/build/test/PackagerResolverTest/resources/B-1.0.tar.gz
.

checkdownload.1.N65554:
[available] Found: /Volumes/MacintoshHDD/mccurdyc/computer_science/cs441s2016/cs441s2016-fp-team1/tools/ant-ivy/build/test/PackagerResolverTest/resources/B-1.0.tar.gz

download.N65554:
Skipped because property 'alreadydownloaded.N65554' set.

resource.N65554:
    [mkdir] Created dir: /Volumes/MacintoshHDD/mccurdyc/computer_science/cs441s2016/cs441s2016-fp-team1/tools/ant-ivy/build/test/PackagerResolverTest/build/org/B/1.0/extract
    [untar] Expanding: /Volumes/MacintoshHDD/mccurdyc/computer_science/cs441s2016/cs441s2016-fp-team1/tools/ant-ivy/build/test/PackagerResolverTest/resources/B-1.0.tar.gz into /Volumes/MacintoshHDD/mccurdyc/computer_science/cs441s2016/cs441s2016-fp-team1/tools/ant-ivy/build/test/PackagerResolverTest/build/org/B/1.0/extract
    [untar] skipping B-1.0/ as it is excluded or not included.
    [untar] expanding B-1.0/B.jar to /Volumes/MacintoshHDD/mccurdyc/computer_science/cs441s2016/cs441s2016-fp-team1/tools/ant-ivy/build/test/PackagerResolverTest/build/org/B/1.0/extract/B-1.0/B.jar
    [untar] skipping B-1.0/README as it is excluded or not included.
    [untar] expand complete

resources:

build:
    [mkdir] Created dir: /Volumes/MacintoshHDD/mccurdyc/computer_science/cs441s2016/cs441s2016-fp-team1/tools/ant-ivy/build/test/PackagerResolverTest/build/org/B/1.0/artifacts/jars
    [mkdir] Created dir: /Volumes/MacintoshHDD/mccurdyc/computer_science/cs441s2016/cs441s2016-fp-team1/tools/ant-ivy/build/test/PackagerResolverTest/build/org/B/1.0/artifacts/sources
    [mkdir] Created dir: /Volumes/MacintoshHDD/mccurdyc/computer_science/cs441s2016/cs441s2016-fp-team1/tools/ant-ivy/build/test/PackagerResolverTest/build/org/B/1.0/artifacts/javadocs
     [move] Moving 1 file to /Volumes/MacintoshHDD/mccurdyc/computer_science/cs441s2016/cs441s2016-fp-team1/tools/ant-ivy/build/test/PackagerResolverTest/build/org/B/1.0/artifacts/jars
     [move] Attempting to rename: /Volumes/MacintoshHDD/mccurdyc/computer_science/cs441s2016/cs441s2016-fp-team1/tools/ant-ivy/build/test/PackagerResolverTest/build/org/B/1.0/extract/B-1.0/B.jar to /Volumes/MacintoshHDD/mccurdyc/computer_science/cs441s2016/cs441s2016-fp-team1/tools/ant-ivy/build/test/PackagerResolverTest/build/org/B/1.0/artifacts/jars/B.jar
      [ant] Exiting /Volumes/MacintoshHDD/mccurdyc/computer_science/cs441s2016/cs441s2016-fp-team1/tools/ant-ivy/build/test/PackagerResolverTest/build/org/B/1.0/packager-output.xml.
downloading file:/Volumes/MacintoshHDD/mccurdyc/computer_science/cs441s2016/cs441s2016-fp-team1/tools/ant-ivy/build/test/PackagerResolverTest/build/org/B/1.0/artifacts/jars/B.jar ...
	packager: downloading file:/Volumes/MacintoshHDD/mccurdyc/computer_science/cs441s2016/cs441s2016-fp-team1/tools/ant-ivy/build/test/PackagerResolverTest/build/org/B/1.0/artifacts/jars/B.jar
		to /Volumes/MacintoshHDD/mccurdyc/computer_science/cs441s2016/cs441s2016-fp-team1/tools/ant-ivy/build/cache/org/B/jars/B-1.0.jar.part
	[SUCCESSFUL ] org#B;1.0!B.jar (207ms)
]]></system-out>
  <system-err><![CDATA[Warning:  org.apache.xerces.parsers.SAXParser: Property 'http://javax.xml.XMLConstants/property/accessExternalDTD' is not recognized.
Warning:  org.apache.xerces.parsers.SAXParser: Property 'http://www.oracle.com/xml/jaxp/properties/entityExpansionLimit' is not recognized.
Warning:  org.apache.xerces.parsers.SAXParser: Property 'http://javax.xml.XMLConstants/property/accessExternalDTD' is not recognized.
Warning:  org.apache.xerces.parsers.SAXParser: Property 'http://www.oracle.com/xml/jaxp/properties/entityExpansionLimit' is not recognized.
Warning:  org.apache.xerces.parsers.SAXParser: Property 'http://javax.xml.XMLConstants/property/accessExternalDTD' is not recognized.
Warning:  org.apache.xerces.parsers.SAXParser: Property 'http://www.oracle.com/xml/jaxp/properties/entityExpansionLimit' is not recognized.
]]></system-err>
</testsuite>
