<?xml version="1.0" encoding="UTF-8" ?>
<testsuite errors="0" failures="0" hostname="Coltons-MBP" name="org.apache.ivy.plugins.conflict.LatestCompatibleConflictManagerTest" skipped="0" tests="12" time="2.491" timestamp="2016-04-21T23:23:19">
  <properties>
    <property name="java.home.ivy.instance" value="/Library/Java/JavaVirtualMachines/jdk1.8.0_66.jdk/Contents/Home/jre" />
    <property name="source.." value="src/java/" />
    <property name="ant.home.ivy.instance" value="/usr/local/Cellar/ant/1.9.4/libexec" />
    <property name="java.awt.graphicsenv.ivy.instance" value="sun.awt.CGraphicsEnvironment" />
    <property name="java.awt.printerjob.ivy.instance" value="sun.lwawt.macosx.CPrinterJob" />
    <property name="env.TERM" value="screen-256color" />
    <property name="ant.library.dir" value="/usr/local/Cellar/ant/1.9.4/libexec/lib" />
    <property name="ant.core.lib" value="/usr/local/Cellar/ant/1.9.4/libexec/lib/ant.jar" />
    <property name="java.vm.info.ivy.instance" value="mixed mode" />
    <property name="env.rvm_bin_path" value="/usr/local/rvm/bin" />
    <property name="ivy.report.output.pattern.ivy.instance" value="[organisation]-[module]-[conf].[ext]" />
    <property name="user.dir" value="/Volumes/MacintoshHDD/mccurdyc/computer_science/cs441s2016/cs441s2016-fp-team1/tools/ant-ivy" />
    <property name="java.vm.version" value="25.66-b17" />
    <property name="ivy.lib.dir.ivy.instance" value="/Volumes/MacintoshHDD/mccurdyc/computer_science/cs441s2016/cs441s2016-fp-team1/tools/ant-ivy/lib" />
    <property name="env.HISTFILESIZE" value="1000000" />
    <property name="path.separator.ivy.instance" value=":" />
    <property name="env.Apple_PubSub_Socket_Render" value="/private/tmp/com.apple.launchd.9wlgBydeto/Render" />
    <property name="env.HISTSIZE" value="1000000" />
    <property name="lib.dir" value="/Volumes/MacintoshHDD/mccurdyc/computer_science/cs441s2016/cs441s2016-fp-team1/tools/ant-ivy/lib" />
    <property name="env.GEM_HOME" value="/usr/local/rvm/gems/ruby-2.0.0-p353" />
    <property name="java.library.path.ivy.instance" value="/Users/ColtonMcCurdy/Library/Java/Extensions:/Library/Java/Extensions:/Network/Library/Java/Extensions:/System/Library/Java/Extensions:/usr/lib/java:." />
    <property name="ant.file.type.ivy" value="file" />
    <property name="ivy.resolve.default.type.filter.ivy.instance" value="*" />
    <property name="java.version.ivy.instance" value="1.8.0_66" />
    <property name="sun.os.patch.level" value="unknown" />
    <property name="ivy.shared.default.root" value="/Users/ColtonMcCurdy/.ivy2/shared" />
    <property name="java.vm.specification.name" value="Java Virtual Machine Specification" />
    <property name="ivy.shared.default.artifact.pattern.ivy.instance" value="[organisation]/[module]/[revision]/[type]s/[artifact].[ext]" />
    <property name="debug.mode" value="on" />
    <property name="file.separator.ivy.instance" value="/" />
    <property name="env.HAS_256_COLORS" value="yes" />
    <property name="os.name" value="Mac OS X" />
    <property name="ivy.status" value="integration" />
    <property name="ivy.install.version" value="1.4.1" />
    <property name="ivy.local.default.ivy.pattern.ivy.instance" value="[organisation]/[module]/[revision]/[type]s/[artifact].[ext]" />
    <property name="ivy.settings.dir.ivy.instance" value="jar:file:/Users/ColtonMcCurdy/.ant/lib/ivy.jar!/org/apache/ivy/core/settings" />
    <property name="test.failed" value="true" />
    <property name="env.XPC_FLAGS" value="0x0" />
    <property name="java.vendor.url.bug" value="http://bugreport.sun.com/bugreport/" />
    <property name="env.POWERLINE_COMMAND" value="powerline" />
    <property name="env.TODOTXT_DEFAULT_ACTION" value="ls" />
    <property name="os.arch" value="x86_64" />
    <property name="user.name" value="ColtonMcCurdy" />
    <property name="ivy.retrieve.pattern.ivy.instance" value="/Volumes/MacintoshHDD/mccurdyc/computer_science/cs441s2016/cs441s2016-fp-team1/tools/ant-ivy/lib/[artifact]-[revision](-[classifier]).[ext]" />
    <property name="doc.build.dir" value="/Volumes/MacintoshHDD/mccurdyc/computer_science/cs441s2016/cs441s2016-fp-team1/tools/ant-ivy/build/doc" />
    <property name="sun.java.command" value="org.apache.tools.ant.taskdefs.optional.junit.JUnitTestRunner org.apache.ivy.plugins.conflict.LatestCompatibleConflictManagerTest skipNonTests=false filtertrace=true haltOnError=false haltOnFailure=false formatter=org.apache.tools.ant.taskdefs.optional.junit.SummaryJUnitResultFormatter showoutput=false outputtoformatters=true logfailedtests=true threadid=0 logtestlistenerevents=false formatter=org.apache.tools.ant.taskdefs.optional.junit.XMLJUnitResultFormatter,/Volumes/MacintoshHDD/mccurdyc/computer_science/cs441s2016/cs441s2016-fp-team1/tools/ant-ivy/build/test-report/TEST-org.apache.ivy.plugins.conflict.LatestCompatibleConflictManagerTest.xml crashfile=/Volumes/MacintoshHDD/mccurdyc/computer_science/cs441s2016/cs441s2016-fp-team1/tools/ant-ivy/junitvmwatcher6806591656740736844.properties propsfile=/Volumes/MacintoshHDD/mccurdyc/computer_science/cs441s2016/cs441s2016-fp-team1/tools/ant-ivy/junit167728723572634322.properties" />
    <property name="env.USER" value="ColtonMcCurdy" />
    <property name="ivy.shared.default.artifact.pattern" value="[organisation]/[module]/[revision]/[type]s/[artifact].[ext]" />
    <property name="env.LOGNAME" value="ColtonMcCurdy" />
    <property name="sun.arch.data.model.ivy.instance" value="64" />
    <property name="ivy.default.conf.dir" value="jar:file:/Users/ColtonMcCurdy/.ant/lib/ivy.jar!/org/apache/ivy/core/settings" />
    <property name="build.version" value="2.5.0-local-20160421192055" />
    <property name="user.country" value="US" />
    <property name="java.vm.specification.version.ivy.instance" value="1.8" />
    <property name="ivy.default.always.check.exact.revision" value="false" />
    <property name="emma.coverage.out.file" value="${coverage.dir}/coverage.emma" />
    <property name="os.name.ivy.instance" value="Mac OS X" />
    <property name="java.endorsed.dirs" value="/Library/Java/JavaVirtualMachines/jdk1.8.0_66.jdk/Contents/Home/jre/lib/endorsed" />
    <property name="java.endorsed.dirs.ivy.instance" value="/Library/Java/JavaVirtualMachines/jdk1.8.0_66.jdk/Contents/Home/jre/lib/endorsed" />
    <property name="ivy.lib.dir" value="/Volumes/MacintoshHDD/mccurdyc/computer_science/cs441s2016/cs441s2016-fp-team1/tools/ant-ivy/lib" />
    <property name="java.vm.specification.version" value="1.8" />
    <property name="env.IRBRC" value="/usr/local/rvm/rubies/ruby-2.0.0-p353/.irbrc" />
    <property name="optional.classes.build.dir" value="/Volumes/MacintoshHDD/mccurdyc/computer_science/cs441s2016/cs441s2016-fp-team1/tools/ant-ivy/build/classes/optional" />
    <property name="env._system_version" value="10.11" />
    <property name="gopherProxySet.ivy.instance" value="false" />
    <property name="ivy.settings.url" value="jar:file:/Users/ColtonMcCurdy/.ant/lib/ivy.jar!/org/apache/ivy/core/settings/ivysettings.xml" />
    <property name="env.SHLVL" value="4" />
    <property name="java.vendor" value="Oracle Corporation" />
    <property name="user.dir.ivy.instance" value="/Volumes/MacintoshHDD/mccurdyc/computer_science/cs441s2016/cs441s2016-fp-team1/tools/ant-ivy" />
    <property name="ivy.default.settings.dir" value="jar:file:/Users/ColtonMcCurdy/.ant/lib/ivy.jar!/org/apache/ivy/core/settings" />
    <property name="user.region" value="TR" />
    <property name="ivy.settings.file" value="ivysettings.xml" />
    <property name="java.runtime.name.ivy.instance" value="Java(TM) SE Runtime Environment" />
    <property name="env.CLICOLOR" value="1" />
    <property name="test.xml.dir" value="/Volumes/MacintoshHDD/mccurdyc/computer_science/cs441s2016/cs441s2016-fp-team1/tools/ant-ivy/build/test-report" />
    <property name="file.separator" value="/" />
    <property name="ivy.local.default.artifact.pattern.ivy.instance" value="[organisation]/[module]/[revision]/[type]s/[artifact].[ext]" />
    <property name="ivy.cache.dir.ivy.instance" value="/Users/ColtonMcCurdy/.ivy2/cache" />
    <property name="ivy.default.settings.dir.ivy.instance" value="jar:file:/Users/ColtonMcCurdy/.ant/lib/ivy.jar!/org/apache/ivy/core/settings" />
    <property name="sun.java.launcher" value="SUN_STANDARD" />
    <property name="ivy.shared.default.ivy.pattern.ivy.instance" value="[organisation]/[module]/[revision]/[type]s/[artifact].[ext]" />
    <property name="env.PAGER" value="less" />
    <property name="java.io.tmpdir.ivy.instance" value="/var/folders/63/3rz5g1g93kl56014nnctmg6w0000gn/T/" />
    <property name="rat.report.dir" value="/Volumes/MacintoshHDD/mccurdyc/computer_science/cs441s2016/cs441s2016-fp-team1/tools/ant-ivy/build/doc/reports/rat" />
    <property name="env.GHC_DOT_APP" value="/Volumes/MacintoshHDD/mccurdyc/Downloads/ghc-7.10.2.app" />
    <property name="ant.home" value="/usr/local/Cellar/ant/1.9.4/libexec" />
    <property name="ivy.resolved.file" value="/Volumes/MacintoshHDD/mccurdyc/computer_science/cs441s2016/cs441s2016-fp-team1/tools/ant-ivy/ivy.xml" />
    <property name="ant.java.version" value="1.8" />
    <property name="java.library.path" value="/Users/ColtonMcCurdy/Library/Java/Extensions:/Library/Java/Extensions:/Network/Library/Java/Extensions:/System/Library/Java/Extensions:/usr/lib/java:." />
    <property name="artifacts.build.dir" value="/Volumes/MacintoshHDD/mccurdyc/computer_science/cs441s2016/cs441s2016-fp-team1/tools/ant-ivy/build/artifact" />
    <property name="env._system_type" value="Darwin" />
    <property name="classes.build.dir" value="/Volumes/MacintoshHDD/mccurdyc/computer_science/cs441s2016/cs441s2016-fp-team1/tools/ant-ivy/build/classes" />
    <property name="javadoc.build.dir" value="/Volumes/MacintoshHDD/mccurdyc/computer_science/cs441s2016/cs441s2016-fp-team1/tools/ant-ivy/build/doc/reports/api" />
    <property name="DSTAMP" value="20160421" />
    <property name="ivy.resolved.configurations" value="default, test" />
    <property name="sun.arch.data.model" value="64" />
    <property name="basedir" value="/Volumes/MacintoshHDD/mccurdyc/computer_science/cs441s2016/cs441s2016-fp-team1/tools/ant-ivy" />
    <property name="java.vendor.url.ivy.instance" value="http://java.oracle.com/" />
    <property name="java.ext.dirs.ivy.instance" value="/Users/ColtonMcCurdy/Library/Java/Extensions:/Library/Java/JavaVirtualMachines/jdk1.8.0_66.jdk/Contents/Home/jre/lib/ext:/Library/Java/Extensions:/Network/Library/Java/Extensions:/System/Library/Java/Extensions:/usr/lib/java" />
    <property name="ivy.version" value="2.2.0" />
    <property name="env.PATH" value="/Users/ColtonMcCurdy/bin:/usr/local/rvm/gems/ruby-2.0.0-p353/bin:/usr/local/rvm/gems/ruby-2.0.0-p353@global/bin:/usr/local/rvm/rubies/ruby-2.0.0-p353/bin:/usr/local/bin:/usr/bin:/bin:/usr/local/sbin:/usr/sbin:/sbin:/opt/X11/bin:/usr/local/git/bin:/usr/local/go/bin:/opt/ImageMagick/bin:/usr/local/MacGPG2/bin:/usr/texbin:/Users/ColtonMcCurdy/bin:/usr/local/rvm/gems/ruby-2.0.0-p353/bin:/usr/local/rvm/gems/ruby-2.0.0-p353@global/bin:/usr/local/rvm/rubies/ruby-2.0.0-p353/bin:/usr/local/rvm/bin:bin/apache-maven-3.3.9/bin:/Library/TeX/Distributions/.DefaultTeX/Contents/Programs/texbin:bin/apache-maven-3.3.9/bin:/Library/TeX/Distributions/.DefaultTeX/Contents/Programs/texbin" />
    <property name="path.separator" value=":" />
    <property name="ivy.resolver.default.check.modified.ivy.instance" value="false" />
    <property name="env.TERM_PROGRAM" value="Apple_Terminal" />
    <property name="sun.io.unicode.encoding" value="UnicodeBig" />
    <property name="ivy.conf.dir" value="jar:file:/Users/ColtonMcCurdy/.ant/lib/ivy.jar!/org/apache/ivy/core/settings" />
    <property name="TSTAMP" value="1920" />
    <property name="user.language" value="tr" />
    <property name="java.vm.specification.vendor.ivy.instance" value="Oracle Corporation" />
    <property name="env.rvm_path" value="/usr/local/rvm" />
    <property name="ant.project.invoked-targets" value="test" />
    <property name="awt.toolkit.ivy.instance" value="sun.lwawt.macosx.LWCToolkit" />
    <property name="gopherProxySet" value="false" />
    <property name="ivy.report.output.pattern" value="[organisation]-[module]-[conf].[ext]" />
    <property name="java.class.version" value="52.0" />
    <property name="sun.boot.library.path.ivy.instance" value="/Library/Java/JavaVirtualMachines/jdk1.8.0_66.jdk/Contents/Home/jre/lib" />
    <property name="os.version.ivy.instance" value="10.11.4" />
    <property name="ivy.project.dir.ivy.instance" value="/Volumes/MacintoshHDD/mccurdyc/computer_science/cs441s2016/cs441s2016-fp-team1/tools/ant-ivy" />
    <property name="file.encoding.pkg" value="sun.io" />
    <property name="sun.cpu.endian" value="little" />
    <property name="ivy.configurations.ivy.instance" value="*" />
    <property name="ivy.home.ivy.instance" value="/Users/ColtonMcCurdy/.ivy2" />
    <property name="env.SHELL" value="/bin/bash" />
    <property name="env.rvm_version" value="1.26.11 (latest)" />
    <property name="doc.src.dir" value="/Volumes/MacintoshHDD/mccurdyc/computer_science/cs441s2016/cs441s2016-fp-team1/tools/ant-ivy/doc" />
    <property name="java.home" value="/Library/Java/JavaVirtualMachines/jdk1.8.0_66.jdk/Contents/Home/jre" />
    <property name="ant.project.default-target" value="coverage-report" />
    <property name="target.ivy.bundle.version" value="2.5.0" />
    <property name="ivy.status.ivy.instance" value="integration" />
    <property name="ant.library.dir.ivy.instance" value="/usr/local/Cellar/ant/1.9.4/libexec/lib" />
    <property name="sun.java.launcher.ivy.instance" value="SUN_STANDARD" />
    <property name="ivy.basedir.ivy.instance" value="/Volumes/MacintoshHDD/mccurdyc/computer_science/cs441s2016/cs441s2016-fp-team1/tools/ant-ivy" />
    <property name="java.vm.vendor.ivy.instance" value="Oracle Corporation" />
    <property name="ivy.cache.ttl.default.ivy.instance" value="10s" />
    <property name="ivy.default.conf.dir.ivy.instance" value="jar:file:/Users/ColtonMcCurdy/.ant/lib/ivy.jar!/org/apache/ivy/core/settings" />
    <property name="ivy.settings.url.ivy.instance" value="jar:file:/Users/ColtonMcCurdy/.ant/lib/ivy.jar!/org/apache/ivy/core/settings/ivysettings.xml" />
    <property name="env.SSH_AUTH_SOCK" value="/private/tmp/com.apple.launchd.6KgC4020rB/Listeners" />
    <property name="test.build.dir" value="/Volumes/MacintoshHDD/mccurdyc/computer_science/cs441s2016/cs441s2016-fp-team1/tools/ant-ivy/build/test" />
    <property name="target.ivy.version" value="2.5.0" />
    <property name="sun.management.compiler" value="HotSpot 64-Bit Tiered Compilers" />
    <property name="ivy.local.default.ivy.pattern" value="[organisation]/[module]/[revision]/[type]s/[artifact].[ext]" />
    <property name="env.DISPLAY" value="/private/tmp/com.apple.launchd.VVkZtuXN7c/org.macosforge.xquartz:0" />
    <property name="env.RUBY_VERSION" value="ruby-2.0.0-p353" />
    <property name="env.MY_RUBY_HOME" value="/usr/local/rvm/rubies/ruby-2.0.0-p353" />
    <property name="env.XPC_SERVICE_NAME" value="0" />
    <property name="ant.file" value="/Volumes/MacintoshHDD/mccurdyc/computer_science/cs441s2016/cs441s2016-fp-team1/tools/ant-ivy/build.xml" />
    <property name="ivy.buildlist.ivyfilepath.ivy.instance" value="ivy.xml" />
    <property name="env._system_name" value="OSX" />
    <property name="user.country.ivy.instance" value="US" />
    <property name="ivy.minimum.javaversion" value="1.5" />
    <property name="env.PYTHONPATH" value="/usr/local/lib/python2.7/site-packages" />
    <property name="ivy.local.default.artifact.pattern" value="[organisation]/[module]/[revision]/[type]s/[artifact].[ext]" />
    <property name="core.classes.build.dir" value="/Volumes/MacintoshHDD/mccurdyc/computer_science/cs441s2016/cs441s2016-fp-team1/tools/ant-ivy/build/classes/core" />
    <property name="ivy.default.always.check.exact.revision.ivy.instance" value="false" />
    <property name="sun.cpu.isalist.ivy.instance" value="" />
    <property name="java.vm.specification.vendor" value="Oracle Corporation" />
    <property name="java.vm.name" value="Java HotSpot(TM) 64-Bit Server VM" />
    <property name="distrib.dir" value="/Volumes/MacintoshHDD/mccurdyc/computer_science/cs441s2016/cs441s2016-fp-team1/tools/ant-ivy/build/distrib" />
    <property name="env._system_arch" value="x86_64" />
    <property name="java.io.tmpdir" value="/var/folders/63/3rz5g1g93kl56014nnctmg6w0000gn/T/" />
    <property name="file.encoding.ivy.instance" value="UTF-8" />
    <property name="java.vendor.url" value="http://java.oracle.com/" />
    <property name="ivy.cache.ttl.default" value="10s" />
    <property name="env.rvmsudo_secure_path" value="0" />
    <property name="ivy.settings.file.ivy.instance" value="ivysettings.xml" />
    <property name="sun.boot.library.path" value="/Library/Java/JavaVirtualMachines/jdk1.8.0_66.jdk/Contents/Home/jre/lib" />
    <property name="env.GEM_PATH" value="/usr/local/rvm/gems/ruby-2.0.0-p353:/usr/local/rvm/gems/ruby-2.0.0-p353@global" />
    <property name="checkstyle.report.dir" value="/Volumes/MacintoshHDD/mccurdyc/computer_science/cs441s2016/cs441s2016-fp-team1/tools/ant-ivy/build/doc/reports/checkstyle" />
    <property name="test.report.dir" value="/Volumes/MacintoshHDD/mccurdyc/computer_science/cs441s2016/cs441s2016-fp-team1/tools/ant-ivy/build/doc/reports/test" />
    <property name="file.encoding.pkg.ivy.instance" value="sun.io" />
    <property name="ivy.local.default.root" value="/Users/ColtonMcCurdy/.ivy2/local" />
    <property name="ivy.resolver.default.check.modified" value="false" />
    <property name="java.runtime.name" value="Java(TM) SE Runtime Environment" />
    <property name="ant.project.name" value="ivy" />
    <property name="ivy.local.default.root.ivy.instance" value="/Users/ColtonMcCurdy/.ivy2/local" />
    <property name="sun.management.compiler.ivy.instance" value="HotSpot 64-Bit Tiered Compilers" />
    <property name="java.vendor.url.bug.ivy.instance" value="http://bugreport.sun.com/bugreport/" />
    <property name="ivy.conf.dir.ivy.instance" value="jar:file:/Users/ColtonMcCurdy/.ant/lib/ivy.jar!/org/apache/ivy/core/settings" />
    <property name="ivy.buildlist.ivyfilepath" value="ivy.xml" />
    <property name="env.PYTHONSTARTUP" value="/Users/ColtonMcCurdy/.pythonrc.py" />
    <property name="sun.cpu.isalist" value="" />
    <property name="ivy.default.ivy.user.dir" value="/Users/ColtonMcCurdy/.ivy2" />
    <property name="java.runtime.version.ivy.instance" value="1.8.0_66-b17" />
    <property name="user.home" value="/Users/ColtonMcCurdy" />
    <property name="env.JAVA_HOME" value="/Library/Java/JavaVirtualMachines/jdk1.8.0_66.jdk/Contents/Home" />
    <property name="java.vm.version.ivy.instance" value="25.66-b17" />
    <property name="java.specification.name" value="Java Platform API Specification" />
    <property name="ivy.dep.file" value="ivy.xml" />
    <property name="user.timezone.ivy.instance" value="America/New_York" />
    <property name="env.JAVA_MAIN_CLASS_3021" value="org.apache.tools.ant.launch.Launcher" />
    <property name="ivy.deliver.ivy.pattern.ivy.instance" value="/Volumes/MacintoshHDD/mccurdyc/computer_science/cs441s2016/cs441s2016-fp-team1/tools/ant-ivy/distrib/[type]s/[artifact]-[revision](-[classifier]).[ext]" />
    <property name="ivy.conf.url" value="jar:file:/Users/ColtonMcCurdy/.ant/lib/ivy.jar!/org/apache/ivy/core/settings/ivysettings.xml" />
    <property name="java.specification.vendor" value="Oracle Corporation" />
    <property name="ivy.deps.changed" value="false" />
    <property name="ivy.shared.default.ivy.pattern" value="[organisation]/[module]/[revision]/[type]s/[artifact].[ext]" />
    <property name="java.version" value="1.8.0_66" />
    <property name="sun.jnu.encoding.ivy.instance" value="UTF-8" />
    <property name="sun.io.unicode.encoding.ivy.instance" value="UnicodeBig" />
    <property name="output.." value="bin/" />
    <property name="bootstrap.classes.build.dir" value="/Volumes/MacintoshHDD/mccurdyc/computer_science/cs441s2016/cs441s2016-fp-team1/tools/ant-ivy/build/classes/bootstrap" />
    <property name="sun.java.command.ivy.instance" value="org.apache.tools.ant.launch.Launcher -cp  test" />
    <property name="env.LESS" value="-niSR" />
    <property name="basedir.ivy.instance" value="/Volumes/MacintoshHDD/mccurdyc/computer_science/cs441s2016/cs441s2016-fp-team1/tools/ant-ivy" />
    <property name="ant.file.ivy" value="/Volumes/MacintoshHDD/mccurdyc/computer_science/cs441s2016/cs441s2016-fp-team1/tools/ant-ivy/build.xml" />
    <property name="ivy.conf.url.ivy.instance" value="jar:file:/Users/ColtonMcCurdy/.ant/lib/ivy.jar!/org/apache/ivy/core/settings/ivysettings.xml" />
    <property name="version.prefix" value="2.5.0-local-" />
    <property name="java.specification.vendor.ivy.instance" value="Oracle Corporation" />
    <property name="test.dir" value="/Volumes/MacintoshHDD/mccurdyc/computer_science/cs441s2016/cs441s2016-fp-team1/tools/ant-ivy/test/java" />
    <property name="ivy.build.artifacts.dir.ivy.instance" value="/Volumes/MacintoshHDD/mccurdyc/computer_science/cs441s2016/cs441s2016-fp-team1/tools/ant-ivy/build/artifacts" />
    <property name="ivy.cache.dir" value="/Users/ColtonMcCurdy/.ivy2/cache" />
    <property name="user.language.ivy.instance" value="en" />
    <property name="java.class.path.ivy.instance" value="/usr/local/Cellar/ant/1.9.4/libexec/lib/ant-launcher.jar:/Users/ColtonMcCurdy/.ant/lib/ivy.jar:/usr/local/Cellar/ant/1.9.4/libexec/lib/ant-antlr.jar:/usr/local/Cellar/ant/1.9.4/libexec/lib/ant-apache-bcel.jar:/usr/local/Cellar/ant/1.9.4/libexec/lib/ant-apache-bsf.jar:/usr/local/Cellar/ant/1.9.4/libexec/lib/ant-apache-log4j.jar:/usr/local/Cellar/ant/1.9.4/libexec/lib/ant-apache-oro.jar:/usr/local/Cellar/ant/1.9.4/libexec/lib/ant-apache-regexp.jar:/usr/local/Cellar/ant/1.9.4/libexec/lib/ant-apache-resolver.jar:/usr/local/Cellar/ant/1.9.4/libexec/lib/ant-apache-xalan2.jar:/usr/local/Cellar/ant/1.9.4/libexec/lib/ant-commons-logging.jar:/usr/local/Cellar/ant/1.9.4/libexec/lib/ant-commons-net.jar:/usr/local/Cellar/ant/1.9.4/libexec/lib/ant-jai.jar:/usr/local/Cellar/ant/1.9.4/libexec/lib/ant-javamail.jar:/usr/local/Cellar/ant/1.9.4/libexec/lib/ant-jdepend.jar:/usr/local/Cellar/ant/1.9.4/libexec/lib/ant-jmf.jar:/usr/local/Cellar/ant/1.9.4/libexec/lib/ant-jsch.jar:/usr/local/Cellar/ant/1.9.4/libexec/lib/ant-junit.jar:/usr/local/Cellar/ant/1.9.4/libexec/lib/ant-junit4.jar:/usr/local/Cellar/ant/1.9.4/libexec/lib/ant-launcher.jar:/usr/local/Cellar/ant/1.9.4/libexec/lib/ant-netrexx.jar:/usr/local/Cellar/ant/1.9.4/libexec/lib/ant-swing.jar:/usr/local/Cellar/ant/1.9.4/libexec/lib/ant-testutil.jar:/usr/local/Cellar/ant/1.9.4/libexec/lib/ant.jar:/Library/Java/JavaVirtualMachines/jdk1.8.0_66.jdk/Contents/Home/lib/tools.jar" />
    <property name="env.PWD" value="/Users/ColtonMcCurdy/computer_science/cs441s2016/cs441s2016-fp-team1/tools/ant-ivy" />
    <property name="env.TMPDIR" value="/var/folders/63/3rz5g1g93kl56014nnctmg6w0000gn/T/" />
    <property name="sun.cpu.endian.ivy.instance" value="little" />
    <property name="line.separator" value="&#xa;" />
    <property name="java.specification.version" value="1.8" />
    <property name="ivy.publish.src.artifacts.pattern" value="/Volumes/MacintoshHDD/mccurdyc/computer_science/cs441s2016/cs441s2016-fp-team1/tools/ant-ivy/distrib/[type]s/[artifact]-[revision](-[classifier]).[ext]" />
    <property name="all.classes.build.dir" value="/Volumes/MacintoshHDD/mccurdyc/computer_science/cs441s2016/cs441s2016-fp-team1/tools/ant-ivy/build/classes/all" />
    <property name="java.vm.info" value="mixed mode" />
    <property name="bin.includes" value="META-INF/,." />
    <property name="env.TERM_PROGRAM_VERSION" value="361.1" />
    <property name="ivy.retrieve.pattern" value="/Volumes/MacintoshHDD/mccurdyc/computer_science/cs441s2016/cs441s2016-fp-team1/tools/ant-ivy/lib/[artifact]-[revision](-[classifier]).[ext]" />
    <property name="ivy.organisation" value="org.apache.ivy" />
    <property name="ivy.targets.copied" value="true" />
    <property name="sun.boot.class.path" value="/Library/Java/JavaVirtualMachines/jdk1.8.0_66.jdk/Contents/Home/jre/lib/resources.jar:/Library/Java/JavaVirtualMachines/jdk1.8.0_66.jdk/Contents/Home/jre/lib/rt.jar:/Library/Java/JavaVirtualMachines/jdk1.8.0_66.jdk/Contents/Home/jre/lib/sunrsasign.jar:/Library/Java/JavaVirtualMachines/jdk1.8.0_66.jdk/Contents/Home/jre/lib/jsse.jar:/Library/Java/JavaVirtualMachines/jdk1.8.0_66.jdk/Contents/Home/jre/lib/jce.jar:/Library/Java/JavaVirtualMachines/jdk1.8.0_66.jdk/Contents/Home/jre/lib/charsets.jar:/Library/Java/JavaVirtualMachines/jdk1.8.0_66.jdk/Contents/Home/jre/lib/jfr.jar:/Library/Java/JavaVirtualMachines/jdk1.8.0_66.jdk/Contents/Home/jre/classes" />
    <property name="ivy.resolve.default.type.filter" value="*" />
    <property name="java.specification.version.ivy.instance" value="1.8" />
    <property name="src.dir" value="/Volumes/MacintoshHDD/mccurdyc/computer_science/cs441s2016/cs441s2016-fp-team1/tools/ant-ivy/src/java" />
    <property name="ivy.basedir" value="/Volumes/MacintoshHDD/mccurdyc/computer_science/cs441s2016/cs441s2016-fp-team1/tools/ant-ivy" />
    <property name="ivy.log.modules.in.use.ivy.instance" value="false" />
    <property name="env.rvm_prefix" value="/usr/local" />
    <property name="java.specification.name.ivy.instance" value="Java Platform API Specification" />
    <property name="env.HOME" value="/Users/ColtonMcCurdy" />
    <property name="line.separator.ivy.instance" value="&#xa;" />
    <property name="user.home.ivy.instance" value="/Users/ColtonMcCurdy" />
    <property name="ivy.publish.src.artifacts.pattern.ivy.instance" value="/Volumes/MacintoshHDD/mccurdyc/computer_science/cs441s2016/cs441s2016-fp-team1/tools/ant-ivy/distrib/[type]s/[artifact]-[revision](-[classifier]).[ext]" />
    <property name="ivy.deliver.ivy.pattern" value="/Volumes/MacintoshHDD/mccurdyc/computer_science/cs441s2016/cs441s2016-fp-team1/tools/ant-ivy/distrib/[type]s/[artifact]-[revision](-[classifier]).[ext]" />
    <property name="ivy.shared.default.root.ivy.instance" value="/Users/ColtonMcCurdy/.ivy2/shared" />
    <property name="ivy.checksums.ivy.instance" value="sha1,md5" />
    <property name="bundle.version" value="2.5.0.alpha_20160421192055" />
    <property name="java.awt.printerjob" value="sun.lwawt.macosx.CPrinterJob" />
    <property name="env.TMUX_PANE" value="%1" />
    <property name="TODAY" value="April 21 2016" />
    <property name="sun.jnu.encoding" value="UTF-8" />
    <property name="ivy.default.ivy.user.dir.ivy.instance" value="/Users/ColtonMcCurdy/.ivy2" />
    <property name="reports.dir" value="/Volumes/MacintoshHDD/mccurdyc/computer_science/cs441s2016/cs441s2016-fp-team1/tools/ant-ivy/build/doc/reports" />
    <property name="ant.classes.build.dir" value="/Volumes/MacintoshHDD/mccurdyc/computer_science/cs441s2016/cs441s2016-fp-team1/tools/ant-ivy/build/classes/ant" />
    <property name="ivy.project.dir" value="/Volumes/MacintoshHDD/mccurdyc/computer_science/cs441s2016/cs441s2016-fp-team1/tools/ant-ivy" />
    <property name="ivy.revision" value="working@Coltons-MBP" />
    <property name="java.runtime.version" value="1.8.0_66-b17" />
    <property name="checkstyle.src.dir" value="/Volumes/MacintoshHDD/mccurdyc/computer_science/cs441s2016/cs441s2016-fp-team1/tools/ant-ivy/src/etc/checkstyle" />
    <property name="sun.boot.class.path.ivy.instance" value="/Library/Java/JavaVirtualMachines/jdk1.8.0_66.jdk/Contents/Home/jre/lib/resources.jar:/Library/Java/JavaVirtualMachines/jdk1.8.0_66.jdk/Contents/Home/jre/lib/rt.jar:/Library/Java/JavaVirtualMachines/jdk1.8.0_66.jdk/Contents/Home/jre/lib/sunrsasign.jar:/Library/Java/JavaVirtualMachines/jdk1.8.0_66.jdk/Contents/Home/jre/lib/jsse.jar:/Library/Java/JavaVirtualMachines/jdk1.8.0_66.jdk/Contents/Home/jre/lib/jce.jar:/Library/Java/JavaVirtualMachines/jdk1.8.0_66.jdk/Contents/Home/jre/lib/charsets.jar:/Library/Java/JavaVirtualMachines/jdk1.8.0_66.jdk/Contents/Home/jre/lib/jfr.jar:/Library/Java/JavaVirtualMachines/jdk1.8.0_66.jdk/Contents/Home/jre/classes" />
    <property name="ivy.home" value="/Users/ColtonMcCurdy/.ivy2" />
    <property name="java.vendor.ivy.instance" value="Oracle Corporation" />
    <property name="ivy.distrib.dir.ivy.instance" value="/Volumes/MacintoshHDD/mccurdyc/computer_science/cs441s2016/cs441s2016-fp-team1/tools/ant-ivy/distrib" />
    <property name="user.timezone" value="" />
    <property name="java.vm.specification.name.ivy.instance" value="Java Virtual Machine Specification" />
    <property name="env.TMUX" value="/private/var/folders/63/3rz5g1g93kl56014nnctmg6w0000gn/T/tmux-501/default,1024,0" />
    <property name="ivy.dep.file.ivy.instance" value="ivy.xml" />
    <property name="java.ext.dirs" value="/Users/ColtonMcCurdy/Library/Java/Extensions:/Library/Java/JavaVirtualMachines/jdk1.8.0_66.jdk/Contents/Home/jre/lib/ext:/Library/Java/Extensions:/Network/Library/Java/Extensions:/System/Library/Java/Extensions:/usr/lib/java" />
    <property name="java.class.path" value="/Volumes/MacintoshHDD/mccurdyc/computer_science/cs441s2016/cs441s2016-fp-team1/tools/ant-ivy/lib/ant-contrib.jar:/Volumes/MacintoshHDD/mccurdyc/computer_science/cs441s2016/cs441s2016-fp-team1/tools/ant-ivy/lib/ant-testutil.jar:/Volumes/MacintoshHDD/mccurdyc/computer_science/cs441s2016/cs441s2016-fp-team1/tools/ant-ivy/lib/bcpg-jdk15on.jar:/Volumes/MacintoshHDD/mccurdyc/computer_science/cs441s2016/cs441s2016-fp-team1/tools/ant-ivy/lib/bcprov-jdk15on.jar:/Volumes/MacintoshHDD/mccurdyc/computer_science/cs441s2016/cs441s2016-fp-team1/tools/ant-ivy/lib/commons-codec.jar:/Volumes/MacintoshHDD/mccurdyc/computer_science/cs441s2016/cs441s2016-fp-team1/tools/ant-ivy/lib/commons-httpclient.jar:/Volumes/MacintoshHDD/mccurdyc/computer_science/cs441s2016/cs441s2016-fp-team1/tools/ant-ivy/lib/commons-lang.jar:/Volumes/MacintoshHDD/mccurdyc/computer_science/cs441s2016/cs441s2016-fp-team1/tools/ant-ivy/lib/commons-logging.jar:/Volumes/MacintoshHDD/mccurdyc/computer_science/cs441s2016/cs441s2016-fp-team1/tools/ant-ivy/lib/commons-vfs.jar:/Volumes/MacintoshHDD/mccurdyc/computer_science/cs441s2016/cs441s2016-fp-team1/tools/ant-ivy/lib/jna.jar:/Volumes/MacintoshHDD/mccurdyc/computer_science/cs441s2016/cs441s2016-fp-team1/tools/ant-ivy/lib/jsch.agentproxy.connector-factory.jar:/Volumes/MacintoshHDD/mccurdyc/computer_science/cs441s2016/cs441s2016-fp-team1/tools/ant-ivy/lib/jsch.agentproxy.core.jar:/Volumes/MacintoshHDD/mccurdyc/computer_science/cs441s2016/cs441s2016-fp-team1/tools/ant-ivy/lib/jsch.agentproxy.jsch.jar:/Volumes/MacintoshHDD/mccurdyc/computer_science/cs441s2016/cs441s2016-fp-team1/tools/ant-ivy/lib/jsch.agentproxy.pageant.jar:/Volumes/MacintoshHDD/mccurdyc/computer_science/cs441s2016/cs441s2016-fp-team1/tools/ant-ivy/lib/jsch.agentproxy.sshagent.jar:/Volumes/MacintoshHDD/mccurdyc/computer_science/cs441s2016/cs441s2016-fp-team1/tools/ant-ivy/lib/jsch.agentproxy.usocket-jna.jar:/Volumes/MacintoshHDD/mccurdyc/computer_science/cs441s2016/cs441s2016-fp-team1/tools/ant-ivy/lib/jsch.agentproxy.usocket-nc.jar:/Volumes/MacintoshHDD/mccurdyc/computer_science/cs441s2016/cs441s2016-fp-team1/tools/ant-ivy/lib/jsch.jar:/Volumes/MacintoshHDD/mccurdyc/computer_science/cs441s2016/cs441s2016-fp-team1/tools/ant-ivy/lib/junit.jar:/Volumes/MacintoshHDD/mccurdyc/computer_science/cs441s2016/cs441s2016-fp-team1/tools/ant-ivy/lib/mod1.2-2.0.jar:/Volumes/MacintoshHDD/mccurdyc/computer_science/cs441s2016/cs441s2016-fp-team1/tools/ant-ivy/lib/oro.jar:/Volumes/MacintoshHDD/mccurdyc/computer_science/cs441s2016/cs441s2016-fp-team1/tools/ant-ivy/lib/platform.jar:/Volumes/MacintoshHDD/mccurdyc/computer_science/cs441s2016/cs441s2016-fp-team1/tools/ant-ivy/lib/xercesImpl.jar:/Volumes/MacintoshHDD/mccurdyc/computer_science/cs441s2016/cs441s2016-fp-team1/tools/ant-ivy/lib/xmlParserAPIs.jar:/Volumes/MacintoshHDD/mccurdyc/computer_science/cs441s2016/cs441s2016-fp-team1/tools/ant-ivy/lib/xmlunit.jar:/Volumes/MacintoshHDD/mccurdyc/computer_science/cs441s2016/cs441s2016-fp-team1/tools/ant-ivy/build/classes/core:/Volumes/MacintoshHDD/mccurdyc/computer_science/cs441s2016/cs441s2016-fp-team1/tools/ant-ivy/build/classes/ant:/Volumes/MacintoshHDD/mccurdyc/computer_science/cs441s2016/cs441s2016-fp-team1/tools/ant-ivy/build/classes/optional:/Volumes/MacintoshHDD/mccurdyc/computer_science/cs441s2016/cs441s2016-fp-team1/tools/ant-ivy/build/test:/usr/local/Cellar/ant/1.9.4/libexec/lib/ant-launcher.jar:/usr/local/Cellar/ant/1.9.4/libexec/lib/ant.jar:/usr/local/Cellar/ant/1.9.4/libexec/lib/ant-junit.jar:/usr/local/Cellar/ant/1.9.4/libexec/lib/ant-junit4.jar" />
    <property name="ivy.settings.dir" value="jar:file:/Users/ColtonMcCurdy/.ant/lib/ivy.jar!/org/apache/ivy/core/settings" />
    <property name="example.dir" value="/Volumes/MacintoshHDD/mccurdyc/computer_science/cs441s2016/cs441s2016-fp-team1/tools/ant-ivy/src/example" />
    <property name="os.version" value="10.11.4" />
    <property name="coverage.report.dir" value="/Volumes/MacintoshHDD/mccurdyc/computer_science/cs441s2016/cs441s2016-fp-team1/tools/ant-ivy/build/doc/reports/coverage" />
    <property name="java.class.version.ivy.instance" value="52.0" />
    <property name="ivy.module" value="ivy" />
    <property name="os.arch.ivy.instance" value="x86_64" />
    <property name="env.TERM_SESSION_ID" value="4A239604-06C0-4C75-82B4-8A1D80F9C9E9" />
    <property name="env.LANG" value="en_US.UTF-8" />
    <property name="ivy.nb.targets.copied" value="28" />
    <property name="java.awt.graphicsenv" value="sun.awt.CGraphicsEnvironment" />
    <property name="java.vm.name.ivy.instance" value="Java HotSpot(TM) 64-Bit Server VM" />
    <property name="target.ivy.bundle.version.qualifier" value="alpha_" />
    <property name="java.vm.vendor" value="Oracle Corporation" />
    <property name="ivy.log.modules.in.use" value="false" />
    <property name="test.class.pattern" value="*Test" />
    <property name="pubdate" value="20160421192055" />
    <property name="ant.file.type" value="file" />
    <property name="ivy.build.artifacts.dir" value="/Volumes/MacintoshHDD/mccurdyc/computer_science/cs441s2016/cs441s2016-fp-team1/tools/ant-ivy/build/artifacts" />
    <property name="sun.os.patch.level.ivy.instance" value="unknown" />
    <property name="ivy.checksums" value="sha1,md5" />
    <property name="build.dir" value="/Volumes/MacintoshHDD/mccurdyc/computer_science/cs441s2016/cs441s2016-fp-team1/tools/ant-ivy/build" />
    <property name="ivy.configurations" value="*" />
    <property name="final.name" value="ivy.jar" />
    <property name="ivy.distrib.dir" value="/Volumes/MacintoshHDD/mccurdyc/computer_science/cs441s2016/cs441s2016-fp-team1/tools/ant-ivy/distrib" />
    <property name="ant.version" value="Apache Ant(TM) version 1.9.4 compiled on April 29 2014" />
    <property name="ivy.report.dir" value="/Volumes/MacintoshHDD/mccurdyc/computer_science/cs441s2016/cs441s2016-fp-team1/tools/ant-ivy/build/doc/reports/ivy" />
    <property name="file.encoding" value="UTF-8" />
    <property name="env.__CF_USER_TEXT_ENCODING" value="0x1F5:0x0:0x0" />
    <property name="awt.toolkit" value="sun.lwawt.macosx.LWCToolkit" />
    <property name="emma.coverage.out.merge" value="true" />
    <property name="user.name.ivy.instance" value="ColtonMcCurdy" />
  </properties>
  <testcase classname="org.apache.ivy.plugins.conflict.LatestCompatibleConflictManagerTest" name="testCompatibilityResolveCircularDependency1" time="0.599" />
  <testcase classname="org.apache.ivy.plugins.conflict.LatestCompatibleConflictManagerTest" name="testCompatibilityResolveCircularDependency2" time="0.146" />
  <testcase classname="org.apache.ivy.plugins.conflict.LatestCompatibleConflictManagerTest" name="testCompatibilityResolveCircularDependency3" time="0.159" />
  <testcase classname="org.apache.ivy.plugins.conflict.LatestCompatibleConflictManagerTest" name="testConflict" time="0.151" />
  <testcase classname="org.apache.ivy.plugins.conflict.LatestCompatibleConflictManagerTest" name="testDynamicRootConflict" time="0.13" />
  <testcase classname="org.apache.ivy.plugins.conflict.LatestCompatibleConflictManagerTest" name="testCompatibilityResolve1" time="0.112" />
  <testcase classname="org.apache.ivy.plugins.conflict.LatestCompatibleConflictManagerTest" name="testInitFromSettings" time="0.007" />
  <testcase classname="org.apache.ivy.plugins.conflict.LatestCompatibleConflictManagerTest" name="testCompatibilityResolve2" time="0.174" />
  <testcase classname="org.apache.ivy.plugins.conflict.LatestCompatibleConflictManagerTest" name="testCompatibilityResolve3" time="0.356" />
  <testcase classname="org.apache.ivy.plugins.conflict.LatestCompatibleConflictManagerTest" name="testCompatibilityResolve4" time="0.233" />
  <testcase classname="org.apache.ivy.plugins.conflict.LatestCompatibleConflictManagerTest" name="testCompatibilityResolve5" time="0.19" />
  <testcase classname="org.apache.ivy.plugins.conflict.LatestCompatibleConflictManagerTest" name="testCompatibilityResolve6" time="0.107" />
  <system-out><![CDATA[:: loading settings :: url = file:/Volumes/MacintoshHDD/mccurdyc/computer_science/cs441s2016/cs441s2016-fp-team1/tools/ant-ivy/build/classes/core/org/apache/ivy/core/settings/ivysettings.xml
	published ivy to /Volumes/MacintoshHDD/mccurdyc/computer_science/cs441s2016/cs441s2016-fp-team1/tools/ant-ivy/build/test/test-repo/A/6.part/ivy.xml
	published A to /Volumes/MacintoshHDD/mccurdyc/computer_science/cs441s2016/cs441s2016-fp-team1/tools/ant-ivy/build/test/test-repo/A/6.part/A.jar
	publish commited: moved /Volumes/MacintoshHDD/mccurdyc/computer_science/cs441s2016/cs441s2016-fp-team1/tools/ant-ivy/build/test/test-repo/A/6.part 
		to /Volumes/MacintoshHDD/mccurdyc/computer_science/cs441s2016/cs441s2016-fp-team1/tools/ant-ivy/build/test/test-repo/A/6
	published ivy to /Volumes/MacintoshHDD/mccurdyc/computer_science/cs441s2016/cs441s2016-fp-team1/tools/ant-ivy/build/test/test-repo/B/3.4.part/ivy.xml
	published B to /Volumes/MacintoshHDD/mccurdyc/computer_science/cs441s2016/cs441s2016-fp-team1/tools/ant-ivy/build/test/test-repo/B/3.4.part/B.jar
	publish commited: moved /Volumes/MacintoshHDD/mccurdyc/computer_science/cs441s2016/cs441s2016-fp-team1/tools/ant-ivy/build/test/test-repo/B/3.4.part 
		to /Volumes/MacintoshHDD/mccurdyc/computer_science/cs441s2016/cs441s2016-fp-team1/tools/ant-ivy/build/test/test-repo/B/3.4
	published ivy to /Volumes/MacintoshHDD/mccurdyc/computer_science/cs441s2016/cs441s2016-fp-team1/tools/ant-ivy/build/test/test-repo/B/3.5.part/ivy.xml
	published B to /Volumes/MacintoshHDD/mccurdyc/computer_science/cs441s2016/cs441s2016-fp-team1/tools/ant-ivy/build/test/test-repo/B/3.5.part/B.jar
	publish commited: moved /Volumes/MacintoshHDD/mccurdyc/computer_science/cs441s2016/cs441s2016-fp-team1/tools/ant-ivy/build/test/test-repo/B/3.5.part 
		to /Volumes/MacintoshHDD/mccurdyc/computer_science/cs441s2016/cs441s2016-fp-team1/tools/ant-ivy/build/test/test-repo/B/3.5
	published ivy to /Volumes/MacintoshHDD/mccurdyc/computer_science/cs441s2016/cs441s2016-fp-team1/tools/ant-ivy/build/test/test-repo/C/4.6.part/ivy.xml
	published C to /Volumes/MacintoshHDD/mccurdyc/computer_science/cs441s2016/cs441s2016-fp-team1/tools/ant-ivy/build/test/test-repo/C/4.6.part/C.jar
	publish commited: moved /Volumes/MacintoshHDD/mccurdyc/computer_science/cs441s2016/cs441s2016-fp-team1/tools/ant-ivy/build/test/test-repo/C/4.6.part 
		to /Volumes/MacintoshHDD/mccurdyc/computer_science/cs441s2016/cs441s2016-fp-team1/tools/ant-ivy/build/test/test-repo/C/4.6
	published ivy to /Volumes/MacintoshHDD/mccurdyc/computer_science/cs441s2016/cs441s2016-fp-team1/tools/ant-ivy/build/test/test-repo/D/3.0.part/ivy.xml
	published D to /Volumes/MacintoshHDD/mccurdyc/computer_science/cs441s2016/cs441s2016-fp-team1/tools/ant-ivy/build/test/test-repo/D/3.0.part/D.jar
	publish commited: moved /Volumes/MacintoshHDD/mccurdyc/computer_science/cs441s2016/cs441s2016-fp-team1/tools/ant-ivy/build/test/test-repo/D/3.0.part 
		to /Volumes/MacintoshHDD/mccurdyc/computer_science/cs441s2016/cs441s2016-fp-team1/tools/ant-ivy/build/test/test-repo/D/3.0
	published ivy to /Volumes/MacintoshHDD/mccurdyc/computer_science/cs441s2016/cs441s2016-fp-team1/tools/ant-ivy/build/test/test-repo/D/2.5.part/ivy.xml
	published D to /Volumes/MacintoshHDD/mccurdyc/computer_science/cs441s2016/cs441s2016-fp-team1/tools/ant-ivy/build/test/test-repo/D/2.5.part/D.jar
	publish commited: moved /Volumes/MacintoshHDD/mccurdyc/computer_science/cs441s2016/cs441s2016-fp-team1/tools/ant-ivy/build/test/test-repo/D/2.5.part 
		to /Volumes/MacintoshHDD/mccurdyc/computer_science/cs441s2016/cs441s2016-fp-team1/tools/ant-ivy/build/test/test-repo/D/2.5
:: resolving dependencies :: #A;6
	confs: [default]
	found #B;3.5 in test
	[3.5] #B;[3.0,3.5]
	found #D;3.0 in test
	found #C;4.6 in test
BLACKLISTING [#B;3.5 blacklisted to evict #D;3.0 in favor of #D;2.5 in #A;6 for default]
	found #B;3.4 in test
	[3.4] #B;[3.0,3.5]
	found #D;2.5 in test
downloading /Volumes/MacintoshHDD/mccurdyc/computer_science/cs441s2016/cs441s2016-fp-team1/tools/ant-ivy/build/test/test-repo/C/4.6/C.jar ...
	[SUCCESSFUL ] #C;4.6!C.jar (3ms)
downloading /Volumes/MacintoshHDD/mccurdyc/computer_science/cs441s2016/cs441s2016-fp-team1/tools/ant-ivy/build/test/test-repo/D/2.5/D.jar ...
	[SUCCESSFUL ] #D;2.5!D.jar (2ms)
downloading /Volumes/MacintoshHDD/mccurdyc/computer_science/cs441s2016/cs441s2016-fp-team1/tools/ant-ivy/build/test/test-repo/B/3.4/B.jar ...
	[SUCCESSFUL ] #B;3.4!B.jar (2ms)
:: resolution report :: resolve 210ms :: artifacts dl 10ms
	:: evicted modules:
	#D;3.0 by [#D;2.5 with blacklisting of #B;3.5] in [default]
	---------------------------------------------------------------------
	|                  |            modules            ||   artifacts   |
	|       conf       | number| search|dwnlded|evicted|| number|dwnlded|
	---------------------------------------------------------------------
	|      default     |   4   |   4   |   4   |   1   ||   3   |   3   |
	---------------------------------------------------------------------

:: problems summary ::
:::: WARNINGS
	circular dependency found: #B;[3.0,3.5]->#D;3.0->...

	circular dependency found: #D;3.0->#B;[3.0,3.5]->...

	circular dependency found: #B;[3.0,3.5]->#D;2.5->...

	circular dependency found: #D;2.5->#B;[3.0,3.5]->...


:: USE VERBOSE OR DEBUG MESSAGE LEVEL FOR MORE DETAILS
	published ivy to /Volumes/MacintoshHDD/mccurdyc/computer_science/cs441s2016/cs441s2016-fp-team1/tools/ant-ivy/build/test/test-repo/A/1.part/ivy.xml
	published A to /Volumes/MacintoshHDD/mccurdyc/computer_science/cs441s2016/cs441s2016-fp-team1/tools/ant-ivy/build/test/test-repo/A/1.part/A.jar
	publish commited: moved /Volumes/MacintoshHDD/mccurdyc/computer_science/cs441s2016/cs441s2016-fp-team1/tools/ant-ivy/build/test/test-repo/A/1.part 
		to /Volumes/MacintoshHDD/mccurdyc/computer_science/cs441s2016/cs441s2016-fp-team1/tools/ant-ivy/build/test/test-repo/A/1
	published ivy to /Volumes/MacintoshHDD/mccurdyc/computer_science/cs441s2016/cs441s2016-fp-team1/tools/ant-ivy/build/test/test-repo/C/1.part/ivy.xml
	published C to /Volumes/MacintoshHDD/mccurdyc/computer_science/cs441s2016/cs441s2016-fp-team1/tools/ant-ivy/build/test/test-repo/C/1.part/C.jar
	publish commited: moved /Volumes/MacintoshHDD/mccurdyc/computer_science/cs441s2016/cs441s2016-fp-team1/tools/ant-ivy/build/test/test-repo/C/1.part 
		to /Volumes/MacintoshHDD/mccurdyc/computer_science/cs441s2016/cs441s2016-fp-team1/tools/ant-ivy/build/test/test-repo/C/1
	published ivy to /Volumes/MacintoshHDD/mccurdyc/computer_science/cs441s2016/cs441s2016-fp-team1/tools/ant-ivy/build/test/test-repo/C/2.part/ivy.xml
	published C to /Volumes/MacintoshHDD/mccurdyc/computer_science/cs441s2016/cs441s2016-fp-team1/tools/ant-ivy/build/test/test-repo/C/2.part/C.jar
	publish commited: moved /Volumes/MacintoshHDD/mccurdyc/computer_science/cs441s2016/cs441s2016-fp-team1/tools/ant-ivy/build/test/test-repo/C/2.part 
		to /Volumes/MacintoshHDD/mccurdyc/computer_science/cs441s2016/cs441s2016-fp-team1/tools/ant-ivy/build/test/test-repo/C/2
	published ivy to /Volumes/MacintoshHDD/mccurdyc/computer_science/cs441s2016/cs441s2016-fp-team1/tools/ant-ivy/build/test/test-repo/C/3.part/ivy.xml
	published C to /Volumes/MacintoshHDD/mccurdyc/computer_science/cs441s2016/cs441s2016-fp-team1/tools/ant-ivy/build/test/test-repo/C/3.part/C.jar
	publish commited: moved /Volumes/MacintoshHDD/mccurdyc/computer_science/cs441s2016/cs441s2016-fp-team1/tools/ant-ivy/build/test/test-repo/C/3.part 
		to /Volumes/MacintoshHDD/mccurdyc/computer_science/cs441s2016/cs441s2016-fp-team1/tools/ant-ivy/build/test/test-repo/C/3
	published ivy to /Volumes/MacintoshHDD/mccurdyc/computer_science/cs441s2016/cs441s2016-fp-team1/tools/ant-ivy/build/test/test-repo/B/1.part/ivy.xml
	published B to /Volumes/MacintoshHDD/mccurdyc/computer_science/cs441s2016/cs441s2016-fp-team1/tools/ant-ivy/build/test/test-repo/B/1.part/B.jar
	publish commited: moved /Volumes/MacintoshHDD/mccurdyc/computer_science/cs441s2016/cs441s2016-fp-team1/tools/ant-ivy/build/test/test-repo/B/1.part 
		to /Volumes/MacintoshHDD/mccurdyc/computer_science/cs441s2016/cs441s2016-fp-team1/tools/ant-ivy/build/test/test-repo/B/1
	published ivy to /Volumes/MacintoshHDD/mccurdyc/computer_science/cs441s2016/cs441s2016-fp-team1/tools/ant-ivy/build/test/test-repo/B/2.part/ivy.xml
	published B to /Volumes/MacintoshHDD/mccurdyc/computer_science/cs441s2016/cs441s2016-fp-team1/tools/ant-ivy/build/test/test-repo/B/2.part/B.jar
	publish commited: moved /Volumes/MacintoshHDD/mccurdyc/computer_science/cs441s2016/cs441s2016-fp-team1/tools/ant-ivy/build/test/test-repo/B/2.part 
		to /Volumes/MacintoshHDD/mccurdyc/computer_science/cs441s2016/cs441s2016-fp-team1/tools/ant-ivy/build/test/test-repo/B/2
	published ivy to /Volumes/MacintoshHDD/mccurdyc/computer_science/cs441s2016/cs441s2016-fp-team1/tools/ant-ivy/build/test/test-repo/B/3.part/ivy.xml
	published B to /Volumes/MacintoshHDD/mccurdyc/computer_science/cs441s2016/cs441s2016-fp-team1/tools/ant-ivy/build/test/test-repo/B/3.part/B.jar
	publish commited: moved /Volumes/MacintoshHDD/mccurdyc/computer_science/cs441s2016/cs441s2016-fp-team1/tools/ant-ivy/build/test/test-repo/B/3.part 
		to /Volumes/MacintoshHDD/mccurdyc/computer_science/cs441s2016/cs441s2016-fp-team1/tools/ant-ivy/build/test/test-repo/B/3
:: resolving dependencies :: #A;1
	confs: [default]
	found #C;2 in test
	found #B;2 in test
downloading /Volumes/MacintoshHDD/mccurdyc/computer_science/cs441s2016/cs441s2016-fp-team1/tools/ant-ivy/build/test/test-repo/C/2/C.jar ...
	[SUCCESSFUL ] #C;2!C.jar (2ms)
downloading /Volumes/MacintoshHDD/mccurdyc/computer_science/cs441s2016/cs441s2016-fp-team1/tools/ant-ivy/build/test/test-repo/B/2/B.jar ...
	[SUCCESSFUL ] #B;2!B.jar (3ms)
:: resolution report :: resolve 56ms :: artifacts dl 8ms
	:: evicted modules:
	#C;latest.integration by [#C;2] in [default]
	---------------------------------------------------------------------
	|                  |            modules            ||   artifacts   |
	|       conf       | number| search|dwnlded|evicted|| number|dwnlded|
	---------------------------------------------------------------------
	|      default     |   3   |   2   |   2   |   1   ||   2   |   2   |
	---------------------------------------------------------------------

:: problems summary ::
:::: WARNINGS
	circular dependency found: #C;2->#B;2->#C;latest.integration


:: USE VERBOSE OR DEBUG MESSAGE LEVEL FOR MORE DETAILS
	published ivy to /Volumes/MacintoshHDD/mccurdyc/computer_science/cs441s2016/cs441s2016-fp-team1/tools/ant-ivy/build/test/test-repo/A/1.part/ivy.xml
	published A to /Volumes/MacintoshHDD/mccurdyc/computer_science/cs441s2016/cs441s2016-fp-team1/tools/ant-ivy/build/test/test-repo/A/1.part/A.jar
	publish commited: moved /Volumes/MacintoshHDD/mccurdyc/computer_science/cs441s2016/cs441s2016-fp-team1/tools/ant-ivy/build/test/test-repo/A/1.part 
		to /Volumes/MacintoshHDD/mccurdyc/computer_science/cs441s2016/cs441s2016-fp-team1/tools/ant-ivy/build/test/test-repo/A/1
	published ivy to /Volumes/MacintoshHDD/mccurdyc/computer_science/cs441s2016/cs441s2016-fp-team1/tools/ant-ivy/build/test/test-repo/C/1.part/ivy.xml
	published C to /Volumes/MacintoshHDD/mccurdyc/computer_science/cs441s2016/cs441s2016-fp-team1/tools/ant-ivy/build/test/test-repo/C/1.part/C.jar
	publish commited: moved /Volumes/MacintoshHDD/mccurdyc/computer_science/cs441s2016/cs441s2016-fp-team1/tools/ant-ivy/build/test/test-repo/C/1.part 
		to /Volumes/MacintoshHDD/mccurdyc/computer_science/cs441s2016/cs441s2016-fp-team1/tools/ant-ivy/build/test/test-repo/C/1
	published ivy to /Volumes/MacintoshHDD/mccurdyc/computer_science/cs441s2016/cs441s2016-fp-team1/tools/ant-ivy/build/test/test-repo/C/2.part/ivy.xml
	published C to /Volumes/MacintoshHDD/mccurdyc/computer_science/cs441s2016/cs441s2016-fp-team1/tools/ant-ivy/build/test/test-repo/C/2.part/C.jar
	publish commited: moved /Volumes/MacintoshHDD/mccurdyc/computer_science/cs441s2016/cs441s2016-fp-team1/tools/ant-ivy/build/test/test-repo/C/2.part 
		to /Volumes/MacintoshHDD/mccurdyc/computer_science/cs441s2016/cs441s2016-fp-team1/tools/ant-ivy/build/test/test-repo/C/2
	published ivy to /Volumes/MacintoshHDD/mccurdyc/computer_science/cs441s2016/cs441s2016-fp-team1/tools/ant-ivy/build/test/test-repo/C/3.part/ivy.xml
	published C to /Volumes/MacintoshHDD/mccurdyc/computer_science/cs441s2016/cs441s2016-fp-team1/tools/ant-ivy/build/test/test-repo/C/3.part/C.jar
	publish commited: moved /Volumes/MacintoshHDD/mccurdyc/computer_science/cs441s2016/cs441s2016-fp-team1/tools/ant-ivy/build/test/test-repo/C/3.part 
		to /Volumes/MacintoshHDD/mccurdyc/computer_science/cs441s2016/cs441s2016-fp-team1/tools/ant-ivy/build/test/test-repo/C/3
	published ivy to /Volumes/MacintoshHDD/mccurdyc/computer_science/cs441s2016/cs441s2016-fp-team1/tools/ant-ivy/build/test/test-repo/B/1.part/ivy.xml
	published B to /Volumes/MacintoshHDD/mccurdyc/computer_science/cs441s2016/cs441s2016-fp-team1/tools/ant-ivy/build/test/test-repo/B/1.part/B.jar
	publish commited: moved /Volumes/MacintoshHDD/mccurdyc/computer_science/cs441s2016/cs441s2016-fp-team1/tools/ant-ivy/build/test/test-repo/B/1.part 
		to /Volumes/MacintoshHDD/mccurdyc/computer_science/cs441s2016/cs441s2016-fp-team1/tools/ant-ivy/build/test/test-repo/B/1
	published ivy to /Volumes/MacintoshHDD/mccurdyc/computer_science/cs441s2016/cs441s2016-fp-team1/tools/ant-ivy/build/test/test-repo/B/2.part/ivy.xml
	published B to /Volumes/MacintoshHDD/mccurdyc/computer_science/cs441s2016/cs441s2016-fp-team1/tools/ant-ivy/build/test/test-repo/B/2.part/B.jar
	publish commited: moved /Volumes/MacintoshHDD/mccurdyc/computer_science/cs441s2016/cs441s2016-fp-team1/tools/ant-ivy/build/test/test-repo/B/2.part 
		to /Volumes/MacintoshHDD/mccurdyc/computer_science/cs441s2016/cs441s2016-fp-team1/tools/ant-ivy/build/test/test-repo/B/2
	published ivy to /Volumes/MacintoshHDD/mccurdyc/computer_science/cs441s2016/cs441s2016-fp-team1/tools/ant-ivy/build/test/test-repo/B/3.part/ivy.xml
	published B to /Volumes/MacintoshHDD/mccurdyc/computer_science/cs441s2016/cs441s2016-fp-team1/tools/ant-ivy/build/test/test-repo/B/3.part/B.jar
	publish commited: moved /Volumes/MacintoshHDD/mccurdyc/computer_science/cs441s2016/cs441s2016-fp-team1/tools/ant-ivy/build/test/test-repo/B/3.part 
		to /Volumes/MacintoshHDD/mccurdyc/computer_science/cs441s2016/cs441s2016-fp-team1/tools/ant-ivy/build/test/test-repo/B/3
:: resolving dependencies :: #A;1
	confs: [default]
	found #B;2 in test
	found #C;3 in test
	[3] #C;latest.integration
BLACKLISTING [#C;3 blacklisted to evict #B;3 in favor of #B;2 in #A;1 for default]
	found #C;2 in test
	[2] #C;latest.integration
downloading /Volumes/MacintoshHDD/mccurdyc/computer_science/cs441s2016/cs441s2016-fp-team1/tools/ant-ivy/build/test/test-repo/B/2/B.jar ...
	[SUCCESSFUL ] #B;2!B.jar (2ms)
downloading /Volumes/MacintoshHDD/mccurdyc/computer_science/cs441s2016/cs441s2016-fp-team1/tools/ant-ivy/build/test/test-repo/C/2/C.jar ...
	[SUCCESSFUL ] #C;2!C.jar (2ms)
:: resolution report :: resolve 75ms :: artifacts dl 7ms
	:: evicted modules:
	#B;3 by [#B;2 with blacklisting of #C;3] in [default]
	---------------------------------------------------------------------
	|                  |            modules            ||   artifacts   |
	|       conf       | number| search|dwnlded|evicted|| number|dwnlded|
	---------------------------------------------------------------------
	|      default     |   3   |   2   |   2   |   1   ||   2   |   2   |
	---------------------------------------------------------------------

:: problems summary ::
:::: WARNINGS
	circular dependency found: #B;2->#C;latest.integration->#B;3

	circular dependency found: #B;2->#C;latest.integration->...

	circular dependency found: #C;latest.integration->#B;2->...


:: USE VERBOSE OR DEBUG MESSAGE LEVEL FOR MORE DETAILS
	published ivy to /Volumes/MacintoshHDD/mccurdyc/computer_science/cs441s2016/cs441s2016-fp-team1/tools/ant-ivy/build/test/test-repo/A/conflict.part/ivy.xml
	published A to /Volumes/MacintoshHDD/mccurdyc/computer_science/cs441s2016/cs441s2016-fp-team1/tools/ant-ivy/build/test/test-repo/A/conflict.part/A.jar
	publish commited: moved /Volumes/MacintoshHDD/mccurdyc/computer_science/cs441s2016/cs441s2016-fp-team1/tools/ant-ivy/build/test/test-repo/A/conflict.part 
		to /Volumes/MacintoshHDD/mccurdyc/computer_science/cs441s2016/cs441s2016-fp-team1/tools/ant-ivy/build/test/test-repo/A/conflict
	published ivy to /Volumes/MacintoshHDD/mccurdyc/computer_science/cs441s2016/cs441s2016-fp-team1/tools/ant-ivy/build/test/test-repo/B/1.5.part/ivy.xml
	published B to /Volumes/MacintoshHDD/mccurdyc/computer_science/cs441s2016/cs441s2016-fp-team1/tools/ant-ivy/build/test/test-repo/B/1.5.part/B.jar
	publish commited: moved /Volumes/MacintoshHDD/mccurdyc/computer_science/cs441s2016/cs441s2016-fp-team1/tools/ant-ivy/build/test/test-repo/B/1.5.part 
		to /Volumes/MacintoshHDD/mccurdyc/computer_science/cs441s2016/cs441s2016-fp-team1/tools/ant-ivy/build/test/test-repo/B/1.5
	published ivy to /Volumes/MacintoshHDD/mccurdyc/computer_science/cs441s2016/cs441s2016-fp-team1/tools/ant-ivy/build/test/test-repo/B/1.6.part/ivy.xml
	published B to /Volumes/MacintoshHDD/mccurdyc/computer_science/cs441s2016/cs441s2016-fp-team1/tools/ant-ivy/build/test/test-repo/B/1.6.part/B.jar
	publish commited: moved /Volumes/MacintoshHDD/mccurdyc/computer_science/cs441s2016/cs441s2016-fp-team1/tools/ant-ivy/build/test/test-repo/B/1.6.part 
		to /Volumes/MacintoshHDD/mccurdyc/computer_science/cs441s2016/cs441s2016-fp-team1/tools/ant-ivy/build/test/test-repo/B/1.6
	published ivy to /Volumes/MacintoshHDD/mccurdyc/computer_science/cs441s2016/cs441s2016-fp-team1/tools/ant-ivy/build/test/test-repo/C/2.5.part/ivy.xml
	published C to /Volumes/MacintoshHDD/mccurdyc/computer_science/cs441s2016/cs441s2016-fp-team1/tools/ant-ivy/build/test/test-repo/C/2.5.part/C.jar
	publish commited: moved /Volumes/MacintoshHDD/mccurdyc/computer_science/cs441s2016/cs441s2016-fp-team1/tools/ant-ivy/build/test/test-repo/C/2.5.part 
		to /Volumes/MacintoshHDD/mccurdyc/computer_science/cs441s2016/cs441s2016-fp-team1/tools/ant-ivy/build/test/test-repo/C/2.5
	published ivy to /Volumes/MacintoshHDD/mccurdyc/computer_science/cs441s2016/cs441s2016-fp-team1/tools/ant-ivy/build/test/test-repo/D/1.5.part/ivy.xml
	published D to /Volumes/MacintoshHDD/mccurdyc/computer_science/cs441s2016/cs441s2016-fp-team1/tools/ant-ivy/build/test/test-repo/D/1.5.part/D.jar
	publish commited: moved /Volumes/MacintoshHDD/mccurdyc/computer_science/cs441s2016/cs441s2016-fp-team1/tools/ant-ivy/build/test/test-repo/D/1.5.part 
		to /Volumes/MacintoshHDD/mccurdyc/computer_science/cs441s2016/cs441s2016-fp-team1/tools/ant-ivy/build/test/test-repo/D/1.5
	published ivy to /Volumes/MacintoshHDD/mccurdyc/computer_science/cs441s2016/cs441s2016-fp-team1/tools/ant-ivy/build/test/test-repo/D/1.6.part/ivy.xml
	published D to /Volumes/MacintoshHDD/mccurdyc/computer_science/cs441s2016/cs441s2016-fp-team1/tools/ant-ivy/build/test/test-repo/D/1.6.part/D.jar
	publish commited: moved /Volumes/MacintoshHDD/mccurdyc/computer_science/cs441s2016/cs441s2016-fp-team1/tools/ant-ivy/build/test/test-repo/D/1.6.part 
		to /Volumes/MacintoshHDD/mccurdyc/computer_science/cs441s2016/cs441s2016-fp-team1/tools/ant-ivy/build/test/test-repo/D/1.6
	published ivy to /Volumes/MacintoshHDD/mccurdyc/computer_science/cs441s2016/cs441s2016-fp-team1/tools/ant-ivy/build/test/test-repo/D/2.0.part/ivy.xml
	published D to /Volumes/MacintoshHDD/mccurdyc/computer_science/cs441s2016/cs441s2016-fp-team1/tools/ant-ivy/build/test/test-repo/D/2.0.part/D.jar
	publish commited: moved /Volumes/MacintoshHDD/mccurdyc/computer_science/cs441s2016/cs441s2016-fp-team1/tools/ant-ivy/build/test/test-repo/D/2.0.part 
		to /Volumes/MacintoshHDD/mccurdyc/computer_science/cs441s2016/cs441s2016-fp-team1/tools/ant-ivy/build/test/test-repo/D/2.0
:: resolving dependencies :: #A;conflict
	confs: [default]
	found #B;1.6 in test
	[1.6] #B;[1.5,1.6]
	found #D;2.0 in test
	found #C;2.5 in test
BLACKLISTING [#B;1.6 blacklisted to evict #D;2.0 in favor of #D;[1.0,1.6] in #A;conflict for default]
	found #B;1.5 in test
	[1.5] #B;[1.5,1.6]
BLACKLISTING [#B;1.5 blacklisted to evict #D;2.0 in favor of #D;[1.0,1.6] in #A;conflict for default]

:: problems summary ::
:::: ERRORS
	#D;2.0 (needed by []) conflicts with #D;[1.0,1.6] (needed by [#C;2.5])


:: USE VERBOSE OR DEBUG MESSAGE LEVEL FOR MORE DETAILS
	published ivy to /Volumes/MacintoshHDD/mccurdyc/computer_science/cs441s2016/cs441s2016-fp-team1/tools/ant-ivy/build/test/test-repo/A/conflict.part/ivy.xml
	published A to /Volumes/MacintoshHDD/mccurdyc/computer_science/cs441s2016/cs441s2016-fp-team1/tools/ant-ivy/build/test/test-repo/A/conflict.part/A.jar
	publish commited: moved /Volumes/MacintoshHDD/mccurdyc/computer_science/cs441s2016/cs441s2016-fp-team1/tools/ant-ivy/build/test/test-repo/A/conflict.part 
		to /Volumes/MacintoshHDD/mccurdyc/computer_science/cs441s2016/cs441s2016-fp-team1/tools/ant-ivy/build/test/test-repo/A/conflict
	published ivy to /Volumes/MacintoshHDD/mccurdyc/computer_science/cs441s2016/cs441s2016-fp-team1/tools/ant-ivy/build/test/test-repo/B/1.0.0.part/ivy.xml
	published B to /Volumes/MacintoshHDD/mccurdyc/computer_science/cs441s2016/cs441s2016-fp-team1/tools/ant-ivy/build/test/test-repo/B/1.0.0.part/B.jar
	publish commited: moved /Volumes/MacintoshHDD/mccurdyc/computer_science/cs441s2016/cs441s2016-fp-team1/tools/ant-ivy/build/test/test-repo/B/1.0.0.part 
		to /Volumes/MacintoshHDD/mccurdyc/computer_science/cs441s2016/cs441s2016-fp-team1/tools/ant-ivy/build/test/test-repo/B/1.0.0
	published ivy to /Volumes/MacintoshHDD/mccurdyc/computer_science/cs441s2016/cs441s2016-fp-team1/tools/ant-ivy/build/test/test-repo/B/1.1.0.part/ivy.xml
	published B to /Volumes/MacintoshHDD/mccurdyc/computer_science/cs441s2016/cs441s2016-fp-team1/tools/ant-ivy/build/test/test-repo/B/1.1.0.part/B.jar
	publish commited: moved /Volumes/MacintoshHDD/mccurdyc/computer_science/cs441s2016/cs441s2016-fp-team1/tools/ant-ivy/build/test/test-repo/B/1.1.0.part 
		to /Volumes/MacintoshHDD/mccurdyc/computer_science/cs441s2016/cs441s2016-fp-team1/tools/ant-ivy/build/test/test-repo/B/1.1.0
	published ivy to /Volumes/MacintoshHDD/mccurdyc/computer_science/cs441s2016/cs441s2016-fp-team1/tools/ant-ivy/build/test/test-repo/B/pCC.main.0.0.part/ivy.xml
	published B to /Volumes/MacintoshHDD/mccurdyc/computer_science/cs441s2016/cs441s2016-fp-team1/tools/ant-ivy/build/test/test-repo/B/pCC.main.0.0.part/B.jar
	publish commited: moved /Volumes/MacintoshHDD/mccurdyc/computer_science/cs441s2016/cs441s2016-fp-team1/tools/ant-ivy/build/test/test-repo/B/pCC.main.0.0.part 
		to /Volumes/MacintoshHDD/mccurdyc/computer_science/cs441s2016/cs441s2016-fp-team1/tools/ant-ivy/build/test/test-repo/B/pCC.main.0.0
	published ivy to /Volumes/MacintoshHDD/mccurdyc/computer_science/cs441s2016/cs441s2016-fp-team1/tools/ant-ivy/build/test/test-repo/C/1.0.0.part/ivy.xml
	published C to /Volumes/MacintoshHDD/mccurdyc/computer_science/cs441s2016/cs441s2016-fp-team1/tools/ant-ivy/build/test/test-repo/C/1.0.0.part/C.jar
	publish commited: moved /Volumes/MacintoshHDD/mccurdyc/computer_science/cs441s2016/cs441s2016-fp-team1/tools/ant-ivy/build/test/test-repo/C/1.0.0.part 
		to /Volumes/MacintoshHDD/mccurdyc/computer_science/cs441s2016/cs441s2016-fp-team1/tools/ant-ivy/build/test/test-repo/C/1.0.0
	published ivy to /Volumes/MacintoshHDD/mccurdyc/computer_science/cs441s2016/cs441s2016-fp-team1/tools/ant-ivy/build/test/test-repo/C/1.1.0.part/ivy.xml
	published C to /Volumes/MacintoshHDD/mccurdyc/computer_science/cs441s2016/cs441s2016-fp-team1/tools/ant-ivy/build/test/test-repo/C/1.1.0.part/C.jar
	publish commited: moved /Volumes/MacintoshHDD/mccurdyc/computer_science/cs441s2016/cs441s2016-fp-team1/tools/ant-ivy/build/test/test-repo/C/1.1.0.part 
		to /Volumes/MacintoshHDD/mccurdyc/computer_science/cs441s2016/cs441s2016-fp-team1/tools/ant-ivy/build/test/test-repo/C/1.1.0
	published ivy to /Volumes/MacintoshHDD/mccurdyc/computer_science/cs441s2016/cs441s2016-fp-team1/tools/ant-ivy/build/test/test-repo/C/pCC.main.1.9.part/ivy.xml
	published C to /Volumes/MacintoshHDD/mccurdyc/computer_science/cs441s2016/cs441s2016-fp-team1/tools/ant-ivy/build/test/test-repo/C/pCC.main.1.9.part/C.jar
	publish commited: moved /Volumes/MacintoshHDD/mccurdyc/computer_science/cs441s2016/cs441s2016-fp-team1/tools/ant-ivy/build/test/test-repo/C/pCC.main.1.9.part 
		to /Volumes/MacintoshHDD/mccurdyc/computer_science/cs441s2016/cs441s2016-fp-team1/tools/ant-ivy/build/test/test-repo/C/pCC.main.1.9
	published ivy to /Volumes/MacintoshHDD/mccurdyc/computer_science/cs441s2016/cs441s2016-fp-team1/tools/ant-ivy/build/test/test-repo/D/1.6.1.part/ivy.xml
	published D to /Volumes/MacintoshHDD/mccurdyc/computer_science/cs441s2016/cs441s2016-fp-team1/tools/ant-ivy/build/test/test-repo/D/1.6.1.part/D.jar
	publish commited: moved /Volumes/MacintoshHDD/mccurdyc/computer_science/cs441s2016/cs441s2016-fp-team1/tools/ant-ivy/build/test/test-repo/D/1.6.1.part 
		to /Volumes/MacintoshHDD/mccurdyc/computer_science/cs441s2016/cs441s2016-fp-team1/tools/ant-ivy/build/test/test-repo/D/1.6.1
:: resolving dependencies :: #A;conflict
	confs: [default]
	found #C;pCC.main.1.9 in test
	[pCC.main.1.9] #C;pCC.main.+
	found #B;pCC.main.0.0 in test
	[pCC.main.0.0] #B;pCC.main.+
BLACKLISTING [#B;[1.2,2.0[ blacklisted to evict #B;[1.2,2.0[ in favor of #B;pCC.main.0.0 in #A;conflict for default]
BLACKLISTING [#B;pCC.main.0.0 blacklisted to evict #B;pCC.main.0.0 in favor of #B;[1.2,2.0[ in #A;conflict for default]
BLACKLISTING [#B;pCC.main.0.0 blacklisted to evict #B;pCC.main.0.0 in favor of #B;[1.2,2.0[ in #A;conflict for default]

:: problems summary ::
:::: WARNINGS
		module not found: #B;[1.2,2.0[

	==== test: tried

	  /Volumes/MacintoshHDD/mccurdyc/computer_science/cs441s2016/cs441s2016-fp-team1/tools/ant-ivy/build/test/test-repo//B/[revision]/ivy.xml

	  [1.1.0, 1.0.0, pCC.main.0.0]

	  -- artifact #B;[1.2,2.0[!B.jar:

	  /Volumes/MacintoshHDD/mccurdyc/computer_science/cs441s2016/cs441s2016-fp-team1/tools/ant-ivy/build/test/test-repo//B/[revision]/B.jar

	  [1.1.0, 1.0.0, pCC.main.0.0]

:::: ERRORS
	#B;pCC.main.0.0 (needed by []) conflicts with #B;[1.2,2.0[ (needed by [])


:: USE VERBOSE OR DEBUG MESSAGE LEVEL FOR MORE DETAILS
	published ivy to /Volumes/MacintoshHDD/mccurdyc/computer_science/cs441s2016/cs441s2016-fp-team1/tools/ant-ivy/build/test/test-repo/A/1.part/ivy.xml
	published A to /Volumes/MacintoshHDD/mccurdyc/computer_science/cs441s2016/cs441s2016-fp-team1/tools/ant-ivy/build/test/test-repo/A/1.part/A.jar
	publish commited: moved /Volumes/MacintoshHDD/mccurdyc/computer_science/cs441s2016/cs441s2016-fp-team1/tools/ant-ivy/build/test/test-repo/A/1.part 
		to /Volumes/MacintoshHDD/mccurdyc/computer_science/cs441s2016/cs441s2016-fp-team1/tools/ant-ivy/build/test/test-repo/A/1
	published ivy to /Volumes/MacintoshHDD/mccurdyc/computer_science/cs441s2016/cs441s2016-fp-team1/tools/ant-ivy/build/test/test-repo/B/1.4.part/ivy.xml
	published B to /Volumes/MacintoshHDD/mccurdyc/computer_science/cs441s2016/cs441s2016-fp-team1/tools/ant-ivy/build/test/test-repo/B/1.4.part/B.jar
	publish commited: moved /Volumes/MacintoshHDD/mccurdyc/computer_science/cs441s2016/cs441s2016-fp-team1/tools/ant-ivy/build/test/test-repo/B/1.4.part 
		to /Volumes/MacintoshHDD/mccurdyc/computer_science/cs441s2016/cs441s2016-fp-team1/tools/ant-ivy/build/test/test-repo/B/1.4
	published ivy to /Volumes/MacintoshHDD/mccurdyc/computer_science/cs441s2016/cs441s2016-fp-team1/tools/ant-ivy/build/test/test-repo/C/2.5.part/ivy.xml
	published C to /Volumes/MacintoshHDD/mccurdyc/computer_science/cs441s2016/cs441s2016-fp-team1/tools/ant-ivy/build/test/test-repo/C/2.5.part/C.jar
	publish commited: moved /Volumes/MacintoshHDD/mccurdyc/computer_science/cs441s2016/cs441s2016-fp-team1/tools/ant-ivy/build/test/test-repo/C/2.5.part 
		to /Volumes/MacintoshHDD/mccurdyc/computer_science/cs441s2016/cs441s2016-fp-team1/tools/ant-ivy/build/test/test-repo/C/2.5
	published ivy to /Volumes/MacintoshHDD/mccurdyc/computer_science/cs441s2016/cs441s2016-fp-team1/tools/ant-ivy/build/test/test-repo/D/1.5.part/ivy.xml
	published D to /Volumes/MacintoshHDD/mccurdyc/computer_science/cs441s2016/cs441s2016-fp-team1/tools/ant-ivy/build/test/test-repo/D/1.5.part/D.jar
	publish commited: moved /Volumes/MacintoshHDD/mccurdyc/computer_science/cs441s2016/cs441s2016-fp-team1/tools/ant-ivy/build/test/test-repo/D/1.5.part 
		to /Volumes/MacintoshHDD/mccurdyc/computer_science/cs441s2016/cs441s2016-fp-team1/tools/ant-ivy/build/test/test-repo/D/1.5
	published ivy to /Volumes/MacintoshHDD/mccurdyc/computer_science/cs441s2016/cs441s2016-fp-team1/tools/ant-ivy/build/test/test-repo/D/1.6.part/ivy.xml
	published D to /Volumes/MacintoshHDD/mccurdyc/computer_science/cs441s2016/cs441s2016-fp-team1/tools/ant-ivy/build/test/test-repo/D/1.6.part/D.jar
	publish commited: moved /Volumes/MacintoshHDD/mccurdyc/computer_science/cs441s2016/cs441s2016-fp-team1/tools/ant-ivy/build/test/test-repo/D/1.6.part 
		to /Volumes/MacintoshHDD/mccurdyc/computer_science/cs441s2016/cs441s2016-fp-team1/tools/ant-ivy/build/test/test-repo/D/1.6
:: resolving dependencies :: #A;1
	confs: [default]
	found #B;1.4 in test
	found #D;1.5 in test
	found #C;2.5 in test
	[2.5] #C;[2.0,2.5]
downloading /Volumes/MacintoshHDD/mccurdyc/computer_science/cs441s2016/cs441s2016-fp-team1/tools/ant-ivy/build/test/test-repo/B/1.4/B.jar ...
	[SUCCESSFUL ] #B;1.4!B.jar (2ms)
downloading /Volumes/MacintoshHDD/mccurdyc/computer_science/cs441s2016/cs441s2016-fp-team1/tools/ant-ivy/build/test/test-repo/C/2.5/C.jar ...
	[SUCCESSFUL ] #C;2.5!C.jar (2ms)
downloading /Volumes/MacintoshHDD/mccurdyc/computer_science/cs441s2016/cs441s2016-fp-team1/tools/ant-ivy/build/test/test-repo/D/1.5/D.jar ...
	[SUCCESSFUL ] #D;1.5!D.jar (1ms)
:: resolution report :: resolve 49ms :: artifacts dl 9ms
	:: evicted modules:
	#D;[1.0,1.6] by [#D;1.5] in [default]
	---------------------------------------------------------------------
	|                  |            modules            ||   artifacts   |
	|       conf       | number| search|dwnlded|evicted|| number|dwnlded|
	---------------------------------------------------------------------
	|      default     |   4   |   3   |   3   |   1   ||   3   |   3   |
	---------------------------------------------------------------------
:: loading settings :: url = file:/Volumes/MacintoshHDD/mccurdyc/computer_science/cs441s2016/cs441s2016-fp-team1/tools/ant-ivy/build/test/org/apache/ivy/plugins/conflict/ivysettings-latest-compatible.xml
DEPRECATED: 'defaultCache' is deprecated, use 'caches[@defaultCacheDir]' instead (file:/Volumes/MacintoshHDD/mccurdyc/computer_science/cs441s2016/cs441s2016-fp-team1/tools/ant-ivy/build/test/org/apache/ivy/plugins/conflict/ivysettings-latest-compatible.xml)
	published ivy to /Volumes/MacintoshHDD/mccurdyc/computer_science/cs441s2016/cs441s2016-fp-team1/tools/ant-ivy/build/test/test-repo/A/2.part/ivy.xml
	published A to /Volumes/MacintoshHDD/mccurdyc/computer_science/cs441s2016/cs441s2016-fp-team1/tools/ant-ivy/build/test/test-repo/A/2.part/A.jar
	publish commited: moved /Volumes/MacintoshHDD/mccurdyc/computer_science/cs441s2016/cs441s2016-fp-team1/tools/ant-ivy/build/test/test-repo/A/2.part 
		to /Volumes/MacintoshHDD/mccurdyc/computer_science/cs441s2016/cs441s2016-fp-team1/tools/ant-ivy/build/test/test-repo/A/2
	published ivy to /Volumes/MacintoshHDD/mccurdyc/computer_science/cs441s2016/cs441s2016-fp-team1/tools/ant-ivy/build/test/test-repo/B/1.4.part/ivy.xml
	published B to /Volumes/MacintoshHDD/mccurdyc/computer_science/cs441s2016/cs441s2016-fp-team1/tools/ant-ivy/build/test/test-repo/B/1.4.part/B.jar
	publish commited: moved /Volumes/MacintoshHDD/mccurdyc/computer_science/cs441s2016/cs441s2016-fp-team1/tools/ant-ivy/build/test/test-repo/B/1.4.part 
		to /Volumes/MacintoshHDD/mccurdyc/computer_science/cs441s2016/cs441s2016-fp-team1/tools/ant-ivy/build/test/test-repo/B/1.4
	published ivy to /Volumes/MacintoshHDD/mccurdyc/computer_science/cs441s2016/cs441s2016-fp-team1/tools/ant-ivy/build/test/test-repo/B/1.5.part/ivy.xml
	published B to /Volumes/MacintoshHDD/mccurdyc/computer_science/cs441s2016/cs441s2016-fp-team1/tools/ant-ivy/build/test/test-repo/B/1.5.part/B.jar
	publish commited: moved /Volumes/MacintoshHDD/mccurdyc/computer_science/cs441s2016/cs441s2016-fp-team1/tools/ant-ivy/build/test/test-repo/B/1.5.part 
		to /Volumes/MacintoshHDD/mccurdyc/computer_science/cs441s2016/cs441s2016-fp-team1/tools/ant-ivy/build/test/test-repo/B/1.5
	published ivy to /Volumes/MacintoshHDD/mccurdyc/computer_science/cs441s2016/cs441s2016-fp-team1/tools/ant-ivy/build/test/test-repo/C/2.5.part/ivy.xml
	published C to /Volumes/MacintoshHDD/mccurdyc/computer_science/cs441s2016/cs441s2016-fp-team1/tools/ant-ivy/build/test/test-repo/C/2.5.part/C.jar
	publish commited: moved /Volumes/MacintoshHDD/mccurdyc/computer_science/cs441s2016/cs441s2016-fp-team1/tools/ant-ivy/build/test/test-repo/C/2.5.part 
		to /Volumes/MacintoshHDD/mccurdyc/computer_science/cs441s2016/cs441s2016-fp-team1/tools/ant-ivy/build/test/test-repo/C/2.5
	published ivy to /Volumes/MacintoshHDD/mccurdyc/computer_science/cs441s2016/cs441s2016-fp-team1/tools/ant-ivy/build/test/test-repo/D/1.5.part/ivy.xml
	published D to /Volumes/MacintoshHDD/mccurdyc/computer_science/cs441s2016/cs441s2016-fp-team1/tools/ant-ivy/build/test/test-repo/D/1.5.part/D.jar
	publish commited: moved /Volumes/MacintoshHDD/mccurdyc/computer_science/cs441s2016/cs441s2016-fp-team1/tools/ant-ivy/build/test/test-repo/D/1.5.part 
		to /Volumes/MacintoshHDD/mccurdyc/computer_science/cs441s2016/cs441s2016-fp-team1/tools/ant-ivy/build/test/test-repo/D/1.5
	published ivy to /Volumes/MacintoshHDD/mccurdyc/computer_science/cs441s2016/cs441s2016-fp-team1/tools/ant-ivy/build/test/test-repo/D/1.6.part/ivy.xml
	published D to /Volumes/MacintoshHDD/mccurdyc/computer_science/cs441s2016/cs441s2016-fp-team1/tools/ant-ivy/build/test/test-repo/D/1.6.part/D.jar
	publish commited: moved /Volumes/MacintoshHDD/mccurdyc/computer_science/cs441s2016/cs441s2016-fp-team1/tools/ant-ivy/build/test/test-repo/D/1.6.part 
		to /Volumes/MacintoshHDD/mccurdyc/computer_science/cs441s2016/cs441s2016-fp-team1/tools/ant-ivy/build/test/test-repo/D/1.6
	published ivy to /Volumes/MacintoshHDD/mccurdyc/computer_science/cs441s2016/cs441s2016-fp-team1/tools/ant-ivy/build/test/test-repo/D/2.0.part/ivy.xml
	published D to /Volumes/MacintoshHDD/mccurdyc/computer_science/cs441s2016/cs441s2016-fp-team1/tools/ant-ivy/build/test/test-repo/D/2.0.part/D.jar
	publish commited: moved /Volumes/MacintoshHDD/mccurdyc/computer_science/cs441s2016/cs441s2016-fp-team1/tools/ant-ivy/build/test/test-repo/D/2.0.part 
		to /Volumes/MacintoshHDD/mccurdyc/computer_science/cs441s2016/cs441s2016-fp-team1/tools/ant-ivy/build/test/test-repo/D/2.0
:: resolving dependencies :: #A;2
	confs: [default]
	found #B;1.5 in test
	[1.5] #B;[1.0,1.5]
	found #D;2.0 in test
	found #C;2.5 in test
	[2.5] #C;[2.0,2.5]
BLACKLISTING [#B;1.5 blacklisted to evict #D;2.0 in favor of #D;[1.0,1.6] in #A;2 for default]
	found #B;1.4 in test
	[1.4] #B;[1.0,1.5]
	found #D;1.5 in test
downloading /Volumes/MacintoshHDD/mccurdyc/computer_science/cs441s2016/cs441s2016-fp-team1/tools/ant-ivy/build/test/test-repo/C/2.5/C.jar ...
	[SUCCESSFUL ] #C;2.5!C.jar (2ms)
downloading /Volumes/MacintoshHDD/mccurdyc/computer_science/cs441s2016/cs441s2016-fp-team1/tools/ant-ivy/build/test/test-repo/B/1.4/B.jar ...
	[SUCCESSFUL ] #B;1.4!B.jar (2ms)
downloading /Volumes/MacintoshHDD/mccurdyc/computer_science/cs441s2016/cs441s2016-fp-team1/tools/ant-ivy/build/test/test-repo/D/1.5/D.jar ...
	[SUCCESSFUL ] #D;1.5!D.jar (2ms)
:: resolution report :: resolve 87ms :: artifacts dl 8ms
	:: evicted modules:
	#D;2.0 by [#D;[1.0,1.6] with blacklisting of #B;1.5] in [default]
	#D;[1.0,1.6] by [#D;1.5] in [default]
	---------------------------------------------------------------------
	|                  |            modules            ||   artifacts   |
	|       conf       | number| search|dwnlded|evicted|| number|dwnlded|
	---------------------------------------------------------------------
	|      default     |   5   |   4   |   4   |   2   ||   3   |   3   |
	---------------------------------------------------------------------
	published ivy to /Volumes/MacintoshHDD/mccurdyc/computer_science/cs441s2016/cs441s2016-fp-team1/tools/ant-ivy/build/test/test-repo/A/3.part/ivy.xml
	published A to /Volumes/MacintoshHDD/mccurdyc/computer_science/cs441s2016/cs441s2016-fp-team1/tools/ant-ivy/build/test/test-repo/A/3.part/A.jar
	publish commited: moved /Volumes/MacintoshHDD/mccurdyc/computer_science/cs441s2016/cs441s2016-fp-team1/tools/ant-ivy/build/test/test-repo/A/3.part 
		to /Volumes/MacintoshHDD/mccurdyc/computer_science/cs441s2016/cs441s2016-fp-team1/tools/ant-ivy/build/test/test-repo/A/3
	published ivy to /Volumes/MacintoshHDD/mccurdyc/computer_science/cs441s2016/cs441s2016-fp-team1/tools/ant-ivy/build/test/test-repo/B/2.3.part/ivy.xml
	published B to /Volumes/MacintoshHDD/mccurdyc/computer_science/cs441s2016/cs441s2016-fp-team1/tools/ant-ivy/build/test/test-repo/B/2.3.part/B.jar
	publish commited: moved /Volumes/MacintoshHDD/mccurdyc/computer_science/cs441s2016/cs441s2016-fp-team1/tools/ant-ivy/build/test/test-repo/B/2.3.part 
		to /Volumes/MacintoshHDD/mccurdyc/computer_science/cs441s2016/cs441s2016-fp-team1/tools/ant-ivy/build/test/test-repo/B/2.3
	published ivy to /Volumes/MacintoshHDD/mccurdyc/computer_science/cs441s2016/cs441s2016-fp-team1/tools/ant-ivy/build/test/test-repo/B/2.4.part/ivy.xml
	published B to /Volumes/MacintoshHDD/mccurdyc/computer_science/cs441s2016/cs441s2016-fp-team1/tools/ant-ivy/build/test/test-repo/B/2.4.part/B.jar
	publish commited: moved /Volumes/MacintoshHDD/mccurdyc/computer_science/cs441s2016/cs441s2016-fp-team1/tools/ant-ivy/build/test/test-repo/B/2.4.part 
		to /Volumes/MacintoshHDD/mccurdyc/computer_science/cs441s2016/cs441s2016-fp-team1/tools/ant-ivy/build/test/test-repo/B/2.4
	published ivy to /Volumes/MacintoshHDD/mccurdyc/computer_science/cs441s2016/cs441s2016-fp-team1/tools/ant-ivy/build/test/test-repo/B/2.5.part/ivy.xml
	published B to /Volumes/MacintoshHDD/mccurdyc/computer_science/cs441s2016/cs441s2016-fp-team1/tools/ant-ivy/build/test/test-repo/B/2.5.part/B.jar
	publish commited: moved /Volumes/MacintoshHDD/mccurdyc/computer_science/cs441s2016/cs441s2016-fp-team1/tools/ant-ivy/build/test/test-repo/B/2.5.part 
		to /Volumes/MacintoshHDD/mccurdyc/computer_science/cs441s2016/cs441s2016-fp-team1/tools/ant-ivy/build/test/test-repo/B/2.5
	published ivy to /Volumes/MacintoshHDD/mccurdyc/computer_science/cs441s2016/cs441s2016-fp-team1/tools/ant-ivy/build/test/test-repo/C/3.4.part/ivy.xml
	published C to /Volumes/MacintoshHDD/mccurdyc/computer_science/cs441s2016/cs441s2016-fp-team1/tools/ant-ivy/build/test/test-repo/C/3.4.part/C.jar
	publish commited: moved /Volumes/MacintoshHDD/mccurdyc/computer_science/cs441s2016/cs441s2016-fp-team1/tools/ant-ivy/build/test/test-repo/C/3.4.part 
		to /Volumes/MacintoshHDD/mccurdyc/computer_science/cs441s2016/cs441s2016-fp-team1/tools/ant-ivy/build/test/test-repo/C/3.4
	published ivy to /Volumes/MacintoshHDD/mccurdyc/computer_science/cs441s2016/cs441s2016-fp-team1/tools/ant-ivy/build/test/test-repo/C/3.5.part/ivy.xml
	published C to /Volumes/MacintoshHDD/mccurdyc/computer_science/cs441s2016/cs441s2016-fp-team1/tools/ant-ivy/build/test/test-repo/C/3.5.part/C.jar
	publish commited: moved /Volumes/MacintoshHDD/mccurdyc/computer_science/cs441s2016/cs441s2016-fp-team1/tools/ant-ivy/build/test/test-repo/C/3.5.part 
		to /Volumes/MacintoshHDD/mccurdyc/computer_science/cs441s2016/cs441s2016-fp-team1/tools/ant-ivy/build/test/test-repo/C/3.5
	published ivy to /Volumes/MacintoshHDD/mccurdyc/computer_science/cs441s2016/cs441s2016-fp-team1/tools/ant-ivy/build/test/test-repo/D/1.5.part/ivy.xml
	published D to /Volumes/MacintoshHDD/mccurdyc/computer_science/cs441s2016/cs441s2016-fp-team1/tools/ant-ivy/build/test/test-repo/D/1.5.part/D.jar
	publish commited: moved /Volumes/MacintoshHDD/mccurdyc/computer_science/cs441s2016/cs441s2016-fp-team1/tools/ant-ivy/build/test/test-repo/D/1.5.part 
		to /Volumes/MacintoshHDD/mccurdyc/computer_science/cs441s2016/cs441s2016-fp-team1/tools/ant-ivy/build/test/test-repo/D/1.5
	published ivy to /Volumes/MacintoshHDD/mccurdyc/computer_science/cs441s2016/cs441s2016-fp-team1/tools/ant-ivy/build/test/test-repo/D/1.6.part/ivy.xml
	published D to /Volumes/MacintoshHDD/mccurdyc/computer_science/cs441s2016/cs441s2016-fp-team1/tools/ant-ivy/build/test/test-repo/D/1.6.part/D.jar
	publish commited: moved /Volumes/MacintoshHDD/mccurdyc/computer_science/cs441s2016/cs441s2016-fp-team1/tools/ant-ivy/build/test/test-repo/D/1.6.part 
		to /Volumes/MacintoshHDD/mccurdyc/computer_science/cs441s2016/cs441s2016-fp-team1/tools/ant-ivy/build/test/test-repo/D/1.6
	published ivy to /Volumes/MacintoshHDD/mccurdyc/computer_science/cs441s2016/cs441s2016-fp-team1/tools/ant-ivy/build/test/test-repo/D/2.0.part/ivy.xml
	published D to /Volumes/MacintoshHDD/mccurdyc/computer_science/cs441s2016/cs441s2016-fp-team1/tools/ant-ivy/build/test/test-repo/D/2.0.part/D.jar
	publish commited: moved /Volumes/MacintoshHDD/mccurdyc/computer_science/cs441s2016/cs441s2016-fp-team1/tools/ant-ivy/build/test/test-repo/D/2.0.part 
		to /Volumes/MacintoshHDD/mccurdyc/computer_science/cs441s2016/cs441s2016-fp-team1/tools/ant-ivy/build/test/test-repo/D/2.0
	published ivy to /Volumes/MacintoshHDD/mccurdyc/computer_science/cs441s2016/cs441s2016-fp-team1/tools/ant-ivy/build/test/test-repo/E/1.0.part/ivy.xml
	published E to /Volumes/MacintoshHDD/mccurdyc/computer_science/cs441s2016/cs441s2016-fp-team1/tools/ant-ivy/build/test/test-repo/E/1.0.part/E.jar
	publish commited: moved /Volumes/MacintoshHDD/mccurdyc/computer_science/cs441s2016/cs441s2016-fp-team1/tools/ant-ivy/build/test/test-repo/E/1.0.part 
		to /Volumes/MacintoshHDD/mccurdyc/computer_science/cs441s2016/cs441s2016-fp-team1/tools/ant-ivy/build/test/test-repo/E/1.0
	published ivy to /Volumes/MacintoshHDD/mccurdyc/computer_science/cs441s2016/cs441s2016-fp-team1/tools/ant-ivy/build/test/test-repo/E/1.9.part/ivy.xml
	published E to /Volumes/MacintoshHDD/mccurdyc/computer_science/cs441s2016/cs441s2016-fp-team1/tools/ant-ivy/build/test/test-repo/E/1.9.part/E.jar
	publish commited: moved /Volumes/MacintoshHDD/mccurdyc/computer_science/cs441s2016/cs441s2016-fp-team1/tools/ant-ivy/build/test/test-repo/E/1.9.part 
		to /Volumes/MacintoshHDD/mccurdyc/computer_science/cs441s2016/cs441s2016-fp-team1/tools/ant-ivy/build/test/test-repo/E/1.9
	published ivy to /Volumes/MacintoshHDD/mccurdyc/computer_science/cs441s2016/cs441s2016-fp-team1/tools/ant-ivy/build/test/test-repo/E/2.0.part/ivy.xml
	published E to /Volumes/MacintoshHDD/mccurdyc/computer_science/cs441s2016/cs441s2016-fp-team1/tools/ant-ivy/build/test/test-repo/E/2.0.part/E.jar
	publish commited: moved /Volumes/MacintoshHDD/mccurdyc/computer_science/cs441s2016/cs441s2016-fp-team1/tools/ant-ivy/build/test/test-repo/E/2.0.part 
		to /Volumes/MacintoshHDD/mccurdyc/computer_science/cs441s2016/cs441s2016-fp-team1/tools/ant-ivy/build/test/test-repo/E/2.0
:: resolving dependencies :: #A;3
	confs: [default]
	found #B;2.5 in test
	[2.5] #B;[2.0,2.5]
	found #D;2.0 in test
	found #C;3.5 in test
	[3.5] #C;[3.0,3.5]
BLACKLISTING [#B;2.5 blacklisted to evict #D;2.0 in favor of #D;[1.0,1.6] in #A;3 for default]
	found #B;2.4 in test
	[2.4] #B;[2.0,2.5]
	found #D;1.5 in test
	found #E;2.0 in test
BLACKLISTING [#B;2.4 blacklisted to evict #E;2.0 in favor of #E;1.9 in #A;3 for default]
	found #B;2.3 in test
	[2.3] #B;[2.0,2.5]
BLACKLISTING [#C;3.5 blacklisted to evict #E;1.9 in favor of #E;1.0 in #A;3 for default]
	found #E;1.0 in test
	found #C;3.4 in test
	[3.4] #C;[3.0,3.5]
downloading /Volumes/MacintoshHDD/mccurdyc/computer_science/cs441s2016/cs441s2016-fp-team1/tools/ant-ivy/build/test/test-repo/D/1.5/D.jar ...
	[SUCCESSFUL ] #D;1.5!D.jar (2ms)
downloading /Volumes/MacintoshHDD/mccurdyc/computer_science/cs441s2016/cs441s2016-fp-team1/tools/ant-ivy/build/test/test-repo/B/2.3/B.jar ...
	[SUCCESSFUL ] #B;2.3!B.jar (2ms)
downloading /Volumes/MacintoshHDD/mccurdyc/computer_science/cs441s2016/cs441s2016-fp-team1/tools/ant-ivy/build/test/test-repo/E/1.0/E.jar ...
	[SUCCESSFUL ] #E;1.0!E.jar (2ms)
downloading /Volumes/MacintoshHDD/mccurdyc/computer_science/cs441s2016/cs441s2016-fp-team1/tools/ant-ivy/build/test/test-repo/C/3.4/C.jar ...
	[SUCCESSFUL ] #C;3.4!C.jar (2ms)
:: resolution report :: resolve 152ms :: artifacts dl 11ms
	:: evicted modules:
	#D;2.0 by [#D;[1.0,1.6] with blacklisting of #B;2.5] in [default]
	#E;2.0 by [#E;1.9 with blacklisting of #B;2.4] in [default]
	#D;[1.0,1.6] by [#D;1.5] in [default]
	#E;1.9 by [#E;1.0 with blacklisting of #C;3.5] in [default]
	---------------------------------------------------------------------
	|                  |            modules            ||   artifacts   |
	|       conf       | number| search|dwnlded|evicted|| number|dwnlded|
	---------------------------------------------------------------------
	|      default     |   8   |   6   |   6   |   4   ||   4   |   4   |
	---------------------------------------------------------------------
	published ivy to /Volumes/MacintoshHDD/mccurdyc/computer_science/cs441s2016/cs441s2016-fp-team1/tools/ant-ivy/build/test/test-repo/A/4.part/ivy.xml
	published A to /Volumes/MacintoshHDD/mccurdyc/computer_science/cs441s2016/cs441s2016-fp-team1/tools/ant-ivy/build/test/test-repo/A/4.part/A.jar
	publish commited: moved /Volumes/MacintoshHDD/mccurdyc/computer_science/cs441s2016/cs441s2016-fp-team1/tools/ant-ivy/build/test/test-repo/A/4.part 
		to /Volumes/MacintoshHDD/mccurdyc/computer_science/cs441s2016/cs441s2016-fp-team1/tools/ant-ivy/build/test/test-repo/A/4
	published ivy to /Volumes/MacintoshHDD/mccurdyc/computer_science/cs441s2016/cs441s2016-fp-team1/tools/ant-ivy/build/test/test-repo/B/1.4.part/ivy.xml
	published B to /Volumes/MacintoshHDD/mccurdyc/computer_science/cs441s2016/cs441s2016-fp-team1/tools/ant-ivy/build/test/test-repo/B/1.4.part/B.jar
	publish commited: moved /Volumes/MacintoshHDD/mccurdyc/computer_science/cs441s2016/cs441s2016-fp-team1/tools/ant-ivy/build/test/test-repo/B/1.4.part 
		to /Volumes/MacintoshHDD/mccurdyc/computer_science/cs441s2016/cs441s2016-fp-team1/tools/ant-ivy/build/test/test-repo/B/1.4
	published ivy to /Volumes/MacintoshHDD/mccurdyc/computer_science/cs441s2016/cs441s2016-fp-team1/tools/ant-ivy/build/test/test-repo/B/1.5.part/ivy.xml
	published B to /Volumes/MacintoshHDD/mccurdyc/computer_science/cs441s2016/cs441s2016-fp-team1/tools/ant-ivy/build/test/test-repo/B/1.5.part/B.jar
	publish commited: moved /Volumes/MacintoshHDD/mccurdyc/computer_science/cs441s2016/cs441s2016-fp-team1/tools/ant-ivy/build/test/test-repo/B/1.5.part 
		to /Volumes/MacintoshHDD/mccurdyc/computer_science/cs441s2016/cs441s2016-fp-team1/tools/ant-ivy/build/test/test-repo/B/1.5
	published ivy to /Volumes/MacintoshHDD/mccurdyc/computer_science/cs441s2016/cs441s2016-fp-team1/tools/ant-ivy/build/test/test-repo/C/2.5.part/ivy.xml
	published C to /Volumes/MacintoshHDD/mccurdyc/computer_science/cs441s2016/cs441s2016-fp-team1/tools/ant-ivy/build/test/test-repo/C/2.5.part/C.jar
	publish commited: moved /Volumes/MacintoshHDD/mccurdyc/computer_science/cs441s2016/cs441s2016-fp-team1/tools/ant-ivy/build/test/test-repo/C/2.5.part 
		to /Volumes/MacintoshHDD/mccurdyc/computer_science/cs441s2016/cs441s2016-fp-team1/tools/ant-ivy/build/test/test-repo/C/2.5
	published ivy to /Volumes/MacintoshHDD/mccurdyc/computer_science/cs441s2016/cs441s2016-fp-team1/tools/ant-ivy/build/test/test-repo/F/1.0.part/ivy.xml
	published F to /Volumes/MacintoshHDD/mccurdyc/computer_science/cs441s2016/cs441s2016-fp-team1/tools/ant-ivy/build/test/test-repo/F/1.0.part/F.jar
	publish commited: moved /Volumes/MacintoshHDD/mccurdyc/computer_science/cs441s2016/cs441s2016-fp-team1/tools/ant-ivy/build/test/test-repo/F/1.0.part 
		to /Volumes/MacintoshHDD/mccurdyc/computer_science/cs441s2016/cs441s2016-fp-team1/tools/ant-ivy/build/test/test-repo/F/1.0
	published ivy to /Volumes/MacintoshHDD/mccurdyc/computer_science/cs441s2016/cs441s2016-fp-team1/tools/ant-ivy/build/test/test-repo/F/1.1.part/ivy.xml
	published F to /Volumes/MacintoshHDD/mccurdyc/computer_science/cs441s2016/cs441s2016-fp-team1/tools/ant-ivy/build/test/test-repo/F/1.1.part/F.jar
	publish commited: moved /Volumes/MacintoshHDD/mccurdyc/computer_science/cs441s2016/cs441s2016-fp-team1/tools/ant-ivy/build/test/test-repo/F/1.1.part 
		to /Volumes/MacintoshHDD/mccurdyc/computer_science/cs441s2016/cs441s2016-fp-team1/tools/ant-ivy/build/test/test-repo/F/1.1
	published ivy to /Volumes/MacintoshHDD/mccurdyc/computer_science/cs441s2016/cs441s2016-fp-team1/tools/ant-ivy/build/test/test-repo/D/1.5.part/ivy.xml
	published D to /Volumes/MacintoshHDD/mccurdyc/computer_science/cs441s2016/cs441s2016-fp-team1/tools/ant-ivy/build/test/test-repo/D/1.5.part/D.jar
	publish commited: moved /Volumes/MacintoshHDD/mccurdyc/computer_science/cs441s2016/cs441s2016-fp-team1/tools/ant-ivy/build/test/test-repo/D/1.5.part 
		to /Volumes/MacintoshHDD/mccurdyc/computer_science/cs441s2016/cs441s2016-fp-team1/tools/ant-ivy/build/test/test-repo/D/1.5
	published ivy to /Volumes/MacintoshHDD/mccurdyc/computer_science/cs441s2016/cs441s2016-fp-team1/tools/ant-ivy/build/test/test-repo/D/1.6.part/ivy.xml
	published D to /Volumes/MacintoshHDD/mccurdyc/computer_science/cs441s2016/cs441s2016-fp-team1/tools/ant-ivy/build/test/test-repo/D/1.6.part/D.jar
	publish commited: moved /Volumes/MacintoshHDD/mccurdyc/computer_science/cs441s2016/cs441s2016-fp-team1/tools/ant-ivy/build/test/test-repo/D/1.6.part 
		to /Volumes/MacintoshHDD/mccurdyc/computer_science/cs441s2016/cs441s2016-fp-team1/tools/ant-ivy/build/test/test-repo/D/1.6
	published ivy to /Volumes/MacintoshHDD/mccurdyc/computer_science/cs441s2016/cs441s2016-fp-team1/tools/ant-ivy/build/test/test-repo/D/2.0.part/ivy.xml
	published D to /Volumes/MacintoshHDD/mccurdyc/computer_science/cs441s2016/cs441s2016-fp-team1/tools/ant-ivy/build/test/test-repo/D/2.0.part/D.jar
	publish commited: moved /Volumes/MacintoshHDD/mccurdyc/computer_science/cs441s2016/cs441s2016-fp-team1/tools/ant-ivy/build/test/test-repo/D/2.0.part 
		to /Volumes/MacintoshHDD/mccurdyc/computer_science/cs441s2016/cs441s2016-fp-team1/tools/ant-ivy/build/test/test-repo/D/2.0
:: resolving dependencies :: #A;4
	confs: [default]
	found #B;1.5 in test
	[1.5] #B;[1.0,1.5]
	found #D;2.0 in test
	found #C;2.5 in test
	[2.5] #C;[2.0,2.5]
BLACKLISTING [#B;1.5 blacklisted to evict #D;2.0 in favor of #D;[1.0,1.6] in #A;4 for default]
	found #B;1.4 in test
	[1.4] #B;[1.0,1.5]
	found #D;1.5 in test
	found #F;1.1 in test
	[1.1] #F;[1.0,1.1]
BLACKLISTING [#F;1.1 blacklisted to evict #D;1.6 in favor of #D;1.5 in #A;4 for default]
	found #F;1.0 in test
	[1.0] #F;[1.0,1.1]
downloading /Volumes/MacintoshHDD/mccurdyc/computer_science/cs441s2016/cs441s2016-fp-team1/tools/ant-ivy/build/test/test-repo/C/2.5/C.jar ...
	[SUCCESSFUL ] #C;2.5!C.jar (4ms)
downloading /Volumes/MacintoshHDD/mccurdyc/computer_science/cs441s2016/cs441s2016-fp-team1/tools/ant-ivy/build/test/test-repo/B/1.4/B.jar ...
	[SUCCESSFUL ] #B;1.4!B.jar (3ms)
downloading /Volumes/MacintoshHDD/mccurdyc/computer_science/cs441s2016/cs441s2016-fp-team1/tools/ant-ivy/build/test/test-repo/D/1.5/D.jar ...
	[SUCCESSFUL ] #D;1.5!D.jar (2ms)
downloading /Volumes/MacintoshHDD/mccurdyc/computer_science/cs441s2016/cs441s2016-fp-team1/tools/ant-ivy/build/test/test-repo/F/1.0/F.jar ...
	[SUCCESSFUL ] #F;1.0!F.jar (4ms)
:: resolution report :: resolve 136ms :: artifacts dl 15ms
	:: evicted modules:
	#D;2.0 by [#D;[1.0,1.6] with blacklisting of #B;1.5] in [default]
	#D;[1.0,1.6] by [#D;1.5] in [default]
	#D;1.6 by [#D;1.5 with blacklisting of #F;1.1] in [default]
	---------------------------------------------------------------------
	|                  |            modules            ||   artifacts   |
	|       conf       | number| search|dwnlded|evicted|| number|dwnlded|
	---------------------------------------------------------------------
	|      default     |   7   |   5   |   5   |   3   ||   4   |   4   |
	---------------------------------------------------------------------
	published ivy to /Volumes/MacintoshHDD/mccurdyc/computer_science/cs441s2016/cs441s2016-fp-team1/tools/ant-ivy/build/test/test-repo/A/5.part/ivy.xml
	published A to /Volumes/MacintoshHDD/mccurdyc/computer_science/cs441s2016/cs441s2016-fp-team1/tools/ant-ivy/build/test/test-repo/A/5.part/A.jar
	publish commited: moved /Volumes/MacintoshHDD/mccurdyc/computer_science/cs441s2016/cs441s2016-fp-team1/tools/ant-ivy/build/test/test-repo/A/5.part 
		to /Volumes/MacintoshHDD/mccurdyc/computer_science/cs441s2016/cs441s2016-fp-team1/tools/ant-ivy/build/test/test-repo/A/5
	published ivy to /Volumes/MacintoshHDD/mccurdyc/computer_science/cs441s2016/cs441s2016-fp-team1/tools/ant-ivy/build/test/test-repo/B/1.3.part/ivy.xml
	published B to /Volumes/MacintoshHDD/mccurdyc/computer_science/cs441s2016/cs441s2016-fp-team1/tools/ant-ivy/build/test/test-repo/B/1.3.part/B.jar
	publish commited: moved /Volumes/MacintoshHDD/mccurdyc/computer_science/cs441s2016/cs441s2016-fp-team1/tools/ant-ivy/build/test/test-repo/B/1.3.part 
		to /Volumes/MacintoshHDD/mccurdyc/computer_science/cs441s2016/cs441s2016-fp-team1/tools/ant-ivy/build/test/test-repo/B/1.3
	published ivy to /Volumes/MacintoshHDD/mccurdyc/computer_science/cs441s2016/cs441s2016-fp-team1/tools/ant-ivy/build/test/test-repo/B/1.4.part/ivy.xml
	published B to /Volumes/MacintoshHDD/mccurdyc/computer_science/cs441s2016/cs441s2016-fp-team1/tools/ant-ivy/build/test/test-repo/B/1.4.part/B.jar
	publish commited: moved /Volumes/MacintoshHDD/mccurdyc/computer_science/cs441s2016/cs441s2016-fp-team1/tools/ant-ivy/build/test/test-repo/B/1.4.part 
		to /Volumes/MacintoshHDD/mccurdyc/computer_science/cs441s2016/cs441s2016-fp-team1/tools/ant-ivy/build/test/test-repo/B/1.4
	published ivy to /Volumes/MacintoshHDD/mccurdyc/computer_science/cs441s2016/cs441s2016-fp-team1/tools/ant-ivy/build/test/test-repo/B/1.5.part/ivy.xml
	published B to /Volumes/MacintoshHDD/mccurdyc/computer_science/cs441s2016/cs441s2016-fp-team1/tools/ant-ivy/build/test/test-repo/B/1.5.part/B.jar
	publish commited: moved /Volumes/MacintoshHDD/mccurdyc/computer_science/cs441s2016/cs441s2016-fp-team1/tools/ant-ivy/build/test/test-repo/B/1.5.part 
		to /Volumes/MacintoshHDD/mccurdyc/computer_science/cs441s2016/cs441s2016-fp-team1/tools/ant-ivy/build/test/test-repo/B/1.5
	published ivy to /Volumes/MacintoshHDD/mccurdyc/computer_science/cs441s2016/cs441s2016-fp-team1/tools/ant-ivy/build/test/test-repo/C/2.6.part/ivy.xml
	published C to /Volumes/MacintoshHDD/mccurdyc/computer_science/cs441s2016/cs441s2016-fp-team1/tools/ant-ivy/build/test/test-repo/C/2.6.part/C.jar
	publish commited: moved /Volumes/MacintoshHDD/mccurdyc/computer_science/cs441s2016/cs441s2016-fp-team1/tools/ant-ivy/build/test/test-repo/C/2.6.part 
		to /Volumes/MacintoshHDD/mccurdyc/computer_science/cs441s2016/cs441s2016-fp-team1/tools/ant-ivy/build/test/test-repo/C/2.6
	published ivy to /Volumes/MacintoshHDD/mccurdyc/computer_science/cs441s2016/cs441s2016-fp-team1/tools/ant-ivy/build/test/test-repo/D/1.5.part/ivy.xml
	published D to /Volumes/MacintoshHDD/mccurdyc/computer_science/cs441s2016/cs441s2016-fp-team1/tools/ant-ivy/build/test/test-repo/D/1.5.part/D.jar
	publish commited: moved /Volumes/MacintoshHDD/mccurdyc/computer_science/cs441s2016/cs441s2016-fp-team1/tools/ant-ivy/build/test/test-repo/D/1.5.part 
		to /Volumes/MacintoshHDD/mccurdyc/computer_science/cs441s2016/cs441s2016-fp-team1/tools/ant-ivy/build/test/test-repo/D/1.5
	published ivy to /Volumes/MacintoshHDD/mccurdyc/computer_science/cs441s2016/cs441s2016-fp-team1/tools/ant-ivy/build/test/test-repo/D/1.6.part/ivy.xml
	published D to /Volumes/MacintoshHDD/mccurdyc/computer_science/cs441s2016/cs441s2016-fp-team1/tools/ant-ivy/build/test/test-repo/D/1.6.part/D.jar
	publish commited: moved /Volumes/MacintoshHDD/mccurdyc/computer_science/cs441s2016/cs441s2016-fp-team1/tools/ant-ivy/build/test/test-repo/D/1.6.part 
		to /Volumes/MacintoshHDD/mccurdyc/computer_science/cs441s2016/cs441s2016-fp-team1/tools/ant-ivy/build/test/test-repo/D/1.6
	published ivy to /Volumes/MacintoshHDD/mccurdyc/computer_science/cs441s2016/cs441s2016-fp-team1/tools/ant-ivy/build/test/test-repo/D/2.0.part/ivy.xml
	published D to /Volumes/MacintoshHDD/mccurdyc/computer_science/cs441s2016/cs441s2016-fp-team1/tools/ant-ivy/build/test/test-repo/D/2.0.part/D.jar
	publish commited: moved /Volumes/MacintoshHDD/mccurdyc/computer_science/cs441s2016/cs441s2016-fp-team1/tools/ant-ivy/build/test/test-repo/D/2.0.part 
		to /Volumes/MacintoshHDD/mccurdyc/computer_science/cs441s2016/cs441s2016-fp-team1/tools/ant-ivy/build/test/test-repo/D/2.0
:: resolving dependencies :: #A;5
	confs: [default]
	found #B;1.5 in test
	[1.5] #B;[1.0,1.5]
	found #D;2.0 in test
	found #C;2.6 in test
BLACKLISTING [#B;1.5 blacklisted to evict #D;2.0 in favor of #D;1.6 in #A;5 for default]
	found #B;1.4 in test
	[1.4] #B;[1.0,1.5]
BLACKLISTING [#B;1.4 blacklisted to evict #D;1.5 in favor of #D;1.6 in #A;5 for default]
	found #B;1.3 in test
	[1.3] #B;[1.0,1.5]
	found #D;1.6 in test
downloading /Volumes/MacintoshHDD/mccurdyc/computer_science/cs441s2016/cs441s2016-fp-team1/tools/ant-ivy/build/test/test-repo/C/2.6/C.jar ...
	[SUCCESSFUL ] #C;2.6!C.jar (2ms)
downloading /Volumes/MacintoshHDD/mccurdyc/computer_science/cs441s2016/cs441s2016-fp-team1/tools/ant-ivy/build/test/test-repo/D/1.6/D.jar ...
	[SUCCESSFUL ] #D;1.6!D.jar (1ms)
downloading /Volumes/MacintoshHDD/mccurdyc/computer_science/cs441s2016/cs441s2016-fp-team1/tools/ant-ivy/build/test/test-repo/B/1.3/B.jar ...
	[SUCCESSFUL ] #B;1.3!B.jar (2ms)
:: resolution report :: resolve 114ms :: artifacts dl 7ms
	:: evicted modules:
	#D;2.0 by [#D;1.6 with blacklisting of #B;1.5] in [default]
	#D;1.5 by [#D;1.6 with blacklisting of #B;1.4] in [default]
	---------------------------------------------------------------------
	|                  |            modules            ||   artifacts   |
	|       conf       | number| search|dwnlded|evicted|| number|dwnlded|
	---------------------------------------------------------------------
	|      default     |   5   |   4   |   4   |   2   ||   3   |   3   |
	---------------------------------------------------------------------
	published ivy to /Volumes/MacintoshHDD/mccurdyc/computer_science/cs441s2016/cs441s2016-fp-team1/tools/ant-ivy/build/test/test-repo/A/1.part/ivy.xml
	published A to /Volumes/MacintoshHDD/mccurdyc/computer_science/cs441s2016/cs441s2016-fp-team1/tools/ant-ivy/build/test/test-repo/A/1.part/A.jar
	publish commited: moved /Volumes/MacintoshHDD/mccurdyc/computer_science/cs441s2016/cs441s2016-fp-team1/tools/ant-ivy/build/test/test-repo/A/1.part 
		to /Volumes/MacintoshHDD/mccurdyc/computer_science/cs441s2016/cs441s2016-fp-team1/tools/ant-ivy/build/test/test-repo/A/1
	published ivy to /Volumes/MacintoshHDD/mccurdyc/computer_science/cs441s2016/cs441s2016-fp-team1/tools/ant-ivy/build/test/test-repo/B/1.4.part/ivy.xml
	published B to /Volumes/MacintoshHDD/mccurdyc/computer_science/cs441s2016/cs441s2016-fp-team1/tools/ant-ivy/build/test/test-repo/B/1.4.part/B.jar
	publish commited: moved /Volumes/MacintoshHDD/mccurdyc/computer_science/cs441s2016/cs441s2016-fp-team1/tools/ant-ivy/build/test/test-repo/B/1.4.part 
		to /Volumes/MacintoshHDD/mccurdyc/computer_science/cs441s2016/cs441s2016-fp-team1/tools/ant-ivy/build/test/test-repo/B/1.4
	published ivy to /Volumes/MacintoshHDD/mccurdyc/computer_science/cs441s2016/cs441s2016-fp-team1/tools/ant-ivy/build/test/test-repo/C/2.5.part/ivy.xml
	published C to /Volumes/MacintoshHDD/mccurdyc/computer_science/cs441s2016/cs441s2016-fp-team1/tools/ant-ivy/build/test/test-repo/C/2.5.part/C.jar
	publish commited: moved /Volumes/MacintoshHDD/mccurdyc/computer_science/cs441s2016/cs441s2016-fp-team1/tools/ant-ivy/build/test/test-repo/C/2.5.part 
		to /Volumes/MacintoshHDD/mccurdyc/computer_science/cs441s2016/cs441s2016-fp-team1/tools/ant-ivy/build/test/test-repo/C/2.5
	published ivy to /Volumes/MacintoshHDD/mccurdyc/computer_science/cs441s2016/cs441s2016-fp-team1/tools/ant-ivy/build/test/test-repo/D/1.5.part/ivy.xml
	published D to /Volumes/MacintoshHDD/mccurdyc/computer_science/cs441s2016/cs441s2016-fp-team1/tools/ant-ivy/build/test/test-repo/D/1.5.part/D.jar
	publish commited: moved /Volumes/MacintoshHDD/mccurdyc/computer_science/cs441s2016/cs441s2016-fp-team1/tools/ant-ivy/build/test/test-repo/D/1.5.part 
		to /Volumes/MacintoshHDD/mccurdyc/computer_science/cs441s2016/cs441s2016-fp-team1/tools/ant-ivy/build/test/test-repo/D/1.5
	published ivy to /Volumes/MacintoshHDD/mccurdyc/computer_science/cs441s2016/cs441s2016-fp-team1/tools/ant-ivy/build/test/test-repo/D/1.6.part/ivy.xml
	published D to /Volumes/MacintoshHDD/mccurdyc/computer_science/cs441s2016/cs441s2016-fp-team1/tools/ant-ivy/build/test/test-repo/D/1.6.part/D.jar
	publish commited: moved /Volumes/MacintoshHDD/mccurdyc/computer_science/cs441s2016/cs441s2016-fp-team1/tools/ant-ivy/build/test/test-repo/D/1.6.part 
		to /Volumes/MacintoshHDD/mccurdyc/computer_science/cs441s2016/cs441s2016-fp-team1/tools/ant-ivy/build/test/test-repo/D/1.6
:: resolving dependencies :: #A;1
	confs: [default]
	found #C;2.5 in test
	[2.5] #C;[2.0,2.5]
	found #D;1.6 in test
	[1.6] #D;[1.0,1.6]
	found #B;1.4 in test
BLACKLISTING [#D;1.6 blacklisted to evict #D;1.6 in favor of #D;1.5 in #A;1 for default]
	found #D;1.5 in test
downloading /Volumes/MacintoshHDD/mccurdyc/computer_science/cs441s2016/cs441s2016-fp-team1/tools/ant-ivy/build/test/test-repo/C/2.5/C.jar ...
	[SUCCESSFUL ] #C;2.5!C.jar (2ms)
downloading /Volumes/MacintoshHDD/mccurdyc/computer_science/cs441s2016/cs441s2016-fp-team1/tools/ant-ivy/build/test/test-repo/B/1.4/B.jar ...
	[SUCCESSFUL ] #B;1.4!B.jar (2ms)
downloading /Volumes/MacintoshHDD/mccurdyc/computer_science/cs441s2016/cs441s2016-fp-team1/tools/ant-ivy/build/test/test-repo/D/1.5/D.jar ...
	[SUCCESSFUL ] #D;1.5!D.jar (2ms)
:: resolution report :: resolve 54ms :: artifacts dl 7ms
	:: evicted modules:
	#D;[1.0,1.6] by [#D;1.5] in [default]
	---------------------------------------------------------------------
	|                  |            modules            ||   artifacts   |
	|       conf       | number| search|dwnlded|evicted|| number|dwnlded|
	---------------------------------------------------------------------
	|      default     |   4   |   3   |   3   |   1   ||   3   |   3   |
	---------------------------------------------------------------------
]]></system-out>
  <system-err><![CDATA[]]></system-err>
</testsuite>
