<?xml version="1.0" encoding="UTF-8" ?>
<testsuite errors="0" failures="0" hostname="Coltons-MacBook-Pro.local" name="org.apache.ivy.core.resolve.ResolveTest" skipped="0" tests="230" time="18.17" timestamp="2016-05-01T15:22:30">
  <properties>
    <property name="java.home.ivy.instance" value="/Library/Java/JavaVirtualMachines/jdk1.8.0_66.jdk/Contents/Home/jre" />
    <property name="source.." value="src/java/" />
    <property name="ant.home.ivy.instance" value="/usr/local/Cellar/ant/1.9.4/libexec" />
    <property name="java.awt.graphicsenv.ivy.instance" value="sun.awt.CGraphicsEnvironment" />
    <property name="java.awt.printerjob.ivy.instance" value="sun.lwawt.macosx.CPrinterJob" />
    <property name="env.TERM" value="screen-256color" />
    <property name="ant.library.dir" value="/usr/local/Cellar/ant/1.9.4/libexec/lib" />
    <property name="ant.core.lib" value="/usr/local/Cellar/ant/1.9.4/libexec/lib/ant.jar" />
    <property name="java.vm.info.ivy.instance" value="mixed mode" />
    <property name="env.rvm_bin_path" value="/usr/local/rvm/bin" />
    <property name="ivy.report.output.pattern.ivy.instance" value="[organisation]-[module]-[conf].[ext]" />
    <property name="user.dir" value="/Volumes/MacintoshHDD/mccurdyc/computer_science/cs441s2016/cs441s2016-fp-team1/container/tlb/tools/ivy" />
    <property name="java.vm.version" value="25.66-b17" />
    <property name="ivy.lib.dir.ivy.instance" value="/Volumes/MacintoshHDD/mccurdyc/computer_science/cs441s2016/cs441s2016-fp-team1/container/tlb/tools/ivy/lib" />
    <property name="env.HISTFILESIZE" value="1000000" />
    <property name="path.separator.ivy.instance" value=":" />
    <property name="env.Apple_PubSub_Socket_Render" value="/private/tmp/com.apple.launchd.hdd4oeXi4N/Render" />
    <property name="env.HISTSIZE" value="1000000" />
    <property name="lib.dir" value="/Volumes/MacintoshHDD/mccurdyc/computer_science/cs441s2016/cs441s2016-fp-team1/container/tlb/tools/ivy/lib" />
    <property name="env.GEM_HOME" value="/usr/local/rvm/gems/ruby-2.0.0-p353" />
    <property name="java.library.path.ivy.instance" value="/Users/ColtonMcCurdy/Library/Java/Extensions:/Library/Java/Extensions:/Network/Library/Java/Extensions:/System/Library/Java/Extensions:/usr/lib/java:." />
    <property name="ant.file.type.ivy" value="file" />
    <property name="ivy.resolve.default.type.filter.ivy.instance" value="*" />
    <property name="java.version.ivy.instance" value="1.8.0_66" />
    <property name="sun.os.patch.level" value="unknown" />
    <property name="ivy.shared.default.root" value="/Users/ColtonMcCurdy/.ivy2/shared" />
    <property name="java.vm.specification.name" value="Java Virtual Machine Specification" />
    <property name="ivy.shared.default.artifact.pattern.ivy.instance" value="[organisation]/[module]/[revision]/[type]s/[artifact].[ext]" />
    <property name="debug.mode" value="on" />
    <property name="file.separator.ivy.instance" value="/" />
    <property name="env.HAS_256_COLORS" value="yes" />
    <property name="os.name" value="Mac OS X" />
    <property name="ivy.status" value="integration" />
    <property name="ivy.install.version" value="1.4.1" />
    <property name="ivy.local.default.ivy.pattern.ivy.instance" value="[organisation]/[module]/[revision]/[type]s/[artifact].[ext]" />
    <property name="ivy.settings.dir.ivy.instance" value="jar:file:/Users/ColtonMcCurdy/.ant/lib/ivy.jar!/org/apache/ivy/core/settings" />
    <property name="env.XPC_FLAGS" value="0x0" />
    <property name="java.vendor.url.bug" value="http://bugreport.sun.com/bugreport/" />
    <property name="env.POWERLINE_COMMAND" value="powerline" />
    <property name="env.TODOTXT_DEFAULT_ACTION" value="ls" />
    <property name="os.arch" value="x86_64" />
    <property name="user.name" value="ColtonMcCurdy" />
    <property name="ivy.retrieve.pattern.ivy.instance" value="/Volumes/MacintoshHDD/mccurdyc/computer_science/cs441s2016/cs441s2016-fp-team1/container/tlb/tools/ivy/lib/[artifact]-[revision](-[classifier]).[ext]" />
    <property name="doc.build.dir" value="/Volumes/MacintoshHDD/mccurdyc/computer_science/cs441s2016/cs441s2016-fp-team1/container/tlb/tools/ivy/build/doc" />
    <property name="sun.java.command" value="org.apache.tools.ant.taskdefs.optional.junit.JUnitTestRunner org.apache.ivy.core.resolve.ResolveTest skipNonTests=false filtertrace=true haltOnError=false haltOnFailure=false formatter=org.apache.tools.ant.taskdefs.optional.junit.SummaryJUnitResultFormatter showoutput=false outputtoformatters=true logfailedtests=true threadid=0 logtestlistenerevents=false formatter=org.apache.tools.ant.taskdefs.optional.junit.XMLJUnitResultFormatter,/Volumes/MacintoshHDD/mccurdyc/computer_science/cs441s2016/cs441s2016-fp-team1/container/tlb/tools/ivy/build/test-report/TEST-org.apache.ivy.core.resolve.ResolveTest.xml crashfile=/Volumes/MacintoshHDD/mccurdyc/computer_science/cs441s2016/cs441s2016-fp-team1/container/tlb/tools/ivy/junitvmwatcher4467046800890606062.properties propsfile=/Volumes/MacintoshHDD/mccurdyc/computer_science/cs441s2016/cs441s2016-fp-team1/container/tlb/tools/ivy/junit1215310926599714211.properties" />
    <property name="env.USER" value="ColtonMcCurdy" />
    <property name="ivy.shared.default.artifact.pattern" value="[organisation]/[module]/[revision]/[type]s/[artifact].[ext]" />
    <property name="env.LOGNAME" value="ColtonMcCurdy" />
    <property name="sun.arch.data.model.ivy.instance" value="64" />
    <property name="ivy.default.conf.dir" value="jar:file:/Users/ColtonMcCurdy/.ant/lib/ivy.jar!/org/apache/ivy/core/settings" />
    <property name="build.version" value="2.5.0-local-20160501112111" />
    <property name="env.TMUX_PWD_17" value="/Users/ColtonMcCurdy/computer_science/cs580s2016/cs580s2016-mccurdyc/final-project/proposal" />
    <property name="env.TMUX_PWD_16" value="/Volumes/MacintoshHDD/mccurdyc/computer_science/cs580s2016/cs580s2016-mccurdyc/final-project" />
    <property name="env.TMUX_PWD_15" value="/Volumes/MacintoshHDD/mccurdyc/computer_science/research/spring_2016/selectms" />
    <property name="user.country" value="US" />
    <property name="java.vm.specification.version.ivy.instance" value="1.8" />
    <property name="ivy.default.always.check.exact.revision" value="false" />
    <property name="emma.coverage.out.file" value="${coverage.dir}/coverage.emma" />
    <property name="os.name.ivy.instance" value="Mac OS X" />
    <property name="java.endorsed.dirs" value="/Library/Java/JavaVirtualMachines/jdk1.8.0_66.jdk/Contents/Home/jre/lib/endorsed" />
    <property name="java.endorsed.dirs.ivy.instance" value="/Library/Java/JavaVirtualMachines/jdk1.8.0_66.jdk/Contents/Home/jre/lib/endorsed" />
    <property name="ivy.lib.dir" value="/Volumes/MacintoshHDD/mccurdyc/computer_science/cs441s2016/cs441s2016-fp-team1/container/tlb/tools/ivy/lib" />
    <property name="java.vm.specification.version" value="1.8" />
    <property name="env.IRBRC" value="/usr/local/rvm/rubies/ruby-2.0.0-p353/.irbrc" />
    <property name="optional.classes.build.dir" value="/Volumes/MacintoshHDD/mccurdyc/computer_science/cs441s2016/cs441s2016-fp-team1/container/tlb/tools/ivy/build/classes/optional" />
    <property name="env._system_version" value="10.11" />
    <property name="gopherProxySet.ivy.instance" value="false" />
    <property name="ivy.settings.url" value="jar:file:/Users/ColtonMcCurdy/.ant/lib/ivy.jar!/org/apache/ivy/core/settings/ivysettings.xml" />
    <property name="env.SHLVL" value="4" />
    <property name="java.vendor" value="Oracle Corporation" />
    <property name="user.dir.ivy.instance" value="/Volumes/MacintoshHDD/mccurdyc/computer_science/cs441s2016/cs441s2016-fp-team1/container/tlb/tools/ivy" />
    <property name="ivy.default.settings.dir" value="jar:file:/Users/ColtonMcCurdy/.ant/lib/ivy.jar!/org/apache/ivy/core/settings" />
    <property name="user.region" value="TR" />
    <property name="ivy.settings.file" value="ivysettings.xml" />
    <property name="java.runtime.name.ivy.instance" value="Java(TM) SE Runtime Environment" />
    <property name="env.CLICOLOR" value="1" />
    <property name="test.xml.dir" value="/Volumes/MacintoshHDD/mccurdyc/computer_science/cs441s2016/cs441s2016-fp-team1/container/tlb/tools/ivy/build/test-report" />
    <property name="file.separator" value="/" />
    <property name="ivy.local.default.artifact.pattern.ivy.instance" value="[organisation]/[module]/[revision]/[type]s/[artifact].[ext]" />
    <property name="ivy.cache.dir.ivy.instance" value="/Users/ColtonMcCurdy/.ivy2/cache" />
    <property name="ivy.default.settings.dir.ivy.instance" value="jar:file:/Users/ColtonMcCurdy/.ant/lib/ivy.jar!/org/apache/ivy/core/settings" />
    <property name="sun.java.launcher" value="SUN_STANDARD" />
    <property name="ivy.shared.default.ivy.pattern.ivy.instance" value="[organisation]/[module]/[revision]/[type]s/[artifact].[ext]" />
    <property name="env.PAGER" value="less" />
    <property name="java.io.tmpdir.ivy.instance" value="/var/folders/63/3rz5g1g93kl56014nnctmg6w0000gn/T/" />
    <property name="rat.report.dir" value="/Volumes/MacintoshHDD/mccurdyc/computer_science/cs441s2016/cs441s2016-fp-team1/container/tlb/tools/ivy/build/doc/reports/rat" />
    <property name="env.GHC_DOT_APP" value="/Volumes/MacintoshHDD/mccurdyc/Downloads/ghc-7.10.2.app" />
    <property name="ant.home" value="/usr/local/Cellar/ant/1.9.4/libexec" />
    <property name="ivy.resolved.file" value="/Volumes/MacintoshHDD/mccurdyc/computer_science/cs441s2016/cs441s2016-fp-team1/container/tlb/tools/ivy/ivy.xml" />
    <property name="ant.java.version" value="1.8" />
    <property name="java.library.path" value="/Users/ColtonMcCurdy/Library/Java/Extensions:/Library/Java/Extensions:/Network/Library/Java/Extensions:/System/Library/Java/Extensions:/usr/lib/java:." />
    <property name="artifacts.build.dir" value="/Volumes/MacintoshHDD/mccurdyc/computer_science/cs441s2016/cs441s2016-fp-team1/container/tlb/tools/ivy/build/artifact" />
    <property name="env._system_type" value="Darwin" />
    <property name="classes.build.dir" value="/Volumes/MacintoshHDD/mccurdyc/computer_science/cs441s2016/cs441s2016-fp-team1/container/tlb/tools/ivy/build/classes" />
    <property name="javadoc.build.dir" value="/Volumes/MacintoshHDD/mccurdyc/computer_science/cs441s2016/cs441s2016-fp-team1/container/tlb/tools/ivy/build/doc/reports/api" />
    <property name="DSTAMP" value="20160501" />
    <property name="ivy.resolved.configurations" value="default, test" />
    <property name="sun.arch.data.model" value="64" />
    <property name="basedir" value="/Volumes/MacintoshHDD/mccurdyc/computer_science/cs441s2016/cs441s2016-fp-team1/container/tlb/tools/ivy" />
    <property name="java.vendor.url.ivy.instance" value="http://java.oracle.com/" />
    <property name="java.ext.dirs.ivy.instance" value="/Users/ColtonMcCurdy/Library/Java/Extensions:/Library/Java/JavaVirtualMachines/jdk1.8.0_66.jdk/Contents/Home/jre/lib/ext:/Library/Java/Extensions:/Network/Library/Java/Extensions:/System/Library/Java/Extensions:/usr/lib/java" />
    <property name="ivy.version" value="2.2.0" />
    <property name="env.PATH" value="/Users/ColtonMcCurdy/bin:/usr/local/rvm/gems/ruby-2.0.0-p353/bin:/usr/local/rvm/gems/ruby-2.0.0-p353@global/bin:/usr/local/rvm/rubies/ruby-2.0.0-p353/bin:/usr/local/bin:/usr/bin:/bin:/usr/local/sbin:/usr/sbin:/sbin:/opt/X11/bin:/usr/local/git/bin:/usr/local/go/bin:/opt/ImageMagick/bin:/usr/local/MacGPG2/bin:/usr/texbin:/Users/ColtonMcCurdy/bin:/usr/local/rvm/gems/ruby-2.0.0-p353/bin:/usr/local/rvm/gems/ruby-2.0.0-p353@global/bin:/usr/local/rvm/rubies/ruby-2.0.0-p353/bin:/usr/local/rvm/bin:bin/apache-maven-3.3.9/bin:/Library/TeX/Distributions/.DefaultTeX/Contents/Programs/texbin:bin/apache-maven-3.3.9/bin:/Library/TeX/Distributions/.DefaultTeX/Contents/Programs/texbin" />
    <property name="path.separator" value=":" />
    <property name="ivy.resolver.default.check.modified.ivy.instance" value="false" />
    <property name="env.TERM_PROGRAM" value="Apple_Terminal" />
    <property name="sun.io.unicode.encoding" value="UnicodeBig" />
    <property name="ivy.conf.dir" value="jar:file:/Users/ColtonMcCurdy/.ant/lib/ivy.jar!/org/apache/ivy/core/settings" />
    <property name="TSTAMP" value="1121" />
    <property name="user.language" value="tr" />
    <property name="env.TMUX_COLUMNS_6" value="61" />
    <property name="env.TMUX_COLUMNS_4" value="253" />
    <property name="java.vm.specification.vendor.ivy.instance" value="Oracle Corporation" />
    <property name="env.TMUX_COLUMNS_3" value="253" />
    <property name="env.rvm_path" value="/usr/local/rvm" />
    <property name="env.TMUX_COLUMNS_1" value="230" />
    <property name="env.TMUX_COLUMNS_0" value="114" />
    <property name="ant.project.invoked-targets" value="test" />
    <property name="env.TMUX_PWD_6" value="/Volumes/MacintoshHDD/mccurdyc/computer_science/research/spring_2016/selectms" />
    <property name="env.TMUX_PWD_4" value="/Users/ColtonMcCurdy/computer_science/research/spring_2016/selectms" />
    <property name="env.TMUX_PWD_3" value="/Volumes/MacintoshHDD/mccurdyc/computer_science/research/spring_2016/selectms" />
    <property name="awt.toolkit.ivy.instance" value="sun.lwawt.macosx.LWCToolkit" />
    <property name="env.TMUX_PWD_0" value="/Users/ColtonMcCurdy/computer_science/cs580s2016/cs580s2016-mccurdyc/assignment27" />
    <property name="gopherProxySet" value="false" />
    <property name="ivy.report.output.pattern" value="[organisation]-[module]-[conf].[ext]" />
    <property name="java.class.version" value="52.0" />
    <property name="sun.boot.library.path.ivy.instance" value="/Library/Java/JavaVirtualMachines/jdk1.8.0_66.jdk/Contents/Home/jre/lib" />
    <property name="os.version.ivy.instance" value="10.11.4" />
    <property name="ivy.project.dir.ivy.instance" value="/Volumes/MacintoshHDD/mccurdyc/computer_science/cs441s2016/cs441s2016-fp-team1/container/tlb/tools/ivy" />
    <property name="file.encoding.pkg" value="sun.io" />
    <property name="sun.cpu.endian" value="little" />
    <property name="ivy.configurations.ivy.instance" value="*" />
    <property name="ivy.home.ivy.instance" value="/Users/ColtonMcCurdy/.ivy2" />
    <property name="env.SHELL" value="/bin/bash" />
    <property name="env.rvm_version" value="1.26.11 (latest)" />
    <property name="doc.src.dir" value="/Volumes/MacintoshHDD/mccurdyc/computer_science/cs441s2016/cs441s2016-fp-team1/container/tlb/tools/ivy/doc" />
    <property name="java.home" value="/Library/Java/JavaVirtualMachines/jdk1.8.0_66.jdk/Contents/Home/jre" />
    <property name="ant.project.default-target" value="coverage-report" />
    <property name="target.ivy.bundle.version" value="2.5.0" />
    <property name="ivy.status.ivy.instance" value="integration" />
    <property name="ant.library.dir.ivy.instance" value="/usr/local/Cellar/ant/1.9.4/libexec/lib" />
    <property name="sun.java.launcher.ivy.instance" value="SUN_STANDARD" />
    <property name="ivy.basedir.ivy.instance" value="/Volumes/MacintoshHDD/mccurdyc/computer_science/cs441s2016/cs441s2016-fp-team1/container/tlb/tools/ivy" />
    <property name="java.vm.vendor.ivy.instance" value="Oracle Corporation" />
    <property name="ivy.cache.ttl.default.ivy.instance" value="10s" />
    <property name="ivy.default.conf.dir.ivy.instance" value="jar:file:/Users/ColtonMcCurdy/.ant/lib/ivy.jar!/org/apache/ivy/core/settings" />
    <property name="ivy.settings.url.ivy.instance" value="jar:file:/Users/ColtonMcCurdy/.ant/lib/ivy.jar!/org/apache/ivy/core/settings/ivysettings.xml" />
    <property name="env.SSH_AUTH_SOCK" value="/private/tmp/com.apple.launchd.kEvTsYQnkC/Listeners" />
    <property name="test.build.dir" value="/Volumes/MacintoshHDD/mccurdyc/computer_science/cs441s2016/cs441s2016-fp-team1/container/tlb/tools/ivy/build/test" />
    <property name="target.ivy.version" value="2.5.0" />
    <property name="sun.management.compiler" value="HotSpot 64-Bit Tiered Compilers" />
    <property name="ivy.local.default.ivy.pattern" value="[organisation]/[module]/[revision]/[type]s/[artifact].[ext]" />
    <property name="env.DISPLAY" value="/private/tmp/com.apple.launchd.pHEABFBXWy/org.macosforge.xquartz:0" />
    <property name="env.RUBY_VERSION" value="ruby-2.0.0-p353" />
    <property name="env.MY_RUBY_HOME" value="/usr/local/rvm/rubies/ruby-2.0.0-p353" />
    <property name="env.XPC_SERVICE_NAME" value="0" />
    <property name="ant.file" value="/Volumes/MacintoshHDD/mccurdyc/computer_science/cs441s2016/cs441s2016-fp-team1/container/tlb/tools/ivy/build.xml" />
    <property name="ivy.buildlist.ivyfilepath.ivy.instance" value="ivy.xml" />
    <property name="env._system_name" value="OSX" />
    <property name="user.country.ivy.instance" value="US" />
    <property name="ivy.minimum.javaversion" value="1.5" />
    <property name="env.PYTHONPATH" value="/usr/local/lib/python2.7/site-packages" />
    <property name="ivy.local.default.artifact.pattern" value="[organisation]/[module]/[revision]/[type]s/[artifact].[ext]" />
    <property name="core.classes.build.dir" value="/Volumes/MacintoshHDD/mccurdyc/computer_science/cs441s2016/cs441s2016-fp-team1/container/tlb/tools/ivy/build/classes/core" />
    <property name="ivy.default.always.check.exact.revision.ivy.instance" value="false" />
    <property name="sun.cpu.isalist.ivy.instance" value="" />
    <property name="java.vm.specification.vendor" value="Oracle Corporation" />
    <property name="java.vm.name" value="Java HotSpot(TM) 64-Bit Server VM" />
    <property name="distrib.dir" value="/Volumes/MacintoshHDD/mccurdyc/computer_science/cs441s2016/cs441s2016-fp-team1/container/tlb/tools/ivy/build/distrib" />
    <property name="env._system_arch" value="x86_64" />
    <property name="java.io.tmpdir" value="/var/folders/63/3rz5g1g93kl56014nnctmg6w0000gn/T/" />
    <property name="file.encoding.ivy.instance" value="UTF-8" />
    <property name="java.vendor.url" value="http://java.oracle.com/" />
    <property name="ivy.cache.ttl.default" value="10s" />
    <property name="env.rvmsudo_secure_path" value="0" />
    <property name="ivy.settings.file.ivy.instance" value="ivysettings.xml" />
    <property name="sun.boot.library.path" value="/Library/Java/JavaVirtualMachines/jdk1.8.0_66.jdk/Contents/Home/jre/lib" />
    <property name="env.GEM_PATH" value="/usr/local/rvm/gems/ruby-2.0.0-p353:/usr/local/rvm/gems/ruby-2.0.0-p353@global" />
    <property name="checkstyle.report.dir" value="/Volumes/MacintoshHDD/mccurdyc/computer_science/cs441s2016/cs441s2016-fp-team1/container/tlb/tools/ivy/build/doc/reports/checkstyle" />
    <property name="test.report.dir" value="/Volumes/MacintoshHDD/mccurdyc/computer_science/cs441s2016/cs441s2016-fp-team1/container/tlb/tools/ivy/build/doc/reports/test" />
    <property name="file.encoding.pkg.ivy.instance" value="sun.io" />
    <property name="ivy.local.default.root" value="/Users/ColtonMcCurdy/.ivy2/local" />
    <property name="ivy.resolver.default.check.modified" value="false" />
    <property name="java.runtime.name" value="Java(TM) SE Runtime Environment" />
    <property name="ant.project.name" value="ivy" />
    <property name="ivy.local.default.root.ivy.instance" value="/Users/ColtonMcCurdy/.ivy2/local" />
    <property name="sun.management.compiler.ivy.instance" value="HotSpot 64-Bit Tiered Compilers" />
    <property name="java.vendor.url.bug.ivy.instance" value="http://bugreport.sun.com/bugreport/" />
    <property name="ivy.conf.dir.ivy.instance" value="jar:file:/Users/ColtonMcCurdy/.ant/lib/ivy.jar!/org/apache/ivy/core/settings" />
    <property name="ivy.buildlist.ivyfilepath" value="ivy.xml" />
    <property name="env.PYTHONSTARTUP" value="/Users/ColtonMcCurdy/.pythonrc.py" />
    <property name="sun.cpu.isalist" value="" />
    <property name="ivy.default.ivy.user.dir" value="/Users/ColtonMcCurdy/.ivy2" />
    <property name="java.runtime.version.ivy.instance" value="1.8.0_66-b17" />
    <property name="user.home" value="/Users/ColtonMcCurdy" />
    <property name="env.JAVA_HOME" value="/Library/Java/JavaVirtualMachines/jdk1.8.0_66.jdk/Contents/Home" />
    <property name="java.vm.version.ivy.instance" value="25.66-b17" />
    <property name="java.specification.name" value="Java Platform API Specification" />
    <property name="ivy.dep.file" value="ivy.xml" />
    <property name="user.timezone.ivy.instance" value="America/New_York" />
    <property name="ivy.deliver.ivy.pattern.ivy.instance" value="/Volumes/MacintoshHDD/mccurdyc/computer_science/cs441s2016/cs441s2016-fp-team1/container/tlb/tools/ivy/distrib/[type]s/[artifact]-[revision](-[classifier]).[ext]" />
    <property name="ivy.conf.url" value="jar:file:/Users/ColtonMcCurdy/.ant/lib/ivy.jar!/org/apache/ivy/core/settings/ivysettings.xml" />
    <property name="java.specification.vendor" value="Oracle Corporation" />
    <property name="ivy.deps.changed" value="false" />
    <property name="ivy.shared.default.ivy.pattern" value="[organisation]/[module]/[revision]/[type]s/[artifact].[ext]" />
    <property name="java.version" value="1.8.0_66" />
    <property name="sun.jnu.encoding.ivy.instance" value="UTF-8" />
    <property name="sun.io.unicode.encoding.ivy.instance" value="UnicodeBig" />
    <property name="output.." value="bin/" />
    <property name="bootstrap.classes.build.dir" value="/Volumes/MacintoshHDD/mccurdyc/computer_science/cs441s2016/cs441s2016-fp-team1/container/tlb/tools/ivy/build/classes/bootstrap" />
    <property name="sun.java.command.ivy.instance" value="org.apache.tools.ant.launch.Launcher -cp  test" />
    <property name="env.LESS" value="-niSR" />
    <property name="basedir.ivy.instance" value="/Volumes/MacintoshHDD/mccurdyc/computer_science/cs441s2016/cs441s2016-fp-team1/container/tlb/tools/ivy" />
    <property name="ant.file.ivy" value="/Volumes/MacintoshHDD/mccurdyc/computer_science/cs441s2016/cs441s2016-fp-team1/container/tlb/tools/ivy/build.xml" />
    <property name="ivy.conf.url.ivy.instance" value="jar:file:/Users/ColtonMcCurdy/.ant/lib/ivy.jar!/org/apache/ivy/core/settings/ivysettings.xml" />
    <property name="version.prefix" value="2.5.0-local-" />
    <property name="java.specification.vendor.ivy.instance" value="Oracle Corporation" />
    <property name="test.dir" value="/Volumes/MacintoshHDD/mccurdyc/computer_science/cs441s2016/cs441s2016-fp-team1/container/tlb/tools/ivy/test/java" />
    <property name="ivy.build.artifacts.dir.ivy.instance" value="/Volumes/MacintoshHDD/mccurdyc/computer_science/cs441s2016/cs441s2016-fp-team1/container/tlb/tools/ivy/build/artifacts" />
    <property name="ivy.cache.dir" value="/Users/ColtonMcCurdy/.ivy2/cache" />
    <property name="user.language.ivy.instance" value="en" />
    <property name="java.class.path.ivy.instance" value="/usr/local/Cellar/ant/1.9.4/libexec/lib/ant-launcher.jar:/Users/ColtonMcCurdy/.ant/lib/ivy.jar:/usr/local/Cellar/ant/1.9.4/libexec/lib/ant-antlr.jar:/usr/local/Cellar/ant/1.9.4/libexec/lib/ant-apache-bcel.jar:/usr/local/Cellar/ant/1.9.4/libexec/lib/ant-apache-bsf.jar:/usr/local/Cellar/ant/1.9.4/libexec/lib/ant-apache-log4j.jar:/usr/local/Cellar/ant/1.9.4/libexec/lib/ant-apache-oro.jar:/usr/local/Cellar/ant/1.9.4/libexec/lib/ant-apache-regexp.jar:/usr/local/Cellar/ant/1.9.4/libexec/lib/ant-apache-resolver.jar:/usr/local/Cellar/ant/1.9.4/libexec/lib/ant-apache-xalan2.jar:/usr/local/Cellar/ant/1.9.4/libexec/lib/ant-commons-logging.jar:/usr/local/Cellar/ant/1.9.4/libexec/lib/ant-commons-net.jar:/usr/local/Cellar/ant/1.9.4/libexec/lib/ant-jai.jar:/usr/local/Cellar/ant/1.9.4/libexec/lib/ant-javamail.jar:/usr/local/Cellar/ant/1.9.4/libexec/lib/ant-jdepend.jar:/usr/local/Cellar/ant/1.9.4/libexec/lib/ant-jmf.jar:/usr/local/Cellar/ant/1.9.4/libexec/lib/ant-jsch.jar:/usr/local/Cellar/ant/1.9.4/libexec/lib/ant-junit.jar:/usr/local/Cellar/ant/1.9.4/libexec/lib/ant-junit4.jar:/usr/local/Cellar/ant/1.9.4/libexec/lib/ant-launcher.jar:/usr/local/Cellar/ant/1.9.4/libexec/lib/ant-netrexx.jar:/usr/local/Cellar/ant/1.9.4/libexec/lib/ant-swing.jar:/usr/local/Cellar/ant/1.9.4/libexec/lib/ant-testutil.jar:/usr/local/Cellar/ant/1.9.4/libexec/lib/ant.jar:/Library/Java/JavaVirtualMachines/jdk1.8.0_66.jdk/Contents/Home/lib/tools.jar" />
    <property name="env.PWD" value="/Users/ColtonMcCurdy/computer_science/cs441s2016/cs441s2016-fp-team1/container/tlb/tools/ivy" />
    <property name="env.TMPDIR" value="/var/folders/63/3rz5g1g93kl56014nnctmg6w0000gn/T/" />
    <property name="sun.cpu.endian.ivy.instance" value="little" />
    <property name="line.separator" value="&#xa;" />
    <property name="java.specification.version" value="1.8" />
    <property name="ivy.publish.src.artifacts.pattern" value="/Volumes/MacintoshHDD/mccurdyc/computer_science/cs441s2016/cs441s2016-fp-team1/container/tlb/tools/ivy/distrib/[type]s/[artifact]-[revision](-[classifier]).[ext]" />
    <property name="all.classes.build.dir" value="/Volumes/MacintoshHDD/mccurdyc/computer_science/cs441s2016/cs441s2016-fp-team1/container/tlb/tools/ivy/build/classes/all" />
    <property name="java.vm.info" value="mixed mode" />
    <property name="bin.includes" value="META-INF/,." />
    <property name="env.TERM_PROGRAM_VERSION" value="361.1" />
    <property name="ivy.retrieve.pattern" value="/Volumes/MacintoshHDD/mccurdyc/computer_science/cs441s2016/cs441s2016-fp-team1/container/tlb/tools/ivy/lib/[artifact]-[revision](-[classifier]).[ext]" />
    <property name="ivy.organisation" value="org.apache.ivy" />
    <property name="ivy.targets.copied" value="false" />
    <property name="sun.boot.class.path" value="/Library/Java/JavaVirtualMachines/jdk1.8.0_66.jdk/Contents/Home/jre/lib/resources.jar:/Library/Java/JavaVirtualMachines/jdk1.8.0_66.jdk/Contents/Home/jre/lib/rt.jar:/Library/Java/JavaVirtualMachines/jdk1.8.0_66.jdk/Contents/Home/jre/lib/sunrsasign.jar:/Library/Java/JavaVirtualMachines/jdk1.8.0_66.jdk/Contents/Home/jre/lib/jsse.jar:/Library/Java/JavaVirtualMachines/jdk1.8.0_66.jdk/Contents/Home/jre/lib/jce.jar:/Library/Java/JavaVirtualMachines/jdk1.8.0_66.jdk/Contents/Home/jre/lib/charsets.jar:/Library/Java/JavaVirtualMachines/jdk1.8.0_66.jdk/Contents/Home/jre/lib/jfr.jar:/Library/Java/JavaVirtualMachines/jdk1.8.0_66.jdk/Contents/Home/jre/classes" />
    <property name="ivy.resolve.default.type.filter" value="*" />
    <property name="java.specification.version.ivy.instance" value="1.8" />
    <property name="src.dir" value="/Volumes/MacintoshHDD/mccurdyc/computer_science/cs441s2016/cs441s2016-fp-team1/container/tlb/tools/ivy/src/java" />
    <property name="ivy.basedir" value="/Volumes/MacintoshHDD/mccurdyc/computer_science/cs441s2016/cs441s2016-fp-team1/container/tlb/tools/ivy" />
    <property name="ivy.log.modules.in.use.ivy.instance" value="false" />
    <property name="env.rvm_prefix" value="/usr/local" />
    <property name="java.specification.name.ivy.instance" value="Java Platform API Specification" />
    <property name="env.HOME" value="/Users/ColtonMcCurdy" />
    <property name="line.separator.ivy.instance" value="&#xa;" />
    <property name="user.home.ivy.instance" value="/Users/ColtonMcCurdy" />
    <property name="ivy.publish.src.artifacts.pattern.ivy.instance" value="/Volumes/MacintoshHDD/mccurdyc/computer_science/cs441s2016/cs441s2016-fp-team1/container/tlb/tools/ivy/distrib/[type]s/[artifact]-[revision](-[classifier]).[ext]" />
    <property name="ivy.deliver.ivy.pattern" value="/Volumes/MacintoshHDD/mccurdyc/computer_science/cs441s2016/cs441s2016-fp-team1/container/tlb/tools/ivy/distrib/[type]s/[artifact]-[revision](-[classifier]).[ext]" />
    <property name="ivy.shared.default.root.ivy.instance" value="/Users/ColtonMcCurdy/.ivy2/shared" />
    <property name="ivy.checksums.ivy.instance" value="sha1,md5" />
    <property name="bundle.version" value="2.5.0.alpha_20160501112111" />
    <property name="java.awt.printerjob" value="sun.lwawt.macosx.CPrinterJob" />
    <property name="env.TMUX_PANE" value="%52" />
    <property name="TODAY" value="May 1 2016" />
    <property name="sun.jnu.encoding" value="UTF-8" />
    <property name="ivy.default.ivy.user.dir.ivy.instance" value="/Users/ColtonMcCurdy/.ivy2" />
    <property name="reports.dir" value="/Volumes/MacintoshHDD/mccurdyc/computer_science/cs441s2016/cs441s2016-fp-team1/container/tlb/tools/ivy/build/doc/reports" />
    <property name="ant.classes.build.dir" value="/Volumes/MacintoshHDD/mccurdyc/computer_science/cs441s2016/cs441s2016-fp-team1/container/tlb/tools/ivy/build/classes/ant" />
    <property name="ivy.project.dir" value="/Volumes/MacintoshHDD/mccurdyc/computer_science/cs441s2016/cs441s2016-fp-team1/container/tlb/tools/ivy" />
    <property name="ivy.revision" value="working@Coltons-MacBook-Pro.local" />
    <property name="java.runtime.version" value="1.8.0_66-b17" />
    <property name="checkstyle.src.dir" value="/Volumes/MacintoshHDD/mccurdyc/computer_science/cs441s2016/cs441s2016-fp-team1/container/tlb/tools/ivy/src/etc/checkstyle" />
    <property name="sun.boot.class.path.ivy.instance" value="/Library/Java/JavaVirtualMachines/jdk1.8.0_66.jdk/Contents/Home/jre/lib/resources.jar:/Library/Java/JavaVirtualMachines/jdk1.8.0_66.jdk/Contents/Home/jre/lib/rt.jar:/Library/Java/JavaVirtualMachines/jdk1.8.0_66.jdk/Contents/Home/jre/lib/sunrsasign.jar:/Library/Java/JavaVirtualMachines/jdk1.8.0_66.jdk/Contents/Home/jre/lib/jsse.jar:/Library/Java/JavaVirtualMachines/jdk1.8.0_66.jdk/Contents/Home/jre/lib/jce.jar:/Library/Java/JavaVirtualMachines/jdk1.8.0_66.jdk/Contents/Home/jre/lib/charsets.jar:/Library/Java/JavaVirtualMachines/jdk1.8.0_66.jdk/Contents/Home/jre/lib/jfr.jar:/Library/Java/JavaVirtualMachines/jdk1.8.0_66.jdk/Contents/Home/jre/classes" />
    <property name="ivy.home" value="/Users/ColtonMcCurdy/.ivy2" />
    <property name="java.vendor.ivy.instance" value="Oracle Corporation" />
    <property name="ivy.distrib.dir.ivy.instance" value="/Volumes/MacintoshHDD/mccurdyc/computer_science/cs441s2016/cs441s2016-fp-team1/container/tlb/tools/ivy/distrib" />
    <property name="tlb.dist.dir" value="/Volumes/MacintoshHDD/mccurdyc/computer_science/cs441s2016/cs441s2016-fp-team1/container/tlb/java" />
    <property name="user.timezone" value="" />
    <property name="env.TMUX_COLUMNS_17" value="253" />
    <property name="env.TMUX_COLUMNS_16" value="125" />
    <property name="env.TMUX_COLUMNS_15" value="125" />
    <property name="java.vm.specification.name.ivy.instance" value="Java Virtual Machine Specification" />
    <property name="env.TMUX" value="/private/var/folders/63/3rz5g1g93kl56014nnctmg6w0000gn/T/tmux-501/default,978,3" />
    <property name="ivy.dep.file.ivy.instance" value="ivy.xml" />
    <property name="java.ext.dirs" value="/Users/ColtonMcCurdy/Library/Java/Extensions:/Library/Java/JavaVirtualMachines/jdk1.8.0_66.jdk/Contents/Home/jre/lib/ext:/Library/Java/Extensions:/Network/Library/Java/Extensions:/System/Library/Java/Extensions:/usr/lib/java" />
    <property name="java.class.path" value="/Volumes/MacintoshHDD/mccurdyc/computer_science/cs441s2016/cs441s2016-fp-team1/container/tlb/tools/ivy/lib/ant-contrib.jar:/Volumes/MacintoshHDD/mccurdyc/computer_science/cs441s2016/cs441s2016-fp-team1/container/tlb/tools/ivy/lib/ant-testutil.jar:/Volumes/MacintoshHDD/mccurdyc/computer_science/cs441s2016/cs441s2016-fp-team1/container/tlb/tools/ivy/lib/bcpg-jdk15on.jar:/Volumes/MacintoshHDD/mccurdyc/computer_science/cs441s2016/cs441s2016-fp-team1/container/tlb/tools/ivy/lib/bcprov-jdk15on.jar:/Volumes/MacintoshHDD/mccurdyc/computer_science/cs441s2016/cs441s2016-fp-team1/container/tlb/tools/ivy/lib/commons-codec.jar:/Volumes/MacintoshHDD/mccurdyc/computer_science/cs441s2016/cs441s2016-fp-team1/container/tlb/tools/ivy/lib/commons-httpclient.jar:/Volumes/MacintoshHDD/mccurdyc/computer_science/cs441s2016/cs441s2016-fp-team1/container/tlb/tools/ivy/lib/commons-lang.jar:/Volumes/MacintoshHDD/mccurdyc/computer_science/cs441s2016/cs441s2016-fp-team1/container/tlb/tools/ivy/lib/commons-logging.jar:/Volumes/MacintoshHDD/mccurdyc/computer_science/cs441s2016/cs441s2016-fp-team1/container/tlb/tools/ivy/lib/commons-vfs.jar:/Volumes/MacintoshHDD/mccurdyc/computer_science/cs441s2016/cs441s2016-fp-team1/container/tlb/tools/ivy/lib/jna.jar:/Volumes/MacintoshHDD/mccurdyc/computer_science/cs441s2016/cs441s2016-fp-team1/container/tlb/tools/ivy/lib/jsch.agentproxy.connector-factory.jar:/Volumes/MacintoshHDD/mccurdyc/computer_science/cs441s2016/cs441s2016-fp-team1/container/tlb/tools/ivy/lib/jsch.agentproxy.core.jar:/Volumes/MacintoshHDD/mccurdyc/computer_science/cs441s2016/cs441s2016-fp-team1/container/tlb/tools/ivy/lib/jsch.agentproxy.jsch.jar:/Volumes/MacintoshHDD/mccurdyc/computer_science/cs441s2016/cs441s2016-fp-team1/container/tlb/tools/ivy/lib/jsch.agentproxy.pageant.jar:/Volumes/MacintoshHDD/mccurdyc/computer_science/cs441s2016/cs441s2016-fp-team1/container/tlb/tools/ivy/lib/jsch.agentproxy.sshagent.jar:/Volumes/MacintoshHDD/mccurdyc/computer_science/cs441s2016/cs441s2016-fp-team1/container/tlb/tools/ivy/lib/jsch.agentproxy.usocket-jna.jar:/Volumes/MacintoshHDD/mccurdyc/computer_science/cs441s2016/cs441s2016-fp-team1/container/tlb/tools/ivy/lib/jsch.agentproxy.usocket-nc.jar:/Volumes/MacintoshHDD/mccurdyc/computer_science/cs441s2016/cs441s2016-fp-team1/container/tlb/tools/ivy/lib/jsch.jar:/Volumes/MacintoshHDD/mccurdyc/computer_science/cs441s2016/cs441s2016-fp-team1/container/tlb/tools/ivy/lib/junit.jar:/Volumes/MacintoshHDD/mccurdyc/computer_science/cs441s2016/cs441s2016-fp-team1/container/tlb/tools/ivy/lib/mod1.2-2.0.jar:/Volumes/MacintoshHDD/mccurdyc/computer_science/cs441s2016/cs441s2016-fp-team1/container/tlb/tools/ivy/lib/oro.jar:/Volumes/MacintoshHDD/mccurdyc/computer_science/cs441s2016/cs441s2016-fp-team1/container/tlb/tools/ivy/lib/platform.jar:/Volumes/MacintoshHDD/mccurdyc/computer_science/cs441s2016/cs441s2016-fp-team1/container/tlb/tools/ivy/lib/xercesImpl.jar:/Volumes/MacintoshHDD/mccurdyc/computer_science/cs441s2016/cs441s2016-fp-team1/container/tlb/tools/ivy/lib/xmlParserAPIs.jar:/Volumes/MacintoshHDD/mccurdyc/computer_science/cs441s2016/cs441s2016-fp-team1/container/tlb/tools/ivy/lib/xmlunit.jar:/Volumes/MacintoshHDD/mccurdyc/computer_science/cs441s2016/cs441s2016-fp-team1/container/tlb/tools/ivy/build/classes/core:/Volumes/MacintoshHDD/mccurdyc/computer_science/cs441s2016/cs441s2016-fp-team1/container/tlb/tools/ivy/build/classes/ant:/Volumes/MacintoshHDD/mccurdyc/computer_science/cs441s2016/cs441s2016-fp-team1/container/tlb/tools/ivy/build/classes/optional:/Volumes/MacintoshHDD/mccurdyc/computer_science/cs441s2016/cs441s2016-fp-team1/container/tlb/tools/ivy/build/test:/usr/local/Cellar/ant/1.9.4/libexec/lib/ant-launcher.jar:/usr/local/Cellar/ant/1.9.4/libexec/lib/ant.jar:/usr/local/Cellar/ant/1.9.4/libexec/lib/ant-junit.jar:/usr/local/Cellar/ant/1.9.4/libexec/lib/ant-junit4.jar" />
    <property name="ivy.settings.dir" value="jar:file:/Users/ColtonMcCurdy/.ant/lib/ivy.jar!/org/apache/ivy/core/settings" />
    <property name="tlb.project.dir" value="/Volumes/MacintoshHDD/mccurdyc/computer_science/cs441s2016/cs441s2016-fp-team1/container/tlb/tlb" />
    <property name="example.dir" value="/Volumes/MacintoshHDD/mccurdyc/computer_science/cs441s2016/cs441s2016-fp-team1/container/tlb/tools/ivy/src/example" />
    <property name="os.version" value="10.11.4" />
    <property name="coverage.report.dir" value="/Volumes/MacintoshHDD/mccurdyc/computer_science/cs441s2016/cs441s2016-fp-team1/container/tlb/tools/ivy/build/doc/reports/coverage" />
    <property name="java.class.version.ivy.instance" value="52.0" />
    <property name="ivy.module" value="ivy" />
    <property name="os.arch.ivy.instance" value="x86_64" />
    <property name="env.TERM_SESSION_ID" value="460B8599-A3D8-4C9F-ADDB-733C593ED77F" />
    <property name="env.LANG" value="en_US.UTF-8" />
    <property name="ivy.nb.targets.copied" value="0" />
    <property name="java.awt.graphicsenv" value="sun.awt.CGraphicsEnvironment" />
    <property name="java.vm.name.ivy.instance" value="Java HotSpot(TM) 64-Bit Server VM" />
    <property name="java.vm.vendor" value="Oracle Corporation" />
    <property name="target.ivy.bundle.version.qualifier" value="alpha_" />
    <property name="ivy.log.modules.in.use" value="false" />
    <property name="test.class.pattern" value="*Test" />
    <property name="ant.file.type" value="file" />
    <property name="pubdate" value="20160501112111" />
    <property name="ivy.build.artifacts.dir" value="/Volumes/MacintoshHDD/mccurdyc/computer_science/cs441s2016/cs441s2016-fp-team1/container/tlb/tools/ivy/build/artifacts" />
    <property name="ivy.checksums" value="sha1,md5" />
    <property name="sun.os.patch.level.ivy.instance" value="unknown" />
    <property name="build.dir" value="/Volumes/MacintoshHDD/mccurdyc/computer_science/cs441s2016/cs441s2016-fp-team1/container/tlb/tools/ivy/build" />
    <property name="ivy.configurations" value="*" />
    <property name="final.name" value="ivy.jar" />
    <property name="ivy.distrib.dir" value="/Volumes/MacintoshHDD/mccurdyc/computer_science/cs441s2016/cs441s2016-fp-team1/container/tlb/tools/ivy/distrib" />
    <property name="ant.version" value="Apache Ant(TM) version 1.9.4 compiled on April 29 2014" />
    <property name="ivy.report.dir" value="/Volumes/MacintoshHDD/mccurdyc/computer_science/cs441s2016/cs441s2016-fp-team1/container/tlb/tools/ivy/build/doc/reports/ivy" />
    <property name="file.encoding" value="UTF-8" />
    <property name="env.__CF_USER_TEXT_ENCODING" value="0x1F5:0x0:0x0" />
    <property name="awt.toolkit" value="sun.lwawt.macosx.LWCToolkit" />
    <property name="emma.coverage.out.merge" value="true" />
    <property name="env.JAVA_MAIN_CLASS_11586" value="org.apache.tools.ant.launch.Launcher" />
    <property name="user.name.ivy.instance" value="ColtonMcCurdy" />
  </properties>
  <testcase classname="org.apache.ivy.core.resolve.ResolveTest" name="testResolveWithRetainingArtifactName" time="0.729" />
  <testcase classname="org.apache.ivy.core.resolve.ResolveTest" name="testResolveWithRetainingArtifactNameAndExtraAttributes" time="0.104" />
  <testcase classname="org.apache.ivy.core.resolve.ResolveTest" name="testArtifactOrigin" time="0.235" />
  <testcase classname="org.apache.ivy.core.resolve.ResolveTest" name="testUseOrigin" time="0.055" />
  <testcase classname="org.apache.ivy.core.resolve.ResolveTest" name="testResolveSimple" time="0.045" />
  <testcase classname="org.apache.ivy.core.resolve.ResolveTest" name="testResolveBadStatus" time="0.044" />
  <testcase classname="org.apache.ivy.core.resolve.ResolveTest" name="testResolveWithXmlEntities" time="0.156" />
  <testcase classname="org.apache.ivy.core.resolve.ResolveTest" name="testResolveNoRevisionInPattern" time="0.127" />
  <testcase classname="org.apache.ivy.core.resolve.ResolveTest" name="testResolveLatestWithNoRevisionInPattern" time="0.076" />
  <testcase classname="org.apache.ivy.core.resolve.ResolveTest" name="testResolveNoRevisionInDep" time="0.041" />
  <testcase classname="org.apache.ivy.core.resolve.ResolveTest" name="testResolveNoRevisionNowhere" time="0.255" />
  <testcase classname="org.apache.ivy.core.resolve.ResolveTest" name="testResolveWithConflictManagerPerModule" time="0.102" />
  <testcase classname="org.apache.ivy.core.resolve.ResolveTest" name="testResolveWithConflictManagerDefinedInModule" time="0.111" />
  <testcase classname="org.apache.ivy.core.resolve.ResolveTest" name="testResolveRequiresDescriptor" time="0.067" />
  <testcase classname="org.apache.ivy.core.resolve.ResolveTest" name="testResolveOtherConfiguration" time="0.067" />
  <testcase classname="org.apache.ivy.core.resolve.ResolveTest" name="testResolveWithSlashes" time="0.104" />
  <testcase classname="org.apache.ivy.core.resolve.ResolveTest" name="testFromCache" time="0.044" />
  <testcase classname="org.apache.ivy.core.resolve.ResolveTest" name="testFromCache2" time="0.04" />
  <testcase classname="org.apache.ivy.core.resolve.ResolveTest" name="testDynamicFromCache" time="0.046" />
  <testcase classname="org.apache.ivy.core.resolve.ResolveTest" name="testDynamicFromCacheWithMD" time="0.092" />
  <testcase classname="org.apache.ivy.core.resolve.ResolveTest" name="testDynamicFromCacheWithMDAfterOneTTLExpiration" time="0.788" />
  <testcase classname="org.apache.ivy.core.resolve.ResolveTest" name="testDynamicFromCacheWithTTL0" time="0.056" />
  <testcase classname="org.apache.ivy.core.resolve.ResolveTest" name="testDynamicFromCacheWithTTL" time="0.795" />
  <testcase classname="org.apache.ivy.core.resolve.ResolveTest" name="testRefreshDynamicFromCache" time="0.054" />
  <testcase classname="org.apache.ivy.core.resolve.ResolveTest" name="testFromCacheOnly" time="0.027" />
  <testcase classname="org.apache.ivy.core.resolve.ResolveTest" name="testChangeCacheLayout" time="0.027" />
  <testcase classname="org.apache.ivy.core.resolve.ResolveTest" name="testChangeCacheLayout2" time="0.03" />
  <testcase classname="org.apache.ivy.core.resolve.ResolveTest" name="testMultipleCache" time="0.047" />
  <testcase classname="org.apache.ivy.core.resolve.ResolveTest" name="testForceLocal" time="0.067" />
  <testcase classname="org.apache.ivy.core.resolve.ResolveTest" name="testForceLocal2" time="0.087" />
  <testcase classname="org.apache.ivy.core.resolve.ResolveTest" name="testForceLocal3" time="0.117" />
  <testcase classname="org.apache.ivy.core.resolve.ResolveTest" name="testResolveExtends" time="0.022" />
  <testcase classname="org.apache.ivy.core.resolve.ResolveTest" name="testResolveExtended" time="0.022" />
  <testcase classname="org.apache.ivy.core.resolve.ResolveTest" name="testResolveExtendedAndExtends" time="0.022" />
  <testcase classname="org.apache.ivy.core.resolve.ResolveTest" name="testResolveMultipleExtends" time="0.038" />
  <testcase classname="org.apache.ivy.core.resolve.ResolveTest" name="testResolveMultipleExtendsAndConfs" time="0.1" />
  <testcase classname="org.apache.ivy.core.resolve.ResolveTest" name="testResolveMultipleConfsWithLatest" time="0.042" />
  <testcase classname="org.apache.ivy.core.resolve.ResolveTest" name="testResolveMultipleConfsWithConflicts" time="0.063" />
  <testcase classname="org.apache.ivy.core.resolve.ResolveTest" name="testResolveMultipleExtends2" time="0.05" />
  <testcase classname="org.apache.ivy.core.resolve.ResolveTest" name="testResolveSeveralDefaultWithArtifacts" time="0.042" />
  <testcase classname="org.apache.ivy.core.resolve.ResolveTest" name="testResolveConflictsWithArtifacts" time="0.082" />
  <testcase classname="org.apache.ivy.core.resolve.ResolveTest" name="testResolveSeveralDefaultWithArtifactsAndConfs" time="0.105" />
  <testcase classname="org.apache.ivy.core.resolve.ResolveTest" name="testResolveSeveralDefaultWithArtifactsAndConfs2" time="0.131" />
  <testcase classname="org.apache.ivy.core.resolve.ResolveTest" name="testResolveWithStartPublicConf" time="0.028" />
  <testcase classname="org.apache.ivy.core.resolve.ResolveTest" name="testResolveWithPrivateConf" time="0.021" />
  <testcase classname="org.apache.ivy.core.resolve.ResolveTest" name="testResolveDefaultWithArtifactsConf1" time="0.024" />
  <testcase classname="org.apache.ivy.core.resolve.ResolveTest" name="testResolveDefaultWithArtifactsConf2" time="0.023" />
  <testcase classname="org.apache.ivy.core.resolve.ResolveTest" name="testResolveDefaultWithArtifactsAndConfMapping" time="0.027" />
  <testcase classname="org.apache.ivy.core.resolve.ResolveTest" name="testResolveWithIncludeArtifactsConf1" time="0.048" />
  <testcase classname="org.apache.ivy.core.resolve.ResolveTest" name="testResolveWithIncludeArtifactsConf2" time="0.052" />
  <testcase classname="org.apache.ivy.core.resolve.ResolveTest" name="testResolveWithIncludeArtifactsWithoutConf" time="0.048" />
  <testcase classname="org.apache.ivy.core.resolve.ResolveTest" name="testResolveWithIncludeArtifactsTransitive" time="0.069" />
  <testcase classname="org.apache.ivy.core.resolve.ResolveTest" name="testResolveWithExcludesArtifacts" time="0.108" />
  <testcase classname="org.apache.ivy.core.resolve.ResolveTest" name="testResolveWithExcludesArtifacts2" time="0.054" />
  <testcase classname="org.apache.ivy.core.resolve.ResolveTest" name="testResolveWithExcludesArtifacts3" time="0.053" />
  <testcase classname="org.apache.ivy.core.resolve.ResolveTest" name="testResolveWithExcludesArtifacts4" time="0.052" />
  <testcase classname="org.apache.ivy.core.resolve.ResolveTest" name="testResolveWithExcludesArtifacts5" time="0.063" />
  <testcase classname="org.apache.ivy.core.resolve.ResolveTest" name="testResolveTransitiveDependencies" time="0.039" />
  <testcase classname="org.apache.ivy.core.resolve.ResolveTest" name="testResolveTransitiveDependenciesWithOverride" time="0.038" />
  <testcase classname="org.apache.ivy.core.resolve.ResolveTest" name="testResolveTransitiveDependenciesWithOverrideAndDynamicResolveMode" time="0.037" />
  <testcase classname="org.apache.ivy.core.resolve.ResolveTest" name="testResolveTransitiveDisabled" time="0.031" />
  <testcase classname="org.apache.ivy.core.resolve.ResolveTest" name="testDependenciesOrder" time="0.158" />
  <testcase classname="org.apache.ivy.core.resolve.ResolveTest" name="testDisableTransitivityPerConfiguration" time="0.056" />
  <testcase classname="org.apache.ivy.core.resolve.ResolveTest" name="testDisableTransitivityPerConfiguration2" time="0.057" />
  <testcase classname="org.apache.ivy.core.resolve.ResolveTest" name="testDisableTransitivityPerConfiguration3" time="0.055" />
  <testcase classname="org.apache.ivy.core.resolve.ResolveTest" name="testDisableTransitivityPerConfiguration4" time="0.043" />
  <testcase classname="org.apache.ivy.core.resolve.ResolveTest" name="testDisableTransitivityPerConfiguration5" time="0.057" />
  <testcase classname="org.apache.ivy.core.resolve.ResolveTest" name="testResolveDiamond" time="0.068" />
  <testcase classname="org.apache.ivy.core.resolve.ResolveTest" name="testResolveConflict" time="0.073" />
  <testcase classname="org.apache.ivy.core.resolve.ResolveTest" name="testResolveConflict2" time="0.096" />
  <testcase classname="org.apache.ivy.core.resolve.ResolveTest" name="testResolveConflict3" time="0.101" />
  <testcase classname="org.apache.ivy.core.resolve.ResolveTest" name="testResolveMergeTransitiveAfterConflict" time="0.235" />
  <testcase classname="org.apache.ivy.core.resolve.ResolveTest" name="testResolveConflictFromPoms" time="0.1" />
  <testcase classname="org.apache.ivy.core.resolve.ResolveTest" name="testTransitiveEviction" time="0.07" />
  <testcase classname="org.apache.ivy.core.resolve.ResolveTest" name="testTransitiveEviction2" time="0.074" />
  <testcase classname="org.apache.ivy.core.resolve.ResolveTest" name="testTransitiveEvictionWithExtendingConf" time="0.132" />
  <testcase classname="org.apache.ivy.core.resolve.ResolveTest" name="testResolveConflictInConf" time="0.04" />
  <testcase classname="org.apache.ivy.core.resolve.ResolveTest" name="testEvictWithConf" time="0.059" />
  <testcase classname="org.apache.ivy.core.resolve.ResolveTest" name="testEvictWithConf2" time="0.087" />
  <testcase classname="org.apache.ivy.core.resolve.ResolveTest" name="testEvictWithConf3" time="0.051" />
  <testcase classname="org.apache.ivy.core.resolve.ResolveTest" name="testFailWithMissingConf" time="0.032" />
  <testcase classname="org.apache.ivy.core.resolve.ResolveTest" name="testEvictWithConfInMultiConf" time="0.09" />
  <testcase classname="org.apache.ivy.core.resolve.ResolveTest" name="testEvictWithConfInMultiConf2" time="0.068" />
  <testcase classname="org.apache.ivy.core.resolve.ResolveTest" name="testMultipleEviction" time="0.071" />
  <testcase classname="org.apache.ivy.core.resolve.ResolveTest" name="testResolveForce" time="0.054" />
  <testcase classname="org.apache.ivy.core.resolve.ResolveTest" name="testResolveForceAfterConflictSolved" time="0.052" />
  <testcase classname="org.apache.ivy.core.resolve.ResolveTest" name="testResolveForceAfterDependencyExist" time="0.092" />
  <testcase classname="org.apache.ivy.core.resolve.ResolveTest" name="testResolveForceInDepOnly" time="0.121" />
  <testcase classname="org.apache.ivy.core.resolve.ResolveTest" name="testResolveForceInDepOnly2" time="0.192" />
  <testcase classname="org.apache.ivy.core.resolve.ResolveTest" name="testResolveWithDynamicRevisionsAndArtifactLockStrategy" time="0.043" />
  <testcase classname="org.apache.ivy.core.resolve.ResolveTest" name="testResolveForceWithDynamicRevisions" time="0.064" />
  <testcase classname="org.apache.ivy.core.resolve.ResolveTest" name="testResolveForceWithDynamicRevisionsAndSeveralConfs" time="0.152" />
  <testcase classname="org.apache.ivy.core.resolve.ResolveTest" name="testResolveForceWithDynamicRevisionsAndSeveralConfs2" time="0.051" />
  <testcase classname="org.apache.ivy.core.resolve.ResolveTest" name="testResolveForceWithDynamicRevisionsAndCyclicDependencies" time="0.086" />
  <testcase classname="org.apache.ivy.core.resolve.ResolveTest" name="testResolveContradictoryConflictResolution" time="0.061" />
  <testcase classname="org.apache.ivy.core.resolve.ResolveTest" name="testResolveContradictoryConflictResolution2" time="0.083" />
  <testcase classname="org.apache.ivy.core.resolve.ResolveTest" name="testResolveContradictoryConflictResolution3" time="0.048" />
  <testcase classname="org.apache.ivy.core.resolve.ResolveTest" name="testExtends" time="0.061" />
  <testcase classname="org.apache.ivy.core.resolve.ResolveTest" name="testMultiConfs" time="0.07" />
  <testcase classname="org.apache.ivy.core.resolve.ResolveTest" name="testThisConfiguration" time="0.343" />
  <testcase classname="org.apache.ivy.core.resolve.ResolveTest" name="testLatest" time="0.054" />
  <testcase classname="org.apache.ivy.core.resolve.ResolveTest" name="testLatestMultiple" time="0.038" />
  <testcase classname="org.apache.ivy.core.resolve.ResolveTest" name="testLatestWhenReleased" time="0.044" />
  <testcase classname="org.apache.ivy.core.resolve.ResolveTest" name="testLatestWithMultiplePatterns" time="0.103" />
  <testcase classname="org.apache.ivy.core.resolve.ResolveTest" name="testResolveModeDynamic1" time="0.022" />
  <testcase classname="org.apache.ivy.core.resolve.ResolveTest" name="testResolveModeDynamic2" time="0.019" />
  <testcase classname="org.apache.ivy.core.resolve.ResolveTest" name="testResolveModeDynamicWithBranch1" time="0.035" />
  <testcase classname="org.apache.ivy.core.resolve.ResolveTest" name="testResolveModeDynamicWithBranch2" time="0.028" />
  <testcase classname="org.apache.ivy.core.resolve.ResolveTest" name="testResolveModeDefaultOverrideSettings" time="0.021" />
  <testcase classname="org.apache.ivy.core.resolve.ResolveTest" name="testVersionRange1" time="0.02" />
  <testcase classname="org.apache.ivy.core.resolve.ResolveTest" name="testVersionRange2" time="0.019" />
  <testcase classname="org.apache.ivy.core.resolve.ResolveTest" name="testLatestMilestone" time="0.085" />
  <testcase classname="org.apache.ivy.core.resolve.ResolveTest" name="testLatestMilestone2" time="0.067" />
  <testcase classname="org.apache.ivy.core.resolve.ResolveTest" name="testIVY56" time="0.02" />
  <testcase classname="org.apache.ivy.core.resolve.ResolveTest" name="testIVY214" time="0.033" />
  <testcase classname="org.apache.ivy.core.resolve.ResolveTest" name="testIVY218" time="0.07" />
  <testcase classname="org.apache.ivy.core.resolve.ResolveTest" name="testIVY729" time="0.089" />
  <testcase classname="org.apache.ivy.core.resolve.ResolveTest" name="testCircular" time="0.121" />
  <testcase classname="org.apache.ivy.core.resolve.ResolveTest" name="testCircular2" time="0.06" />
  <testcase classname="org.apache.ivy.core.resolve.ResolveTest" name="testCircular3" time="0.103" />
  <testcase classname="org.apache.ivy.core.resolve.ResolveTest" name="testRegularCircular" time="0.031" />
  <testcase classname="org.apache.ivy.core.resolve.ResolveTest" name="testResolveDualChain" time="0.063" />
  <testcase classname="org.apache.ivy.core.resolve.ResolveTest" name="testBug148" time="0.064" />
  <testcase classname="org.apache.ivy.core.resolve.ResolveTest" name="testBug148b" time="0.086" />
  <testcase classname="org.apache.ivy.core.resolve.ResolveTest" name="testIVY1178" time="0.088" />
  <testcase classname="org.apache.ivy.core.resolve.ResolveTest" name="testIVY1236" time="0.063" />
  <testcase classname="org.apache.ivy.core.resolve.ResolveTest" name="testIVY1233" time="0.114" />
  <testcase classname="org.apache.ivy.core.resolve.ResolveTest" name="testIVY1333" time="0.062" />
  <testcase classname="org.apache.ivy.core.resolve.ResolveTest" name="testIVY1347" time="0.052" />
  <testcase classname="org.apache.ivy.core.resolve.ResolveTest" name="testIVY999" time="0.071" />
  <testcase classname="org.apache.ivy.core.resolve.ResolveTest" name="testIVY1366" time="0.058" />
  <testcase classname="org.apache.ivy.core.resolve.ResolveTest" name="testBadFiles" time="0.087" />
  <testcase classname="org.apache.ivy.core.resolve.ResolveTest" name="testTransitiveSetting" time="0.029" />
  <testcase classname="org.apache.ivy.core.resolve.ResolveTest" name="testTransitiveSetting2" time="0.062" />
  <testcase classname="org.apache.ivy.core.resolve.ResolveTest" name="testResolverDirectlyUsingCache" time="0.028" />
  <testcase classname="org.apache.ivy.core.resolve.ResolveTest" name="testVisibility1" time="0.036" />
  <testcase classname="org.apache.ivy.core.resolve.ResolveTest" name="testVisibility2" time="0.032" />
  <testcase classname="org.apache.ivy.core.resolve.ResolveTest" name="testVisibility3" time="0.026" />
  <testcase classname="org.apache.ivy.core.resolve.ResolveTest" name="testVisibility4" time="0.023" />
  <testcase classname="org.apache.ivy.core.resolve.ResolveTest" name="testConfigurationMapping1" time="0.07" />
  <testcase classname="org.apache.ivy.core.resolve.ResolveTest" name="testConfigurationMapping2" time="0.083" />
  <testcase classname="org.apache.ivy.core.resolve.ResolveTest" name="testConfigurationMapping3" time="0.065" />
  <testcase classname="org.apache.ivy.core.resolve.ResolveTest" name="testConfigurationMapping4" time="0.091" />
  <testcase classname="org.apache.ivy.core.resolve.ResolveTest" name="testConfigurationMapping5" time="0.089" />
  <testcase classname="org.apache.ivy.core.resolve.ResolveTest" name="testConfigurationMapping6" time="0.09" />
  <testcase classname="org.apache.ivy.core.resolve.ResolveTest" name="testConfigurationMapping7" time="0.16" />
  <testcase classname="org.apache.ivy.core.resolve.ResolveTest" name="testIVY97" time="0.08" />
  <testcase classname="org.apache.ivy.core.resolve.ResolveTest" name="testResolveMultipleSameDependency" time="0.133" />
  <testcase classname="org.apache.ivy.core.resolve.ResolveTest" name="testResolveTransitiveExcludesSimple" time="0.053" />
  <testcase classname="org.apache.ivy.core.resolve.ResolveTest" name="testResolveTransitiveExcludesDiamond1" time="0.127" />
  <testcase classname="org.apache.ivy.core.resolve.ResolveTest" name="testResolveTransitiveExcludesDiamond2" time="0.126" />
  <testcase classname="org.apache.ivy.core.resolve.ResolveTest" name="testResolveTransitiveExcludesDiamond3" time="0.331" />
  <testcase classname="org.apache.ivy.core.resolve.ResolveTest" name="testResolveTransitiveExcludes2" time="0.41" />
  <testcase classname="org.apache.ivy.core.resolve.ResolveTest" name="testResolveExcludesModule" time="0.13" />
  <testcase classname="org.apache.ivy.core.resolve.ResolveTest" name="testResolveExcludesModuleWide" time="0.065" />
  <testcase classname="org.apache.ivy.core.resolve.ResolveTest" name="testResolveExcludesConf" time="0.062" />
  <testcase classname="org.apache.ivy.core.resolve.ResolveTest" name="testResolveExcludesConf2" time="0.021" />
  <testcase classname="org.apache.ivy.core.resolve.ResolveTest" name="testResolveExcludesConf3" time="0.011" />
  <testcase classname="org.apache.ivy.core.resolve.ResolveTest" name="testResolveExceptConfiguration" time="0.024" />
  <testcase classname="org.apache.ivy.core.resolve.ResolveTest" name="testResolveIntersectConfiguration1" time="0.046" />
  <testcase classname="org.apache.ivy.core.resolve.ResolveTest" name="testResolveIntersectConfiguration2" time="0.076" />
  <testcase classname="org.apache.ivy.core.resolve.ResolveTest" name="testResolveIntersectConfiguration3" time="0.068" />
  <testcase classname="org.apache.ivy.core.resolve.ResolveTest" name="testResolveIntersectConfiguration4" time="0.058" />
  <testcase classname="org.apache.ivy.core.resolve.ResolveTest" name="testConfigurationGroups" time="0.063" />
  <testcase classname="org.apache.ivy.core.resolve.ResolveTest" name="testResolveFallbackConfiguration" time="0.023" />
  <testcase classname="org.apache.ivy.core.resolve.ResolveTest" name="testResolveFallbackConfiguration2" time="0.024" />
  <testcase classname="org.apache.ivy.core.resolve.ResolveTest" name="testResolveFallbackConfiguration3" time="0.024" />
  <testcase classname="org.apache.ivy.core.resolve.ResolveTest" name="testResolveFallbackConfiguration4" time="0.021" />
  <testcase classname="org.apache.ivy.core.resolve.ResolveTest" name="testResolveMaven2" time="0.104" />
  <testcase classname="org.apache.ivy.core.resolve.ResolveTest" name="testResolveMaven2WithConflict" time="0.049" />
  <testcase classname="org.apache.ivy.core.resolve.ResolveTest" name="testResolveMaven2WithConflict2" time="0.056" />
  <testcase classname="org.apache.ivy.core.resolve.ResolveTest" name="testResolveMaven2RelocationOfGroupId" time="0.062" />
  <testcase classname="org.apache.ivy.core.resolve.ResolveTest" name="testResolveMaven2FullRelocation" time="0.08" />
  <testcase classname="org.apache.ivy.core.resolve.ResolveTest" name="testResolveVesionRelocationChainedWithGroupRelocation" time="0.087" />
  <testcase classname="org.apache.ivy.core.resolve.ResolveTest" name="testResolveTransitivelyToRelocatedPom" time="0.073" />
  <testcase classname="org.apache.ivy.core.resolve.ResolveTest" name="testResolveTransitivelyToPomRelocatedToNewVersion" time="0.135" />
  <testcase classname="org.apache.ivy.core.resolve.ResolveTest" name="testResolveMaven2Classifiers" time="0.046" />
  <testcase classname="org.apache.ivy.core.resolve.ResolveTest" name="testResolveMaven2ClassifiersWithoutPOM" time="0.036" />
  <testcase classname="org.apache.ivy.core.resolve.ResolveTest" name="testResolveMaven2GetSources" time="0.036" />
  <testcase classname="org.apache.ivy.core.resolve.ResolveTest" name="testResolveMaven2GetSourcesWithSrcClassifier" time="0.055" />
  <testcase classname="org.apache.ivy.core.resolve.ResolveTest" name="testResolveMaven2GetSourcesAndJavadocAuto" time="0.074" />
  <testcase classname="org.apache.ivy.core.resolve.ResolveTest" name="testResolveMaven2WithVersionProperty" time="0.082" />
  <testcase classname="org.apache.ivy.core.resolve.ResolveTest" name="testResolveMaven2ParentPomChainResolver" time="0.091" />
  <testcase classname="org.apache.ivy.core.resolve.ResolveTest" name="testResolveMaven2ParentPomWithNamespace" time="0.175" />
  <testcase classname="org.apache.ivy.core.resolve.ResolveTest" name="testResolveMaven2ParentPomDualResolver" time="0.064" />
  <testcase classname="org.apache.ivy.core.resolve.ResolveTest" name="testResolveMaven2ParentPomDependencyManagementOverrideTransitiveVersion" time="0.088" />
  <testcase classname="org.apache.ivy.core.resolve.ResolveTest" name="testResolveMaven2ParentPomDependencyManagementWithImport" time="0.121" />
  <testcase classname="org.apache.ivy.core.resolve.ResolveTest" name="testResolveMaven2Snapshot1" time="0.077" />
  <testcase classname="org.apache.ivy.core.resolve.ResolveTest" name="testResolveMaven2Snapshot1AsLatestIntegration" time="0.062" />
  <testcase classname="org.apache.ivy.core.resolve.ResolveTest" name="testResolveMaven2Snapshot2" time="0.037" />
  <testcase classname="org.apache.ivy.core.resolve.ResolveTest" name="testResolveMaven2Snapshot2AsLatestIntegration" time="0.043" />
  <testcase classname="org.apache.ivy.core.resolve.ResolveTest" name="testNamespaceMapping" time="0.029" />
  <testcase classname="org.apache.ivy.core.resolve.ResolveTest" name="testNamespaceMapping2" time="0.044" />
  <testcase classname="org.apache.ivy.core.resolve.ResolveTest" name="testNamespaceMapping3" time="0.042" />
  <testcase classname="org.apache.ivy.core.resolve.ResolveTest" name="testNamespaceMapping4" time="0.022" />
  <testcase classname="org.apache.ivy.core.resolve.ResolveTest" name="testNamespaceMapping5" time="0.022" />
  <testcase classname="org.apache.ivy.core.resolve.ResolveTest" name="testIVY151" time="0.045" />
  <testcase classname="org.apache.ivy.core.resolve.ResolveTest" name="testCheckRevision" time="0.018" />
  <testcase classname="org.apache.ivy.core.resolve.ResolveTest" name="testTrustRevision" time="0.041" />
  <testcase classname="org.apache.ivy.core.resolve.ResolveTest" name="testTransitiveConfMapping" time="0.053" />
  <testcase classname="org.apache.ivy.core.resolve.ResolveTest" name="testExtraAttributes" time="0.028" />
  <testcase classname="org.apache.ivy.core.resolve.ResolveTest" name="testExtraAttributes2" time="0.038" />
  <testcase classname="org.apache.ivy.core.resolve.ResolveTest" name="testExtraAttributes3" time="0.021" />
  <testcase classname="org.apache.ivy.core.resolve.ResolveTest" name="testExtraAttributes4" time="0.023" />
  <testcase classname="org.apache.ivy.core.resolve.ResolveTest" name="testNamespaceExtraAttributes" time="0.025" />
  <testcase classname="org.apache.ivy.core.resolve.ResolveTest" name="testBranches1" time="0.027" />
  <testcase classname="org.apache.ivy.core.resolve.ResolveTest" name="testBranches2" time="0.026" />
  <testcase classname="org.apache.ivy.core.resolve.ResolveTest" name="testBranches3" time="0.021" />
  <testcase classname="org.apache.ivy.core.resolve.ResolveTest" name="testBranches4" time="0.03" />
  <testcase classname="org.apache.ivy.core.resolve.ResolveTest" name="testBranches5" time="0.039" />
  <testcase classname="org.apache.ivy.core.resolve.ResolveTest" name="testBranches6" time="0.053" />
  <testcase classname="org.apache.ivy.core.resolve.ResolveTest" name="testExternalArtifacts" time="0.029" />
  <testcase classname="org.apache.ivy.core.resolve.ResolveTest" name="testResolveWithMultipleIvyPatterns" time="0.018" />
  <testcase classname="org.apache.ivy.core.resolve.ResolveTest" name="testPrivateConfigurationTransferWhenConflict" time="0.045" />
  <testcase classname="org.apache.ivy.core.resolve.ResolveTest" name="testExtraAttributesForcedDependencies" time="0.057" />
  <testcase classname="org.apache.ivy.core.resolve.ResolveTest" name="testNoAttributesForcedDependencies" time="0.047" />
  <testcase classname="org.apache.ivy.core.resolve.ResolveTest" name="testExtraAttributesMultipleDependenciesHang" time="0.041" />
  <testcase classname="org.apache.ivy.core.resolve.ResolveTest" name="testExtraAttributesMultipleDependenciesNoHang" time="0.046" />
  <testcase classname="org.apache.ivy.core.resolve.ResolveTest" name="testExtraAttributesMultipleDependenciesHang2" time="0.044" />
  <testcase classname="org.apache.ivy.core.resolve.ResolveTest" name="testExtraAttributesMultipleDependenciesNoHang2" time="0.041" />
  <testcase classname="org.apache.ivy.core.resolve.ResolveTest" name="testIVY956" time="0.027" />
  <testcase classname="org.apache.ivy.core.resolve.ResolveTest" name="testIVY1159_orderIsModAModB" time="0.045" />
  <testcase classname="org.apache.ivy.core.resolve.ResolveTest" name="testIVY1159_orderIsModAModBReplaceForced" time="0.043" />
  <testcase classname="org.apache.ivy.core.resolve.ResolveTest" name="testIVY1159_orderIsModBModA" time="0.047" />
  <testcase classname="org.apache.ivy.core.resolve.ResolveTest" name="testIVY1159_orderIsModBModAReplaceForced" time="0.046" />
  <testcase classname="org.apache.ivy.core.resolve.ResolveTest" name="testIVY1300" time="0.067" />
  <testcase classname="org.apache.ivy.core.resolve.ResolveTest" name="testUseCacheOnly" time="0.079" />
  <testcase classname="org.apache.ivy.core.resolve.ResolveTest" name="testUseCacheOnlyWithRange" time="0.03" />
  <testcase classname="org.apache.ivy.core.resolve.ResolveTest" name="testUseCacheOnlyWithChanging" time="0.178" />
  <testcase classname="org.apache.ivy.core.resolve.ResolveTest" name="testUnpack" time="0.024" />
  <system-out><![CDATA[:: loading settings :: file = test/repositories/ivysettings.xml
:: resolving dependencies :: org15#mod15.2;1.1
	confs: [default]
	found org15#mod15.1;1.1 in 2-ivy
	found org14#mod14.1;1.1 in 2-ivy
downloading /Volumes/MacintoshHDD/mccurdyc/computer_science/cs441s2016/cs441s2016-fp-team1/container/tlb/tools/ivy/test/repositories/2/mod15.1/library.jar ...
. (0kB)
	[SUCCESSFUL ] org15#mod15.1;1.1!library.jar (3ms)
downloading /Volumes/MacintoshHDD/mccurdyc/computer_science/cs441s2016/cs441s2016-fp-team1/container/tlb/tools/ivy/test/repositories/2/mod14.1/mod14.1-1.1.jar ...
. (0kB)
	[SUCCESSFUL ] org14#mod14.1;1.1!mod14.1.jar (11ms)
:: resolution report :: resolve 204ms :: artifacts dl 17ms
	---------------------------------------------------------------------
	|                  |            modules            ||   artifacts   |
	|       conf       | number| search|dwnlded|evicted|| number|dwnlded|
	---------------------------------------------------------------------
	|      default     |   2   |   2   |   2   |   0   ||   2   |   2   |
	---------------------------------------------------------------------
:: loading settings :: url = file:/Volumes/MacintoshHDD/mccurdyc/computer_science/cs441s2016/cs441s2016-fp-team1/container/tlb/tools/ivy/build/classes/core/org/apache/ivy/core/settings/ivysettings.xml
:: loading settings :: file = test/repositories/ivysettings.xml
:: resolving dependencies :: org15#mod15.4;1.1
	confs: [default]
	found org15#mod15.3;1.1 in 2-ivy
	[1.1] org15#mod15.3;1.1
	found org14#mod14.1;1.1 in 2-ivy
downloading /Volumes/MacintoshHDD/mccurdyc/computer_science/cs441s2016/cs441s2016-fp-team1/container/tlb/tools/ivy/test/repositories/2/mod15.3/library.jar ...
. (0kB)
	[SUCCESSFUL ] org15#mod15.3;1.1!library.jar (4ms)
downloading /Volumes/MacintoshHDD/mccurdyc/computer_science/cs441s2016/cs441s2016-fp-team1/container/tlb/tools/ivy/test/repositories/2/mod14.1/mod14.1-1.1.jar ...
. (0kB)
	[SUCCESSFUL ] org14#mod14.1;1.1!mod14.1.jar (7ms)
:: resolution report :: resolve 48ms :: artifacts dl 22ms
	---------------------------------------------------------------------
	|                  |            modules            ||   artifacts   |
	|       conf       | number| search|dwnlded|evicted|| number|dwnlded|
	---------------------------------------------------------------------
	|      default     |   2   |   2   |   2   |   0   ||   2   |   2   |
	---------------------------------------------------------------------
:: loading settings :: file = test/repositories/ivysettings.xml
:: resolving dependencies :: org1#mod1.1;1.0
	confs: [default]
	found org1#mod1.2;2.0 in 1
downloading /Volumes/MacintoshHDD/mccurdyc/computer_science/cs441s2016/cs441s2016-fp-team1/container/tlb/tools/ivy/test/repositories/1/org1/mod1.2/jars/mod1.2-2.0.jar ...
. (0kB)
	[SUCCESSFUL ] org1#mod1.2;2.0!mod1.2.jar (1ms)
:: resolution report :: resolve 26ms :: artifacts dl 5ms
	---------------------------------------------------------------------
	|                  |            modules            ||   artifacts   |
	|       conf       | number| search|dwnlded|evicted|| number|dwnlded|
	---------------------------------------------------------------------
	|      default     |   1   |   1   |   0   |   0   ||   1   |   1   |
	---------------------------------------------------------------------
:: resolving dependencies :: org1#mod1.1;1.0
	confs: [default]
	found org1#mod1.2;2.0 in 1
:: resolution report :: resolve 16ms :: artifacts dl 1ms
	---------------------------------------------------------------------
	|                  |            modules            ||   artifacts   |
	|       conf       | number| search|dwnlded|evicted|| number|dwnlded|
	---------------------------------------------------------------------
	|      default     |   1   |   0   |   0   |   0   ||   1   |   0   |
	---------------------------------------------------------------------
:: loading settings :: file = test/repositories/ivysettings.xml
:: resolving dependencies :: org1#mod1.1;1.0
	confs: [default]
	found org1#mod1.2;2.0 in 1
:: resolution report :: resolve 17ms :: artifacts dl 4ms
	---------------------------------------------------------------------
	|                  |            modules            ||   artifacts   |
	|       conf       | number| search|dwnlded|evicted|| number|dwnlded|
	---------------------------------------------------------------------
	|      default     |   1   |   1   |   0   |   0   ||   1   |   0   |
	---------------------------------------------------------------------
:: loading settings :: file = test/repositories/ivysettings.xml
:: resolving dependencies :: org1#mod1.1;1.0
	confs: [default]
	found org1#mod1.2;2.0 in 1
downloading /Volumes/MacintoshHDD/mccurdyc/computer_science/cs441s2016/cs441s2016-fp-team1/container/tlb/tools/ivy/test/repositories/1/org1/mod1.2/jars/mod1.2-2.0.jar ...
. (0kB)
	[SUCCESSFUL ] org1#mod1.2;2.0!mod1.2.jar (1ms)
:: resolution report :: resolve 15ms :: artifacts dl 3ms
	---------------------------------------------------------------------
	|                  |            modules            ||   artifacts   |
	|       conf       | number| search|dwnlded|evicted|| number|dwnlded|
	---------------------------------------------------------------------
	|      default     |   1   |   1   |   0   |   0   ||   1   |   1   |
	---------------------------------------------------------------------
:: loading settings :: file = test/repositories/ivysettings.xml
:: resolving dependencies :: org1#mod1.4;1.1
	confs: [default]
:: resolution report :: resolve 16ms :: artifacts dl 1ms
	---------------------------------------------------------------------
	|                  |            modules            ||   artifacts   |
	|       conf       | number| search|dwnlded|evicted|| number|dwnlded|
	---------------------------------------------------------------------
	|      default     |   1   |   0   |   0   |   0   ||   0   |   0   |
	---------------------------------------------------------------------

:: problems summary ::
:::: WARNINGS
		::::::::::::::::::::::::::::::::::::::::::::::

		::          UNRESOLVED DEPENDENCIES         ::

		::::::::::::::::::::::::::::::::::::::::::::::

		:: orgfailure#modfailure;1.1: java.text.ParseException: inconsistent module descriptor file found in '/Volumes/MacintoshHDD/mccurdyc/computer_science/cs441s2016/cs441s2016-fp-team1/container/tlb/tools/ivy/test/repositories/1/orgfailure/modfailure/ivys/ivy-1.1.xml': bad status: 'badstatus'; 

		::::::::::::::::::::::::::::::::::::::::::::::


:::: ERRORS
		1: bad status found in /Volumes/MacintoshHDD/mccurdyc/computer_science/cs441s2016/cs441s2016-fp-team1/container/tlb/tools/ivy/test/repositories/1/orgfailure/modfailure/ivys/ivy-1.1.xml: 'badstatus'


:: USE VERBOSE OR DEBUG MESSAGE LEVEL FOR MORE DETAILS
:: loading settings :: file = test/repositories/ivysettings.xml
:: loading settings :: file = test/repositories/xml-entities/ivysettings.xml
:: resolving dependencies :: myorg#moduleB;1.0
	confs: [myconf]
	found myorg#module2;2.0 in myresolver
	[2.0] myorg#module2;latest.integration
	found myorg#module1;1.0 in myresolver
:: resolution report :: resolve 103ms :: artifacts dl 1ms
	---------------------------------------------------------------------
	|                  |            modules            ||   artifacts   |
	|       conf       | number| search|dwnlded|evicted|| number|dwnlded|
	---------------------------------------------------------------------
	|      myconf      |   2   |   2   |   2   |   0   ||   0   |   0   |
	---------------------------------------------------------------------
:: loading settings :: file = test/repositories/ivysettings.xml
:: loading settings :: file = test/repositories/norev/ivysettings.xml
:: resolving dependencies :: myorg#module1;working@Coltons-MacBook-Pro.local
	confs: [myconf]
	found myorg#module2;2.0 in myresolver
downloading file:/Volumes/MacintoshHDD/mccurdyc/computer_science/cs441s2016/cs441s2016-fp-team1/container/tlb/tools/ivy/test/repositories/norev//module2/module2.jar ...
.. (0kB)
	[SUCCESSFUL ] myorg#module2;2.0!module2.jar (3ms)
:: resolution report :: resolve 75ms :: artifacts dl 5ms
	---------------------------------------------------------------------
	|                  |            modules            ||   artifacts   |
	|       conf       | number| search|dwnlded|evicted|| number|dwnlded|
	---------------------------------------------------------------------
	|      myconf      |   1   |   1   |   1   |   0   ||   1   |   1   |
	---------------------------------------------------------------------
:: loading settings :: file = test/repositories/ivysettings.xml
:: loading settings :: file = test/repositories/norev/ivysettings.xml
:: resolving dependencies :: myorg#module1;working@Coltons-MacBook-Pro.local
	confs: [myconf]
	found myorg#module3;working@myresolver in myresolver
	[working@myresolver] myorg#module3;+
downloading file:/Volumes/MacintoshHDD/mccurdyc/computer_science/cs441s2016/cs441s2016-fp-team1/container/tlb/tools/ivy/test/repositories/norev//module3/module3.jar ...
.. (0kB)
	[SUCCESSFUL ] myorg#module3;working@myresolver!module3.jar (3ms)
:: resolution report :: resolve 12ms :: artifacts dl 3ms
	---------------------------------------------------------------------
	|                  |            modules            ||   artifacts   |
	|       conf       | number| search|dwnlded|evicted|| number|dwnlded|
	---------------------------------------------------------------------
	|      myconf      |   1   |   1   |   0   |   0   ||   1   |   1   |
	---------------------------------------------------------------------
:: loading settings :: file = test/repositories/ivysettings.xml
:: resolving dependencies :: org1#mod1.4;1.2
	confs: [default]
:: resolution report :: resolve 19ms :: artifacts dl 0ms
	---------------------------------------------------------------------
	|                  |            modules            ||   artifacts   |
	|       conf       | number| search|dwnlded|evicted|| number|dwnlded|
	---------------------------------------------------------------------
	|      default     |   1   |   0   |   0   |   0   ||   0   |   0   |
	---------------------------------------------------------------------

:: problems summary ::
:::: WARNINGS
		::::::::::::::::::::::::::::::::::::::::::::::

		::          UNRESOLVED DEPENDENCIES         ::

		::::::::::::::::::::::::::::::::::::::::::::::

		:: org1#mod1.6;1.0.2: java.text.ParseException: inconsistent module descriptor file found in '/Volumes/MacintoshHDD/mccurdyc/computer_science/cs441s2016/cs441s2016-fp-team1/container/tlb/tools/ivy/test/repositories/1/org1/mod1.6/ivys/ivy-1.0.2.xml': bad revision: expected='1.0.2' found='working@Coltons-MacBook-Pro.local'; 

		::::::::::::::::::::::::::::::::::::::::::::::


:::: ERRORS
		1: bad revision found in /Volumes/MacintoshHDD/mccurdyc/computer_science/cs441s2016/cs441s2016-fp-team1/container/tlb/tools/ivy/test/repositories/1/org1/mod1.6/ivys/ivy-1.0.2.xml: expected='1.0.2 found='working@Coltons-MacBook-Pro.local'


:: USE VERBOSE OR DEBUG MESSAGE LEVEL FOR MORE DETAILS
:: loading settings :: file = test/repositories/ivysettings.xml
:: loading settings :: file = test/repositories/IVY-258/ivysettings.xml
:: resolving dependencies :: myorg#module1;working@Coltons-MacBook-Pro.local
	confs: [myconf]
	found myorg#module2;working@myresolver in myresolver
	[working@myresolver] myorg#module2;latest.integration
downloading file:/Volumes/MacintoshHDD/mccurdyc/computer_science/cs441s2016/cs441s2016-fp-team1/container/tlb/tools/ivy/test/repositories/IVY-258//module2/module2.jar ...
.. (0kB)
	[SUCCESSFUL ] myorg#module2;working@myresolver!module2.jar (3ms)
:: resolution report :: resolve 43ms :: artifacts dl 4ms
	---------------------------------------------------------------------
	|                  |            modules            ||   artifacts   |
	|       conf       | number| search|dwnlded|evicted|| number|dwnlded|
	---------------------------------------------------------------------
	|      myconf      |   1   |   1   |   1   |   0   ||   1   |   1   |
	---------------------------------------------------------------------
:: resolving dependencies :: myorg#module1;working@Coltons-MacBook-Pro.local
	confs: [myconf]
	found myorg#module2;working@myresolver in myresolver
	[working@myresolver] myorg#module2;latest.integration
:: resolution report :: resolve 107ms :: artifacts dl 1ms
	---------------------------------------------------------------------
	|                  |            modules            ||   artifacts   |
	|       conf       | number| search|dwnlded|evicted|| number|dwnlded|
	---------------------------------------------------------------------
	|      myconf      |   1   |   1   |   1   |   0   ||   1   |   0   |
	---------------------------------------------------------------------
:: loading settings :: file = test/repositories/ivysettings.xml
:: loading settings :: file = test/repositories/IVY-448/ivysettings.xml
:: resolving dependencies :: myorg#module1;working@Coltons-MacBook-Pro.local
	confs: [default]
	found myorg#module2;1.0 in myresolver
	found myorg#module3;2.0 in myresolver
downloading file:/Volumes/MacintoshHDD/mccurdyc/computer_science/cs441s2016/cs441s2016-fp-team1/container/tlb/tools/ivy/test/repositories/IVY-448//module2/module2-1.0.jar ...
.. (0kB)
	[SUCCESSFUL ] myorg#module2;1.0!module2.jar (3ms)
downloading file:/Volumes/MacintoshHDD/mccurdyc/computer_science/cs441s2016/cs441s2016-fp-team1/container/tlb/tools/ivy/test/repositories/IVY-448//module3/module3-2.0.jar ...
.. (0kB)
	[SUCCESSFUL ] myorg#module3;2.0!module3.jar (3ms)
:: resolution report :: resolve 63ms :: artifacts dl 7ms
	:: evicted modules:
	myorg#module3;1.0 by [myorg#module3;2.0] in [default]
	---------------------------------------------------------------------
	|                  |            modules            ||   artifacts   |
	|       conf       | number| search|dwnlded|evicted|| number|dwnlded|
	---------------------------------------------------------------------
	|      default     |   3   |   2   |   2   |   1   ||   2   |   2   |
	---------------------------------------------------------------------
:: loading settings :: file = test/repositories/ivysettings.xml
:: resolving dependencies :: IVY-465#M1;1.0
	confs: [default]
	found IVY-465#M2;1.0 in 1
	found org1#mod1.2;1.1 in 1
	found org1#mod1.2;2.0 in 1
downloading /Volumes/MacintoshHDD/mccurdyc/computer_science/cs441s2016/cs441s2016-fp-team1/container/tlb/tools/ivy/test/repositories/1/org1/mod1.2/jars/mod1.2-1.1.jar ...
.. (0kB)
	[SUCCESSFUL ] org1#mod1.2;1.1!mod1.2.jar (2ms)
downloading /Volumes/MacintoshHDD/mccurdyc/computer_science/cs441s2016/cs441s2016-fp-team1/container/tlb/tools/ivy/test/repositories/1/org1/mod1.2/jars/mod1.2-2.0.jar ...
. (0kB)
	[SUCCESSFUL ] org1#mod1.2;2.0!mod1.2.jar (2ms)
:: resolution report :: resolve 84ms :: artifacts dl 6ms
	---------------------------------------------------------------------
	|                  |            modules            ||   artifacts   |
	|       conf       | number| search|dwnlded|evicted|| number|dwnlded|
	---------------------------------------------------------------------
	|      default     |   3   |   3   |   1   |   0   ||   2   |   2   |
	---------------------------------------------------------------------
:: loading settings :: file = test/repositories/ivysettings.xml
:: loading settings :: file = test/repositories/ivysettings.xml
:: resolving dependencies :: org1#mod1.1;1.0
	confs: [default]
:: resolution report :: resolve 5ms :: artifacts dl 0ms
	---------------------------------------------------------------------
	|                  |            modules            ||   artifacts   |
	|       conf       | number| search|dwnlded|evicted|| number|dwnlded|
	---------------------------------------------------------------------
	|      default     |   1   |   0   |   0   |   0   ||   0   |   0   |
	---------------------------------------------------------------------

:: problems summary ::
:::: WARNINGS
		module not found: org1#mod1.2;2.0

	==== 1: tried

	  /Volumes/MacintoshHDD/mccurdyc/computer_science/cs441s2016/cs441s2016-fp-team1/container/tlb/tools/ivy/test/repositories/1/org1/mod1.2/ivys/ivy-2.0.xml

	==== 2-ivy: tried

	  /Volumes/MacintoshHDD/mccurdyc/computer_science/cs441s2016/cs441s2016-fp-team1/container/tlb/tools/ivy/test/repositories/2/mod1.2/ivy-2.0.xml

	==== 2-artifact: tried

	  -- artifact org1#mod1.2;2.0!mod1.2.jar:

	  /Volumes/MacintoshHDD/mccurdyc/computer_science/cs441s2016/cs441s2016-fp-team1/container/tlb/tools/ivy/test/repositories/2/mod1.2/mod1.2-2.0.jar

	  /Volumes/MacintoshHDD/mccurdyc/computer_science/cs441s2016/cs441s2016-fp-team1/container/tlb/tools/ivy/test/repositories/2/mod1.2/mod1.2.jar

	==== m2: tried

	  file:/Volumes/MacintoshHDD/mccurdyc/computer_science/cs441s2016/cs441s2016-fp-team1/container/tlb/tools/ivy/test/repositories/m2/org1/mod1.2/2.0/mod1.2-2.0.pom

	  -- artifact org1#mod1.2;2.0!mod1.2.jar:

	  file:/Volumes/MacintoshHDD/mccurdyc/computer_science/cs441s2016/cs441s2016-fp-team1/container/tlb/tools/ivy/test/repositories/m2/org1/mod1.2/2.0/mod1.2-2.0.jar

		::::::::::::::::::::::::::::::::::::::::::::::

		::          UNRESOLVED DEPENDENCIES         ::

		::::::::::::::::::::::::::::::::::::::::::::::

		:: org1#mod1.2;2.0: not found

		::::::::::::::::::::::::::::::::::::::::::::::



:: USE VERBOSE OR DEBUG MESSAGE LEVEL FOR MORE DETAILS
:: loading settings :: file = test/repositories/ivysettings.xml
:: resolving dependencies :: test#IVY-other;working@Coltons-MacBook-Pro.local
	confs: [test]
	found org5#mod5.1;4.2 in 2-ivy
downloading /Volumes/MacintoshHDD/mccurdyc/computer_science/cs441s2016/cs441s2016-fp-team1/container/tlb/tools/ivy/test/repositories/2/mod5.1/art51B-4.2.jar ...
. (0kB)
	[SUCCESSFUL ] org5#mod5.1;4.2!art51B.jar (5ms)
:: resolution report :: resolve 28ms :: artifacts dl 7ms
	---------------------------------------------------------------------
	|                  |            modules            ||   artifacts   |
	|       conf       | number| search|dwnlded|evicted|| number|dwnlded|
	---------------------------------------------------------------------
	|       test       |   1   |   1   |   1   |   0   ||   1   |   1   |
	---------------------------------------------------------------------
:: loading settings :: file = test/repositories/ivysettings.xml
:: resolving dependencies :: myorg/mydep#system/module;1.0
	confs: [default]
	found yourorg/yourdep#yoursys/yourmod;1.0 in 1
	found org1#mod1.2;2.0 in 1
downloading /Volumes/MacintoshHDD/mccurdyc/computer_science/cs441s2016/cs441s2016-fp-team1/container/tlb/tools/ivy/test/repositories/1/yourorg/yourdep/yoursys/yourmod/jars/yourmod-1.0.jar ...
. (0kB)
	[SUCCESSFUL ] yourorg/yourdep#yoursys/yourmod;1.0!yourmod.jar (1ms)
downloading /Volumes/MacintoshHDD/mccurdyc/computer_science/cs441s2016/cs441s2016-fp-team1/container/tlb/tools/ivy/test/repositories/1/org1/mod1.2/jars/mod1.2-2.0.jar ...
. (0kB)
	[SUCCESSFUL ] org1#mod1.2;2.0!mod1.2.jar (1ms)
:: resolution report :: resolve 25ms :: artifacts dl 5ms
	---------------------------------------------------------------------
	|                  |            modules            ||   artifacts   |
	|       conf       | number| search|dwnlded|evicted|| number|dwnlded|
	---------------------------------------------------------------------
	|      default     |   2   |   2   |   1   |   0   ||   2   |   2   |
	---------------------------------------------------------------------
:: loading settings :: file = test/repositories/ivysettings.xml
:: resolving dependencies :: org1#mod1.1;1.0
	confs: [default]
	found org1#mod1.2;2.0 in 1
downloading /Volumes/MacintoshHDD/mccurdyc/computer_science/cs441s2016/cs441s2016-fp-team1/container/tlb/tools/ivy/test/repositories/1/org1/mod1.2/jars/mod1.2-2.0.jar ...
. (0kB)
	[SUCCESSFUL ] org1#mod1.2;2.0!mod1.2.jar (2ms)
:: resolution report :: resolve 8ms :: artifacts dl 2ms
	---------------------------------------------------------------------
	|                  |            modules            ||   artifacts   |
	|       conf       | number| search|dwnlded|evicted|| number|dwnlded|
	---------------------------------------------------------------------
	|      default     |   1   |   1   |   0   |   0   ||   1   |   1   |
	---------------------------------------------------------------------
:: loading settings :: file = test/repositories/bugIVY-56/ivysettings.xml
DEPRECATED: 'defaultCache' is deprecated, use 'caches[@defaultCacheDir]' instead (file:/Volumes/MacintoshHDD/mccurdyc/computer_science/cs441s2016/cs441s2016-fp-team1/container/tlb/tools/ivy/test/repositories/bugIVY-56/ivysettings.xml)
:: resolving dependencies :: org1#mod1.1;1.0
	confs: [default]
	found org1#mod1.2;2.0 in default
:: resolution report :: resolve 10ms :: artifacts dl 1ms
	---------------------------------------------------------------------
	|                  |            modules            ||   artifacts   |
	|       conf       | number| search|dwnlded|evicted|| number|dwnlded|
	---------------------------------------------------------------------
	|      default     |   1   |   0   |   0   |   0   ||   1   |   0   |
	---------------------------------------------------------------------

:: problems summary ::
:::: ERRORS
	unknown resolver 1

	unknown resolver 1


:: USE VERBOSE OR DEBUG MESSAGE LEVEL FOR MORE DETAILS
:: loading settings :: file = test/repositories/ivysettings.xml
:: resolving dependencies :: org1#mod1.1;1.0
	confs: [default]
	found org1#mod1.2;2.0 in 2
downloading /Volumes/MacintoshHDD/mccurdyc/computer_science/cs441s2016/cs441s2016-fp-team1/container/tlb/tools/ivy/build/testCache2/mod1.2-2.0.jar ...
	[SUCCESSFUL ] org1#mod1.2;2.0!mod1.2.jar (1ms)
:: resolution report :: resolve 7ms :: artifacts dl 1ms
	:: modules in use:
	org1#mod1.2;2.0 from 2 in [default]
	---------------------------------------------------------------------
	|                  |            modules            ||   artifacts   |
	|       conf       | number| search|dwnlded|evicted|| number|dwnlded|
	---------------------------------------------------------------------
	|      default     |   1   |   1   |   0   |   0   ||   1   |   1   |
	---------------------------------------------------------------------
:: resolving dependencies :: org1#mod1.1;1.0
	confs: [default]
	found org1#mod1.2;2.0 in 2
:: resolution report :: resolve 5ms :: artifacts dl 2ms
	:: modules in use:
	org1#mod1.2;2.0 from 2 in [default]
	---------------------------------------------------------------------
	|                  |            modules            ||   artifacts   |
	|       conf       | number| search|dwnlded|evicted|| number|dwnlded|
	---------------------------------------------------------------------
	|      default     |   1   |   0   |   0   |   0   ||   1   |   0   |
	---------------------------------------------------------------------
:: loading settings :: file = test/repositories/ivysettings.xml
:: resolving dependencies :: org1#mod1.4;1.0.2
	confs: [default, compile]
	found org1#mod1.2;1.5 in 2
	[1.5] org1#mod1.2;[1.0,2.0[
downloading /Volumes/MacintoshHDD/mccurdyc/computer_science/cs441s2016/cs441s2016-fp-team1/container/tlb/tools/ivy/build/testCache2/mod1.2-1.5.jar ...
	[SUCCESSFUL ] org1#mod1.2;1.5!mod1.2.jar (1ms)
:: resolution report :: resolve 11ms :: artifacts dl 2ms
	:: modules in use:
	org1#mod1.2;1.5 from 2 in [default, compile]
	---------------------------------------------------------------------
	|                  |            modules            ||   artifacts   |
	|       conf       | number| search|dwnlded|evicted|| number|dwnlded|
	---------------------------------------------------------------------
	|      default     |   1   |   1   |   0   |   0   ||   1   |   1   |
	|      compile     |   1   |   1   |   0   |   0   ||   1   |   1   |
	---------------------------------------------------------------------
:: resolving dependencies :: org1#mod1.4;1.0.2
	confs: [default, compile]
	found org1#mod1.2;1.5 in 2
	[1.5] org1#mod1.2;[1.0,2.0[
:: resolution report :: resolve 7ms :: artifacts dl 1ms
	:: modules in use:
	org1#mod1.2;1.5 from 2 in [default, compile]
	---------------------------------------------------------------------
	|                  |            modules            ||   artifacts   |
	|       conf       | number| search|dwnlded|evicted|| number|dwnlded|
	---------------------------------------------------------------------
	|      default     |   1   |   0   |   0   |   0   ||   1   |   0   |
	|      compile     |   1   |   0   |   0   |   0   ||   1   |   0   |
	---------------------------------------------------------------------
:: loading settings :: file = test/repositories/ivysettings.xml
:: resolving dependencies :: org1#mod1.4;1.0.2
	confs: [default, compile]
	found org1#mod1.2;1.5 in 1
	[1.5] org1#mod1.2;[1.0,2.0[
downloading /Volumes/MacintoshHDD/mccurdyc/computer_science/cs441s2016/cs441s2016-fp-team1/container/tlb/tools/ivy/build/testCache2/mod1.2-1.5.jar ...
	[SUCCESSFUL ] org1#mod1.2;1.5!mod1.2.jar (1ms)
:: resolution report :: resolve 29ms :: artifacts dl 2ms
	:: modules in use:
	org1#mod1.2;1.5 from 1 in [default, compile]
	---------------------------------------------------------------------
	|                  |            modules            ||   artifacts   |
	|       conf       | number| search|dwnlded|evicted|| number|dwnlded|
	---------------------------------------------------------------------
	|      default     |   1   |   1   |   1   |   0   ||   1   |   1   |
	|      compile     |   1   |   1   |   1   |   0   ||   1   |   1   |
	---------------------------------------------------------------------
:: resolving dependencies :: org1#mod1.4;1.0.2
	confs: [default, compile]
	found org1#mod1.2;1.5 in 1
	[1.5] org1#mod1.2;[1.0,2.0[
:: resolution report :: resolve 8ms :: artifacts dl 1ms
	:: modules in use:
	org1#mod1.2;1.5 from 1 in [default, compile]
	---------------------------------------------------------------------
	|                  |            modules            ||   artifacts   |
	|       conf       | number| search|dwnlded|evicted|| number|dwnlded|
	---------------------------------------------------------------------
	|      default     |   1   |   0   |   0   |   0   ||   1   |   0   |
	|      compile     |   1   |   0   |   0   |   0   ||   1   |   0   |
	---------------------------------------------------------------------
:: loading settings :: file = test/repositories/ivysettings.xml
:: resolving dependencies :: org1#mod1.4;1.0.2
	confs: [default, compile]
	found org1#mod1.2;1.5 in 1
	[1.5] org1#mod1.2;[1.0,2.0[
downloading /Volumes/MacintoshHDD/mccurdyc/computer_science/cs441s2016/cs441s2016-fp-team1/container/tlb/tools/ivy/build/testCache2/mod1.2-1.5.jar ...
	[SUCCESSFUL ] org1#mod1.2;1.5!mod1.2.jar (2ms)
:: resolution report :: resolve 28ms :: artifacts dl 2ms
	:: modules in use:
	org1#mod1.2;1.5 from 1 in [default, compile]
	---------------------------------------------------------------------
	|                  |            modules            ||   artifacts   |
	|       conf       | number| search|dwnlded|evicted|| number|dwnlded|
	---------------------------------------------------------------------
	|      default     |   1   |   1   |   1   |   0   ||   1   |   1   |
	|      compile     |   1   |   1   |   1   |   0   ||   1   |   1   |
	---------------------------------------------------------------------
:: resolving dependencies :: org1#mod1.4;1.0.2
	confs: [default, compile]
	found org1#mod1.2;1.5 in 1
	[1.5] org1#mod1.2;[1.0,2.0[
:: resolution report :: resolve 9ms :: artifacts dl 1ms
	:: modules in use:
	org1#mod1.2;1.5 from 1 in [default, compile]
	---------------------------------------------------------------------
	|                  |            modules            ||   artifacts   |
	|       conf       | number| search|dwnlded|evicted|| number|dwnlded|
	---------------------------------------------------------------------
	|      default     |   1   |   1   |   0   |   0   ||   1   |   0   |
	|      compile     |   1   |   1   |   0   |   0   ||   1   |   0   |
	---------------------------------------------------------------------
:: resolving dependencies :: org1#mod1.4;1.0.2
	confs: [default, compile]
	found org1#mod1.2;1.5 in 1
	[1.5] org1#mod1.2;[1.0,2.0[
:: resolution report :: resolve 7ms :: artifacts dl 1ms
	:: modules in use:
	org1#mod1.2;1.5 from 1 in [default, compile]
	---------------------------------------------------------------------
	|                  |            modules            ||   artifacts   |
	|       conf       | number| search|dwnlded|evicted|| number|dwnlded|
	---------------------------------------------------------------------
	|      default     |   1   |   0   |   0   |   0   ||   1   |   0   |
	|      compile     |   1   |   0   |   0   |   0   ||   1   |   0   |
	---------------------------------------------------------------------
:: loading settings :: file = test/repositories/ivysettings.xml
:: resolving dependencies :: org1#mod1.4;1.0.2
	confs: [default, compile]
	found org1#mod1.2;1.5 in 2
	[1.5] org1#mod1.2;[1.0,2.0[
downloading /Volumes/MacintoshHDD/mccurdyc/computer_science/cs441s2016/cs441s2016-fp-team1/container/tlb/tools/ivy/build/testCache2/mod1.2-1.5.jar ...
	[SUCCESSFUL ] org1#mod1.2;1.5!mod1.2.jar (1ms)
:: resolution report :: resolve 8ms :: artifacts dl 3ms
	:: modules in use:
	org1#mod1.2;1.5 from 2 in [default, compile]
	---------------------------------------------------------------------
	|                  |            modules            ||   artifacts   |
	|       conf       | number| search|dwnlded|evicted|| number|dwnlded|
	---------------------------------------------------------------------
	|      default     |   1   |   1   |   0   |   0   ||   1   |   1   |
	|      compile     |   1   |   1   |   0   |   0   ||   1   |   1   |
	---------------------------------------------------------------------
:: resolving dependencies :: org1#mod1.4;1.0.2
	confs: [default, compile]
	found org1#mod1.2;1.6 in 2
	[1.6] org1#mod1.2;[1.0,2.0[
downloading /Volumes/MacintoshHDD/mccurdyc/computer_science/cs441s2016/cs441s2016-fp-team1/container/tlb/tools/ivy/build/testCache2/mod1.2-1.6.jar ...
	[SUCCESSFUL ] org1#mod1.2;1.6!mod1.2.jar (1ms)
:: resolution report :: resolve 10ms :: artifacts dl 5ms
	:: modules in use:
	org1#mod1.2;1.6 from 2 in [default, compile]
	---------------------------------------------------------------------
	|                  |            modules            ||   artifacts   |
	|       conf       | number| search|dwnlded|evicted|| number|dwnlded|
	---------------------------------------------------------------------
	|      default     |   1   |   1   |   0   |   0   ||   1   |   1   |
	|      compile     |   1   |   1   |   0   |   0   ||   1   |   1   |
	---------------------------------------------------------------------
:: loading settings :: file = test/repositories/ivysettings.xml
:: resolving dependencies :: org1#mod1.4;1.0.2
	confs: [default, compile]
	found org1#mod1.2;1.5 in 2
	[1.5] org1#mod1.2;[1.0,2.0[
downloading /Volumes/MacintoshHDD/mccurdyc/computer_science/cs441s2016/cs441s2016-fp-team1/container/tlb/tools/ivy/build/testCache2/mod1.2-1.5.jar ...
	[SUCCESSFUL ] org1#mod1.2;1.5!mod1.2.jar (2ms)
:: resolution report :: resolve 11ms :: artifacts dl 2ms
	:: modules in use:
	org1#mod1.2;1.5 from 2 in [default, compile]
	---------------------------------------------------------------------
	|                  |            modules            ||   artifacts   |
	|       conf       | number| search|dwnlded|evicted|| number|dwnlded|
	---------------------------------------------------------------------
	|      default     |   1   |   1   |   0   |   0   ||   1   |   1   |
	|      compile     |   1   |   1   |   0   |   0   ||   1   |   1   |
	---------------------------------------------------------------------
:: resolving dependencies :: org1#mod1.4;1.0.2
	confs: [default, compile]
	found org1#mod1.2;1.5 in 2
	[1.5] org1#mod1.2;[1.0,2.0[
:: resolution report :: resolve 9ms :: artifacts dl 2ms
	:: modules in use:
	org1#mod1.2;1.5 from 2 in [default, compile]
	---------------------------------------------------------------------
	|                  |            modules            ||   artifacts   |
	|       conf       | number| search|dwnlded|evicted|| number|dwnlded|
	---------------------------------------------------------------------
	|      default     |   1   |   0   |   0   |   0   ||   1   |   0   |
	|      compile     |   1   |   0   |   0   |   0   ||   1   |   0   |
	---------------------------------------------------------------------
:: resolving dependencies :: org1#mod1.4;1.0.2
	confs: [default, compile]
	found org1#mod1.2;1.6 in 2
	[1.6] org1#mod1.2;[1.0,2.0[
downloading /Volumes/MacintoshHDD/mccurdyc/computer_science/cs441s2016/cs441s2016-fp-team1/container/tlb/tools/ivy/build/testCache2/mod1.2-1.6.jar ...
	[SUCCESSFUL ] org1#mod1.2;1.6!mod1.2.jar (1ms)
:: resolution report :: resolve 28ms :: artifacts dl 1ms
	:: modules in use:
	org1#mod1.2;1.6 from 2 in [default, compile]
	---------------------------------------------------------------------
	|                  |            modules            ||   artifacts   |
	|       conf       | number| search|dwnlded|evicted|| number|dwnlded|
	---------------------------------------------------------------------
	|      default     |   1   |   1   |   0   |   0   ||   1   |   1   |
	|      compile     |   1   |   1   |   0   |   0   ||   1   |   1   |
	---------------------------------------------------------------------
:: loading settings :: file = test/repositories/ivysettings.xml
:: resolving dependencies :: org1#mod1.4;1.0.2
	confs: [default, compile]
	found org1#mod1.2;1.5 in 2
	[1.5] org1#mod1.2;[1.0,2.0[
downloading /Volumes/MacintoshHDD/mccurdyc/computer_science/cs441s2016/cs441s2016-fp-team1/container/tlb/tools/ivy/build/testCache2/mod1.2-1.5.jar ...
	[SUCCESSFUL ] org1#mod1.2;1.5!mod1.2.jar (1ms)
:: resolution report :: resolve 8ms :: artifacts dl 1ms
	:: modules in use:
	org1#mod1.2;1.5 from 2 in [default, compile]
	---------------------------------------------------------------------
	|                  |            modules            ||   artifacts   |
	|       conf       | number| search|dwnlded|evicted|| number|dwnlded|
	---------------------------------------------------------------------
	|      default     |   1   |   1   |   0   |   0   ||   1   |   1   |
	|      compile     |   1   |   1   |   0   |   0   ||   1   |   1   |
	---------------------------------------------------------------------
:: resolving dependencies :: org1#mod1.4;1.0.2
	confs: [default, compile]
	found org1#mod1.2;1.5 in 2
	[1.5] org1#mod1.2;[1.0,2.0[
:: resolution report :: resolve 6ms :: artifacts dl 1ms
	:: modules in use:
	org1#mod1.2;1.5 from 2 in [default, compile]
	---------------------------------------------------------------------
	|                  |            modules            ||   artifacts   |
	|       conf       | number| search|dwnlded|evicted|| number|dwnlded|
	---------------------------------------------------------------------
	|      default     |   1   |   0   |   0   |   0   ||   1   |   0   |
	|      compile     |   1   |   0   |   0   |   0   ||   1   |   0   |
	---------------------------------------------------------------------
:: resolving dependencies :: org1#mod1.4;1.0.2
	confs: [default, compile]
	found org1#mod1.2;1.6 in 2
	[1.6] org1#mod1.2;[1.0,2.0[
downloading /Volumes/MacintoshHDD/mccurdyc/computer_science/cs441s2016/cs441s2016-fp-team1/container/tlb/tools/ivy/build/testCache2/mod1.2-1.6.jar ...
	[SUCCESSFUL ] org1#mod1.2;1.6!mod1.2.jar (1ms)
:: resolution report :: resolve 8ms :: artifacts dl 1ms
	:: modules in use:
	org1#mod1.2;1.6 from 2 in [default, compile]
	---------------------------------------------------------------------
	|                  |            modules            ||   artifacts   |
	|       conf       | number| search|dwnlded|evicted|| number|dwnlded|
	---------------------------------------------------------------------
	|      default     |   1   |   1   |   0   |   0   ||   1   |   1   |
	|      compile     |   1   |   1   |   0   |   0   ||   1   |   1   |
	---------------------------------------------------------------------
:: loading settings :: file = test/repositories/ivysettings.xml
:: loading settings :: file = test/repositories/bugIVY-56/ivysettings.xml
DEPRECATED: 'defaultCache' is deprecated, use 'caches[@defaultCacheDir]' instead (file:/Volumes/MacintoshHDD/mccurdyc/computer_science/cs441s2016/cs441s2016-fp-team1/container/tlb/tools/ivy/test/repositories/bugIVY-56/ivysettings.xml)
:: resolving dependencies :: org1#mod1.1;1.0
	confs: [default]
	found org1#mod1.2;2.0 in default
:: resolution report :: resolve 10ms :: artifacts dl 0ms
	---------------------------------------------------------------------
	|                  |            modules            ||   artifacts   |
	|       conf       | number| search|dwnlded|evicted|| number|dwnlded|
	---------------------------------------------------------------------
	|      default     |   1   |   0   |   0   |   0   ||   1   |   0   |
	---------------------------------------------------------------------

:: problems summary ::
:::: ERRORS
	unknown resolver null

	unknown resolver null


:: USE VERBOSE OR DEBUG MESSAGE LEVEL FOR MORE DETAILS
:: loading settings :: file = test/repositories/ivysettings.xml
:: loading settings :: file = test/repositories/ivysettings.xml
:: resolving dependencies :: org1#mod1.1;1.0
	confs: [default]
	found org1#mod1.2;2.0 in 1
downloading /Volumes/MacintoshHDD/mccurdyc/computer_science/cs441s2016/cs441s2016-fp-team1/container/tlb/tools/ivy/test/repositories/1/org1/mod1.2/jars/mod1.2-2.0.jar ...
. (0kB)
	[SUCCESSFUL ] org1#mod1.2;2.0!mod1.2.jar (1ms)
:: resolution report :: resolve 7ms :: artifacts dl 2ms
	---------------------------------------------------------------------
	|                  |            modules            ||   artifacts   |
	|       conf       | number| search|dwnlded|evicted|| number|dwnlded|
	---------------------------------------------------------------------
	|      default     |   1   |   1   |   0   |   0   ||   1   |   1   |
	---------------------------------------------------------------------
:: loading settings :: file = test/repositories/ivysettings.xml
:: loading settings :: file = test/repositories/ivysettings.xml
:: resolving dependencies :: org1#mod1.1;1.0
	confs: [default]
	found org1#mod1.2;2.0 in 1
downloading /Volumes/MacintoshHDD/mccurdyc/computer_science/cs441s2016/cs441s2016-fp-team1/container/tlb/tools/ivy/test/repositories/1/org1/mod1.2/jars/mod1.2-2.0.jar ...
. (0kB)
	[SUCCESSFUL ] org1#mod1.2;2.0!mod1.2.jar (1ms)
:: resolution report :: resolve 8ms :: artifacts dl 2ms
	---------------------------------------------------------------------
	|                  |            modules            ||   artifacts   |
	|       conf       | number| search|dwnlded|evicted|| number|dwnlded|
	---------------------------------------------------------------------
	|      default     |   1   |   1   |   0   |   0   ||   1   |   1   |
	---------------------------------------------------------------------
:: loading settings :: file = test/repositories/ivysettings.xml
:: loading settings :: file = test/repositories/ivysettings-multicache.xml
:: resolving dependencies :: org2#mod2.1;0.3
	confs: [default]
	found org1#mod1.1;1.0 in 1-ivy
	found org1#mod1.2;2.0 in 1-artifact
downloading /Volumes/MacintoshHDD/mccurdyc/computer_science/cs441s2016/cs441s2016-fp-team1/container/tlb/tools/ivy/test/repositories/1/org1/mod1.1/jars/mod1.1-1.0.jar ...
.. (0kB)
	[SUCCESSFUL ] org1#mod1.1;1.0!mod1.1.jar (1ms)
downloading /Volumes/MacintoshHDD/mccurdyc/computer_science/cs441s2016/cs441s2016-fp-team1/container/tlb/tools/ivy/test/repositories/1/org1/mod1.2/jars/mod1.2-2.0.jar ...
. (0kB)
	[SUCCESSFUL ] org1#mod1.2;2.0!mod1.2.jar (1ms)
:: resolution report :: resolve 20ms :: artifacts dl 4ms
	---------------------------------------------------------------------
	|                  |            modules            ||   artifacts   |
	|       conf       | number| search|dwnlded|evicted|| number|dwnlded|
	---------------------------------------------------------------------
	|      default     |   2   |   2   |   1   |   0   ||   2   |   2   |
	---------------------------------------------------------------------
:: loading settings :: file = test/repositories/ivysettings.xml
:: loading settings :: file = test/repositories/ivysettings-local.xml
:: resolving dependencies :: org2#mod2.1;0.3
	confs: [default]
	found org1#mod1.1;1.0 in 1
	found org1#mod1.2;local-20080708091023 in local
	[local-20080708091023] org1#mod1.2;2.0 (forced)
	found org1#mod1.3;3.0 in 1
downloading /Volumes/MacintoshHDD/mccurdyc/computer_science/cs441s2016/cs441s2016-fp-team1/container/tlb/tools/ivy/test/repositories/1/org1/mod1.1/jars/mod1.1-1.0.jar ...
.. (0kB)
	[SUCCESSFUL ] org1#mod1.1;1.0!mod1.1.jar (2ms)
downloading /Volumes/MacintoshHDD/mccurdyc/computer_science/cs441s2016/cs441s2016-fp-team1/container/tlb/tools/ivy/test/repositories/local/mod1.2/local-20080708091023/mod1.2.jar ...
.. (0kB)
	[SUCCESSFUL ] org1#mod1.2;local-20080708091023!mod1.2.jar (2ms)
downloading /Volumes/MacintoshHDD/mccurdyc/computer_science/cs441s2016/cs441s2016-fp-team1/container/tlb/tools/ivy/test/repositories/1/org1/mod1.3/jars/mod1.3-A-3.0.jar ...
.. (0kB)
	[SUCCESSFUL ] org1#mod1.3;3.0!mod1.3-A.jar (1ms)
:: resolution report :: resolve 36ms :: artifacts dl 7ms
	---------------------------------------------------------------------
	|                  |            modules            ||   artifacts   |
	|       conf       | number| search|dwnlded|evicted|| number|dwnlded|
	---------------------------------------------------------------------
	|      default     |   3   |   3   |   2   |   0   ||   3   |   3   |
	---------------------------------------------------------------------
:: loading settings :: file = test/repositories/ivysettings.xml
:: loading settings :: file = test/repositories/ivysettings-local.xml
:: resolving dependencies :: org2#mod2.3;0.8
	confs: [default]
	found org2#mod2.1;0.3-local-20050213110000 in local
	[0.3-local-20050213110000] org2#mod2.1;[0.0,0.4]
	found org1#mod1.1;1.1 in 1
	found org1#mod1.2;local-20080708091023 in local
	[local-20080708091023] org1#mod1.2;2.1 (forced)
	found org1#mod1.3;3.0 in 1
downloading /Volumes/MacintoshHDD/mccurdyc/computer_science/cs441s2016/cs441s2016-fp-team1/container/tlb/tools/ivy/test/repositories/local/mod2.1/0.3-local-20050213110000/mod2.1.jar ...
.. (0kB)
	[SUCCESSFUL ] org2#mod2.1;0.3-local-20050213110000!mod2.1.jar (2ms)
downloading /Volumes/MacintoshHDD/mccurdyc/computer_science/cs441s2016/cs441s2016-fp-team1/container/tlb/tools/ivy/test/repositories/1/org1/mod1.1/jars/mod1.1-1.1.jar ...
.. (0kB)
	[SUCCESSFUL ] org1#mod1.1;1.1!mod1.1.jar (1ms)
downloading /Volumes/MacintoshHDD/mccurdyc/computer_science/cs441s2016/cs441s2016-fp-team1/container/tlb/tools/ivy/test/repositories/local/mod1.2/local-20080708091023/mod1.2.jar ...
.. (0kB)
	[SUCCESSFUL ] org1#mod1.2;local-20080708091023!mod1.2.jar (2ms)
downloading /Volumes/MacintoshHDD/mccurdyc/computer_science/cs441s2016/cs441s2016-fp-team1/container/tlb/tools/ivy/test/repositories/1/org1/mod1.3/jars/mod1.3-A-3.0.jar ...
.. (0kB)
	[SUCCESSFUL ] org1#mod1.3;3.0!mod1.3-A.jar (1ms)
:: resolution report :: resolve 52ms :: artifacts dl 11ms
	---------------------------------------------------------------------
	|                  |            modules            ||   artifacts   |
	|       conf       | number| search|dwnlded|evicted|| number|dwnlded|
	---------------------------------------------------------------------
	|      default     |   4   |   4   |   3   |   0   ||   4   |   4   |
	---------------------------------------------------------------------
:: loading settings :: file = test/repositories/ivysettings.xml
:: resolving dependencies :: org2#mod2.1;0.3
	confs: [default]
	found org1#mod1.1;1.0 in 1
	found org1#mod1.2;2.0 in 1
downloading /Volumes/MacintoshHDD/mccurdyc/computer_science/cs441s2016/cs441s2016-fp-team1/container/tlb/tools/ivy/test/repositories/1/org1/mod1.1/jars/mod1.1-1.0.jar ...
.. (0kB)
	[SUCCESSFUL ] org1#mod1.1;1.0!mod1.1.jar (14ms)
downloading /Volumes/MacintoshHDD/mccurdyc/computer_science/cs441s2016/cs441s2016-fp-team1/container/tlb/tools/ivy/test/repositories/1/org1/mod1.2/jars/mod1.2-2.0.jar ...
. (0kB)
	[SUCCESSFUL ] org1#mod1.2;2.0!mod1.2.jar (2ms)
:: resolution report :: resolve 25ms :: artifacts dl 19ms
	---------------------------------------------------------------------
	|                  |            modules            ||   artifacts   |
	|       conf       | number| search|dwnlded|evicted|| number|dwnlded|
	---------------------------------------------------------------------
	|      default     |   2   |   2   |   1   |   0   ||   2   |   2   |
	---------------------------------------------------------------------
:: loading settings :: file = test/repositories/ivysettings-local.xml
:: resolving dependencies :: org2#mod2.1;0.3
	confs: [default]
	found org1#mod1.1;1.0 in 1
	found org1#mod1.2;local-20080708091023 in local
	[local-20080708091023] org1#mod1.2;2.0 (forced)
	found org1#mod1.3;3.0 in 1
downloading /Volumes/MacintoshHDD/mccurdyc/computer_science/cs441s2016/cs441s2016-fp-team1/container/tlb/tools/ivy/test/repositories/local/mod1.2/local-20080708091023/mod1.2.jar ...
.. (0kB)
	[SUCCESSFUL ] org1#mod1.2;local-20080708091023!mod1.2.jar (1ms)
downloading /Volumes/MacintoshHDD/mccurdyc/computer_science/cs441s2016/cs441s2016-fp-team1/container/tlb/tools/ivy/test/repositories/1/org1/mod1.3/jars/mod1.3-A-3.0.jar ...
.. (0kB)
	[SUCCESSFUL ] org1#mod1.3;3.0!mod1.3-A.jar (1ms)
:: resolution report :: resolve 34ms :: artifacts dl 5ms
	---------------------------------------------------------------------
	|                  |            modules            ||   artifacts   |
	|       conf       | number| search|dwnlded|evicted|| number|dwnlded|
	---------------------------------------------------------------------
	|      default     |   3   |   2   |   1   |   0   ||   3   |   2   |
	---------------------------------------------------------------------
:: loading settings :: file = test/repositories/ivysettings.xml
:: resolving dependencies :: org6#mod6.1;0.3
	confs: [extension]
	found org1#mod1.2;2.0 in 1
downloading /Volumes/MacintoshHDD/mccurdyc/computer_science/cs441s2016/cs441s2016-fp-team1/container/tlb/tools/ivy/test/repositories/1/org1/mod1.2/jars/mod1.2-2.0.jar ...
. (0kB)
	[SUCCESSFUL ] org1#mod1.2;2.0!mod1.2.jar (1ms)
:: resolution report :: resolve 7ms :: artifacts dl 2ms
	---------------------------------------------------------------------
	|                  |            modules            ||   artifacts   |
	|       conf       | number| search|dwnlded|evicted|| number|dwnlded|
	---------------------------------------------------------------------
	|     extension    |   1   |   1   |   0   |   0   ||   1   |   1   |
	---------------------------------------------------------------------
:: loading settings :: file = test/repositories/ivysettings.xml
:: resolving dependencies :: org6#mod6.1;0.3
	confs: [default]
	found org1#mod1.2;2.0 in 1
downloading /Volumes/MacintoshHDD/mccurdyc/computer_science/cs441s2016/cs441s2016-fp-team1/container/tlb/tools/ivy/test/repositories/1/org1/mod1.2/jars/mod1.2-2.0.jar ...
. (0kB)
	[SUCCESSFUL ] org1#mod1.2;2.0!mod1.2.jar (1ms)
:: resolution report :: resolve 7ms :: artifacts dl 2ms
	---------------------------------------------------------------------
	|                  |            modules            ||   artifacts   |
	|       conf       | number| search|dwnlded|evicted|| number|dwnlded|
	---------------------------------------------------------------------
	|      default     |   1   |   1   |   0   |   0   ||   1   |   1   |
	---------------------------------------------------------------------
:: loading settings :: file = test/repositories/ivysettings.xml
:: resolving dependencies :: org6#mod6.1;0.3
	confs: [default, extension]
	found org1#mod1.2;2.0 in 1
downloading /Volumes/MacintoshHDD/mccurdyc/computer_science/cs441s2016/cs441s2016-fp-team1/container/tlb/tools/ivy/test/repositories/1/org1/mod1.2/jars/mod1.2-2.0.jar ...
. (0kB)
	[SUCCESSFUL ] org1#mod1.2;2.0!mod1.2.jar (1ms)
:: resolution report :: resolve 7ms :: artifacts dl 2ms
	---------------------------------------------------------------------
	|                  |            modules            ||   artifacts   |
	|       conf       | number| search|dwnlded|evicted|| number|dwnlded|
	---------------------------------------------------------------------
	|      default     |   1   |   1   |   0   |   0   ||   1   |   1   |
	|     extension    |   1   |   1   |   0   |   0   ||   1   |   1   |
	---------------------------------------------------------------------
:: loading settings :: file = test/repositories/ivysettings.xml
:: resolving dependencies :: org6#mod6.2;0.3
	confs: [default, extension]
	found org6#mod6.1;0.4 in 1
	found org1#mod1.2;2.0 in 1
downloading /Volumes/MacintoshHDD/mccurdyc/computer_science/cs441s2016/cs441s2016-fp-team1/container/tlb/tools/ivy/test/repositories/1/org6/mod6.1/jars/mod6.1-0.4.jar ...
. (0kB)
	[SUCCESSFUL ] org6#mod6.1;0.4!mod6.1.jar (1ms)
downloading /Volumes/MacintoshHDD/mccurdyc/computer_science/cs441s2016/cs441s2016-fp-team1/container/tlb/tools/ivy/test/repositories/1/org1/mod1.2/jars/mod1.2-2.0.jar ...
. (0kB)
	[SUCCESSFUL ] org1#mod1.2;2.0!mod1.2.jar (1ms)
:: resolution report :: resolve 20ms :: artifacts dl 4ms
	---------------------------------------------------------------------
	|                  |            modules            ||   artifacts   |
	|       conf       | number| search|dwnlded|evicted|| number|dwnlded|
	---------------------------------------------------------------------
	|      default     |   2   |   2   |   1   |   0   ||   2   |   2   |
	|     extension    |   2   |   2   |   1   |   0   ||   2   |   2   |
	---------------------------------------------------------------------
:: loading settings :: file = test/repositories/ivysettings.xml
:: resolving dependencies :: org6#mod6.3;1.1
	confs: [libraries, run, compile, test]
	found org6#mod6.2;2.0 in 1
	found org6#mod6.1;2.0 in 1
	found org6#mod6.1;2.0 in 1
	[2.0] org6#mod6.1;2.+
	found org1#mod1.2;2.2 in 1
downloading /Volumes/MacintoshHDD/mccurdyc/computer_science/cs441s2016/cs441s2016-fp-team1/container/tlb/tools/ivy/test/repositories/1/org6/mod6.2/jars/mod6.2-2.0.jar ...
. (0kB)
	[SUCCESSFUL ] org6#mod6.2;2.0!mod6.2.jar (2ms)
downloading /Volumes/MacintoshHDD/mccurdyc/computer_science/cs441s2016/cs441s2016-fp-team1/container/tlb/tools/ivy/test/repositories/1/org6/mod6.1/jars/mod6.1-2.0.jar ...
. (0kB)
	[SUCCESSFUL ] org6#mod6.1;2.0!mod6.1.jar (3ms)
downloading /Volumes/MacintoshHDD/mccurdyc/computer_science/cs441s2016/cs441s2016-fp-team1/container/tlb/tools/ivy/test/repositories/1/org1/mod1.2/jars/mod1.2-2.2.jar ...
. (0kB)
	[SUCCESSFUL ] org1#mod1.2;2.2!mod1.2.jar (1ms)
:: resolution report :: resolve 73ms :: artifacts dl 8ms
	---------------------------------------------------------------------
	|                  |            modules            ||   artifacts   |
	|       conf       | number| search|dwnlded|evicted|| number|dwnlded|
	---------------------------------------------------------------------
	|     libraries    |   0   |   0   |   0   |   0   ||   0   |   0   |
	|        run       |   2   |   2   |   2   |   0   ||   2   |   2   |
	|      compile     |   2   |   2   |   2   |   0   ||   2   |   2   |
	|       test       |   2   |   2   |   1   |   0   ||   2   |   2   |
	---------------------------------------------------------------------
:: loading settings :: file = test/repositories/ivysettings.xml
:: resolving dependencies :: org6#mod6.2;0.6
	confs: [compile, run]
	found org6#mod6.1;0.6 in 1
	found org1#mod1.2;2.2 in 1
	found org1#mod1.2;2.2 in 1
	[2.2] org1#mod1.2;latest.integration
downloading /Volumes/MacintoshHDD/mccurdyc/computer_science/cs441s2016/cs441s2016-fp-team1/container/tlb/tools/ivy/test/repositories/1/org6/mod6.1/jars/mod6.1-0.6.jar ...
.. (0kB)
	[SUCCESSFUL ] org6#mod6.1;0.6!mod6.1.jar (2ms)
downloading /Volumes/MacintoshHDD/mccurdyc/computer_science/cs441s2016/cs441s2016-fp-team1/container/tlb/tools/ivy/test/repositories/1/org1/mod1.2/jars/mod1.2-2.2.jar ...
. (0kB)
	[SUCCESSFUL ] org1#mod1.2;2.2!mod1.2.jar (1ms)
:: resolution report :: resolve 22ms :: artifacts dl 4ms
	---------------------------------------------------------------------
	|                  |            modules            ||   artifacts   |
	|       conf       | number| search|dwnlded|evicted|| number|dwnlded|
	---------------------------------------------------------------------
	|      compile     |   2   |   2   |   1   |   0   ||   2   |   2   |
	|        run       |   1   |   1   |   0   |   0   ||   1   |   1   |
	---------------------------------------------------------------------
:: loading settings :: file = test/repositories/ivysettings.xml
:: resolving dependencies :: org6#mod6.2;0.5
	confs: [compile, run]
	found org1#mod1.2;2.1 in 1
	found org1#mod1.1;1.0 in 1
	found org6#mod6.1;0.5 in 1
	found org1#mod1.2;2.0 in 1
downloading /Volumes/MacintoshHDD/mccurdyc/computer_science/cs441s2016/cs441s2016-fp-team1/container/tlb/tools/ivy/test/repositories/1/org1/mod1.2/jars/mod1.2-2.1.jar ...
.. (0kB)
	[SUCCESSFUL ] org1#mod1.2;2.1!mod1.2.jar (1ms)
downloading /Volumes/MacintoshHDD/mccurdyc/computer_science/cs441s2016/cs441s2016-fp-team1/container/tlb/tools/ivy/test/repositories/1/org1/mod1.1/jars/mod1.1-1.0.jar ...
.. (0kB)
	[SUCCESSFUL ] org1#mod1.1;1.0!mod1.1.jar (1ms)
downloading /Volumes/MacintoshHDD/mccurdyc/computer_science/cs441s2016/cs441s2016-fp-team1/container/tlb/tools/ivy/test/repositories/1/org6/mod6.1/jars/mod6.1-0.5.jar ...
.. (0kB)
	[SUCCESSFUL ] org6#mod6.1;0.5!mod6.1.jar (1ms)
:: resolution report :: resolve 38ms :: artifacts dl 6ms
	:: evicted modules:
	org1#mod1.2;2.0 by [org1#mod1.2;2.1] in [compile, run]
	---------------------------------------------------------------------
	|                  |            modules            ||   artifacts   |
	|       conf       | number| search|dwnlded|evicted|| number|dwnlded|
	---------------------------------------------------------------------
	|      compile     |   4   |   4   |   2   |   1   ||   3   |   3   |
	|        run       |   4   |   4   |   2   |   1   ||   3   |   3   |
	---------------------------------------------------------------------
:: loading settings :: file = test/repositories/ivysettings.xml
:: resolving dependencies :: org6#mod6.2;0.4
	confs: [default, extension]
	found org6#mod6.1;0.4 in 1
	found org1#mod1.2;2.0 in 1
	found org1#mod1.2;2.1 in 1
downloading /Volumes/MacintoshHDD/mccurdyc/computer_science/cs441s2016/cs441s2016-fp-team1/container/tlb/tools/ivy/test/repositories/1/org6/mod6.1/jars/mod6.1-0.4.jar ...
. (0kB)
	[SUCCESSFUL ] org6#mod6.1;0.4!mod6.1.jar (1ms)
downloading /Volumes/MacintoshHDD/mccurdyc/computer_science/cs441s2016/cs441s2016-fp-team1/container/tlb/tools/ivy/test/repositories/1/org1/mod1.2/jars/mod1.2-2.0.jar ...
. (0kB)
	[SUCCESSFUL ] org1#mod1.2;2.0!mod1.2.jar (1ms)
downloading /Volumes/MacintoshHDD/mccurdyc/computer_science/cs441s2016/cs441s2016-fp-team1/container/tlb/tools/ivy/test/repositories/1/org1/mod1.2/jars/mod1.2-2.1.jar ...
.. (0kB)
	[SUCCESSFUL ] org1#mod1.2;2.1!mod1.2.jar (2ms)
:: resolution report :: resolve 28ms :: artifacts dl 5ms
	:: evicted modules:
	org1#mod1.2;2.0 by [org1#mod1.2;2.1] in [extension]
	---------------------------------------------------------------------
	|                  |            modules            ||   artifacts   |
	|       conf       | number| search|dwnlded|evicted|| number|dwnlded|
	---------------------------------------------------------------------
	|      default     |   2   |   2   |   1   |   0   ||   2   |   2   |
	|     extension    |   3   |   3   |   1   |   1   ||   2   |   2   |
	---------------------------------------------------------------------
:: loading settings :: file = test/repositories/ivysettings.xml
:: resolving dependencies :: org1#mod1.6;1.0.3
	confs: [default]
	found org1#mod1.4;1.3 in 1
	found org1#mod1.3;3.0 in 1
downloading /Volumes/MacintoshHDD/mccurdyc/computer_science/cs441s2016/cs441s2016-fp-team1/container/tlb/tools/ivy/test/repositories/1/org1/mod1.3/jars/mod1.3-A-3.0.jar ...
.. (0kB)
	[SUCCESSFUL ] org1#mod1.3;3.0!mod1.3-A.jar (1ms)
downloading /Volumes/MacintoshHDD/mccurdyc/computer_science/cs441s2016/cs441s2016-fp-team1/container/tlb/tools/ivy/test/repositories/1/org1/mod1.3/jars/mod1.3-B-3.0.jar ...
.. (0kB)
	[SUCCESSFUL ] org1#mod1.3;3.0!mod1.3-B.jar (1ms)
:: resolution report :: resolve 24ms :: artifacts dl 4ms
	---------------------------------------------------------------------
	|                  |            modules            ||   artifacts   |
	|       conf       | number| search|dwnlded|evicted|| number|dwnlded|
	---------------------------------------------------------------------
	|      default     |   2   |   2   |   1   |   0   ||   2   |   2   |
	---------------------------------------------------------------------
:: loading settings :: file = test/repositories/ivysettings.xml
:: resolving dependencies :: org2#mod2.6;0.12
	confs: [default]
	found org1#mod1.6;1.0.4 in 1
	found org1#mod1.3;3.0 in 1
	found org2#mod2.5;0.6.2 in 1
	found org1#mod1.3;3.1 in 1
downloading /Volumes/MacintoshHDD/mccurdyc/computer_science/cs441s2016/cs441s2016-fp-team1/container/tlb/tools/ivy/test/repositories/1/org1/mod1.3/jars/mod1.3-A-3.1.jar ...
.. (0kB)
	[SUCCESSFUL ] org1#mod1.3;3.1!mod1.3-A.jar (2ms)
downloading /Volumes/MacintoshHDD/mccurdyc/computer_science/cs441s2016/cs441s2016-fp-team1/container/tlb/tools/ivy/test/repositories/1/org1/mod1.3/jars/mod1.3-C-3.1.jar ...
.. (0kB)
	[SUCCESSFUL ] org1#mod1.3;3.1!mod1.3-C.jar (3ms)
:: resolution report :: resolve 56ms :: artifacts dl 7ms
	:: evicted modules:
	org1#mod1.3;3.0 by [org1#mod1.3;3.1] in [default]
	---------------------------------------------------------------------
	|                  |            modules            ||   artifacts   |
	|       conf       | number| search|dwnlded|evicted|| number|dwnlded|
	---------------------------------------------------------------------
	|      default     |   4   |   4   |   2   |   1   ||   3   |   2   |
	---------------------------------------------------------------------

:: problems summary ::
:::: WARNINGS
		merged artifact not found: org1#mod1.3;3.1!mod1.3-B.jar. It was required in org1#mod1.6;1.0.4 -> org1#mod1.3;3.0


:: USE VERBOSE OR DEBUG MESSAGE LEVEL FOR MORE DETAILS
:: loading settings :: file = test/repositories/ivysettings.xml
:: loading settings :: file = test/repositories/IVY-283/ivysettings.xml
:: resolving dependencies :: medicel#A;working@Coltons-MacBook-Pro.local
	confs: [build, runtime, test]
	found medicel#B;1.0 in myresolver
	[1.0] medicel#B;latest.integration
	found medicel#C;1.0 in myresolver
	[1.0] medicel#C;latest.integration
downloading /Volumes/MacintoshHDD/mccurdyc/computer_science/cs441s2016/cs441s2016-fp-team1/container/tlb/tools/ivy/test/repositories/IVY-283/B/lib_b_a-1.0.jar ...
.. (0kB)
	[SUCCESSFUL ] medicel#B;1.0!lib_b_a.jar (1ms)
downloading /Volumes/MacintoshHDD/mccurdyc/computer_science/cs441s2016/cs441s2016-fp-team1/container/tlb/tools/ivy/test/repositories/IVY-283/C/lib_c_d-1.0.jar ...
.. (0kB)
	[SUCCESSFUL ] medicel#C;1.0!lib_c_d.jar (2ms)
downloading /Volumes/MacintoshHDD/mccurdyc/computer_science/cs441s2016/cs441s2016-fp-team1/container/tlb/tools/ivy/test/repositories/IVY-283/C/lib_c_b-1.0.jar ...
.. (0kB)
	[SUCCESSFUL ] medicel#C;1.0!lib_c_b.jar (3ms)
downloading /Volumes/MacintoshHDD/mccurdyc/computer_science/cs441s2016/cs441s2016-fp-team1/container/tlb/tools/ivy/test/repositories/IVY-283/C/lib_c_a-1.0.jar ...
.. (0kB)
	[SUCCESSFUL ] medicel#C;1.0!lib_c_a.jar (1ms)
:: resolution report :: resolve 55ms :: artifacts dl 10ms
	---------------------------------------------------------------------
	|                  |            modules            ||   artifacts   |
	|       conf       | number| search|dwnlded|evicted|| number|dwnlded|
	---------------------------------------------------------------------
	|       build      |   2   |   2   |   2   |   0   ||   4   |   4   |
	|      runtime     |   2   |   2   |   2   |   0   ||   4   |   4   |
	|       test       |   2   |   2   |   2   |   0   ||   4   |   4   |
	---------------------------------------------------------------------
:: loading settings :: file = test/repositories/ivysettings.xml
:: loading settings :: file = test/repositories/IVY-283/ivysettings.xml
:: resolving dependencies :: medicel#module_d;working@Coltons-MacBook-Pro.local
	confs: [build, runtime, test]
	found medicel#module_b;local in myresolver
	[local] medicel#module_b;latest.integration
	found medicel#module_e;local in myresolver
	found medicel#module_a;local in myresolver
	found medicel#module_a;local in myresolver
	[local] medicel#module_a;latest.integration
	found medicel#module_c;local in myresolver
	[local] medicel#module_c;latest.integration
downloading /Volumes/MacintoshHDD/mccurdyc/computer_science/cs441s2016/cs441s2016-fp-team1/container/tlb/tools/ivy/test/repositories/IVY-283/module_b/lib_b_a-local.jar ...
.. (0kB)
	[SUCCESSFUL ] medicel#module_b;local!lib_b_a.jar (1ms)
downloading /Volumes/MacintoshHDD/mccurdyc/computer_science/cs441s2016/cs441s2016-fp-team1/container/tlb/tools/ivy/test/repositories/IVY-283/module_c/lib_c_a-local.jar ...
.. (0kB)
	[SUCCESSFUL ] medicel#module_c;local!lib_c_a.jar (1ms)
downloading /Volumes/MacintoshHDD/mccurdyc/computer_science/cs441s2016/cs441s2016-fp-team1/container/tlb/tools/ivy/test/repositories/IVY-283/module_a/lib_a_d-local.jar ...
.. (0kB)
	[SUCCESSFUL ] medicel#module_a;local!lib_a_d.jar (1ms)
downloading /Volumes/MacintoshHDD/mccurdyc/computer_science/cs441s2016/cs441s2016-fp-team1/container/tlb/tools/ivy/test/repositories/IVY-283/module_a/lib_a_e-local.jar ...
.. (0kB)
	[SUCCESSFUL ] medicel#module_a;local!lib_a_e.jar (1ms)
downloading /Volumes/MacintoshHDD/mccurdyc/computer_science/cs441s2016/cs441s2016-fp-team1/container/tlb/tools/ivy/test/repositories/IVY-283/module_a/lib_a_f-local.jar ...
.. (0kB)
	[SUCCESSFUL ] medicel#module_a;local!lib_a_f.jar (1ms)
downloading /Volumes/MacintoshHDD/mccurdyc/computer_science/cs441s2016/cs441s2016-fp-team1/container/tlb/tools/ivy/test/repositories/IVY-283/module_a/lib_a_g-local.jar ...
.. (0kB)
	[SUCCESSFUL ] medicel#module_a;local!lib_a_g.jar (1ms)
downloading /Volumes/MacintoshHDD/mccurdyc/computer_science/cs441s2016/cs441s2016-fp-team1/container/tlb/tools/ivy/test/repositories/IVY-283/module_a/lib_a_h-local.jar ...
.. (0kB)
	[SUCCESSFUL ] medicel#module_a;local!lib_a_h.jar (1ms)
downloading /Volumes/MacintoshHDD/mccurdyc/computer_science/cs441s2016/cs441s2016-fp-team1/container/tlb/tools/ivy/test/repositories/IVY-283/module_a/lib_a_i-local.jar ...
.. (0kB)
	[SUCCESSFUL ] medicel#module_a;local!lib_a_i.jar (1ms)
downloading /Volumes/MacintoshHDD/mccurdyc/computer_science/cs441s2016/cs441s2016-fp-team1/container/tlb/tools/ivy/test/repositories/IVY-283/module_a/lib_a_a-local.jar ...
.. (0kB)
	[SUCCESSFUL ] medicel#module_a;local!lib_a_a.jar (1ms)
downloading /Volumes/MacintoshHDD/mccurdyc/computer_science/cs441s2016/cs441s2016-fp-team1/container/tlb/tools/ivy/test/repositories/IVY-283/module_a/lib_a_b-local.jar ...
.. (0kB)
	[SUCCESSFUL ] medicel#module_a;local!lib_a_b.jar (1ms)
downloading /Volumes/MacintoshHDD/mccurdyc/computer_science/cs441s2016/cs441s2016-fp-team1/container/tlb/tools/ivy/test/repositories/IVY-283/module_a/lib_a_c-local.jar ...
.. (0kB)
	[SUCCESSFUL ] medicel#module_a;local!lib_a_c.jar (1ms)
downloading /Volumes/MacintoshHDD/mccurdyc/computer_science/cs441s2016/cs441s2016-fp-team1/container/tlb/tools/ivy/test/repositories/IVY-283/module_e/lib_e_a-local.jar ...
.. (0kB)
	[SUCCESSFUL ] medicel#module_e;local!lib_e_a.jar (1ms)
:: resolution report :: resolve 67ms :: artifacts dl 23ms
	---------------------------------------------------------------------
	|                  |            modules            ||   artifacts   |
	|       conf       | number| search|dwnlded|evicted|| number|dwnlded|
	---------------------------------------------------------------------
	|       build      |   4   |   4   |   4   |   0   ||   12  |   12  |
	|      runtime     |   4   |   4   |   4   |   0   ||   12  |   12  |
	|       test       |   4   |   4   |   4   |   0   ||   12  |   12  |
	---------------------------------------------------------------------
:: loading settings :: file = test/repositories/ivysettings.xml
:: resolving dependencies :: org2#mod2.2;0.8
	confs: [myconf1]
	found org1#mod1.3;3.0 in 1
downloading /Volumes/MacintoshHDD/mccurdyc/computer_science/cs441s2016/cs441s2016-fp-team1/container/tlb/tools/ivy/test/repositories/1/org1/mod1.3/jars/mod1.3-B-3.0.jar ...
.. (0kB)
	[SUCCESSFUL ] org1#mod1.3;3.0!mod1.3-B.jar (2ms)
downloading /Volumes/MacintoshHDD/mccurdyc/computer_science/cs441s2016/cs441s2016-fp-team1/container/tlb/tools/ivy/test/repositories/1/org1/mod1.3/jars/mod1.3-A-3.0.jar ...
.. (0kB)
	[SUCCESSFUL ] org1#mod1.3;3.0!mod1.3-A.jar (1ms)
:: resolution report :: resolve 8ms :: artifacts dl 4ms
	---------------------------------------------------------------------
	|                  |            modules            ||   artifacts   |
	|       conf       | number| search|dwnlded|evicted|| number|dwnlded|
	---------------------------------------------------------------------
	|      myconf1     |   1   |   1   |   0   |   0   ||   2   |   2   |
	---------------------------------------------------------------------
:: loading settings :: file = test/repositories/ivysettings.xml
:: resolving dependencies :: org2#mod2.2;0.8
	confs: [myconf2]
	found org1#mod1.3;3.0 in 1
downloading /Volumes/MacintoshHDD/mccurdyc/computer_science/cs441s2016/cs441s2016-fp-team1/container/tlb/tools/ivy/test/repositories/1/org1/mod1.3/jars/mod1.3-A-3.0.jar ...
.. (0kB)
	[SUCCESSFUL ] org1#mod1.3;3.0!mod1.3-A.jar (2ms)
:: resolution report :: resolve 6ms :: artifacts dl 2ms
	---------------------------------------------------------------------
	|                  |            modules            ||   artifacts   |
	|       conf       | number| search|dwnlded|evicted|| number|dwnlded|
	---------------------------------------------------------------------
	|      myconf2     |   1   |   1   |   0   |   0   ||   1   |   1   |
	---------------------------------------------------------------------
:: loading settings :: file = test/repositories/ivysettings.xml
:: resolving dependencies :: org2#mod2.2;0.5
	confs: [myconf1]
	found org1#mod1.3;3.0 in 1
downloading /Volumes/MacintoshHDD/mccurdyc/computer_science/cs441s2016/cs441s2016-fp-team1/container/tlb/tools/ivy/test/repositories/1/org1/mod1.3/jars/mod1.3-A-3.0.jar ...
.. (0kB)
	[SUCCESSFUL ] org1#mod1.3;3.0!mod1.3-A.jar (0ms)
downloading /Volumes/MacintoshHDD/mccurdyc/computer_science/cs441s2016/cs441s2016-fp-team1/container/tlb/tools/ivy/test/repositories/1/org1/mod1.3/jars/mod1.3-B-3.0.jar ...
.. (0kB)
	[SUCCESSFUL ] org1#mod1.3;3.0!mod1.3-B.jar (1ms)
:: resolution report :: resolve 7ms :: artifacts dl 3ms
	---------------------------------------------------------------------
	|                  |            modules            ||   artifacts   |
	|       conf       | number| search|dwnlded|evicted|| number|dwnlded|
	---------------------------------------------------------------------
	|      myconf1     |   1   |   1   |   0   |   0   ||   2   |   2   |
	---------------------------------------------------------------------
:: loading settings :: file = test/repositories/ivysettings.xml
:: resolving dependencies :: org2#mod2.2;0.5
	confs: [myconf2]
	found org1#mod1.3;3.0 in 1
downloading /Volumes/MacintoshHDD/mccurdyc/computer_science/cs441s2016/cs441s2016-fp-team1/container/tlb/tools/ivy/test/repositories/1/org1/mod1.3/jars/mod1.3-A-3.0.jar ...
.. (0kB)
	[SUCCESSFUL ] org1#mod1.3;3.0!mod1.3-A.jar (3ms)
:: resolution report :: resolve 7ms :: artifacts dl 3ms
	---------------------------------------------------------------------
	|                  |            modules            ||   artifacts   |
	|       conf       | number| search|dwnlded|evicted|| number|dwnlded|
	---------------------------------------------------------------------
	|      myconf2     |   1   |   1   |   0   |   0   ||   1   |   1   |
	---------------------------------------------------------------------
:: loading settings :: file = test/repositories/ivysettings.xml
:: resolving dependencies :: org2#mod2.2;0.5.1
	confs: [myconf1]
	found org1#mod1.3;3.0 in 1
downloading /Volumes/MacintoshHDD/mccurdyc/computer_science/cs441s2016/cs441s2016-fp-team1/container/tlb/tools/ivy/test/repositories/1/org1/mod1.3/jars/mod1.3-A-3.0.jar ...
.. (0kB)
	[SUCCESSFUL ] org1#mod1.3;3.0!mod1.3-A.jar (2ms)
downloading /Volumes/MacintoshHDD/mccurdyc/computer_science/cs441s2016/cs441s2016-fp-team1/container/tlb/tools/ivy/test/repositories/1/org1/mod1.3/jars/mod1.3-B-3.0.jar ...
.. (0kB)
	[SUCCESSFUL ] org1#mod1.3;3.0!mod1.3-B.jar (1ms)
:: resolution report :: resolve 10ms :: artifacts dl 3ms
	---------------------------------------------------------------------
	|                  |            modules            ||   artifacts   |
	|       conf       | number| search|dwnlded|evicted|| number|dwnlded|
	---------------------------------------------------------------------
	|      myconf1     |   1   |   1   |   0   |   0   ||   2   |   2   |
	---------------------------------------------------------------------
:: loading settings :: file = test/repositories/ivysettings.xml
:: resolving dependencies :: org2#mod2.3;0.4
	confs: [myconf1]
	found org2#mod2.1;0.3 in 1
	found org1#mod1.1;1.0 in 1
	found org1#mod1.2;2.0 in 1
downloading /Volumes/MacintoshHDD/mccurdyc/computer_science/cs441s2016/cs441s2016-fp-team1/container/tlb/tools/ivy/test/repositories/1/org2/mod2.1/jars/art21A-0.3.jar ...
.. (0kB)
	[SUCCESSFUL ] org2#mod2.1;0.3!art21A.jar (1ms)
downloading /Volumes/MacintoshHDD/mccurdyc/computer_science/cs441s2016/cs441s2016-fp-team1/container/tlb/tools/ivy/test/repositories/1/org1/mod1.1/jars/mod1.1-1.0.jar ...
.. (0kB)
	[SUCCESSFUL ] org1#mod1.1;1.0!mod1.1.jar (2ms)
downloading /Volumes/MacintoshHDD/mccurdyc/computer_science/cs441s2016/cs441s2016-fp-team1/container/tlb/tools/ivy/test/repositories/1/org1/mod1.2/jars/mod1.2-2.0.jar ...
. (0kB)
	[SUCCESSFUL ] org1#mod1.2;2.0!mod1.2.jar (1ms)
:: resolution report :: resolve 28ms :: artifacts dl 6ms
	---------------------------------------------------------------------
	|                  |            modules            ||   artifacts   |
	|       conf       | number| search|dwnlded|evicted|| number|dwnlded|
	---------------------------------------------------------------------
	|      myconf1     |   3   |   3   |   2   |   0   ||   3   |   3   |
	---------------------------------------------------------------------
:: loading settings :: file = test/repositories/ivysettings.xml
:: resolving dependencies :: org2#mod2.3;0.4
	confs: [myconf2]
	found org2#mod2.1;0.3 in 1
	found org1#mod1.1;1.0 in 1
	found org1#mod1.2;2.0 in 1
downloading /Volumes/MacintoshHDD/mccurdyc/computer_science/cs441s2016/cs441s2016-fp-team1/container/tlb/tools/ivy/test/repositories/1/org2/mod2.1/jars/art21A-0.3.jar ...
.. (0kB)
	[SUCCESSFUL ] org2#mod2.1;0.3!art21A.jar (2ms)
downloading /Volumes/MacintoshHDD/mccurdyc/computer_science/cs441s2016/cs441s2016-fp-team1/container/tlb/tools/ivy/test/repositories/1/org2/mod2.1/jars/art21B-0.3.jar ...
.. (0kB)
	[SUCCESSFUL ] org2#mod2.1;0.3!art21B.jar (2ms)
downloading /Volumes/MacintoshHDD/mccurdyc/computer_science/cs441s2016/cs441s2016-fp-team1/container/tlb/tools/ivy/test/repositories/1/org1/mod1.1/jars/mod1.1-1.0.jar ...
.. (0kB)
	[SUCCESSFUL ] org1#mod1.1;1.0!mod1.1.jar (1ms)
downloading /Volumes/MacintoshHDD/mccurdyc/computer_science/cs441s2016/cs441s2016-fp-team1/container/tlb/tools/ivy/test/repositories/1/org1/mod1.2/jars/mod1.2-2.0.jar ...
. (0kB)
	[SUCCESSFUL ] org1#mod1.2;2.0!mod1.2.jar (1ms)
:: resolution report :: resolve 29ms :: artifacts dl 7ms
	---------------------------------------------------------------------
	|                  |            modules            ||   artifacts   |
	|       conf       | number| search|dwnlded|evicted|| number|dwnlded|
	---------------------------------------------------------------------
	|      myconf2     |   3   |   3   |   2   |   0   ||   4   |   4   |
	---------------------------------------------------------------------
:: loading settings :: file = test/repositories/ivysettings.xml
:: resolving dependencies :: org2#mod2.3;0.5
	confs: [default]
	found org2#mod2.1;0.3 in 1
	found org1#mod1.1;1.0 in 1
	found org1#mod1.2;2.0 in 1
downloading /Volumes/MacintoshHDD/mccurdyc/computer_science/cs441s2016/cs441s2016-fp-team1/container/tlb/tools/ivy/test/repositories/1/org2/mod2.1/jars/art21A-0.3.jar ...
.. (0kB)
	[SUCCESSFUL ] org2#mod2.1;0.3!art21A.jar (1ms)
downloading /Volumes/MacintoshHDD/mccurdyc/computer_science/cs441s2016/cs441s2016-fp-team1/container/tlb/tools/ivy/test/repositories/1/org1/mod1.1/jars/mod1.1-1.0.jar ...
.. (0kB)
	[SUCCESSFUL ] org1#mod1.1;1.0!mod1.1.jar (2ms)
downloading /Volumes/MacintoshHDD/mccurdyc/computer_science/cs441s2016/cs441s2016-fp-team1/container/tlb/tools/ivy/test/repositories/1/org1/mod1.2/jars/mod1.2-2.0.jar ...
. (0kB)
	[SUCCESSFUL ] org1#mod1.2;2.0!mod1.2.jar (1ms)
:: resolution report :: resolve 28ms :: artifacts dl 6ms
	---------------------------------------------------------------------
	|                  |            modules            ||   artifacts   |
	|       conf       | number| search|dwnlded|evicted|| number|dwnlded|
	---------------------------------------------------------------------
	|      default     |   3   |   3   |   2   |   0   ||   3   |   3   |
	---------------------------------------------------------------------
:: loading settings :: file = test/repositories/ivysettings.xml
:: resolving dependencies :: org2#mod2.6;0.5
	confs: [default]
	found org2#mod2.3;0.5 in 1
	found org2#mod2.1;0.3 in 1
	found org1#mod1.1;1.0 in 1
	found org1#mod1.2;2.0 in 1
downloading /Volumes/MacintoshHDD/mccurdyc/computer_science/cs441s2016/cs441s2016-fp-team1/container/tlb/tools/ivy/test/repositories/1/org2/mod2.3/jars/mod2.3-0.5.jar ...
.. (0kB)
	[SUCCESSFUL ] org2#mod2.3;0.5!mod2.3.jar (1ms)
downloading /Volumes/MacintoshHDD/mccurdyc/computer_science/cs441s2016/cs441s2016-fp-team1/container/tlb/tools/ivy/test/repositories/1/org2/mod2.1/jars/art21A-0.3.jar ...
.. (0kB)
	[SUCCESSFUL ] org2#mod2.1;0.3!art21A.jar (1ms)
downloading /Volumes/MacintoshHDD/mccurdyc/computer_science/cs441s2016/cs441s2016-fp-team1/container/tlb/tools/ivy/test/repositories/1/org2/mod2.1/jars/art21B-0.3.jar ...
.. (0kB)
	[SUCCESSFUL ] org2#mod2.1;0.3!art21B.jar (1ms)
downloading /Volumes/MacintoshHDD/mccurdyc/computer_science/cs441s2016/cs441s2016-fp-team1/container/tlb/tools/ivy/test/repositories/1/org1/mod1.1/jars/mod1.1-1.0.jar ...
.. (0kB)
	[SUCCESSFUL ] org1#mod1.1;1.0!mod1.1.jar (2ms)
downloading /Volumes/MacintoshHDD/mccurdyc/computer_science/cs441s2016/cs441s2016-fp-team1/container/tlb/tools/ivy/test/repositories/1/org1/mod1.2/jars/mod1.2-2.0.jar ...
. (0kB)
	[SUCCESSFUL ] org1#mod1.2;2.0!mod1.2.jar (1ms)
:: resolution report :: resolve 43ms :: artifacts dl 9ms
	---------------------------------------------------------------------
	|                  |            modules            ||   artifacts   |
	|       conf       | number| search|dwnlded|evicted|| number|dwnlded|
	---------------------------------------------------------------------
	|      default     |   4   |   4   |   3   |   0   ||   5   |   5   |
	---------------------------------------------------------------------
:: loading settings :: file = test/repositories/ivysettings.xml
:: resolving dependencies :: org2#mod2.3;0.6
	confs: [default]
	found org2#mod2.1;0.3 in 1
	found org1#mod1.1;1.0 in 1
	found org1#mod1.2;2.0 in 1
downloading /Volumes/MacintoshHDD/mccurdyc/computer_science/cs441s2016/cs441s2016-fp-team1/container/tlb/tools/ivy/test/repositories/1/org2/mod2.1/jars/art21A-0.3.jar ...
.. (0kB)
	[SUCCESSFUL ] org2#mod2.1;0.3!art21A.jar (1ms)
downloading /Volumes/MacintoshHDD/mccurdyc/computer_science/cs441s2016/cs441s2016-fp-team1/container/tlb/tools/ivy/test/repositories/1/org1/mod1.1/jars/mod1.1-1.0.jar ...
.. (0kB)
	[SUCCESSFUL ] org1#mod1.1;1.0!mod1.1.jar (1ms)
downloading /Volumes/MacintoshHDD/mccurdyc/computer_science/cs441s2016/cs441s2016-fp-team1/container/tlb/tools/ivy/test/repositories/1/org1/mod1.2/jars/mod1.2-2.0.jar ...
. (0kB)
	[SUCCESSFUL ] org1#mod1.2;2.0!mod1.2.jar (1ms)
:: resolution report :: resolve 85ms :: artifacts dl 5ms
	---------------------------------------------------------------------
	|                  |            modules            ||   artifacts   |
	|       conf       | number| search|dwnlded|evicted|| number|dwnlded|
	---------------------------------------------------------------------
	|      default     |   3   |   3   |   2   |   0   ||   3   |   3   |
	---------------------------------------------------------------------
:: loading settings :: file = test/repositories/ivysettings.xml
:: resolving dependencies :: org2#mod2.3;0.6.2
	confs: [default]
	found org2#mod2.1;0.3 in 1
	found org1#mod1.1;1.0 in 1
	found org1#mod1.2;2.0 in 1
downloading /Volumes/MacintoshHDD/mccurdyc/computer_science/cs441s2016/cs441s2016-fp-team1/container/tlb/tools/ivy/test/repositories/1/org2/mod2.1/jars/art21A-0.3.jar ...
.. (0kB)
	[SUCCESSFUL ] org2#mod2.1;0.3!art21A.jar (2ms)
downloading /Volumes/MacintoshHDD/mccurdyc/computer_science/cs441s2016/cs441s2016-fp-team1/container/tlb/tools/ivy/test/repositories/1/org2/mod2.1/jars/art21B-0.3.jar ...
.. (0kB)
	[SUCCESSFUL ] org2#mod2.1;0.3!art21B.jar (1ms)
downloading /Volumes/MacintoshHDD/mccurdyc/computer_science/cs441s2016/cs441s2016-fp-team1/container/tlb/tools/ivy/test/repositories/1/org1/mod1.1/jars/mod1.1-1.0.jar ...
.. (0kB)
	[SUCCESSFUL ] org1#mod1.1;1.0!mod1.1.jar (1ms)
downloading /Volumes/MacintoshHDD/mccurdyc/computer_science/cs441s2016/cs441s2016-fp-team1/container/tlb/tools/ivy/test/repositories/1/org1/mod1.2/jars/mod1.2-2.0.jar ...
. (0kB)
	[SUCCESSFUL ] org1#mod1.2;2.0!mod1.2.jar (1ms)
:: resolution report :: resolve 31ms :: artifacts dl 7ms
	---------------------------------------------------------------------
	|                  |            modules            ||   artifacts   |
	|       conf       | number| search|dwnlded|evicted|| number|dwnlded|
	---------------------------------------------------------------------
	|      default     |   3   |   3   |   2   |   0   ||   4   |   4   |
	---------------------------------------------------------------------
:: loading settings :: file = test/repositories/ivysettings.xml
:: resolving dependencies :: org2#mod2.3;0.6.3
	confs: [default]
	found org2#mod2.1;0.3 in 1
	found org1#mod1.1;1.0 in 1
	found org1#mod1.2;2.0 in 1
downloading /Volumes/MacintoshHDD/mccurdyc/computer_science/cs441s2016/cs441s2016-fp-team1/container/tlb/tools/ivy/test/repositories/1/org2/mod2.1/jars/art21A-0.3.jar ...
.. (0kB)
	[SUCCESSFUL ] org2#mod2.1;0.3!art21A.jar (1ms)
downloading /Volumes/MacintoshHDD/mccurdyc/computer_science/cs441s2016/cs441s2016-fp-team1/container/tlb/tools/ivy/test/repositories/1/org1/mod1.1/jars/mod1.1-1.0.jar ...
.. (0kB)
	[SUCCESSFUL ] org1#mod1.1;1.0!mod1.1.jar (1ms)
downloading /Volumes/MacintoshHDD/mccurdyc/computer_science/cs441s2016/cs441s2016-fp-team1/container/tlb/tools/ivy/test/repositories/1/org1/mod1.2/jars/mod1.2-2.0.jar ...
. (0kB)
	[SUCCESSFUL ] org1#mod1.2;2.0!mod1.2.jar (1ms)
:: resolution report :: resolve 31ms :: artifacts dl 6ms
	---------------------------------------------------------------------
	|                  |            modules            ||   artifacts   |
	|       conf       | number| search|dwnlded|evicted|| number|dwnlded|
	---------------------------------------------------------------------
	|      default     |   3   |   3   |   2   |   0   ||   3   |   3   |
	---------------------------------------------------------------------
:: loading settings :: file = test/repositories/ivysettings.xml
:: resolving dependencies :: org2#mod2.3;0.6.4
	confs: [default]
	found org2#mod2.1;0.3 in 1
	found org1#mod1.1;1.0 in 1
	found org1#mod1.2;2.0 in 1
downloading /Volumes/MacintoshHDD/mccurdyc/computer_science/cs441s2016/cs441s2016-fp-team1/container/tlb/tools/ivy/test/repositories/1/org2/mod2.1/jars/art21A-0.3.jar ...
.. (0kB)
	[SUCCESSFUL ] org2#mod2.1;0.3!art21A.jar (1ms)
downloading /Volumes/MacintoshHDD/mccurdyc/computer_science/cs441s2016/cs441s2016-fp-team1/container/tlb/tools/ivy/test/repositories/1/org1/mod1.1/jars/mod1.1-1.0.jar ...
.. (0kB)
	[SUCCESSFUL ] org1#mod1.1;1.0!mod1.1.jar (2ms)
downloading /Volumes/MacintoshHDD/mccurdyc/computer_science/cs441s2016/cs441s2016-fp-team1/container/tlb/tools/ivy/test/repositories/1/org1/mod1.2/jars/mod1.2-2.0.jar ...
. (0kB)
	[SUCCESSFUL ] org1#mod1.2;2.0!mod1.2.jar (2ms)
:: resolution report :: resolve 29ms :: artifacts dl 7ms
	---------------------------------------------------------------------
	|                  |            modules            ||   artifacts   |
	|       conf       | number| search|dwnlded|evicted|| number|dwnlded|
	---------------------------------------------------------------------
	|      default     |   3   |   3   |   2   |   0   ||   3   |   3   |
	---------------------------------------------------------------------
:: loading settings :: file = test/repositories/ivysettings.xml
:: resolving dependencies :: org2#mod2.3;0.6.5
	confs: [default]
	found org2#mod2.1;0.3 in 1
	found org1#mod1.1;1.0 in 1
	found org1#mod1.2;2.0 in 1
downloading /Volumes/MacintoshHDD/mccurdyc/computer_science/cs441s2016/cs441s2016-fp-team1/container/tlb/tools/ivy/test/repositories/1/org2/mod2.1/jars/art21A-0.3.jar ...
.. (0kB)
	[SUCCESSFUL ] org2#mod2.1;0.3!art21A.jar (1ms)
downloading /Volumes/MacintoshHDD/mccurdyc/computer_science/cs441s2016/cs441s2016-fp-team1/container/tlb/tools/ivy/test/repositories/1/org1/mod1.1/jars/mod1.1-1.0.jar ...
.. (0kB)
	[SUCCESSFUL ] org1#mod1.1;1.0!mod1.1.jar (2ms)
downloading /Volumes/MacintoshHDD/mccurdyc/computer_science/cs441s2016/cs441s2016-fp-team1/container/tlb/tools/ivy/test/repositories/1/org1/mod1.2/jars/mod1.2-2.0.jar ...
. (0kB)
	[SUCCESSFUL ] org1#mod1.2;2.0!mod1.2.jar (1ms)
:: resolution report :: resolve 41ms :: artifacts dl 6ms
	---------------------------------------------------------------------
	|                  |            modules            ||   artifacts   |
	|       conf       | number| search|dwnlded|evicted|| number|dwnlded|
	---------------------------------------------------------------------
	|      default     |   3   |   3   |   2   |   0   ||   3   |   3   |
	---------------------------------------------------------------------
:: loading settings :: file = test/repositories/ivysettings.xml
:: resolving dependencies :: org2#mod2.1;0.3
	confs: [default]
	found org1#mod1.1;1.0 in 1
	found org1#mod1.2;2.0 in 1
downloading /Volumes/MacintoshHDD/mccurdyc/computer_science/cs441s2016/cs441s2016-fp-team1/container/tlb/tools/ivy/test/repositories/1/org1/mod1.1/jars/mod1.1-1.0.jar ...
.. (0kB)
	[SUCCESSFUL ] org1#mod1.1;1.0!mod1.1.jar (1ms)
downloading /Volumes/MacintoshHDD/mccurdyc/computer_science/cs441s2016/cs441s2016-fp-team1/container/tlb/tools/ivy/test/repositories/1/org1/mod1.2/jars/mod1.2-2.0.jar ...
. (0kB)
	[SUCCESSFUL ] org1#mod1.2;2.0!mod1.2.jar (2ms)
:: resolution report :: resolve 18ms :: artifacts dl 4ms
	---------------------------------------------------------------------
	|                  |            modules            ||   artifacts   |
	|       conf       | number| search|dwnlded|evicted|| number|dwnlded|
	---------------------------------------------------------------------
	|      default     |   2   |   2   |   1   |   0   ||   2   |   2   |
	---------------------------------------------------------------------
:: loading settings :: file = test/repositories/ivysettings.xml
:: resolving dependencies :: org2#mod2.1;0.6
	confs: [default]
	found org1#mod1.1;1.0 in 1
	found org1#mod1.2;1.0 in 1
downloading /Volumes/MacintoshHDD/mccurdyc/computer_science/cs441s2016/cs441s2016-fp-team1/container/tlb/tools/ivy/test/repositories/1/org1/mod1.1/jars/mod1.1-1.0.jar ...
.. (0kB)
	[SUCCESSFUL ] org1#mod1.1;1.0!mod1.1.jar (2ms)
downloading /Volumes/MacintoshHDD/mccurdyc/computer_science/cs441s2016/cs441s2016-fp-team1/container/tlb/tools/ivy/test/repositories/1/org1/mod1.2/jars/mod1.2-1.0.jar ...
.. (0kB)
	[SUCCESSFUL ] org1#mod1.2;1.0!mod1.2.jar (1ms)
:: resolution report :: resolve 18ms :: artifacts dl 4ms
	---------------------------------------------------------------------
	|                  |            modules            ||   artifacts   |
	|       conf       | number| search|dwnlded|evicted|| number|dwnlded|
	---------------------------------------------------------------------
	|      default     |   2   |   2   |   1   |   0   ||   2   |   2   |
	---------------------------------------------------------------------
:: loading settings :: file = test/repositories/ivysettings.xml
:: resolving dependencies :: org2#mod2.1;0.6
	confs: [default]
	found org1#mod1.1;1.0 in 1
	found org1#mod1.2;1.0 in 1
downloading /Volumes/MacintoshHDD/mccurdyc/computer_science/cs441s2016/cs441s2016-fp-team1/container/tlb/tools/ivy/test/repositories/1/org1/mod1.1/jars/mod1.1-1.0.jar ...
.. (0kB)
	[SUCCESSFUL ] org1#mod1.1;1.0!mod1.1.jar (1ms)
downloading /Volumes/MacintoshHDD/mccurdyc/computer_science/cs441s2016/cs441s2016-fp-team1/container/tlb/tools/ivy/test/repositories/1/org1/mod1.2/jars/mod1.2-1.0.jar ...
.. (0kB)
	[SUCCESSFUL ] org1#mod1.2;1.0!mod1.2.jar (2ms)
:: resolution report :: resolve 17ms :: artifacts dl 5ms
	---------------------------------------------------------------------
	|                  |            modules            ||   artifacts   |
	|       conf       | number| search|dwnlded|evicted|| number|dwnlded|
	---------------------------------------------------------------------
	|      default     |   2   |   2   |   1   |   0   ||   2   |   2   |
	---------------------------------------------------------------------
:: loading settings :: file = test/repositories/ivysettings.xml
:: resolving dependencies :: org2#mod2.1;0.3 [not transitive]
	confs: [default]
	found org1#mod1.1;1.0 in 1
downloading /Volumes/MacintoshHDD/mccurdyc/computer_science/cs441s2016/cs441s2016-fp-team1/container/tlb/tools/ivy/test/repositories/1/org1/mod1.1/jars/mod1.1-1.0.jar ...
.. (0kB)
	[SUCCESSFUL ] org1#mod1.1;1.0!mod1.1.jar (1ms)
:: resolution report :: resolve 13ms :: artifacts dl 2ms
	---------------------------------------------------------------------
	|                  |            modules            ||   artifacts   |
	|       conf       | number| search|dwnlded|evicted|| number|dwnlded|
	---------------------------------------------------------------------
	|      default     |   1   |   1   |   1   |   0   ||   1   |   1   |
	---------------------------------------------------------------------
:: loading settings :: file = test/repositories/ivysettings.xml
:: resolving dependencies :: test#IVY-225;working@Coltons-MacBook-Pro.local
	confs: [default]
	found org1#mod1.2;1.1 in 1
	found org3#mod3.2;1.4 in 2-ivy
	found org1#mod1.2;2.0 in 1
	found org3#mod3.1;1.1 in 2-ivy
	found org5#mod5.1;4.2 in 2-ivy
downloading /Volumes/MacintoshHDD/mccurdyc/computer_science/cs441s2016/cs441s2016-fp-team1/container/tlb/tools/ivy/test/repositories/1/org1/mod1.2/jars/mod1.2-1.1.jar ...
.. (0kB)
	[SUCCESSFUL ] org1#mod1.2;1.1!mod1.2.jar (19ms)
downloading /Volumes/MacintoshHDD/mccurdyc/computer_science/cs441s2016/cs441s2016-fp-team1/container/tlb/tools/ivy/test/repositories/2/mod3.2/mod3.2-1.4.jar ...
.. (0kB)
	[SUCCESSFUL ] org3#mod3.2;1.4!mod3.2.jar (1ms)
downloading /Volumes/MacintoshHDD/mccurdyc/computer_science/cs441s2016/cs441s2016-fp-team1/container/tlb/tools/ivy/test/repositories/2/mod5.1/art51A-4.2.jar ...
.. (0kB)
	[SUCCESSFUL ] org5#mod5.1;4.2!art51A.jar (1ms)
downloading /Volumes/MacintoshHDD/mccurdyc/computer_science/cs441s2016/cs441s2016-fp-team1/container/tlb/tools/ivy/test/repositories/2/mod5.1/art51B-4.2.jar ...
. (0kB)
	[SUCCESSFUL ] org5#mod5.1;4.2!art51B.jar (1ms)
downloading /Volumes/MacintoshHDD/mccurdyc/computer_science/cs441s2016/cs441s2016-fp-team1/container/tlb/tools/ivy/test/repositories/1/org1/mod1.2/jars/mod1.2-2.0.jar ...
. (0kB)
	[SUCCESSFUL ] org1#mod1.2;2.0!mod1.2.jar (1ms)
downloading /Volumes/MacintoshHDD/mccurdyc/computer_science/cs441s2016/cs441s2016-fp-team1/container/tlb/tools/ivy/test/repositories/2/mod3.1/mod3.1-1.1.jar ...
.. (0kB)
	[SUCCESSFUL ] org3#mod3.1;1.1!mod3.1.jar (1ms)
:: resolution report :: resolve 111ms :: artifacts dl 28ms
	:: evicted modules:
	org1#mod1.2;2.1 by [org1#mod1.2;2.0] in [default]
	---------------------------------------------------------------------
	|                  |            modules            ||   artifacts   |
	|       conf       | number| search|dwnlded|evicted|| number|dwnlded|
	---------------------------------------------------------------------
	|      default     |   6   |   5   |   3   |   1   ||   6   |   6   |
	---------------------------------------------------------------------
:: loading settings :: file = test/repositories/ivysettings.xml
:: resolving dependencies :: org2#mod2.1;0.3.1
	confs: [compile]
	found org1#mod1.1;1.0 in 1
downloading /Volumes/MacintoshHDD/mccurdyc/computer_science/cs441s2016/cs441s2016-fp-team1/container/tlb/tools/ivy/test/repositories/1/org1/mod1.1/jars/mod1.1-1.0.jar ...
.. (0kB)
	[SUCCESSFUL ] org1#mod1.1;1.0!mod1.1.jar (1ms)
:: resolution report :: resolve 13ms :: artifacts dl 2ms
	---------------------------------------------------------------------
	|                  |            modules            ||   artifacts   |
	|       conf       | number| search|dwnlded|evicted|| number|dwnlded|
	---------------------------------------------------------------------
	|      compile     |   1   |   1   |   1   |   0   ||   1   |   1   |
	---------------------------------------------------------------------
:: resolving dependencies :: org2#mod2.1;0.3.1
	confs: [runtime]
	found org1#mod1.1;1.0 in 1
	found org1#mod1.2;2.0 in 1
downloading /Volumes/MacintoshHDD/mccurdyc/computer_science/cs441s2016/cs441s2016-fp-team1/container/tlb/tools/ivy/test/repositories/1/org1/mod1.2/jars/mod1.2-2.0.jar ...
. (0kB)
	[SUCCESSFUL ] org1#mod1.2;2.0!mod1.2.jar (1ms)
:: resolution report :: resolve 10ms :: artifacts dl 2ms
	---------------------------------------------------------------------
	|                  |            modules            ||   artifacts   |
	|       conf       | number| search|dwnlded|evicted|| number|dwnlded|
	---------------------------------------------------------------------
	|      runtime     |   2   |   1   |   0   |   0   ||   2   |   1   |
	---------------------------------------------------------------------
:: resolving dependencies :: org2#mod2.1;0.3.1
	confs: [runtime, compile]
	found org1#mod1.1;1.0 in 1
	found org1#mod1.2;2.0 in 1
:: resolution report :: resolve 5ms :: artifacts dl 2ms
	---------------------------------------------------------------------
	|                  |            modules            ||   artifacts   |
	|       conf       | number| search|dwnlded|evicted|| number|dwnlded|
	---------------------------------------------------------------------
	|      runtime     |   2   |   0   |   0   |   0   ||   2   |   0   |
	|      compile     |   1   |   0   |   0   |   0   ||   1   |   0   |
	---------------------------------------------------------------------
:: loading settings :: file = test/repositories/ivysettings.xml
:: resolving dependencies :: org2#mod2.1;0.3.2
	confs: [compile]
	found org1#mod1.1;1.0 in 1
downloading /Volumes/MacintoshHDD/mccurdyc/computer_science/cs441s2016/cs441s2016-fp-team1/container/tlb/tools/ivy/test/repositories/1/org1/mod1.1/jars/mod1.1-1.0.jar ...
.. (0kB)
	[SUCCESSFUL ] org1#mod1.1;1.0!mod1.1.jar (1ms)
:: resolution report :: resolve 11ms :: artifacts dl 1ms
	---------------------------------------------------------------------
	|                  |            modules            ||   artifacts   |
	|       conf       | number| search|dwnlded|evicted|| number|dwnlded|
	---------------------------------------------------------------------
	|      compile     |   1   |   1   |   1   |   0   ||   1   |   1   |
	---------------------------------------------------------------------
:: resolving dependencies :: org2#mod2.1;0.3.2
	confs: [runtime]
	found org1#mod1.1;1.0 in 1
	found org1#mod1.2;2.0 in 1
downloading /Volumes/MacintoshHDD/mccurdyc/computer_science/cs441s2016/cs441s2016-fp-team1/container/tlb/tools/ivy/test/repositories/1/org1/mod1.2/jars/mod1.2-2.0.jar ...
. (0kB)
	[SUCCESSFUL ] org1#mod1.2;2.0!mod1.2.jar (1ms)
:: resolution report :: resolve 11ms :: artifacts dl 2ms
	---------------------------------------------------------------------
	|                  |            modules            ||   artifacts   |
	|       conf       | number| search|dwnlded|evicted|| number|dwnlded|
	---------------------------------------------------------------------
	|      runtime     |   2   |   1   |   0   |   0   ||   2   |   1   |
	---------------------------------------------------------------------
:: resolving dependencies :: org2#mod2.1;0.3.2
	confs: [runtime, compile]
	found org1#mod1.1;1.0 in 1
	found org1#mod1.2;2.0 in 1
:: resolution report :: resolve 7ms :: artifacts dl 1ms
	---------------------------------------------------------------------
	|                  |            modules            ||   artifacts   |
	|       conf       | number| search|dwnlded|evicted|| number|dwnlded|
	---------------------------------------------------------------------
	|      runtime     |   2   |   0   |   0   |   0   ||   2   |   0   |
	|      compile     |   1   |   0   |   0   |   0   ||   1   |   0   |
	---------------------------------------------------------------------
:: loading settings :: file = test/repositories/ivysettings.xml
:: resolving dependencies :: org2#mod2.1;0.3.3
	confs: [compile]
	found org1#mod1.1;1.0 in 1
downloading /Volumes/MacintoshHDD/mccurdyc/computer_science/cs441s2016/cs441s2016-fp-team1/container/tlb/tools/ivy/test/repositories/1/org1/mod1.1/jars/mod1.1-1.0.jar ...
.. (0kB)
	[SUCCESSFUL ] org1#mod1.1;1.0!mod1.1.jar (2ms)
:: resolution report :: resolve 11ms :: artifacts dl 3ms
	---------------------------------------------------------------------
	|                  |            modules            ||   artifacts   |
	|       conf       | number| search|dwnlded|evicted|| number|dwnlded|
	---------------------------------------------------------------------
	|      compile     |   1   |   1   |   1   |   0   ||   1   |   1   |
	---------------------------------------------------------------------
:: resolving dependencies :: org2#mod2.1;0.3.3
	confs: [runtime]
	found org1#mod1.1;1.0 in 1
	found org1#mod1.2;2.0 in 1
downloading /Volumes/MacintoshHDD/mccurdyc/computer_science/cs441s2016/cs441s2016-fp-team1/container/tlb/tools/ivy/test/repositories/1/org1/mod1.2/jars/mod1.2-2.0.jar ...
. (0kB)
	[SUCCESSFUL ] org1#mod1.2;2.0!mod1.2.jar (1ms)
:: resolution report :: resolve 8ms :: artifacts dl 2ms
	---------------------------------------------------------------------
	|                  |            modules            ||   artifacts   |
	|       conf       | number| search|dwnlded|evicted|| number|dwnlded|
	---------------------------------------------------------------------
	|      runtime     |   2   |   1   |   0   |   0   ||   2   |   1   |
	---------------------------------------------------------------------
:: resolving dependencies :: org2#mod2.1;0.3.3
	confs: [runtime, compile]
	found org1#mod1.1;1.0 in 1
	found org1#mod1.2;2.0 in 1
:: resolution report :: resolve 7ms :: artifacts dl 1ms
	---------------------------------------------------------------------
	|                  |            modules            ||   artifacts   |
	|       conf       | number| search|dwnlded|evicted|| number|dwnlded|
	---------------------------------------------------------------------
	|      runtime     |   2   |   0   |   0   |   0   ||   2   |   0   |
	|      compile     |   1   |   0   |   0   |   0   ||   1   |   0   |
	---------------------------------------------------------------------
:: loading settings :: file = test/repositories/ivysettings.xml
:: resolving dependencies :: org2#mod2.2;0.6
	confs: [A, B, compile]
	found org2#mod2.1;0.3.2 in 1
	found org1#mod1.1;1.0 in 1
	found org1#mod1.2;2.0 in 1
downloading /Volumes/MacintoshHDD/mccurdyc/computer_science/cs441s2016/cs441s2016-fp-team1/container/tlb/tools/ivy/test/repositories/1/org1/mod1.1/jars/mod1.1-1.0.jar ...
.. (0kB)
	[SUCCESSFUL ] org1#mod1.1;1.0!mod1.1.jar (1ms)
downloading /Volumes/MacintoshHDD/mccurdyc/computer_science/cs441s2016/cs441s2016-fp-team1/container/tlb/tools/ivy/test/repositories/1/org1/mod1.2/jars/mod1.2-2.0.jar ...
. (0kB)
	[SUCCESSFUL ] org1#mod1.2;2.0!mod1.2.jar (1ms)
:: resolution report :: resolve 26ms :: artifacts dl 5ms
	---------------------------------------------------------------------
	|                  |            modules            ||   artifacts   |
	|       conf       | number| search|dwnlded|evicted|| number|dwnlded|
	---------------------------------------------------------------------
	|         A        |   3   |   3   |   2   |   0   ||   2   |   2   |
	|         B        |   2   |   2   |   2   |   0   ||   1   |   1   |
	|      compile     |   1   |   1   |   1   |   0   ||   0   |   0   |
	---------------------------------------------------------------------
:: loading settings :: file = test/repositories/ivysettings.xml
:: resolving dependencies :: org2#mod2.2;0.7
	confs: [A, B, compile]
	found org2#mod2.1;0.3.2 in 1
	found org1#mod1.1;1.0 in 1
	found org1#mod1.2;2.0 in 1
	found org1#mod1.1;1.0 in 1
	[1.0] org1#mod1.1;]0.9.9,1.0]
downloading /Volumes/MacintoshHDD/mccurdyc/computer_science/cs441s2016/cs441s2016-fp-team1/container/tlb/tools/ivy/test/repositories/1/org1/mod1.1/jars/mod1.1-1.0.jar ...
.. (0kB)
	[SUCCESSFUL ] org1#mod1.1;1.0!mod1.1.jar (1ms)
downloading /Volumes/MacintoshHDD/mccurdyc/computer_science/cs441s2016/cs441s2016-fp-team1/container/tlb/tools/ivy/test/repositories/1/org1/mod1.2/jars/mod1.2-2.0.jar ...
. (0kB)
	[SUCCESSFUL ] org1#mod1.2;2.0!mod1.2.jar (1ms)
:: resolution report :: resolve 35ms :: artifacts dl 5ms
	---------------------------------------------------------------------
	|                  |            modules            ||   artifacts   |
	|       conf       | number| search|dwnlded|evicted|| number|dwnlded|
	---------------------------------------------------------------------
	|         A        |   3   |   3   |   2   |   0   ||   2   |   2   |
	|         B        |   2   |   2   |   2   |   0   ||   1   |   1   |
	|      compile     |   2   |   2   |   2   |   0   ||   1   |   1   |
	---------------------------------------------------------------------
:: loading settings :: file = test/repositories/ivysettings.xml
:: resolving dependencies :: org4#mod4.1;4.0
	confs: [default]
	found org1#mod1.1;1.0 in 1
	found org1#mod1.2;2.0 in 1
	found org3#mod3.1;1.0 in 2-ivy
downloading /Volumes/MacintoshHDD/mccurdyc/computer_science/cs441s2016/cs441s2016-fp-team1/container/tlb/tools/ivy/test/repositories/1/org1/mod1.1/jars/mod1.1-1.0.jar ...
.. (0kB)
	[SUCCESSFUL ] org1#mod1.1;1.0!mod1.1.jar (1ms)
downloading /Volumes/MacintoshHDD/mccurdyc/computer_science/cs441s2016/cs441s2016-fp-team1/container/tlb/tools/ivy/test/repositories/2/mod3.1/mod3.1-1.0.jar ...
.. (0kB)
	[SUCCESSFUL ] org3#mod3.1;1.0!mod3.1.jar (2ms)
downloading /Volumes/MacintoshHDD/mccurdyc/computer_science/cs441s2016/cs441s2016-fp-team1/container/tlb/tools/ivy/test/repositories/1/org1/mod1.2/jars/mod1.2-2.0.jar ...
. (0kB)
	[SUCCESSFUL ] org1#mod1.2;2.0!mod1.2.jar (2ms)
:: resolution report :: resolve 45ms :: artifacts dl 6ms
	---------------------------------------------------------------------
	|                  |            modules            ||   artifacts   |
	|       conf       | number| search|dwnlded|evicted|| number|dwnlded|
	---------------------------------------------------------------------
	|      default     |   3   |   3   |   2   |   0   ||   3   |   3   |
	---------------------------------------------------------------------
:: loading settings :: file = test/repositories/ivysettings.xml
:: resolving dependencies :: org4#mod4.1;4.1
	confs: [default]
	found org1#mod1.1;1.0 in 1
	found org1#mod1.2;2.0 in 1
	found org3#mod3.1;1.1 in 2-ivy
	found org1#mod1.2;2.1 in 1
downloading /Volumes/MacintoshHDD/mccurdyc/computer_science/cs441s2016/cs441s2016-fp-team1/container/tlb/tools/ivy/test/repositories/1/org1/mod1.1/jars/mod1.1-1.0.jar ...
.. (0kB)
	[SUCCESSFUL ] org1#mod1.1;1.0!mod1.1.jar (1ms)
downloading /Volumes/MacintoshHDD/mccurdyc/computer_science/cs441s2016/cs441s2016-fp-team1/container/tlb/tools/ivy/test/repositories/2/mod3.1/mod3.1-1.1.jar ...
.. (0kB)
	[SUCCESSFUL ] org3#mod3.1;1.1!mod3.1.jar (1ms)
downloading /Volumes/MacintoshHDD/mccurdyc/computer_science/cs441s2016/cs441s2016-fp-team1/container/tlb/tools/ivy/test/repositories/1/org1/mod1.2/jars/mod1.2-2.1.jar ...
.. (0kB)
	[SUCCESSFUL ] org1#mod1.2;2.1!mod1.2.jar (1ms)
:: resolution report :: resolve 50ms :: artifacts dl 5ms
	:: evicted modules:
	org1#mod1.2;2.0 by [org1#mod1.2;2.1] in [default]
	---------------------------------------------------------------------
	|                  |            modules            ||   artifacts   |
	|       conf       | number| search|dwnlded|evicted|| number|dwnlded|
	---------------------------------------------------------------------
	|      default     |   4   |   4   |   2   |   1   ||   3   |   3   |
	---------------------------------------------------------------------
:: loading settings :: file = test/repositories/ivysettings.xml
:: resolving dependencies :: org4#mod4.1;4.14
	confs: [default]
	found org1#mod1.1;1.0 in 1
	found org1#mod1.2;2.0 in 1
	found org3#mod3.1;1.1 in 2-ivy
	found org1#mod1.2;2.1 in 1
	found org6#mod6.1;0.3 in 1
downloading /Volumes/MacintoshHDD/mccurdyc/computer_science/cs441s2016/cs441s2016-fp-team1/container/tlb/tools/ivy/test/repositories/1/org1/mod1.1/jars/mod1.1-1.0.jar ...
.. (0kB)
	[SUCCESSFUL ] org1#mod1.1;1.0!mod1.1.jar (1ms)
downloading /Volumes/MacintoshHDD/mccurdyc/computer_science/cs441s2016/cs441s2016-fp-team1/container/tlb/tools/ivy/test/repositories/2/mod3.1/mod3.1-1.1.jar ...
.. (0kB)
	[SUCCESSFUL ] org3#mod3.1;1.1!mod3.1.jar (7ms)
downloading /Volumes/MacintoshHDD/mccurdyc/computer_science/cs441s2016/cs441s2016-fp-team1/container/tlb/tools/ivy/test/repositories/1/org1/mod1.2/jars/mod1.2-2.1.jar ...
.. (0kB)
	[SUCCESSFUL ] org1#mod1.2;2.1!mod1.2.jar (2ms)
:: resolution report :: resolve 64ms :: artifacts dl 12ms
	:: evicted modules:
	org1#mod1.2;2.0 by [org1#mod1.2;2.1] in [default]
	---------------------------------------------------------------------
	|                  |            modules            ||   artifacts   |
	|       conf       | number| search|dwnlded|evicted|| number|dwnlded|
	---------------------------------------------------------------------
	|      default     |   5   |   5   |   3   |   1   ||   3   |   3   |
	---------------------------------------------------------------------
:: loading settings :: file = test/repositories/ivysettings.xml
:: loading settings :: file = test/repositories/IVY-264/ivysettings.xml
:: resolving dependencies :: myorg#a;working@Coltons-MacBook-Pro.local
	confs: [default]
	found myorg#x;1.0 in myresolver
	[1.0] myorg#x;latest.integration
	found myorg#commons-lang;1.0.1 in myresolver
	found myorg#y;1.0 in myresolver
	[1.0] myorg#y;latest.integration
	found myorg#commons-lang;2.0 in myresolver
	found myorg#z;1.0 in myresolver
	[1.0] myorg#z;latest.integration
downloading /Volumes/MacintoshHDD/mccurdyc/computer_science/cs441s2016/cs441s2016-fp-team1/container/tlb/tools/ivy/test/repositories/IVY-264/x/x-1.0.jar ...
.. (0kB)
	[SUCCESSFUL ] myorg#x;1.0!x.jar (3ms)
downloading /Volumes/MacintoshHDD/mccurdyc/computer_science/cs441s2016/cs441s2016-fp-team1/container/tlb/tools/ivy/test/repositories/IVY-264/y/y-1.0.jar ...
.. (0kB)
	[SUCCESSFUL ] myorg#y;1.0!y.jar (1ms)
downloading /Volumes/MacintoshHDD/mccurdyc/computer_science/cs441s2016/cs441s2016-fp-team1/container/tlb/tools/ivy/test/repositories/IVY-264/z/z-1.0.jar ...
.. (0kB)
	[SUCCESSFUL ] myorg#z;1.0!z.jar (1ms)
downloading /Volumes/MacintoshHDD/mccurdyc/computer_science/cs441s2016/cs441s2016-fp-team1/container/tlb/tools/ivy/test/repositories/IVY-264/commons-lang/commons-lang-2.0.jar ...
.. (0kB)
	[SUCCESSFUL ] myorg#commons-lang;2.0!commons-lang.jar (1ms)
:: resolution report :: resolve 65ms :: artifacts dl 9ms
	:: evicted modules:
	myorg#commons-lang;1.0.1 by [myorg#commons-lang;2.0] in [default]
	---------------------------------------------------------------------
	|                  |            modules            ||   artifacts   |
	|       conf       | number| search|dwnlded|evicted|| number|dwnlded|
	---------------------------------------------------------------------
	|      default     |   5   |   5   |   3   |   1   ||   4   |   4   |
	---------------------------------------------------------------------
:: loading settings :: file = test/repositories/ivysettings.xml
:: resolving dependencies :: org20#mod20.4;1.0
	confs: [default]
	found org20#mod20.3;1.0 in 1
	found org20#mod20.1;1.0 in 1
	found org1#mod1.2;1.0 in 1
	found org20#mod20.2;1.0 in 1
	found org20#mod20.1;1.1 in 1
downloading /Volumes/MacintoshHDD/mccurdyc/computer_science/cs441s2016/cs441s2016-fp-team1/container/tlb/tools/ivy/test/repositories/1/org1/mod1.2/jars/mod1.2-1.0.jar ...
.. (0kB)
	[SUCCESSFUL ] org1#mod1.2;1.0!mod1.2.jar (1ms)
:: resolution report :: resolve 205ms :: artifacts dl 2ms
	:: evicted modules:
	org20#mod20.1;1.0 by [org20#mod20.1;1.1] in [default]
	---------------------------------------------------------------------
	|                  |            modules            ||   artifacts   |
	|       conf       | number| search|dwnlded|evicted|| number|dwnlded|
	---------------------------------------------------------------------
	|      default     |   5   |   5   |   4   |   1   ||   1   |   1   |
	---------------------------------------------------------------------
:: loading settings :: file = test/repositories/ivysettings.xml
:: resolving dependencies :: org9#mod17.1;1.0
	confs: [default]
	found org.dbunit#modpom-dbunit;2.2 in 2-ivy
	found junit#modpom-junit;3.8.2 in 2-ivy
:: resolution report :: resolve 86ms :: artifacts dl 0ms
	:: evicted modules:
	junit#modpom-junit;3.8.1 by [junit#modpom-junit;3.8.2] in [default]
	---------------------------------------------------------------------
	|                  |            modules            ||   artifacts   |
	|       conf       | number| search|dwnlded|evicted|| number|dwnlded|
	---------------------------------------------------------------------
	|      default     |   3   |   2   |   2   |   1   ||   0   |   0   |
	---------------------------------------------------------------------
:: loading settings :: file = test/repositories/ivysettings.xml
:: resolving dependencies :: org7#mod7.3;1.0
	confs: [default]
	found org7#mod7.2;1.0 in 2-ivy
	found org7#mod7.1;2.0 in 2-ivy
downloading /Volumes/MacintoshHDD/mccurdyc/computer_science/cs441s2016/cs441s2016-fp-team1/container/tlb/tools/ivy/test/repositories/2/mod7.2/mod7.2-1.0.jar ...
.. (0kB)
	[SUCCESSFUL ] org7#mod7.2;1.0!mod7.2.jar (1ms)
downloading /Volumes/MacintoshHDD/mccurdyc/computer_science/cs441s2016/cs441s2016-fp-team1/container/tlb/tools/ivy/test/repositories/2/mod7.1/mod7.1-2.0.jar ...
.. (0kB)
	[SUCCESSFUL ] org7#mod7.1;2.0!mod7.1.jar (1ms)
:: resolution report :: resolve 53ms :: artifacts dl 4ms
	:: evicted modules:
	org7#mod7.1;1.0 by [org7#mod7.1;2.0] in [default]
	---------------------------------------------------------------------
	|                  |            modules            ||   artifacts   |
	|       conf       | number| search|dwnlded|evicted|| number|dwnlded|
	---------------------------------------------------------------------
	|      default     |   3   |   2   |   2   |   1   ||   2   |   2   |
	---------------------------------------------------------------------
:: loading settings :: file = test/repositories/ivysettings.xml
:: resolving dependencies :: org4#mod4.1;4.13
	confs: [default]
	found org3#mod3.2;1.2.1 in 2-ivy
	found org3#mod3.1;1.0 in 2-ivy
	found org1#mod1.2;2.1 in 1
downloading /Volumes/MacintoshHDD/mccurdyc/computer_science/cs441s2016/cs441s2016-fp-team1/container/tlb/tools/ivy/test/repositories/2/mod3.2/mod3.2-1.2.1.jar ...
.. (0kB)
	[SUCCESSFUL ] org3#mod3.2;1.2.1!mod3.2.jar (1ms)
downloading /Volumes/MacintoshHDD/mccurdyc/computer_science/cs441s2016/cs441s2016-fp-team1/container/tlb/tools/ivy/test/repositories/2/mod3.1/mod3.1-1.0.jar ...
.. (0kB)
	[SUCCESSFUL ] org3#mod3.1;1.0!mod3.1.jar (1ms)
downloading /Volumes/MacintoshHDD/mccurdyc/computer_science/cs441s2016/cs441s2016-fp-team1/container/tlb/tools/ivy/test/repositories/1/org1/mod1.2/jars/mod1.2-2.1.jar ...
.. (0kB)
	[SUCCESSFUL ] org1#mod1.2;2.1!mod1.2.jar (3ms)
:: resolution report :: resolve 35ms :: artifacts dl 9ms
	:: evicted modules:
	org1#mod1.2;2.0 by [org1#mod1.2;2.1] in [default]
	---------------------------------------------------------------------
	|                  |            modules            ||   artifacts   |
	|       conf       | number| search|dwnlded|evicted|| number|dwnlded|
	---------------------------------------------------------------------
	|      default     |   4   |   3   |   2   |   1   ||   3   |   3   |
	---------------------------------------------------------------------
:: loading settings :: file = test/repositories/ivysettings.xml
:: resolving dependencies :: apache#IVY-590;1.0
	confs: [default, compile]
	found org1#mod1.1;1.0 in 1
	found org1#mod1.2;2.0 in 1
	found org16#mod16.1;1.0 in 2-ivy
	found org1#mod1.1;2.0 in 1
	found org1#mod1.2;2.1 in 1
downloading /Volumes/MacintoshHDD/mccurdyc/computer_science/cs441s2016/cs441s2016-fp-team1/container/tlb/tools/ivy/test/repositories/1/org1/mod1.1/jars/mod1.1-1.0.jar ...
.. (0kB)
	[SUCCESSFUL ] org1#mod1.1;1.0!mod1.1.jar (1ms)
downloading /Volumes/MacintoshHDD/mccurdyc/computer_science/cs441s2016/cs441s2016-fp-team1/container/tlb/tools/ivy/test/repositories/1/org1/mod1.2/jars/mod1.2-2.0.jar ...
. (0kB)
	[SUCCESSFUL ] org1#mod1.2;2.0!mod1.2.jar (0ms)
downloading /Volumes/MacintoshHDD/mccurdyc/computer_science/cs441s2016/cs441s2016-fp-team1/container/tlb/tools/ivy/test/repositories/1/org1/mod1.1/jars/mod1.1-2.0.jar ...
.. (0kB)
	[SUCCESSFUL ] org1#mod1.1;2.0!mod1.1.jar (1ms)
downloading /Volumes/MacintoshHDD/mccurdyc/computer_science/cs441s2016/cs441s2016-fp-team1/container/tlb/tools/ivy/test/repositories/1/org1/mod1.2/jars/mod1.2-2.1.jar ...
.. (0kB)
	[SUCCESSFUL ] org1#mod1.2;2.1!mod1.2.jar (1ms)
:: resolution report :: resolve 109ms :: artifacts dl 6ms
	:: evicted modules:
	org1#mod1.1;1.0 by [org1#mod1.1;2.0] in [compile]
	org1#mod1.2;2.0 transitively in [compile]
	---------------------------------------------------------------------
	|                  |            modules            ||   artifacts   |
	|       conf       | number| search|dwnlded|evicted|| number|dwnlded|
	---------------------------------------------------------------------
	|      default     |   2   |   2   |   1   |   0   ||   2   |   2   |
	|      compile     |   5   |   5   |   3   |   2   ||   2   |   2   |
	---------------------------------------------------------------------
:: loading settings :: file = test/repositories/ivysettings.xml
:: resolving dependencies :: org2#mod2.1;0.4
	confs: [A, B]
	found org1#mod1.1;1.0 in 1
	found org1#mod1.2;2.0 in 1
	found org1#mod1.2;2.1 in 1
downloading /Volumes/MacintoshHDD/mccurdyc/computer_science/cs441s2016/cs441s2016-fp-team1/container/tlb/tools/ivy/test/repositories/1/org1/mod1.1/jars/mod1.1-1.0.jar ...
.. (0kB)
	[SUCCESSFUL ] org1#mod1.1;1.0!mod1.1.jar (1ms)
downloading /Volumes/MacintoshHDD/mccurdyc/computer_science/cs441s2016/cs441s2016-fp-team1/container/tlb/tools/ivy/test/repositories/1/org1/mod1.2/jars/mod1.2-2.0.jar ...
. (0kB)
	[SUCCESSFUL ] org1#mod1.2;2.0!mod1.2.jar (1ms)
downloading /Volumes/MacintoshHDD/mccurdyc/computer_science/cs441s2016/cs441s2016-fp-team1/container/tlb/tools/ivy/test/repositories/1/org1/mod1.2/jars/mod1.2-2.1.jar ...
.. (0kB)
	[SUCCESSFUL ] org1#mod1.2;2.1!mod1.2.jar (1ms)
:: resolution report :: resolve 21ms :: artifacts dl 5ms
	---------------------------------------------------------------------
	|                  |            modules            ||   artifacts   |
	|       conf       | number| search|dwnlded|evicted|| number|dwnlded|
	---------------------------------------------------------------------
	|         A        |   2   |   2   |   1   |   0   ||   2   |   2   |
	|         B        |   1   |   1   |   0   |   0   ||   1   |   1   |
	---------------------------------------------------------------------
:: loading settings :: file = test/repositories/ivysettings.xml
:: resolving dependencies :: org6#mod6.1;1.0
	confs: [default]
	found org5#mod5.1;4.2 in 2-ivy
	found org5#mod5.2;1.0 in 2-ivy
	found org1#mod1.2;2.0 in 1
downloading /Volumes/MacintoshHDD/mccurdyc/computer_science/cs441s2016/cs441s2016-fp-team1/container/tlb/tools/ivy/test/repositories/2/mod5.1/art51A-4.2.jar ...
.. (0kB)
	[SUCCESSFUL ] org5#mod5.1;4.2!art51A.jar (2ms)
downloading /Volumes/MacintoshHDD/mccurdyc/computer_science/cs441s2016/cs441s2016-fp-team1/container/tlb/tools/ivy/test/repositories/2/mod5.1/art51B-4.2.jar ...
. (0kB)
	[SUCCESSFUL ] org5#mod5.1;4.2!art51B.jar (2ms)
downloading /Volumes/MacintoshHDD/mccurdyc/computer_science/cs441s2016/cs441s2016-fp-team1/container/tlb/tools/ivy/test/repositories/2/mod5.2/mod5.2-1.0.jar ...
.. (0kB)
	[SUCCESSFUL ] org5#mod5.2;1.0!mod5.2.jar (1ms)
downloading /Volumes/MacintoshHDD/mccurdyc/computer_science/cs441s2016/cs441s2016-fp-team1/container/tlb/tools/ivy/test/repositories/1/org1/mod1.2/jars/mod1.2-2.0.jar ...
. (0kB)
	[SUCCESSFUL ] org1#mod1.2;2.0!mod1.2.jar (1ms)
:: resolution report :: resolve 28ms :: artifacts dl 7ms
	:: evicted modules:
	org5#mod5.1;4.0 by [org5#mod5.1;4.2] in [default]
	---------------------------------------------------------------------
	|                  |            modules            ||   artifacts   |
	|       conf       | number| search|dwnlded|evicted|| number|dwnlded|
	---------------------------------------------------------------------
	|      default     |   4   |   3   |   2   |   1   ||   4   |   4   |
	---------------------------------------------------------------------
:: loading settings :: file = test/repositories/ivysettings.xml
:: resolving dependencies :: org6#mod6.1;1.1
	confs: [default]
	found org5#mod5.2;1.0 in 2-ivy
	found org5#mod5.1;4.2 in 2-ivy
	found org1#mod1.2;2.0 in 1
downloading /Volumes/MacintoshHDD/mccurdyc/computer_science/cs441s2016/cs441s2016-fp-team1/container/tlb/tools/ivy/test/repositories/2/mod5.2/mod5.2-1.0.jar ...
.. (0kB)
	[SUCCESSFUL ] org5#mod5.2;1.0!mod5.2.jar (4ms)
downloading /Volumes/MacintoshHDD/mccurdyc/computer_science/cs441s2016/cs441s2016-fp-team1/container/tlb/tools/ivy/test/repositories/2/mod5.1/art51A-4.2.jar ...
.. (0kB)
	[SUCCESSFUL ] org5#mod5.1;4.2!art51A.jar (2ms)
downloading /Volumes/MacintoshHDD/mccurdyc/computer_science/cs441s2016/cs441s2016-fp-team1/container/tlb/tools/ivy/test/repositories/2/mod5.1/art51B-4.2.jar ...
. (0kB)
	[SUCCESSFUL ] org5#mod5.1;4.2!art51B.jar (1ms)
downloading /Volumes/MacintoshHDD/mccurdyc/computer_science/cs441s2016/cs441s2016-fp-team1/container/tlb/tools/ivy/test/repositories/1/org1/mod1.2/jars/mod1.2-2.0.jar ...
. (0kB)
	[SUCCESSFUL ] org1#mod1.2;2.0!mod1.2.jar (1ms)
:: resolution report :: resolve 46ms :: artifacts dl 9ms
	:: evicted modules:
	org5#mod5.1;4.0 by [org5#mod5.1;4.2] in [default]
	---------------------------------------------------------------------
	|                  |            modules            ||   artifacts   |
	|       conf       | number| search|dwnlded|evicted|| number|dwnlded|
	---------------------------------------------------------------------
	|      default     |   4   |   3   |   2   |   1   ||   4   |   4   |
	---------------------------------------------------------------------
:: loading settings :: file = test/repositories/ivysettings.xml
:: resolving dependencies :: org6#mod6.1;1.4
	confs: [default]
	found org5#mod5.1;4.3 in 2-ivy
	found org5#mod5.2;1.0 in 2-ivy
downloading /Volumes/MacintoshHDD/mccurdyc/computer_science/cs441s2016/cs441s2016-fp-team1/container/tlb/tools/ivy/test/repositories/2/mod5.1/art51A-4.3.jar ...
.. (0kB)
	[SUCCESSFUL ] org5#mod5.1;4.3!art51A.jar (1ms)
downloading /Volumes/MacintoshHDD/mccurdyc/computer_science/cs441s2016/cs441s2016-fp-team1/container/tlb/tools/ivy/test/repositories/2/mod5.2/mod5.2-1.0.jar ...
.. (0kB)
	[SUCCESSFUL ] org5#mod5.2;1.0!mod5.2.jar (1ms)
:: resolution report :: resolve 26ms :: artifacts dl 3ms
	:: evicted modules:
	org5#mod5.1;4.0 by [org5#mod5.1;4.3] in [default]
	---------------------------------------------------------------------
	|                  |            modules            ||   artifacts   |
	|       conf       | number| search|dwnlded|evicted|| number|dwnlded|
	---------------------------------------------------------------------
	|      default     |   3   |   2   |   2   |   1   ||   2   |   2   |
	---------------------------------------------------------------------
:: loading settings :: file = test/repositories/ivysettings.xml
:: resolving dependencies :: org6#mod6.1;1.5
	confs: [default]
	found org5#mod5.1;4.3 in 2-ivy
	[4.3] org5#mod5.1;[1.0,4.3]
:: resolution report :: resolve 21ms :: artifacts dl 0ms
	---------------------------------------------------------------------
	|                  |            modules            ||   artifacts   |
	|       conf       | number| search|dwnlded|evicted|| number|dwnlded|
	---------------------------------------------------------------------
	|      default     |   1   |   1   |   1   |   0   ||   0   |   0   |
	---------------------------------------------------------------------

:: problems summary ::
:::: WARNINGS
		::::::::::::::::::::::::::::::::::::::::::::::

		::          UNRESOLVED DEPENDENCIES         ::

		::::::::::::::::::::::::::::::::::::::::::::::

		:: org5#mod5.1;4.3: configuration not found in org5#mod5.1;4.3: 'unknown'. It was required from org6#mod6.1;1.5 default

		::::::::::::::::::::::::::::::::::::::::::::::



:: USE VERBOSE OR DEBUG MESSAGE LEVEL FOR MORE DETAILS
:: loading settings :: file = test/repositories/ivysettings.xml
:: resolving dependencies :: org6#mod6.1;1.2
	confs: [A, B]
	found org5#mod5.2;1.0 in 2-ivy
	found org5#mod5.1;4.2 in 2-ivy
	found org1#mod1.2;2.0 in 1
downloading /Volumes/MacintoshHDD/mccurdyc/computer_science/cs441s2016/cs441s2016-fp-team1/container/tlb/tools/ivy/test/repositories/2/mod5.2/mod5.2-1.0.jar ...
.. (0kB)
	[SUCCESSFUL ] org5#mod5.2;1.0!mod5.2.jar (5ms)
downloading /Volumes/MacintoshHDD/mccurdyc/computer_science/cs441s2016/cs441s2016-fp-team1/container/tlb/tools/ivy/test/repositories/2/mod5.1/art51A-4.2.jar ...
.. (0kB)
	[SUCCESSFUL ] org5#mod5.1;4.2!art51A.jar (5ms)
downloading /Volumes/MacintoshHDD/mccurdyc/computer_science/cs441s2016/cs441s2016-fp-team1/container/tlb/tools/ivy/test/repositories/2/mod5.1/art51B-4.2.jar ...
. (0kB)
	[SUCCESSFUL ] org5#mod5.1;4.2!art51B.jar (1ms)
downloading /Volumes/MacintoshHDD/mccurdyc/computer_science/cs441s2016/cs441s2016-fp-team1/container/tlb/tools/ivy/test/repositories/1/org1/mod1.2/jars/mod1.2-2.0.jar ...
. (0kB)
	[SUCCESSFUL ] org1#mod1.2;2.0!mod1.2.jar (0ms)
:: resolution report :: resolve 58ms :: artifacts dl 13ms
	:: evicted modules:
	org5#mod5.1;4.0 by [org5#mod5.1;4.2] in [A, B]
	---------------------------------------------------------------------
	|                  |            modules            ||   artifacts   |
	|       conf       | number| search|dwnlded|evicted|| number|dwnlded|
	---------------------------------------------------------------------
	|         A        |   4   |   3   |   2   |   1   ||   4   |   4   |
	|         B        |   4   |   3   |   2   |   1   ||   4   |   4   |
	---------------------------------------------------------------------
:: loading settings :: file = test/repositories/ivysettings.xml
:: resolving dependencies :: org6#mod6.1;1.3
	confs: [A, B]
	found org5#mod5.2;1.0 in 2-ivy
	found org5#mod5.1;4.0 in 2-ivy
	found org5#mod5.1;4.2 in 2-ivy
	found org1#mod1.2;2.0 in 1
downloading /Volumes/MacintoshHDD/mccurdyc/computer_science/cs441s2016/cs441s2016-fp-team1/container/tlb/tools/ivy/test/repositories/2/mod5.2/mod5.2-1.0.jar ...
.. (0kB)
	[SUCCESSFUL ] org5#mod5.2;1.0!mod5.2.jar (2ms)
downloading /Volumes/MacintoshHDD/mccurdyc/computer_science/cs441s2016/cs441s2016-fp-team1/container/tlb/tools/ivy/test/repositories/2/mod5.1/art51A-4.0.jar ...
.. (0kB)
	[SUCCESSFUL ] org5#mod5.1;4.0!art51A.jar (1ms)
downloading /Volumes/MacintoshHDD/mccurdyc/computer_science/cs441s2016/cs441s2016-fp-team1/container/tlb/tools/ivy/test/repositories/2/mod5.1/art51B-4.0.jar ...
.. (0kB)
	[SUCCESSFUL ] org5#mod5.1;4.0!art51B.jar (1ms)
downloading /Volumes/MacintoshHDD/mccurdyc/computer_science/cs441s2016/cs441s2016-fp-team1/container/tlb/tools/ivy/test/repositories/2/mod5.1/art51A-4.2.jar ...
.. (0kB)
	[SUCCESSFUL ] org5#mod5.1;4.2!art51A.jar (2ms)
downloading /Volumes/MacintoshHDD/mccurdyc/computer_science/cs441s2016/cs441s2016-fp-team1/container/tlb/tools/ivy/test/repositories/2/mod5.1/art51B-4.2.jar ...
. (0kB)
	[SUCCESSFUL ] org5#mod5.1;4.2!art51B.jar (1ms)
downloading /Volumes/MacintoshHDD/mccurdyc/computer_science/cs441s2016/cs441s2016-fp-team1/container/tlb/tools/ivy/test/repositories/1/org1/mod1.2/jars/mod1.2-2.0.jar ...
. (0kB)
	[SUCCESSFUL ] org1#mod1.2;2.0!mod1.2.jar (1ms)
:: resolution report :: resolve 39ms :: artifacts dl 9ms
	:: evicted modules:
	org5#mod5.1;4.0 by [org5#mod5.1;4.2] in [B]
	---------------------------------------------------------------------
	|                  |            modules            ||   artifacts   |
	|       conf       | number| search|dwnlded|evicted|| number|dwnlded|
	---------------------------------------------------------------------
	|         A        |   2   |   2   |   2   |   0   ||   3   |   3   |
	|         B        |   4   |   4   |   3   |   1   ||   4   |   4   |
	---------------------------------------------------------------------
:: loading settings :: file = test/repositories/ivysettings.xml
:: resolving dependencies :: IVY-644#M1;1.0
	confs: [test, runtime]
	found IVY-644#M2;1.0 in 1
	found IVY-644#M3;1.0 in 1
	found IVY-644#M4;1.2 in 1
	found IVY-644#M4;1.0 in 1
:: resolution report :: resolve 52ms :: artifacts dl 0ms
	:: evicted modules:
	IVY-644#M4;1.0 by [IVY-644#M4;1.1] in [test]
	IVY-644#M4;1.1 by [IVY-644#M4;1.2] in [test]
	---------------------------------------------------------------------
	|                  |            modules            ||   artifacts   |
	|       conf       | number| search|dwnlded|evicted|| number|dwnlded|
	---------------------------------------------------------------------
	|       test       |   5   |   4   |   4   |   2   ||   0   |   0   |
	|      runtime     |   2   |   2   |   2   |   0   ||   0   |   0   |
	---------------------------------------------------------------------
:: loading settings :: file = test/repositories/ivysettings.xml
:: resolving dependencies :: org4#mod4.1;4.2
	confs: [default]
	found org1#mod1.2;2.0 in 1
	found org3#mod3.1;1.1 in 2-ivy
downloading /Volumes/MacintoshHDD/mccurdyc/computer_science/cs441s2016/cs441s2016-fp-team1/container/tlb/tools/ivy/test/repositories/1/org1/mod1.2/jars/mod1.2-2.0.jar ...
. (0kB)
	[SUCCESSFUL ] org1#mod1.2;2.0!mod1.2.jar (1ms)
downloading /Volumes/MacintoshHDD/mccurdyc/computer_science/cs441s2016/cs441s2016-fp-team1/container/tlb/tools/ivy/test/repositories/2/mod3.1/mod3.1-1.1.jar ...
.. (0kB)
	[SUCCESSFUL ] org3#mod3.1;1.1!mod3.1.jar (1ms)
:: resolution report :: resolve 34ms :: artifacts dl 3ms
	:: evicted modules:
	org1#mod1.2;2.1 by [org1#mod1.2;2.0] in [default]
	---------------------------------------------------------------------
	|                  |            modules            ||   artifacts   |
	|       conf       | number| search|dwnlded|evicted|| number|dwnlded|
	---------------------------------------------------------------------
	|      default     |   3   |   2   |   1   |   1   ||   2   |   2   |
	---------------------------------------------------------------------
:: loading settings :: file = test/repositories/ivysettings.xml
:: resolving dependencies :: org4#mod4.1;4.9
	confs: [default]
	found org3#mod3.2;1.1 in 2-ivy
	found org1#mod1.2;2.0 in 1
	found org3#mod3.1;1.1 in 2-ivy
downloading /Volumes/MacintoshHDD/mccurdyc/computer_science/cs441s2016/cs441s2016-fp-team1/container/tlb/tools/ivy/test/repositories/2/mod3.2/mod3.2-1.1.jar ...
.. (0kB)
	[SUCCESSFUL ] org3#mod3.2;1.1!mod3.2.jar (1ms)
downloading /Volumes/MacintoshHDD/mccurdyc/computer_science/cs441s2016/cs441s2016-fp-team1/container/tlb/tools/ivy/test/repositories/2/mod3.1/mod3.1-1.1.jar ...
.. (0kB)
	[SUCCESSFUL ] org3#mod3.1;1.1!mod3.1.jar (1ms)
downloading /Volumes/MacintoshHDD/mccurdyc/computer_science/cs441s2016/cs441s2016-fp-team1/container/tlb/tools/ivy/test/repositories/1/org1/mod1.2/jars/mod1.2-2.0.jar ...
. (0kB)
	[SUCCESSFUL ] org1#mod1.2;2.0!mod1.2.jar (4ms)
:: resolution report :: resolve 24ms :: artifacts dl 14ms
	:: evicted modules:
	org1#mod1.2;2.1 by [org1#mod1.2;2.0] in [default]
	---------------------------------------------------------------------
	|                  |            modules            ||   artifacts   |
	|       conf       | number| search|dwnlded|evicted|| number|dwnlded|
	---------------------------------------------------------------------
	|      default     |   4   |   3   |   2   |   1   ||   3   |   3   |
	---------------------------------------------------------------------
:: loading settings :: file = test/repositories/ivysettings.xml
:: resolving dependencies :: org4#mod4.1;4.10
	confs: [default]
	found org3#mod3.1;1.0.1 in 2-ivy
	found org1#mod1.2;2.0 in 1
	found org3#mod3.2;1.2 in 2-ivy
	found org1#mod1.2;2.1 in 1
downloading /Volumes/MacintoshHDD/mccurdyc/computer_science/cs441s2016/cs441s2016-fp-team1/container/tlb/tools/ivy/test/repositories/2/mod3.1/mod3.1-1.0.1.jar ...
.. (0kB)
	[SUCCESSFUL ] org3#mod3.1;1.0.1!mod3.1.jar (1ms)
downloading /Volumes/MacintoshHDD/mccurdyc/computer_science/cs441s2016/cs441s2016-fp-team1/container/tlb/tools/ivy/test/repositories/2/mod3.2/mod3.2-1.2.jar ...
.. (0kB)
	[SUCCESSFUL ] org3#mod3.2;1.2!mod3.2.jar (1ms)
downloading /Volumes/MacintoshHDD/mccurdyc/computer_science/cs441s2016/cs441s2016-fp-team1/container/tlb/tools/ivy/test/repositories/1/org1/mod1.2/jars/mod1.2-2.1.jar ...
.. (0kB)
	[SUCCESSFUL ] org1#mod1.2;2.1!mod1.2.jar (1ms)
:: resolution report :: resolve 72ms :: artifacts dl 4ms
	:: evicted modules:
	org1#mod1.2;2.0 by [org1#mod1.2;2.1] in [default]
	---------------------------------------------------------------------
	|                  |            modules            ||   artifacts   |
	|       conf       | number| search|dwnlded|evicted|| number|dwnlded|
	---------------------------------------------------------------------
	|      default     |   4   |   4   |   2   |   1   ||   3   |   3   |
	---------------------------------------------------------------------
:: loading settings :: file = test/repositories/ivysettings.xml
:: resolving dependencies :: org4#mod4.1;4.11
	confs: [default]
	found org1#mod1.2;2.0 in 1
	found org3#mod3.2;1.3 in 2-ivy
	found org3#mod3.1;1.1 in 2-ivy
downloading /Volumes/MacintoshHDD/mccurdyc/computer_science/cs441s2016/cs441s2016-fp-team1/container/tlb/tools/ivy/test/repositories/1/org1/mod1.2/jars/mod1.2-2.0.jar ...
. (0kB)
	[SUCCESSFUL ] org1#mod1.2;2.0!mod1.2.jar (1ms)
downloading /Volumes/MacintoshHDD/mccurdyc/computer_science/cs441s2016/cs441s2016-fp-team1/container/tlb/tools/ivy/test/repositories/2/mod3.2/mod3.2-1.3.jar ...
.. (0kB)
	[SUCCESSFUL ] org3#mod3.2;1.3!mod3.2.jar (4ms)
downloading /Volumes/MacintoshHDD/mccurdyc/computer_science/cs441s2016/cs441s2016-fp-team1/container/tlb/tools/ivy/test/repositories/2/mod3.1/mod3.1-1.1.jar ...
.. (0kB)
	[SUCCESSFUL ] org3#mod3.1;1.1!mod3.1.jar (1ms)
:: resolution report :: resolve 89ms :: artifacts dl 7ms
	:: evicted modules:
	org1#mod1.2;2.1 by [org1#mod1.2;1.0] in [default]
	org1#mod1.2;1.0 by [org1#mod1.2;2.0] in [default]
	---------------------------------------------------------------------
	|                  |            modules            ||   artifacts   |
	|       conf       | number| search|dwnlded|evicted|| number|dwnlded|
	---------------------------------------------------------------------
	|      default     |   5   |   3   |   2   |   2   ||   3   |   3   |
	---------------------------------------------------------------------
:: loading settings :: file = test/repositories/ivysettings.xml
:: resolving dependencies :: org4#mod4.1;4.12
	confs: [default]
	found org3#mod3.1;1.0 in 2-ivy
	found org1#mod1.2;2.0 in 1
	found org3#mod3.2;1.4 in 2-ivy
	found org3#mod3.1;1.1 in 2-ivy
downloading /Volumes/MacintoshHDD/mccurdyc/computer_science/cs441s2016/cs441s2016-fp-team1/container/tlb/tools/ivy/test/repositories/2/mod3.2/mod3.2-1.4.jar ...
.. (0kB)
	[SUCCESSFUL ] org3#mod3.2;1.4!mod3.2.jar (1ms)
downloading /Volumes/MacintoshHDD/mccurdyc/computer_science/cs441s2016/cs441s2016-fp-team1/container/tlb/tools/ivy/test/repositories/1/org1/mod1.2/jars/mod1.2-2.0.jar ...
. (0kB)
	[SUCCESSFUL ] org1#mod1.2;2.0!mod1.2.jar (3ms)
downloading /Volumes/MacintoshHDD/mccurdyc/computer_science/cs441s2016/cs441s2016-fp-team1/container/tlb/tools/ivy/test/repositories/2/mod3.1/mod3.1-1.1.jar ...
.. (0kB)
	[SUCCESSFUL ] org3#mod3.1;1.1!mod3.1.jar (4ms)
:: resolution report :: resolve 158ms :: artifacts dl 8ms
	:: evicted modules:
	org3#mod3.1;1.0 by [org3#mod3.1;1.1] in [default]
	org1#mod1.2;2.1 by [org1#mod1.2;2.0] in [default]
	---------------------------------------------------------------------
	|                  |            modules            ||   artifacts   |
	|       conf       | number| search|dwnlded|evicted|| number|dwnlded|
	---------------------------------------------------------------------
	|      default     |   5   |   4   |   3   |   2   ||   3   |   3   |
	---------------------------------------------------------------------
:: loading settings :: file = test/repositories/ivysettings.xml
:: loading settings :: file = test/repositories/ivysettings-artifact-lock.xml
:: resolving dependencies :: org4#mod4.1;4.5
	confs: [default]
	found org1#mod1.2;1.1 in 1
	[1.1] org1#mod1.2;1+
	found org3#mod3.1;1.2 in 2-ivy
downloading /Volumes/MacintoshHDD/mccurdyc/computer_science/cs441s2016/cs441s2016-fp-team1/container/tlb/tools/ivy/test/repositories/1/org1/mod1.2/jars/mod1.2-1.1.jar ...
.. (0kB)
	[SUCCESSFUL ] org1#mod1.2;1.1!mod1.2.jar (1ms)
downloading /Volumes/MacintoshHDD/mccurdyc/computer_science/cs441s2016/cs441s2016-fp-team1/container/tlb/tools/ivy/test/repositories/2/mod3.1/mod3.1-1.2.jar ...
.. (0kB)
	[SUCCESSFUL ] org3#mod3.1;1.2!mod3.1.jar (1ms)
:: resolution report :: resolve 23ms :: artifacts dl 4ms
	:: evicted modules:
	org1#mod1.2;2+ by [org1#mod1.2;1.1] in [default]
	---------------------------------------------------------------------
	|                  |            modules            ||   artifacts   |
	|       conf       | number| search|dwnlded|evicted|| number|dwnlded|
	---------------------------------------------------------------------
	|      default     |   3   |   2   |   1   |   1   ||   2   |   2   |
	---------------------------------------------------------------------
:: loading settings :: file = test/repositories/ivysettings.xml
:: resolving dependencies :: org4#mod4.1;4.5
	confs: [default]
	found org1#mod1.2;1.1 in 1
	[1.1] org1#mod1.2;1+
	found org3#mod3.1;1.2 in 2-ivy
downloading /Volumes/MacintoshHDD/mccurdyc/computer_science/cs441s2016/cs441s2016-fp-team1/container/tlb/tools/ivy/test/repositories/1/org1/mod1.2/jars/mod1.2-1.1.jar ...
.. (0kB)
	[SUCCESSFUL ] org1#mod1.2;1.1!mod1.2.jar (2ms)
downloading /Volumes/MacintoshHDD/mccurdyc/computer_science/cs441s2016/cs441s2016-fp-team1/container/tlb/tools/ivy/test/repositories/2/mod3.1/mod3.1-1.2.jar ...
.. (0kB)
	[SUCCESSFUL ] org3#mod3.1;1.2!mod3.1.jar (1ms)
:: resolution report :: resolve 20ms :: artifacts dl 10ms
	:: evicted modules:
	org1#mod1.2;2+ by [org1#mod1.2;1.1] in [default]
	---------------------------------------------------------------------
	|                  |            modules            ||   artifacts   |
	|       conf       | number| search|dwnlded|evicted|| number|dwnlded|
	---------------------------------------------------------------------
	|      default     |   3   |   2   |   1   |   1   ||   2   |   2   |
	---------------------------------------------------------------------
:: loading settings :: file = test/repositories/ivysettings.xml
:: resolving dependencies :: org4#mod4.1;4.6
	confs: [compile, runtime, test]
	found org1#mod1.2;1.1 in 1
	[1.1] org1#mod1.2;1+
	found org3#mod3.1;1.2 in 2-ivy
downloading /Volumes/MacintoshHDD/mccurdyc/computer_science/cs441s2016/cs441s2016-fp-team1/container/tlb/tools/ivy/test/repositories/1/org1/mod1.2/jars/mod1.2-1.1.jar ...
.. (0kB)
	[SUCCESSFUL ] org1#mod1.2;1.1!mod1.2.jar (1ms)
downloading /Volumes/MacintoshHDD/mccurdyc/computer_science/cs441s2016/cs441s2016-fp-team1/container/tlb/tools/ivy/test/repositories/2/mod3.1/mod3.1-1.2.jar ...
.. (0kB)
	[SUCCESSFUL ] org3#mod3.1;1.2!mod3.1.jar (1ms)
:: resolution report :: resolve 20ms :: artifacts dl 4ms
	:: evicted modules:
	org1#mod1.2;2+ by [org1#mod1.2;1.1] in [test]
	---------------------------------------------------------------------
	|                  |            modules            ||   artifacts   |
	|       conf       | number| search|dwnlded|evicted|| number|dwnlded|
	---------------------------------------------------------------------
	|      compile     |   1   |   1   |   0   |   0   ||   1   |   1   |
	|      runtime     |   1   |   1   |   0   |   0   ||   1   |   1   |
	|       test       |   3   |   2   |   1   |   1   ||   2   |   2   |
	---------------------------------------------------------------------
:: loading settings :: file = test/repositories/ivysettings.xml
:: resolving dependencies :: org4#mod4.1;4.7
	confs: [compile, runtime, test]
	found org1#mod1.2;1.1 in 1
	[1.1] org1#mod1.2;1+
	found org3#mod3.1;1.3 in 2-ivy
downloading /Volumes/MacintoshHDD/mccurdyc/computer_science/cs441s2016/cs441s2016-fp-team1/container/tlb/tools/ivy/test/repositories/1/org1/mod1.2/jars/mod1.2-1.1.jar ...
.. (0kB)
	[SUCCESSFUL ] org1#mod1.2;1.1!mod1.2.jar (1ms)
downloading /Volumes/MacintoshHDD/mccurdyc/computer_science/cs441s2016/cs441s2016-fp-team1/container/tlb/tools/ivy/test/repositories/2/mod3.1/mod3.1-1.3.jar ...
.. (0kB)
	[SUCCESSFUL ] org3#mod3.1;1.3!mod3.1.jar (3ms)
:: resolution report :: resolve 18ms :: artifacts dl 4ms
	:: evicted modules:
	org1#mod1.2;2+ by [org1#mod1.2;1.1] in [test]
	---------------------------------------------------------------------
	|                  |            modules            ||   artifacts   |
	|       conf       | number| search|dwnlded|evicted|| number|dwnlded|
	---------------------------------------------------------------------
	|      compile     |   1   |   1   |   0   |   0   ||   1   |   1   |
	|      runtime     |   1   |   1   |   0   |   0   ||   1   |   1   |
	|       test       |   3   |   2   |   1   |   1   ||   2   |   2   |
	---------------------------------------------------------------------
:: loading settings :: file = test/repositories/ivysettings.xml
:: resolving dependencies :: test#IVY-182;working@Coltons-MacBook-Pro.local
	confs: [compile, runtime, test]
	found org1#mod1.2;1.1 in 1
	[1.1] org1#mod1.2;1+
	found org3#mod3.1;1.4 in 2-ivy
	[1.4] org3#mod3.1;1+
downloading /Volumes/MacintoshHDD/mccurdyc/computer_science/cs441s2016/cs441s2016-fp-team1/container/tlb/tools/ivy/test/repositories/1/org1/mod1.2/jars/mod1.2-1.1.jar ...
.. (0kB)
	[SUCCESSFUL ] org1#mod1.2;1.1!mod1.2.jar (6ms)
downloading /Volumes/MacintoshHDD/mccurdyc/computer_science/cs441s2016/cs441s2016-fp-team1/container/tlb/tools/ivy/test/repositories/2/mod3.1/mod3.1-1.4.jar ...
.. (0kB)
	[SUCCESSFUL ] org3#mod3.1;1.4!mod3.1.jar (3ms)
:: resolution report :: resolve 35ms :: artifacts dl 10ms
	:: evicted modules:
	org1#mod1.2;2+ by [org1#mod1.2;1.1] in [test]
	---------------------------------------------------------------------
	|                  |            modules            ||   artifacts   |
	|       conf       | number| search|dwnlded|evicted|| number|dwnlded|
	---------------------------------------------------------------------
	|      compile     |   1   |   1   |   0   |   0   ||   1   |   1   |
	|      runtime     |   1   |   1   |   0   |   0   ||   1   |   1   |
	|       test       |   3   |   2   |   1   |   1   ||   2   |   2   |
	---------------------------------------------------------------------
:: loading settings :: file = test/repositories/ivysettings.xml
:: resolving dependencies :: org10#mod10.1;1.0
	confs: [default]
	found org1#mod1.2;2.0 in 1
	found org4#mod4.1;4.1 in 2-ivy
	found org1#mod1.1;1.0 in 1
	found org3#mod3.1;1.1 in 2-ivy
downloading /Volumes/MacintoshHDD/mccurdyc/computer_science/cs441s2016/cs441s2016-fp-team1/container/tlb/tools/ivy/test/repositories/1/org1/mod1.2/jars/mod1.2-2.0.jar ...
. (0kB)
	[SUCCESSFUL ] org1#mod1.2;2.0!mod1.2.jar (1ms)
downloading /Volumes/MacintoshHDD/mccurdyc/computer_science/cs441s2016/cs441s2016-fp-team1/container/tlb/tools/ivy/test/repositories/2/mod4.1/mod4.1-4.1.jar ...
.. (0kB)
	[SUCCESSFUL ] org4#mod4.1;4.1!mod4.1.jar (2ms)
downloading /Volumes/MacintoshHDD/mccurdyc/computer_science/cs441s2016/cs441s2016-fp-team1/container/tlb/tools/ivy/test/repositories/1/org1/mod1.1/jars/mod1.1-1.0.jar ...
.. (0kB)
	[SUCCESSFUL ] org1#mod1.1;1.0!mod1.1.jar (1ms)
downloading /Volumes/MacintoshHDD/mccurdyc/computer_science/cs441s2016/cs441s2016-fp-team1/container/tlb/tools/ivy/test/repositories/2/mod3.1/mod3.1-1.1.jar ...
.. (0kB)
	[SUCCESSFUL ] org3#mod3.1;1.1!mod3.1.jar (0ms)
:: resolution report :: resolve 41ms :: artifacts dl 6ms
	:: evicted modules:
	org1#mod1.2;2.1 by [org1#mod1.2;2.0] in [default]
	---------------------------------------------------------------------
	|                  |            modules            ||   artifacts   |
	|       conf       | number| search|dwnlded|evicted|| number|dwnlded|
	---------------------------------------------------------------------
	|      default     |   5   |   4   |   3   |   1   ||   4   |   4   |
	---------------------------------------------------------------------
:: loading settings :: file = test/repositories/ivysettings.xml
:: resolving dependencies :: org10#mod10.1;1.1
	confs: [default]
	found org1#mod1.2;2.0 in 1
	found org4#mod4.1;4.3 in 2-ivy
	found org3#mod3.1;1.1 in 2-ivy
downloading /Volumes/MacintoshHDD/mccurdyc/computer_science/cs441s2016/cs441s2016-fp-team1/container/tlb/tools/ivy/test/repositories/1/org1/mod1.2/jars/mod1.2-2.0.jar ...
. (0kB)
	[SUCCESSFUL ] org1#mod1.2;2.0!mod1.2.jar (3ms)
downloading /Volumes/MacintoshHDD/mccurdyc/computer_science/cs441s2016/cs441s2016-fp-team1/container/tlb/tools/ivy/test/repositories/2/mod4.1/mod4.1-4.3.jar ...
.. (0kB)
	[SUCCESSFUL ] org4#mod4.1;4.3!mod4.1.jar (6ms)
downloading /Volumes/MacintoshHDD/mccurdyc/computer_science/cs441s2016/cs441s2016-fp-team1/container/tlb/tools/ivy/test/repositories/2/mod3.1/mod3.1-1.1.jar ...
.. (0kB)
	[SUCCESSFUL ] org3#mod3.1;1.1!mod3.1.jar (6ms)
:: resolution report :: resolve 54ms :: artifacts dl 16ms
	:: evicted modules:
	org1#mod1.2;2.1 by [org1#mod1.2;2.0] in [default]
	---------------------------------------------------------------------
	|                  |            modules            ||   artifacts   |
	|       conf       | number| search|dwnlded|evicted|| number|dwnlded|
	---------------------------------------------------------------------
	|      default     |   4   |   3   |   2   |   1   ||   3   |   3   |
	---------------------------------------------------------------------
:: loading settings :: file = test/repositories/ivysettings.xml
:: resolving dependencies :: org10#mod10.1;1.3
	confs: [default]
	found org1#mod1.2;2.0 in 1
	found org4#mod4.1;4.4 in 2-ivy
	found org3#mod3.1;1.1 in 2-ivy
downloading /Volumes/MacintoshHDD/mccurdyc/computer_science/cs441s2016/cs441s2016-fp-team1/container/tlb/tools/ivy/test/repositories/1/org1/mod1.2/jars/mod1.2-2.0.jar ...
. (0kB)
	[SUCCESSFUL ] org1#mod1.2;2.0!mod1.2.jar (1ms)
downloading /Volumes/MacintoshHDD/mccurdyc/computer_science/cs441s2016/cs441s2016-fp-team1/container/tlb/tools/ivy/test/repositories/2/mod4.1/mod4.1-4.4.jar ...
.. (0kB)
	[SUCCESSFUL ] org4#mod4.1;4.4!mod4.1.jar (3ms)
downloading /Volumes/MacintoshHDD/mccurdyc/computer_science/cs441s2016/cs441s2016-fp-team1/container/tlb/tools/ivy/test/repositories/2/mod3.1/mod3.1-1.1.jar ...
.. (0kB)
	[SUCCESSFUL ] org3#mod3.1;1.1!mod3.1.jar (1ms)
:: resolution report :: resolve 25ms :: artifacts dl 7ms
	:: evicted modules:
	org1#mod1.2;2.1 by [org1#mod1.2;2.0] in [default]
	---------------------------------------------------------------------
	|                  |            modules            ||   artifacts   |
	|       conf       | number| search|dwnlded|evicted|| number|dwnlded|
	---------------------------------------------------------------------
	|      default     |   4   |   3   |   2   |   1   ||   3   |   3   |
	---------------------------------------------------------------------
:: loading settings :: file = test/repositories/ivysettings.xml
:: resolving dependencies :: org5#mod5.2;1.0
	confs: [default]
	found org5#mod5.1;4.0 in 2-ivy
downloading /Volumes/MacintoshHDD/mccurdyc/computer_science/cs441s2016/cs441s2016-fp-team1/container/tlb/tools/ivy/test/repositories/2/mod5.1/art51A-4.0.jar ...
.. (0kB)
	[SUCCESSFUL ] org5#mod5.1;4.0!art51A.jar (1ms)
downloading /Volumes/MacintoshHDD/mccurdyc/computer_science/cs441s2016/cs441s2016-fp-team1/container/tlb/tools/ivy/test/repositories/2/mod5.1/art51B-4.0.jar ...
.. (0kB)
	[SUCCESSFUL ] org5#mod5.1;4.0!art51B.jar (1ms)
:: resolution report :: resolve 47ms :: artifacts dl 3ms
	---------------------------------------------------------------------
	|                  |            modules            ||   artifacts   |
	|       conf       | number| search|dwnlded|evicted|| number|dwnlded|
	---------------------------------------------------------------------
	|      default     |   1   |   1   |   1   |   0   ||   2   |   2   |
	---------------------------------------------------------------------
:: loading settings :: file = test/repositories/ivysettings.xml
:: resolving dependencies :: org5#mod5.2;2.0
	confs: [B, A]
	found org5#mod5.1;4.1 in 2-ivy
downloading /Volumes/MacintoshHDD/mccurdyc/computer_science/cs441s2016/cs441s2016-fp-team1/container/tlb/tools/ivy/test/repositories/2/mod5.1/art51B-4.1.jar ...
.. (0kB)
	[SUCCESSFUL ] org5#mod5.1;4.1!art51B.jar (2ms)
downloading /Volumes/MacintoshHDD/mccurdyc/computer_science/cs441s2016/cs441s2016-fp-team1/container/tlb/tools/ivy/test/repositories/2/mod5.1/art51A-4.1.jar ...
.. (0kB)
	[SUCCESSFUL ] org5#mod5.1;4.1!art51A.jar (1ms)
:: resolution report :: resolve 53ms :: artifacts dl 3ms
	---------------------------------------------------------------------
	|                  |            modules            ||   artifacts   |
	|       conf       | number| search|dwnlded|evicted|| number|dwnlded|
	---------------------------------------------------------------------
	|         B        |   1   |   1   |   1   |   0   ||   1   |   1   |
	|         A        |   1   |   1   |   1   |   0   ||   1   |   1   |
	---------------------------------------------------------------------
:: loading settings :: file = test/repositories/ivysettings.xml
:: resolving dependencies :: org14#mod14.4;1.1
	confs: [compile]
	found org14#mod14.3;1.1 in 2-ivy
	found org14#mod14.2;1.1 in 2-ivy
	found org14#mod14.1;1.1 in 2-ivy
	found org8#mod8.1;1.0 in 2-ivy
downloading /Volumes/MacintoshHDD/mccurdyc/computer_science/cs441s2016/cs441s2016-fp-team1/container/tlb/tools/ivy/test/repositories/2/mod14.3/mod14.3-1.1.jar ...
. (0kB)
	[SUCCESSFUL ] org14#mod14.3;1.1!mod14.3.jar (10ms)
downloading /Volumes/MacintoshHDD/mccurdyc/computer_science/cs441s2016/cs441s2016-fp-team1/container/tlb/tools/ivy/test/repositories/2/mod14.2/mod14.2-1.1.jar ...
. (0kB)
	[SUCCESSFUL ] org14#mod14.2;1.1!mod14.2.jar (1ms)
downloading /Volumes/MacintoshHDD/mccurdyc/computer_science/cs441s2016/cs441s2016-fp-team1/container/tlb/tools/ivy/test/repositories/2/mod14.1/mod14.1-1.1.jar ...
. (0kB)
	[SUCCESSFUL ] org14#mod14.1;1.1!mod14.1.jar (1ms)
downloading /Volumes/MacintoshHDD/mccurdyc/computer_science/cs441s2016/cs441s2016-fp-team1/container/tlb/tools/ivy/test/repositories/2/mod8.1/a-1.0.txt ...
.. (0kB)
	[SUCCESSFUL ] org8#mod8.1;1.0!a.txt (1ms)
:: resolution report :: resolve 80ms :: artifacts dl 20ms
	---------------------------------------------------------------------
	|                  |            modules            ||   artifacts   |
	|       conf       | number| search|dwnlded|evicted|| number|dwnlded|
	---------------------------------------------------------------------
	|      compile     |   4   |   4   |   4   |   0   ||   4   |   4   |
	---------------------------------------------------------------------
:: resolving dependencies :: org14#mod14.4;1.1
	confs: [standalone]
	found org14#mod14.3;1.1 in 2-ivy
	found org14#mod14.1;1.1 in 2-ivy
	found org8#mod8.1;1.0 in 2-ivy
	found org8#mod8.2;1.1 in 2-artifact
	found org8#mod8.4;1.1 in 2-ivy
	found org8#mod8.1;1.1 in 2-ivy
	found org8#mod8.3;1.0 in 2-ivy
downloading /Volumes/MacintoshHDD/mccurdyc/computer_science/cs441s2016/cs441s2016-fp-team1/container/tlb/tools/ivy/test/repositories/2/mod14.3/mod14.3-1.1.jar ...
. (0kB)
	[SUCCESSFUL ] org14#mod14.3;1.1!mod14.3.jar (13ms)
downloading /Volumes/MacintoshHDD/mccurdyc/computer_science/cs441s2016/cs441s2016-fp-team1/container/tlb/tools/ivy/test/repositories/2/mod14.1/mod14.1-1.1.jar ...
. (0kB)
	[SUCCESSFUL ] org14#mod14.1;1.1!mod14.1.jar (1ms)
downloading /Volumes/MacintoshHDD/mccurdyc/computer_science/cs441s2016/cs441s2016-fp-team1/container/tlb/tools/ivy/test/repositories/2/mod8.2/mod8.2-1.1.jar ...
. (0kB)
	[SUCCESSFUL ] org8#mod8.2;1.1!mod8.2.jar (2ms)
downloading /Volumes/MacintoshHDD/mccurdyc/computer_science/cs441s2016/cs441s2016-fp-team1/container/tlb/tools/ivy/test/repositories/2/mod8.4/mod8.4-1.1.jar ...
. (0kB)
	[SUCCESSFUL ] org8#mod8.4;1.1!mod8.4.jar (2ms)
downloading /Volumes/MacintoshHDD/mccurdyc/computer_science/cs441s2016/cs441s2016-fp-team1/container/tlb/tools/ivy/test/repositories/2/mod8.1/a-private-1.1.txt ...
.. (0kB)
	[SUCCESSFUL ] org8#mod8.1;1.1!a-private.txt (1ms)
downloading /Volumes/MacintoshHDD/mccurdyc/computer_science/cs441s2016/cs441s2016-fp-team1/container/tlb/tools/ivy/test/repositories/2/mod8.1/a-1.1.txt ...
.. (0kB)
	[SUCCESSFUL ] org8#mod8.1;1.1!a.txt (1ms)
downloading /Volumes/MacintoshHDD/mccurdyc/computer_science/cs441s2016/cs441s2016-fp-team1/container/tlb/tools/ivy/test/repositories/2/mod8.3/mod8.3-1.0.jar ...
. (0kB)
	[SUCCESSFUL ] org8#mod8.3;1.0!mod8.3.jar (2ms)
:: resolution report :: resolve 109ms :: artifacts dl 46ms
	:: evicted modules:
	org8#mod8.1;1.0 by [org8#mod8.1;1.1] in [standalone]
	---------------------------------------------------------------------
	|                  |            modules            ||   artifacts   |
	|       conf       | number| search|dwnlded|evicted|| number|dwnlded|
	---------------------------------------------------------------------
	|    standalone    |   7   |   7   |   6   |   1   ||   7   |   7   |
	---------------------------------------------------------------------
:: loading settings :: file = test/repositories/ivysettings.xml
:: resolving dependencies :: org1#mod1.4;1.0.1
	confs: [default]
	found org1#mod1.2;2.2 in 1
	[2.2] org1#mod1.2;latest.integration
downloading /Volumes/MacintoshHDD/mccurdyc/computer_science/cs441s2016/cs441s2016-fp-team1/container/tlb/tools/ivy/test/repositories/1/org1/mod1.2/jars/mod1.2-2.2.jar ...
. (0kB)
	[SUCCESSFUL ] org1#mod1.2;2.2!mod1.2.jar (2ms)
:: resolution report :: resolve 39ms :: artifacts dl 3ms
	---------------------------------------------------------------------
	|                  |            modules            ||   artifacts   |
	|       conf       | number| search|dwnlded|evicted|| number|dwnlded|
	---------------------------------------------------------------------
	|      default     |   1   |   1   |   0   |   0   ||   1   |   1   |
	---------------------------------------------------------------------
:: loading settings :: file = test/repositories/ivysettings.xml
:: resolving dependencies :: org1#mod1.5;1.0.2
	confs: [default]
	found org1#mod1.4;2.0 in 1
	[2.0] org1#mod1.4;latest.integration
	found org1#mod1.2;2.2 in 1
	found org1#mod1.2;2.2 in 1
	[2.2] org1#mod1.2;latest.integration
downloading /Volumes/MacintoshHDD/mccurdyc/computer_science/cs441s2016/cs441s2016-fp-team1/container/tlb/tools/ivy/test/repositories/1/org1/mod1.2/jars/mod1.2-2.2.jar ...
. (0kB)
	[SUCCESSFUL ] org1#mod1.2;2.2!mod1.2.jar (1ms)
:: resolution report :: resolve 24ms :: artifacts dl 1ms
	---------------------------------------------------------------------
	|                  |            modules            ||   artifacts   |
	|       conf       | number| search|dwnlded|evicted|| number|dwnlded|
	---------------------------------------------------------------------
	|      default     |   2   |   2   |   1   |   0   ||   1   |   1   |
	---------------------------------------------------------------------
:: loading settings :: file = test/repositories/ivysettings.xml
:: resolving dependencies :: apache#latestreleased;1.0
	confs: [default]
	found org1#mod_released;1.1 in 2-ivy
	[1.1] org1#mod_released;latest.integration
downloading /Volumes/MacintoshHDD/mccurdyc/computer_science/cs441s2016/cs441s2016-fp-team1/container/tlb/tools/ivy/test/repositories/2/mod_released/mod_released-1.1.jar ...
.. (0kB)
	[SUCCESSFUL ] org1#mod_released;1.1!mod_released.jar (3ms)
:: resolution report :: resolve 28ms :: artifacts dl 4ms
	---------------------------------------------------------------------
	|                  |            modules            ||   artifacts   |
	|       conf       | number| search|dwnlded|evicted|| number|dwnlded|
	---------------------------------------------------------------------
	|      default     |   1   |   1   |   1   |   0   ||   1   |   1   |
	---------------------------------------------------------------------
:: loading settings :: file = test/repositories/ivysettings.xml
:: loading settings :: file = test/repositories/ivysettings-IVY602.xml
DEPRECATED: 'defaultCache' is deprecated, use 'caches[@defaultCacheDir]' instead (file:/Volumes/MacintoshHDD/mccurdyc/computer_science/cs441s2016/cs441s2016-fp-team1/container/tlb/tools/ivy/test/repositories/ivysettings-IVY602.xml)
:: resolving dependencies :: org9#mod9.2;1.3
	confs: [default]
	found org6#mod6.2;2.0 in 1
	[2.0] org6#mod6.2;latest.integration
	found org6#mod6.1;2.0 in 1
downloading /Volumes/MacintoshHDD/mccurdyc/computer_science/cs441s2016/cs441s2016-fp-team1/container/tlb/tools/ivy/test/repositories/1/org6/mod6.2/jars/mod6.2-2.0.jar ...
. (0kB)
	[SUCCESSFUL ] org6#mod6.2;2.0!mod6.2.jar (1ms)
downloading /Volumes/MacintoshHDD/mccurdyc/computer_science/cs441s2016/cs441s2016-fp-team1/container/tlb/tools/ivy/test/repositories/1/org6/mod6.1/jars/mod6.1-2.0.jar ...
. (0kB)
	[SUCCESSFUL ] org6#mod6.1;2.0!mod6.1.jar (2ms)
:: resolution report :: resolve 59ms :: artifacts dl 10ms
	---------------------------------------------------------------------
	|                  |            modules            ||   artifacts   |
	|       conf       | number| search|dwnlded|evicted|| number|dwnlded|
	---------------------------------------------------------------------
	|      default     |   2   |   2   |   2   |   0   ||   2   |   2   |
	---------------------------------------------------------------------
:: loading settings :: file = test/repositories/ivysettings.xml
:: resolving dependencies :: org1#mod1.1;1.0.1
	confs: [default]
	found org1#mod1.2;2.2 in 1
	[2.2] org1#mod1.2;latest.integration
downloading /Volumes/MacintoshHDD/mccurdyc/computer_science/cs441s2016/cs441s2016-fp-team1/container/tlb/tools/ivy/test/repositories/1/org1/mod1.2/jars/mod1.2-2.2.jar ...
. (0kB)
	[SUCCESSFUL ] org1#mod1.2;2.2!mod1.2.jar (1ms)
:: resolution report :: resolve 7ms :: artifacts dl 2ms
	---------------------------------------------------------------------
	|                  |            modules            ||   artifacts   |
	|       conf       | number| search|dwnlded|evicted|| number|dwnlded|
	---------------------------------------------------------------------
	|      default     |   1   |   1   |   0   |   0   ||   1   |   1   |
	---------------------------------------------------------------------
:: loading settings :: file = test/repositories/ivysettings.xml
:: resolving dependencies :: org1#mod1.1;1.0.1
	confs: [default]
	found org1#mod1.2;2.2 in 1
	[2.2] org1#mod1.2;latest.integration
downloading /Volumes/MacintoshHDD/mccurdyc/computer_science/cs441s2016/cs441s2016-fp-team1/container/tlb/tools/ivy/test/repositories/1/org1/mod1.2/jars/mod1.2-2.2.jar ...
. (0kB)
	[SUCCESSFUL ] org1#mod1.2;2.2!mod1.2.jar (1ms)
:: resolution report :: resolve 7ms :: artifacts dl 1ms
	---------------------------------------------------------------------
	|                  |            modules            ||   artifacts   |
	|       conf       | number| search|dwnlded|evicted|| number|dwnlded|
	---------------------------------------------------------------------
	|      default     |   1   |   1   |   0   |   0   ||   1   |   1   |
	---------------------------------------------------------------------
:: loading settings :: file = test/repositories/ivysettings.xml
:: loading settings :: file = test/repositories/branches/ivysettings.xml
:: resolving dependencies :: bar#bar1#trunk;5
	confs: [default]
	found foo#foo1#trunk;3 in default
	[3] foo#foo1#trunk;[0,4]
downloading /Volumes/MacintoshHDD/mccurdyc/computer_science/cs441s2016/cs441s2016-fp-team1/container/tlb/tools/ivy/test/repositories/branches/foo/foo1/trunk/3/foo1.jar ...
.. (0kB)
	[SUCCESSFUL ] foo#foo1#trunk;3!foo1.jar (2ms)
:: resolution report :: resolve 20ms :: artifacts dl 2ms
	---------------------------------------------------------------------
	|                  |            modules            ||   artifacts   |
	|       conf       | number| search|dwnlded|evicted|| number|dwnlded|
	---------------------------------------------------------------------
	|      default     |   1   |   1   |   1   |   0   ||   1   |   1   |
	---------------------------------------------------------------------
:: loading settings :: file = test/repositories/ivysettings.xml
:: loading settings :: file = test/repositories/branches/ivysettings.xml
:: resolving dependencies :: bar#bar1#trunk;6
	confs: [default]
	found foo#foo1#branch1;4 in default
	[4] foo#foo1#branch1;[0,4]
downloading /Volumes/MacintoshHDD/mccurdyc/computer_science/cs441s2016/cs441s2016-fp-team1/container/tlb/tools/ivy/test/repositories/branches/foo/foo1/branch1/4/foo1.jar ...
.. (0kB)
	[SUCCESSFUL ] foo#foo1#branch1;4!foo1.jar (1ms)
:: resolution report :: resolve 13ms :: artifacts dl 2ms
	---------------------------------------------------------------------
	|                  |            modules            ||   artifacts   |
	|       conf       | number| search|dwnlded|evicted|| number|dwnlded|
	---------------------------------------------------------------------
	|      default     |   1   |   1   |   1   |   0   ||   1   |   1   |
	---------------------------------------------------------------------
:: loading settings :: file = test/repositories/ivysettings.xml
:: resolving dependencies :: org1#mod1.1;1.0.1
	confs: [default]
	found org1#mod1.2;2.0 in 1
downloading /Volumes/MacintoshHDD/mccurdyc/computer_science/cs441s2016/cs441s2016-fp-team1/container/tlb/tools/ivy/test/repositories/1/org1/mod1.2/jars/mod1.2-2.0.jar ...
. (0kB)
	[SUCCESSFUL ] org1#mod1.2;2.0!mod1.2.jar (1ms)
:: resolution report :: resolve 8ms :: artifacts dl 2ms
	---------------------------------------------------------------------
	|                  |            modules            ||   artifacts   |
	|       conf       | number| search|dwnlded|evicted|| number|dwnlded|
	---------------------------------------------------------------------
	|      default     |   1   |   1   |   0   |   0   ||   1   |   1   |
	---------------------------------------------------------------------
:: loading settings :: file = test/repositories/ivysettings.xml
:: resolving dependencies :: org1#mod1.4;1.0.2
	confs: [default]
	found org1#mod1.2;1.1 in 1
	[1.1] org1#mod1.2;[1.0,2.0[
downloading /Volumes/MacintoshHDD/mccurdyc/computer_science/cs441s2016/cs441s2016-fp-team1/container/tlb/tools/ivy/test/repositories/1/org1/mod1.2/jars/mod1.2-1.1.jar ...
.. (0kB)
	[SUCCESSFUL ] org1#mod1.2;1.1!mod1.2.jar (2ms)
:: resolution report :: resolve 7ms :: artifacts dl 2ms
	---------------------------------------------------------------------
	|                  |            modules            ||   artifacts   |
	|       conf       | number| search|dwnlded|evicted|| number|dwnlded|
	---------------------------------------------------------------------
	|      default     |   1   |   1   |   0   |   0   ||   1   |   1   |
	---------------------------------------------------------------------
:: loading settings :: file = test/repositories/ivysettings.xml
:: loading settings :: file = test/repositories/ivysettings.xml
:: resolving dependencies :: org1#mod1.4;1.0.3
	confs: [default]
:: resolution report :: resolve 6ms :: artifacts dl 0ms
	---------------------------------------------------------------------
	|                  |            modules            ||   artifacts   |
	|       conf       | number| search|dwnlded|evicted|| number|dwnlded|
	---------------------------------------------------------------------
	|      default     |   1   |   0   |   0   |   0   ||   0   |   0   |
	---------------------------------------------------------------------

:: problems summary ::
:::: WARNINGS
		module not found: org1#mod1.2;[1.5,2.0[

	==== 1: tried

	  /Volumes/MacintoshHDD/mccurdyc/computer_science/cs441s2016/cs441s2016-fp-team1/container/tlb/tools/ivy/test/repositories/1/org1/mod1.2/ivys/ivy-[revision].xml

	  -- artifact org1#mod1.2;[1.5,2.0[!mod1.2.jar:

	  /Volumes/MacintoshHDD/mccurdyc/computer_science/cs441s2016/cs441s2016-fp-team1/container/tlb/tools/ivy/test/repositories/1/org1/mod1.2/jars/mod1.2-[revision].jar

	  [2.2, 2.1, 2.0, 1.1, 1.0, 0.9]

	==== 2-ivy: tried

	  /Volumes/MacintoshHDD/mccurdyc/computer_science/cs441s2016/cs441s2016-fp-team1/container/tlb/tools/ivy/test/repositories/2/mod1.2/ivy-[revision].xml

	==== 2-artifact: tried

	  -- artifact org1#mod1.2;[1.5,2.0[!mod1.2.jar:

	  /Volumes/MacintoshHDD/mccurdyc/computer_science/cs441s2016/cs441s2016-fp-team1/container/tlb/tools/ivy/test/repositories/2/mod1.2/mod1.2-[revision].jar

	  /Volumes/MacintoshHDD/mccurdyc/computer_science/cs441s2016/cs441s2016-fp-team1/container/tlb/tools/ivy/test/repositories/2/mod1.2/mod1.2.jar

	==== m2: tried

	  file:/Volumes/MacintoshHDD/mccurdyc/computer_science/cs441s2016/cs441s2016-fp-team1/container/tlb/tools/ivy/test/repositories/m2/org1/mod1.2/[revision]/mod1.2-[revision].pom

	  -- artifact org1#mod1.2;[1.5,2.0[!mod1.2.jar:

	  file:/Volumes/MacintoshHDD/mccurdyc/computer_science/cs441s2016/cs441s2016-fp-team1/container/tlb/tools/ivy/test/repositories/m2/org1/mod1.2/[revision]/mod1.2-[revision].jar

		::::::::::::::::::::::::::::::::::::::::::::::

		::          UNRESOLVED DEPENDENCIES         ::

		::::::::::::::::::::::::::::::::::::::::::::::

		:: org1#mod1.2;[1.5,2.0[: not found

		::::::::::::::::::::::::::::::::::::::::::::::



:: USE VERBOSE OR DEBUG MESSAGE LEVEL FOR MORE DETAILS
:: loading settings :: file = test/repositories/ivysettings.xml
:: resolving dependencies :: org9#mod9.2;1.1
	confs: [default]
	found org6#mod6.4;3 in 1
	[3] org6#mod6.4;latest.milestone
downloading /Volumes/MacintoshHDD/mccurdyc/computer_science/cs441s2016/cs441s2016-fp-team1/container/tlb/tools/ivy/test/repositories/1/org6/mod6.4/jars/mod6.4-3.jar ...
.. (0kB)
	[SUCCESSFUL ] org6#mod6.4;3!mod6.4.jar (1ms)
:: resolution report :: resolve 68ms :: artifacts dl 2ms
	---------------------------------------------------------------------
	|                  |            modules            ||   artifacts   |
	|       conf       | number| search|dwnlded|evicted|| number|dwnlded|
	---------------------------------------------------------------------
	|      default     |   1   |   1   |   1   |   0   ||   1   |   1   |
	---------------------------------------------------------------------
:: loading settings :: file = test/repositories/ivysettings.xml
:: resolving dependencies :: org9#mod9.2;1.2
	confs: [default]
:: resolution report :: resolve 57ms :: artifacts dl 0ms
	---------------------------------------------------------------------
	|                  |            modules            ||   artifacts   |
	|       conf       | number| search|dwnlded|evicted|| number|dwnlded|
	---------------------------------------------------------------------
	|      default     |   1   |   0   |   0   |   0   ||   0   |   0   |
	---------------------------------------------------------------------

:: problems summary ::
:::: WARNINGS
		module not found: org6#mod6.2;latest.milestone

	==== 1: tried

	  /Volumes/MacintoshHDD/mccurdyc/computer_science/cs441s2016/cs441s2016-fp-team1/container/tlb/tools/ivy/test/repositories/1/org6/mod6.2/ivys/ivy-[revision].xml

	  [2.0 (MD), 0.7 (MD), 0.6 (MD), 0.5 (MD), 0.4 (MD), 0.3 (MD)]

	  -- artifact org6#mod6.2;latest.milestone!mod6.2.jar:

	  /Volumes/MacintoshHDD/mccurdyc/computer_science/cs441s2016/cs441s2016-fp-team1/container/tlb/tools/ivy/test/repositories/1/org6/mod6.2/jars/mod6.2-[revision].jar

	  [2.0 (MD)]

	==== 2-ivy: tried

	  /Volumes/MacintoshHDD/mccurdyc/computer_science/cs441s2016/cs441s2016-fp-team1/container/tlb/tools/ivy/test/repositories/2/mod6.2/ivy-[revision].xml

	  [1.1 (MD), 1.0 (MD)]

	==== 2-artifact: tried

	  -- artifact org6#mod6.2;latest.milestone!mod6.2.jar:

	  /Volumes/MacintoshHDD/mccurdyc/computer_science/cs441s2016/cs441s2016-fp-team1/container/tlb/tools/ivy/test/repositories/2/mod6.2/mod6.2-[revision].jar

	  [1.1 (MD), 1.0 (MD)]

	  /Volumes/MacintoshHDD/mccurdyc/computer_science/cs441s2016/cs441s2016-fp-team1/container/tlb/tools/ivy/test/repositories/2/mod6.2/mod6.2.jar

	==== m2: tried

	  file:/Volumes/MacintoshHDD/mccurdyc/computer_science/cs441s2016/cs441s2016-fp-team1/container/tlb/tools/ivy/test/repositories/m2/org6/mod6.2/[revision]/mod6.2-[revision].pom

	  -- artifact org6#mod6.2;latest.milestone!mod6.2.jar:

	  file:/Volumes/MacintoshHDD/mccurdyc/computer_science/cs441s2016/cs441s2016-fp-team1/container/tlb/tools/ivy/test/repositories/m2/org6/mod6.2/[revision]/mod6.2-[revision].jar

		::::::::::::::::::::::::::::::::::::::::::::::

		::          UNRESOLVED DEPENDENCIES         ::

		::::::::::::::::::::::::::::::::::::::::::::::

		:: org6#mod6.2;latest.milestone: not found

		::::::::::::::::::::::::::::::::::::::::::::::



:: USE VERBOSE OR DEBUG MESSAGE LEVEL FOR MORE DETAILS
:: loading settings :: file = test/repositories/ivysettings.xml
:: loading settings :: file = test/repositories/bugIVY-56/ivysettings.xml
DEPRECATED: 'defaultCache' is deprecated, use 'caches[@defaultCacheDir]' instead (file:/Volumes/MacintoshHDD/mccurdyc/computer_science/cs441s2016/cs441s2016-fp-team1/container/tlb/tools/ivy/test/repositories/bugIVY-56/ivysettings.xml)
:: resolving dependencies :: apache#IVY-56;1.0
	confs: [default]
	found apache#mymodule;working@default in default
	[working@default] apache#mymodule;latest.integration
downloading /Volumes/MacintoshHDD/mccurdyc/computer_science/cs441s2016/cs441s2016-fp-team1/container/tlb/tools/ivy/test/repositories/bugIVY-56/mymodule/mymodule.jar ...
.. (0kB)
	[SUCCESSFUL ] apache#mymodule;working@default!mymodule.jar (2ms)
:: resolution report :: resolve 5ms :: artifacts dl 3ms
	---------------------------------------------------------------------
	|                  |            modules            ||   artifacts   |
	|       conf       | number| search|dwnlded|evicted|| number|dwnlded|
	---------------------------------------------------------------------
	|      default     |   1   |   1   |   0   |   0   ||   1   |   1   |
	---------------------------------------------------------------------
:: loading settings :: file = test/repositories/ivysettings.xml
:: resolving dependencies :: test#IVY-214;working@Coltons-MacBook-Pro.local
	confs: [compile]
	found org1#mod1.2;1.1 in 1
	[1.1] org1#mod1.2;1+
downloading /Volumes/MacintoshHDD/mccurdyc/computer_science/cs441s2016/cs441s2016-fp-team1/container/tlb/tools/ivy/test/repositories/1/org1/mod1.2/jars/mod1.2-1.1.jar ...
.. (0kB)
	[SUCCESSFUL ] org1#mod1.2;1.1!mod1.2.jar (4ms)
:: resolution report :: resolve 11ms :: artifacts dl 11ms
	---------------------------------------------------------------------
	|                  |            modules            ||   artifacts   |
	|       conf       | number| search|dwnlded|evicted|| number|dwnlded|
	---------------------------------------------------------------------
	|      compile     |   1   |   1   |   0   |   0   ||   1   |   1   |
	---------------------------------------------------------------------
:: loading settings :: file = test/repositories/ivysettings.xml
:: resolving dependencies :: test#IVY-218;working@Coltons-MacBook-Pro.local
	confs: [test]
	found org5#mod5.1;4.2 in 2-ivy
	found org3#mod3.2;1.4 in 2-ivy
	[1.4] org3#mod3.2;1+
downloading /Volumes/MacintoshHDD/mccurdyc/computer_science/cs441s2016/cs441s2016-fp-team1/container/tlb/tools/ivy/test/repositories/2/mod5.1/art51A-4.2.jar ...
.. (0kB)
	[SUCCESSFUL ] org5#mod5.1;4.2!art51A.jar (4ms)
downloading /Volumes/MacintoshHDD/mccurdyc/computer_science/cs441s2016/cs441s2016-fp-team1/container/tlb/tools/ivy/test/repositories/2/mod5.1/art51B-4.2.jar ...
. (0kB)
	[SUCCESSFUL ] org5#mod5.1;4.2!art51B.jar (1ms)
downloading /Volumes/MacintoshHDD/mccurdyc/computer_science/cs441s2016/cs441s2016-fp-team1/container/tlb/tools/ivy/test/repositories/2/mod3.2/mod3.2-1.4.jar ...
.. (0kB)
	[SUCCESSFUL ] org3#mod3.2;1.4!mod3.2.jar (1ms)
:: resolution report :: resolve 45ms :: artifacts dl 7ms
	---------------------------------------------------------------------
	|                  |            modules            ||   artifacts   |
	|       conf       | number| search|dwnlded|evicted|| number|dwnlded|
	---------------------------------------------------------------------
	|       test       |   2   |   2   |   2   |   0   ||   3   |   3   |
	---------------------------------------------------------------------
:: loading settings :: file = test/repositories/ivysettings.xml
:: loading settings :: file = test/repositories/IVY-729/ivysettings.xml
:: resolving dependencies :: test#test;working@Coltons-MacBook-Pro.local
	confs: [conf1, conf2]
	found test#a;1 in test
	found test#c;1 in test
	found test#b;1 in test
downloading /Volumes/MacintoshHDD/mccurdyc/computer_science/cs441s2016/cs441s2016-fp-team1/container/tlb/tools/ivy/test/repositories/IVY-729/a/1/jars/a-1.jar ...
. (0kB)
	[SUCCESSFUL ] test#a;1!a.jar (1ms)
downloading /Volumes/MacintoshHDD/mccurdyc/computer_science/cs441s2016/cs441s2016-fp-team1/container/tlb/tools/ivy/test/repositories/IVY-729/c/1/jars/c-1.jar ...
. (0kB)
	[SUCCESSFUL ] test#c;1!c.jar (3ms)
downloading /Volumes/MacintoshHDD/mccurdyc/computer_science/cs441s2016/cs441s2016-fp-team1/container/tlb/tools/ivy/test/repositories/IVY-729/b/1/jars/b-1.jar ...
. (0kB)
	[SUCCESSFUL ] test#b;1!b.jar (2ms)
:: resolution report :: resolve 64ms :: artifacts dl 8ms
	---------------------------------------------------------------------
	|                  |            modules            ||   artifacts   |
	|       conf       | number| search|dwnlded|evicted|| number|dwnlded|
	---------------------------------------------------------------------
	|       conf1      |   1   |   1   |   0   |   0   ||   1   |   1   |
	|       conf2      |   3   |   3   |   2   |   0   ||   3   |   3   |
	---------------------------------------------------------------------
:: loading settings :: file = test/repositories/ivysettings.xml
:: resolving dependencies :: org6#mod6.3;1.0
	confs: [default]
	found org6#mod6.2;1.0 in 2-ivy
	found org6#mod6.3;1.2 in 2-ivy
	[1.2] org6#mod6.3;latest.integration
downloading /Volumes/MacintoshHDD/mccurdyc/computer_science/cs441s2016/cs441s2016-fp-team1/container/tlb/tools/ivy/test/repositories/2/mod6.2/mod6.2-1.0.jar ...
.. (0kB)
	[SUCCESSFUL ] org6#mod6.2;1.0!mod6.2.jar (1ms)
downloading /Volumes/MacintoshHDD/mccurdyc/computer_science/cs441s2016/cs441s2016-fp-team1/container/tlb/tools/ivy/test/repositories/2/mod6.3/mod6.3-1.2.jar ...
.. (0kB)
	[SUCCESSFUL ] org6#mod6.3;1.2!mod6.3.jar (2ms)
:: resolution report :: resolve 54ms :: artifacts dl 7ms
	---------------------------------------------------------------------
	|                  |            modules            ||   artifacts   |
	|       conf       | number| search|dwnlded|evicted|| number|dwnlded|
	---------------------------------------------------------------------
	|      default     |   2   |   2   |   2   |   0   ||   2   |   2   |
	---------------------------------------------------------------------

:: problems summary ::
:::: WARNINGS
	circular dependency found: org6#mod6.3;1.0->org6#mod6.2;1.0->org6#mod6.3;latest.integration


:: USE VERBOSE OR DEBUG MESSAGE LEVEL FOR MORE DETAILS
:: resolving dependencies :: org6#mod6.3;1.0
	confs: [default]
	found org6#mod6.2;1.0 in 2-ivy
	found org6#mod6.3;1.2 in 2-ivy
	[1.2] org6#mod6.3;latest.integration
:: resolution report :: resolve 15ms :: artifacts dl 2ms
	---------------------------------------------------------------------
	|                  |            modules            ||   artifacts   |
	|       conf       | number| search|dwnlded|evicted|| number|dwnlded|
	---------------------------------------------------------------------
	|      default     |   2   |   0   |   0   |   0   ||   2   |   0   |
	---------------------------------------------------------------------
:: resolving dependencies :: org6#mod6.3;1.0
	confs: [default]
	found org6#mod6.2;1.0 in 2-ivy
	found org6#mod6.3;1.2 in 2-ivy
	[1.2] org6#mod6.3;latest.integration
:: resolution report :: resolve 9ms :: artifacts dl 2ms
	---------------------------------------------------------------------
	|                  |            modules            ||   artifacts   |
	|       conf       | number| search|dwnlded|evicted|| number|dwnlded|
	---------------------------------------------------------------------
	|      default     |   2   |   0   |   0   |   0   ||   2   |   0   |
	---------------------------------------------------------------------
:: resolving dependencies :: org6#mod6.3;1.0
	confs: [default]
	found org6#mod6.2;1.0 in 2-ivy

:: problems summary ::
:::: ERRORS
	org6#mod6.3;1.0->org6#mod6.2;1.0->org6#mod6.3;latest.integration


:: USE VERBOSE OR DEBUG MESSAGE LEVEL FOR MORE DETAILS
:: loading settings :: file = test/repositories/ivysettings.xml
:: resolving dependencies :: org8#mod8.5;NONE
	confs: [compile, runtime, test]
	found org8#mod8.6;2.0 in 2-ivy
	[2.0] org8#mod8.6;2.+
	found org8#mod8.5;2.0 in 2-ivy
	[2.0] org8#mod8.5;2.+
downloading /Volumes/MacintoshHDD/mccurdyc/computer_science/cs441s2016/cs441s2016-fp-team1/container/tlb/tools/ivy/test/repositories/2/mod8.6/mod8.6-2.0.jar ...
.. (0kB)
	[SUCCESSFUL ] org8#mod8.6;2.0!mod8.6.jar (1ms)
downloading /Volumes/MacintoshHDD/mccurdyc/computer_science/cs441s2016/cs441s2016-fp-team1/container/tlb/tools/ivy/test/repositories/2/mod8.5/mod8.5-2.0.jar ...
.. (0kB)
	[SUCCESSFUL ] org8#mod8.5;2.0!mod8.5.jar (3ms)
:: resolution report :: resolve 30ms :: artifacts dl 5ms
	---------------------------------------------------------------------
	|                  |            modules            ||   artifacts   |
	|       conf       | number| search|dwnlded|evicted|| number|dwnlded|
	---------------------------------------------------------------------
	|      compile     |   0   |   0   |   0   |   0   ||   0   |   0   |
	|      runtime     |   0   |   0   |   0   |   0   ||   0   |   0   |
	|       test       |   2   |   2   |   2   |   0   ||   2   |   2   |
	---------------------------------------------------------------------

:: problems summary ::
:::: WARNINGS
	circular dependency found: org8#mod8.5;NONE->org8#mod8.6;2.+->org8#mod8.5;2.+


:: USE VERBOSE OR DEBUG MESSAGE LEVEL FOR MORE DETAILS
:: resolving dependencies :: org8#mod8.5;NONE
	confs: [compile, runtime, test]
	found org8#mod8.6;2.0 in 2-ivy
	[2.0] org8#mod8.6;2.+

:: problems summary ::
:::: ERRORS
	org8#mod8.5;NONE->org8#mod8.6;2.+->org8#mod8.5;2.+


:: USE VERBOSE OR DEBUG MESSAGE LEVEL FOR MORE DETAILS
:: loading settings :: file = test/repositories/ivysettings.xml
:: resolving dependencies :: org6#mod6.3;1.2
	confs: [default, test]
	found org6#mod6.2;1.1 in 2-ivy
downloading /Volumes/MacintoshHDD/mccurdyc/computer_science/cs441s2016/cs441s2016-fp-team1/container/tlb/tools/ivy/test/repositories/2/mod6.2/mod6.2-1.1.jar ...
.. (0kB)
	[SUCCESSFUL ] org6#mod6.2;1.1!mod6.2.jar (1ms)
:: resolution report :: resolve 21ms :: artifacts dl 2ms
	---------------------------------------------------------------------
	|                  |            modules            ||   artifacts   |
	|       conf       | number| search|dwnlded|evicted|| number|dwnlded|
	---------------------------------------------------------------------
	|      default     |   1   |   1   |   1   |   0   ||   1   |   1   |
	|       test       |   1   |   1   |   1   |   0   ||   1   |   1   |
	---------------------------------------------------------------------

:: problems summary ::
:::: WARNINGS
	circular dependency found: org6#mod6.3;1.2->org6#mod6.2;1.1->...

	circular dependency found: org6#mod6.2;1.1->org6#mod6.3;1.2->...


:: USE VERBOSE OR DEBUG MESSAGE LEVEL FOR MORE DETAILS
:: resolving dependencies :: org6#mod6.3;1.2
	confs: [default, test]
	found org6#mod6.2;1.1 in 2-ivy
:: resolution report :: resolve 12ms :: artifacts dl 5ms
	---------------------------------------------------------------------
	|                  |            modules            ||   artifacts   |
	|       conf       | number| search|dwnlded|evicted|| number|dwnlded|
	---------------------------------------------------------------------
	|      default     |   1   |   0   |   0   |   0   ||   1   |   0   |
	|       test       |   1   |   0   |   0   |   0   ||   1   |   0   |
	---------------------------------------------------------------------
:: resolving dependencies :: org6#mod6.3;1.2
	confs: [default, test]
	found org6#mod6.2;1.1 in 2-ivy
:: resolution report :: resolve 9ms :: artifacts dl 0ms
	---------------------------------------------------------------------
	|                  |            modules            ||   artifacts   |
	|       conf       | number| search|dwnlded|evicted|| number|dwnlded|
	---------------------------------------------------------------------
	|      default     |   1   |   0   |   0   |   0   ||   1   |   0   |
	|       test       |   1   |   0   |   0   |   0   ||   1   |   0   |
	---------------------------------------------------------------------
:: resolving dependencies :: org6#mod6.3;1.2
	confs: [default, test]
	found org6#mod6.2;1.1 in 2-ivy

:: problems summary ::
:::: ERRORS
	org6#mod6.3;1.2->org6#mod6.2;1.1->...


:: USE VERBOSE OR DEBUG MESSAGE LEVEL FOR MORE DETAILS
:: loading settings :: file = test/repositories/ivysettings.xml
:: resolving dependencies :: org11#mod11.1;1.0
	confs: [test]
	found org11#mod11.2;1.0 in 2-ivy
downloading /Volumes/MacintoshHDD/mccurdyc/computer_science/cs441s2016/cs441s2016-fp-team1/container/tlb/tools/ivy/test/repositories/2/mod11.2/mod11.2-1.0.jar ...
.. (0kB)
	[SUCCESSFUL ] org11#mod11.2;1.0!mod11.2.jar (1ms)
:: resolution report :: resolve 15ms :: artifacts dl 1ms
	---------------------------------------------------------------------
	|                  |            modules            ||   artifacts   |
	|       conf       | number| search|dwnlded|evicted|| number|dwnlded|
	---------------------------------------------------------------------
	|       test       |   1   |   1   |   1   |   0   ||   1   |   1   |
	---------------------------------------------------------------------
:: loading settings :: file = test/repositories/ivysettings.xml
:: loading settings :: url = file:/Volumes/MacintoshHDD/mccurdyc/computer_science/cs441s2016/cs441s2016-fp-team1/container/tlb/tools/ivy/build/test/org/apache/ivy/core/resolve/dualchainresolverconf.xml
DEPRECATED: 'conf' is deprecated, use 'settings' instead (file:/Volumes/MacintoshHDD/mccurdyc/computer_science/cs441s2016/cs441s2016-fp-team1/container/tlb/tools/ivy/build/test/org/apache/ivy/core/resolve/dualchainresolverconf.xml)
DEPRECATED: 'defaultCache' is deprecated, use 'caches[@defaultCacheDir]' instead (file:/Volumes/MacintoshHDD/mccurdyc/computer_science/cs441s2016/cs441s2016-fp-team1/container/tlb/tools/ivy/build/test/org/apache/ivy/core/resolve/dualchainresolverconf.xml)
:: resolving dependencies :: apache#dual;working@Coltons-MacBook-Pro.local
	confs: [default]
	found xerces#xerces;2.6.2 in localivy
downloading /Volumes/MacintoshHDD/mccurdyc/computer_science/cs441s2016/cs441s2016-fp-team1/container/tlb/tools/ivy/test/repositories/dual-remote/xerces/xercesImpl-2.6.2.jar ...
.. (0kB)
	[SUCCESSFUL ] xerces#xerces;2.6.2!xercesImpl.jar (1ms)
downloading /Volumes/MacintoshHDD/mccurdyc/computer_science/cs441s2016/cs441s2016-fp-team1/container/tlb/tools/ivy/test/repositories/dual-remote/xerces/xmlParserAPIs-2.6.2.jar ...
.. (0kB)
	[SUCCESSFUL ] xerces#xerces;2.6.2!xmlParserAPIs.jar (1ms)
:: resolution report :: resolve 15ms :: artifacts dl 6ms
	---------------------------------------------------------------------
	|                  |            modules            ||   artifacts   |
	|       conf       | number| search|dwnlded|evicted|| number|dwnlded|
	---------------------------------------------------------------------
	|      default     |   1   |   1   |   1   |   0   ||   2   |   2   |
	---------------------------------------------------------------------
:: resolving dependencies :: apache#dual;working@Coltons-MacBook-Pro.local
	confs: [default]
	found xerces#xerces;2.6.2 in localivy
downloading /Volumes/MacintoshHDD/mccurdyc/computer_science/cs441s2016/cs441s2016-fp-team1/container/tlb/tools/ivy/test/repositories/dual-remote/xerces/xercesImpl-2.6.2.jar ...
.. (0kB)
	[SUCCESSFUL ] xerces#xerces;2.6.2!xercesImpl.jar (2ms)
downloading /Volumes/MacintoshHDD/mccurdyc/computer_science/cs441s2016/cs441s2016-fp-team1/container/tlb/tools/ivy/test/repositories/dual-remote/xerces/xmlParserAPIs-2.6.2.jar ...
.. (0kB)
	[SUCCESSFUL ] xerces#xerces;2.6.2!xmlParserAPIs.jar (1ms)
:: resolution report :: resolve 5ms :: artifacts dl 5ms
	---------------------------------------------------------------------
	|                  |            modules            ||   artifacts   |
	|       conf       | number| search|dwnlded|evicted|| number|dwnlded|
	---------------------------------------------------------------------
	|      default     |   1   |   0   |   0   |   0   ||   2   |   2   |
	---------------------------------------------------------------------
:: loading settings :: file = test/repositories/ivysettings.xml
:: loading settings :: file = test/repositories/bug148/ivysettings.xml
DEPRECATED: 'defaultCache' is deprecated, use 'caches[@defaultCacheDir]' instead (file:/Volumes/MacintoshHDD/mccurdyc/computer_science/cs441s2016/cs441s2016-fp-team1/container/tlb/tools/ivy/test/repositories/bug148/ivysettings.xml)
:: resolving dependencies :: jtv#Cupid;local
	confs: [bug]
	found jtv-foo#bar;1.1.0.0 in lib-jtv
	[1.1.0.0] jtv-foo#bar;latest.integration
	found idautomation#barcode;4.10 in lib-3rd
	[4.10] idautomation#barcode;4.10+
downloading /Volumes/MacintoshHDD/mccurdyc/computer_science/cs441s2016/cs441s2016-fp-team1/container/tlb/tools/ivy/test/repositories/bug148/jtv/jtv-foo/bar/bar-src-1.1.0.0.jar ...
. (0kB)
	[SUCCESSFUL ] jtv-foo#bar;1.1.0.0!bar-src.jar (2ms)
downloading /Volumes/MacintoshHDD/mccurdyc/computer_science/cs441s2016/cs441s2016-fp-team1/container/tlb/tools/ivy/test/repositories/bug148/jtv/jtv-foo/bar/bar-config-1.1.0.0.zip ...
. (0kB)
	[SUCCESSFUL ] jtv-foo#bar;1.1.0.0!bar-config.zip (3ms)
downloading /Volumes/MacintoshHDD/mccurdyc/computer_science/cs441s2016/cs441s2016-fp-team1/container/tlb/tools/ivy/test/repositories/bug148/jtv/jtv-foo/bar/bar-1.1.0.0.jar ...
. (0kB)
	[SUCCESSFUL ] jtv-foo#bar;1.1.0.0!bar.jar (3ms)
downloading /Volumes/MacintoshHDD/mccurdyc/computer_science/cs441s2016/cs441s2016-fp-team1/container/tlb/tools/ivy/test/repositories/bug148/3rd/idautomation/barcode/LinearBarCode-4.10.jar ...
. (0kB)
	[SUCCESSFUL ] idautomation#barcode;4.10!LinearBarCode.jar (1ms)
downloading /Volumes/MacintoshHDD/mccurdyc/computer_science/cs441s2016/cs441s2016-fp-team1/container/tlb/tools/ivy/test/repositories/bug148/3rd/idautomation/barcode/idapdf417-4.10.jar ...
. (0kB)
	[SUCCESSFUL ] idautomation#barcode;4.10!idapdf417.jar (2ms)
:: resolution report :: resolve 29ms :: artifacts dl 13ms
	---------------------------------------------------------------------
	|                  |            modules            ||   artifacts   |
	|       conf       | number| search|dwnlded|evicted|| number|dwnlded|
	---------------------------------------------------------------------
	|        bug       |   2   |   2   |   2   |   0   ||   5   |   5   |
	---------------------------------------------------------------------
:: loading settings :: file = test/repositories/ivysettings.xml
:: loading settings :: file = test/repositories/bug148/ivysettings.xml
DEPRECATED: 'defaultCache' is deprecated, use 'caches[@defaultCacheDir]' instead (file:/Volumes/MacintoshHDD/mccurdyc/computer_science/cs441s2016/cs441s2016-fp-team1/container/tlb/tools/ivy/test/repositories/bug148/ivysettings.xml)
:: resolving dependencies :: jtv#Cupid;local
	confs: [bug]
	found jtv-foo#bar;1.1.0.0 in lib-jtv
	[1.1.0.0] jtv-foo#bar;latest.integration
	found idautomation#barcode;4.10 in lib-3rd
	[4.10] idautomation#barcode;4.10+
	found idautomation#barcode;4.10 in lib-3rd
	[4.10] idautomation#barcode;latest.integration
downloading /Volumes/MacintoshHDD/mccurdyc/computer_science/cs441s2016/cs441s2016-fp-team1/container/tlb/tools/ivy/test/repositories/bug148/jtv/jtv-foo/bar/bar-src-1.1.0.0.jar ...
. (0kB)
	[SUCCESSFUL ] jtv-foo#bar;1.1.0.0!bar-src.jar (1ms)
downloading /Volumes/MacintoshHDD/mccurdyc/computer_science/cs441s2016/cs441s2016-fp-team1/container/tlb/tools/ivy/test/repositories/bug148/jtv/jtv-foo/bar/bar-config-1.1.0.0.zip ...
. (0kB)
	[SUCCESSFUL ] jtv-foo#bar;1.1.0.0!bar-config.zip (2ms)
downloading /Volumes/MacintoshHDD/mccurdyc/computer_science/cs441s2016/cs441s2016-fp-team1/container/tlb/tools/ivy/test/repositories/bug148/jtv/jtv-foo/bar/bar-1.1.0.0.jar ...
. (0kB)
	[SUCCESSFUL ] jtv-foo#bar;1.1.0.0!bar.jar (1ms)
downloading /Volumes/MacintoshHDD/mccurdyc/computer_science/cs441s2016/cs441s2016-fp-team1/container/tlb/tools/ivy/test/repositories/bug148/3rd/idautomation/barcode/LinearBarCode-4.10.jar ...
. (0kB)
	[SUCCESSFUL ] idautomation#barcode;4.10!LinearBarCode.jar (1ms)
downloading /Volumes/MacintoshHDD/mccurdyc/computer_science/cs441s2016/cs441s2016-fp-team1/container/tlb/tools/ivy/test/repositories/bug148/3rd/idautomation/barcode/idapdf417-4.10.jar ...
. (0kB)
	[SUCCESSFUL ] idautomation#barcode;4.10!idapdf417.jar (1ms)
:: resolution report :: resolve 52ms :: artifacts dl 11ms
	---------------------------------------------------------------------
	|                  |            modules            ||   artifacts   |
	|       conf       | number| search|dwnlded|evicted|| number|dwnlded|
	---------------------------------------------------------------------
	|        bug       |   2   |   2   |   2   |   0   ||   5   |   5   |
	---------------------------------------------------------------------
:: loading settings :: file = test/repositories/ivysettings.xml
:: loading settings :: file = test/repositories/IVY-1178/ivysettings.xml
:: resolving dependencies :: org.apache#ivy-test;working@Coltons-MacBook-Pro.local
	confs: [default]
	found myorg#modC;1.0 in local
	found myorg#modD;1.1 in local
	found myorg#modA;1.0 in local
	found myorg#modB;1.0 in local
downloading /Volumes/MacintoshHDD/mccurdyc/computer_science/cs441s2016/cs441s2016-fp-team1/container/tlb/tools/ivy/test/repositories/IVY-1178/myorg/modC/1.0/modC-1.0.jar ...
.. (0kB)
	[SUCCESSFUL ] myorg#modC;1.0!modC.jar (2ms)
downloading /Volumes/MacintoshHDD/mccurdyc/computer_science/cs441s2016/cs441s2016-fp-team1/container/tlb/tools/ivy/test/repositories/IVY-1178/myorg/modA/1.0/modA-1.0.jar ...
.. (0kB)
	[SUCCESSFUL ] myorg#modA;1.0!modA.jar (2ms)
downloading /Volumes/MacintoshHDD/mccurdyc/computer_science/cs441s2016/cs441s2016-fp-team1/container/tlb/tools/ivy/test/repositories/IVY-1178/myorg/modD/1.1/modD-1.1.jar ...
.. (0kB)
	[SUCCESSFUL ] myorg#modD;1.1!modD.jar (2ms)
downloading /Volumes/MacintoshHDD/mccurdyc/computer_science/cs441s2016/cs441s2016-fp-team1/container/tlb/tools/ivy/test/repositories/IVY-1178/myorg/modB/1.0/modB-1.0.jar ...
.. (0kB)
	[SUCCESSFUL ] myorg#modB;1.0!modB.jar (1ms)
:: resolution report :: resolve 57ms :: artifacts dl 8ms
	:: evicted modules:
	myorg#modD;1.0 by [myorg#modD;1.1] in [default]
	---------------------------------------------------------------------
	|                  |            modules            ||   artifacts   |
	|       conf       | number| search|dwnlded|evicted|| number|dwnlded|
	---------------------------------------------------------------------
	|      default     |   5   |   4   |   4   |   1   ||   4   |   4   |
	---------------------------------------------------------------------
:: loading settings :: file = test/repositories/ivysettings.xml
:: loading settings :: file = test/repositories/IVY-1236/ivysettings.xml
:: resolving dependencies :: myorg#test;working@Coltons-MacBook-Pro.local
	confs: [runtime, test]
	found myorg#modB;1.0 in local
	[1.0] myorg#modB;[1.0,2.0[
	found myorg#modA;1.0 in local
	[1.0] myorg#modA;[1.0,2.0[
downloading /Volumes/MacintoshHDD/mccurdyc/computer_science/cs441s2016/cs441s2016-fp-team1/container/tlb/tools/ivy/test/repositories/IVY-1236/myorg/modB/1.0/modB.jar ...
.. (0kB)
	[SUCCESSFUL ] myorg#modB;1.0!modB.jar (5ms)
downloading /Volumes/MacintoshHDD/mccurdyc/computer_science/cs441s2016/cs441s2016-fp-team1/container/tlb/tools/ivy/test/repositories/IVY-1236/myorg/modB/1.0/modB-A.jar ...
.. (0kB)
	[SUCCESSFUL ] myorg#modB;1.0!modB-A.jar (1ms)
:: resolution report :: resolve 31ms :: artifacts dl 8ms
	---------------------------------------------------------------------
	|                  |            modules            ||   artifacts   |
	|       conf       | number| search|dwnlded|evicted|| number|dwnlded|
	---------------------------------------------------------------------
	|      runtime     |   1   |   1   |   1   |   0   ||   1   |   1   |
	|       test       |   2   |   2   |   2   |   0   ||   2   |   2   |
	---------------------------------------------------------------------
:: loading settings :: file = test/repositories/ivysettings.xml
:: loading settings :: file = test/repositories/IVY-1233/ivysettings.xml
:: resolving dependencies :: test#test;working@Coltons-MacBook-Pro.local
	confs: [default]
	found test#a;1.1 in test
	[1.1] test#a;1.+
	found test#b;2.1 in test
	[2.1] test#b;2.+
BLACKLISTING [test#a;1.1 blacklisted to evict test#a;1.1 in favor of test#a;1.0 in test#test;working@Coltons-MacBook-Pro.local for default]
	found test#a;1.0 in test
	[1.0] test#a;1.+
	found test#c;3.1 in test
	[3.1] test#c;3.+
BLACKLISTING [test#a;[1.1,1.2] blacklisted to evict test#a;[1.1,1.2] in favor of test#a;1.0 in test#test;working@Coltons-MacBook-Pro.local for default]
BLACKLISTING [test#a;[1.1,1.2] blacklisted to evict test#a;[1.1,1.2] in favor of test#a;1.0 in test#test;working@Coltons-MacBook-Pro.local for default]
BLACKLISTING [test#c;3.1 blacklisted to evict test#a;[1.1,1.2] in favor of test#a;1.0 in test#test;working@Coltons-MacBook-Pro.local for default]
	found test#c;3.0 in test
	[3.0] test#c;3.+
BLACKLISTING [test#b;2.1 blacklisted to evict test#b;2.1 in favor of test#b;2.0 in test#test;working@Coltons-MacBook-Pro.local for default]
	found test#b;2.0 in test
	[2.0] test#b;2.+
:: resolution report :: resolve 93ms :: artifacts dl 0ms
	:: evicted modules:
	test#a;1.1 by [test#a;1.0 with blacklisting of test#a;1.1] in [default]
	test#b;2.1 by [test#b;2.0 with blacklisting of test#b;2.1] in [default]
	---------------------------------------------------------------------
	|                  |            modules            ||   artifacts   |
	|       conf       | number| search|dwnlded|evicted|| number|dwnlded|
	---------------------------------------------------------------------
	|      default     |   5   |   3   |   3   |   2   ||   0   |   0   |
	---------------------------------------------------------------------
:: loading settings :: file = test/repositories/ivysettings.xml
:: loading settings :: file = test/repositories/IVY-1333/ivysettings.xml
:: resolving dependencies :: org#toplevel;1.0
	confs: [default]
	found org#dep1;1.0 in local
	found org#dep2;1.0 in local
	found org#badArtifact;1.0.0.m4 in local
	[1.0.0.m4] org#badArtifact;1.0.0.+
:: resolution report :: resolve 40ms :: artifacts dl 1ms
	---------------------------------------------------------------------
	|                  |            modules            ||   artifacts   |
	|       conf       | number| search|dwnlded|evicted|| number|dwnlded|
	---------------------------------------------------------------------
	|      default     |   3   |   3   |   3   |   0   ||   0   |   0   |
	---------------------------------------------------------------------
:: loading settings :: file = test/repositories/ivysettings.xml
:: loading settings :: file = test/repositories/IVY-1347/ivysettings.xml
Found a parent module with unexpected ModuleRevisionId at source location ../ivy.xml! Expected: foo#parent. Found: foo#childone. This parent module will be ignored.
:: resolving dependencies :: foo#childtwo;1.0
	confs: [default]
:: resolution report :: resolve 2ms :: artifacts dl 0ms
	---------------------------------------------------------------------
	|                  |            modules            ||   artifacts   |
	|       conf       | number| search|dwnlded|evicted|| number|dwnlded|
	---------------------------------------------------------------------
	|      default     |   0   |   0   |   0   |   0   ||   0   |   0   |
	---------------------------------------------------------------------
:: loading settings :: file = test/repositories/ivysettings.xml
:: loading settings :: file = test/repositories/IVY-999/ivysettings.xml
:: resolving dependencies :: apache#IVY-999;1.0
	confs: [default]
	found test#a;1 in local
	[1] test#a;latest.integration
	found junit#junit;4.4 in local
	found test#b;1.5 in local
	[1.5] test#b;latest.integration
	found junit#junit;3.8 in local
	[3.8] junit#junit;3.8+
	found junit#junit;4.4 in local
	[4.4] junit#junit;latest.integration
:: resolution report :: resolve 51ms :: artifacts dl 0ms
	:: evicted modules:
	junit#junit;3.8 by [junit#junit;4.4] in [default]
	---------------------------------------------------------------------
	|                  |            modules            ||   artifacts   |
	|       conf       | number| search|dwnlded|evicted|| number|dwnlded|
	---------------------------------------------------------------------
	|      default     |   4   |   4   |   4   |   1   ||   0   |   0   |
	---------------------------------------------------------------------
:: loading settings :: file = test/repositories/ivysettings.xml
:: loading settings :: file = test/repositories/IVY-1366/ivysettings.xml
:: resolving dependencies :: test#test;working@Coltons-MacBook-Pro.local
	confs: [runtime]
	found test#a;1 in test
	found test#c;1 in test
	found test#b;1 in test
downloading /Volumes/MacintoshHDD/mccurdyc/computer_science/cs441s2016/cs441s2016-fp-team1/container/tlb/tools/ivy/test/repositories/IVY-1366/a/1/jars/a-1.jar ...
. (0kB)
	[SUCCESSFUL ] test#a;1!a.jar (4ms)
downloading /Volumes/MacintoshHDD/mccurdyc/computer_science/cs441s2016/cs441s2016-fp-team1/container/tlb/tools/ivy/test/repositories/IVY-1366/c/1/jars/c-1.jar ...
. (0kB)
	[SUCCESSFUL ] test#c;1!c.jar (1ms)
downloading /Volumes/MacintoshHDD/mccurdyc/computer_science/cs441s2016/cs441s2016-fp-team1/container/tlb/tools/ivy/test/repositories/IVY-1366/b/1/jars/b-1.jar ...
. (0kB)
	[SUCCESSFUL ] test#b;1!b.jar (1ms)
:: resolution report :: resolve 32ms :: artifacts dl 10ms
	---------------------------------------------------------------------
	|                  |            modules            ||   artifacts   |
	|       conf       | number| search|dwnlded|evicted|| number|dwnlded|
	---------------------------------------------------------------------
	|      runtime     |   3   |   3   |   3   |   0   ||   3   |   3   |
	---------------------------------------------------------------------
:: loading settings :: file = test/repositories/ivysettings.xml
:: loading settings :: file = test/repositories/badfile/ivysettings.xml
:: resolving dependencies :: apache#test-badorg;working@Coltons-MacBook-Pro.local
	confs: [default]
:: resolution report :: resolve 7ms :: artifacts dl 0ms
	---------------------------------------------------------------------
	|                  |            modules            ||   artifacts   |
	|       conf       | number| search|dwnlded|evicted|| number|dwnlded|
	---------------------------------------------------------------------
	|      default     |   1   |   0   |   0   |   0   ||   0   |   0   |
	---------------------------------------------------------------------

:: problems summary ::
:::: WARNINGS
		::::::::::::::::::::::::::::::::::::::::::::::

		::          UNRESOLVED DEPENDENCIES         ::

		::::::::::::::::::::::::::::::::::::::::::::::

		:: myorg#mymodule;badorg: java.text.ParseException: inconsistent module descriptor file found in '/Volumes/MacintoshHDD/mccurdyc/computer_science/cs441s2016/cs441s2016-fp-team1/container/tlb/tools/ivy/test/repositories/badfile/myorg/mymodule/ivy-badorg.xml': bad organisation: expected='myorg' found='badorg'; 

		::::::::::::::::::::::::::::::::::::::::::::::


:::: ERRORS
		test: bad organisation found in /Volumes/MacintoshHDD/mccurdyc/computer_science/cs441s2016/cs441s2016-fp-team1/container/tlb/tools/ivy/test/repositories/badfile/myorg/mymodule/ivy-badorg.xml: expected='myorg' found='badorg'


:: USE VERBOSE OR DEBUG MESSAGE LEVEL FOR MORE DETAILS
:: resolving dependencies :: apache#test-badmodule;working@Coltons-MacBook-Pro.local
	confs: [default]
:: resolution report :: resolve 10ms :: artifacts dl 0ms
	---------------------------------------------------------------------
	|                  |            modules            ||   artifacts   |
	|       conf       | number| search|dwnlded|evicted|| number|dwnlded|
	---------------------------------------------------------------------
	|      default     |   1   |   0   |   0   |   0   ||   0   |   0   |
	---------------------------------------------------------------------

:: problems summary ::
:::: WARNINGS
		::::::::::::::::::::::::::::::::::::::::::::::

		::          UNRESOLVED DEPENDENCIES         ::

		::::::::::::::::::::::::::::::::::::::::::::::

		:: myorg#mymodule;badmodule: java.text.ParseException: inconsistent module descriptor file found in '/Volumes/MacintoshHDD/mccurdyc/computer_science/cs441s2016/cs441s2016-fp-team1/container/tlb/tools/ivy/test/repositories/badfile/myorg/mymodule/ivy-badmodule.xml': bad module name: expected='mymodule' found='badmodule'; 

		::::::::::::::::::::::::::::::::::::::::::::::


:::: ERRORS
		test: bad module name found in /Volumes/MacintoshHDD/mccurdyc/computer_science/cs441s2016/cs441s2016-fp-team1/container/tlb/tools/ivy/test/repositories/badfile/myorg/mymodule/ivy-badmodule.xml: expected='mymodule found='badmodule'


:: USE VERBOSE OR DEBUG MESSAGE LEVEL FOR MORE DETAILS
:: resolving dependencies :: apache#test-badbranch;working@Coltons-MacBook-Pro.local
	confs: [default]
:: resolution report :: resolve 7ms :: artifacts dl 0ms
	---------------------------------------------------------------------
	|                  |            modules            ||   artifacts   |
	|       conf       | number| search|dwnlded|evicted|| number|dwnlded|
	---------------------------------------------------------------------
	|      default     |   1   |   0   |   0   |   0   ||   0   |   0   |
	---------------------------------------------------------------------

:: problems summary ::
:::: WARNINGS
		::::::::::::::::::::::::::::::::::::::::::::::

		::          UNRESOLVED DEPENDENCIES         ::

		::::::::::::::::::::::::::::::::::::::::::::::

		:: myorg#mymodule#branch1;badbranch: java.text.ParseException: inconsistent module descriptor file found in '/Volumes/MacintoshHDD/mccurdyc/computer_science/cs441s2016/cs441s2016-fp-team1/container/tlb/tools/ivy/test/repositories/badfile/myorg/mymodule/ivy-badbranch.xml': bad branch name: expected='branch1' found='badbranch'; 

		::::::::::::::::::::::::::::::::::::::::::::::


:::: ERRORS
		test: bad branch name found in /Volumes/MacintoshHDD/mccurdyc/computer_science/cs441s2016/cs441s2016-fp-team1/container/tlb/tools/ivy/test/repositories/badfile/myorg/mymodule/ivy-badbranch.xml: expected='branch1 found='badbranch'


:: USE VERBOSE OR DEBUG MESSAGE LEVEL FOR MORE DETAILS
:: resolving dependencies :: apache#test-badrevision;working@Coltons-MacBook-Pro.local
	confs: [default]
:: resolution report :: resolve 8ms :: artifacts dl 0ms
	---------------------------------------------------------------------
	|                  |            modules            ||   artifacts   |
	|       conf       | number| search|dwnlded|evicted|| number|dwnlded|
	---------------------------------------------------------------------
	|      default     |   1   |   0   |   0   |   0   ||   0   |   0   |
	---------------------------------------------------------------------

:: problems summary ::
:::: WARNINGS
		::::::::::::::::::::::::::::::::::::::::::::::

		::          UNRESOLVED DEPENDENCIES         ::

		::::::::::::::::::::::::::::::::::::::::::::::

		:: myorg#mymodule;badrevision: java.text.ParseException: inconsistent module descriptor file found in '/Volumes/MacintoshHDD/mccurdyc/computer_science/cs441s2016/cs441s2016-fp-team1/container/tlb/tools/ivy/test/repositories/badfile/myorg/mymodule/ivy-badrevision.xml': bad revision: expected='badrevision' found='1.0'; 

		::::::::::::::::::::::::::::::::::::::::::::::


:::: ERRORS
		test: bad revision found in /Volumes/MacintoshHDD/mccurdyc/computer_science/cs441s2016/cs441s2016-fp-team1/container/tlb/tools/ivy/test/repositories/badfile/myorg/mymodule/ivy-badrevision.xml: expected='badrevision found='1.0'


:: USE VERBOSE OR DEBUG MESSAGE LEVEL FOR MORE DETAILS
:: resolving dependencies :: apache#test-badxml;working@Coltons-MacBook-Pro.local
	confs: [default]
:: resolution report :: resolve 10ms :: artifacts dl 0ms
	---------------------------------------------------------------------
	|                  |            modules            ||   artifacts   |
	|       conf       | number| search|dwnlded|evicted|| number|dwnlded|
	---------------------------------------------------------------------
	|      default     |   1   |   0   |   0   |   0   ||   0   |   0   |
	---------------------------------------------------------------------

:: problems summary ::
:::: WARNINGS
		::::::::::::::::::::::::::::::::::::::::::::::

		::          UNRESOLVED DEPENDENCIES         ::

		::::::::::::::::::::::::::::::::::::::::::::::

		:: myorg#mymodule;badxml: java.text.ParseException: [xml parsing: ivy-badxml.xml.original:20:83: cvc-complex-type.3.2.2: Attribute 'badatt' is not allowed to appear in element 'info'. in file:/Volumes/MacintoshHDD/mccurdyc/computer_science/cs441s2016/cs441s2016-fp-team1/container/tlb/tools/ivy/build/cache/myorg/mymodule/ivy-badxml.xml.original
]

		::::::::::::::::::::::::::::::::::::::::::::::



:: USE VERBOSE OR DEBUG MESSAGE LEVEL FOR MORE DETAILS
:: loading settings :: file = test/repositories/ivysettings.xml
:: resolving dependencies :: org2#mod2.4;0.3
	confs: [default]
	found org1#mod1.1;1.0 in 1
downloading /Volumes/MacintoshHDD/mccurdyc/computer_science/cs441s2016/cs441s2016-fp-team1/container/tlb/tools/ivy/test/repositories/1/org1/mod1.1/jars/mod1.1-1.0.jar ...
.. (0kB)
	[SUCCESSFUL ] org1#mod1.1;1.0!mod1.1.jar (1ms)
:: resolution report :: resolve 13ms :: artifacts dl 1ms
	---------------------------------------------------------------------
	|                  |            modules            ||   artifacts   |
	|       conf       | number| search|dwnlded|evicted|| number|dwnlded|
	---------------------------------------------------------------------
	|      default     |   1   |   1   |   1   |   0   ||   1   |   1   |
	---------------------------------------------------------------------
:: loading settings :: file = test/repositories/ivysettings.xml
:: resolving dependencies :: org2#mod2.7;0.6
	confs: [default]
	found org2#mod2.4;0.3 in 1
	found org1#mod1.1;1.0 in 1
	found org1#mod1.2;2.0 in 1
downloading /Volumes/MacintoshHDD/mccurdyc/computer_science/cs441s2016/cs441s2016-fp-team1/container/tlb/tools/ivy/test/repositories/1/org2/mod2.4/jars/art24B-0.3.jar ...
.. (0kB)
	[SUCCESSFUL ] org2#mod2.4;0.3!art24B.jar (1ms)
downloading /Volumes/MacintoshHDD/mccurdyc/computer_science/cs441s2016/cs441s2016-fp-team1/container/tlb/tools/ivy/test/repositories/1/org2/mod2.4/jars/art24A-0.3.jar ...
.. (0kB)
	[SUCCESSFUL ] org2#mod2.4;0.3!art24A.jar (1ms)
downloading /Volumes/MacintoshHDD/mccurdyc/computer_science/cs441s2016/cs441s2016-fp-team1/container/tlb/tools/ivy/test/repositories/1/org1/mod1.1/jars/mod1.1-1.0.jar ...
.. (0kB)
	[SUCCESSFUL ] org1#mod1.1;1.0!mod1.1.jar (1ms)
downloading /Volumes/MacintoshHDD/mccurdyc/computer_science/cs441s2016/cs441s2016-fp-team1/container/tlb/tools/ivy/test/repositories/1/org1/mod1.2/jars/mod1.2-2.0.jar ...
. (0kB)
	[SUCCESSFUL ] org1#mod1.2;2.0!mod1.2.jar (1ms)
:: resolution report :: resolve 38ms :: artifacts dl 6ms
	---------------------------------------------------------------------
	|                  |            modules            ||   artifacts   |
	|       conf       | number| search|dwnlded|evicted|| number|dwnlded|
	---------------------------------------------------------------------
	|      default     |   3   |   3   |   2   |   0   ||   4   |   4   |
	---------------------------------------------------------------------
:: loading settings :: file = test/repositories/ivysettings.xml
:: loading settings :: url = file:/Volumes/MacintoshHDD/mccurdyc/computer_science/cs441s2016/cs441s2016-fp-team1/container/tlb/tools/ivy/build/test/org/apache/ivy/core/resolve/badcacheconf.xml
DEPRECATED: 'conf' is deprecated, use 'settings' instead (file:/Volumes/MacintoshHDD/mccurdyc/computer_science/cs441s2016/cs441s2016-fp-team1/container/tlb/tools/ivy/build/test/org/apache/ivy/core/resolve/badcacheconf.xml)
DEPRECATED: 'defaultCache' is deprecated, use 'caches[@defaultCacheDir]' instead (file:/Volumes/MacintoshHDD/mccurdyc/computer_science/cs441s2016/cs441s2016-fp-team1/container/tlb/tools/ivy/build/test/org/apache/ivy/core/resolve/badcacheconf.xml)
:: resolving dependencies :: org2#mod2.4;0.3
	confs: [default]
:: resolution report :: resolve 11ms :: artifacts dl 0ms
	---------------------------------------------------------------------
	|                  |            modules            ||   artifacts   |
	|       conf       | number| search|dwnlded|evicted|| number|dwnlded|
	---------------------------------------------------------------------
	|      default     |   1   |   0   |   0   |   0   ||   0   |   0   |
	---------------------------------------------------------------------

:: problems summary ::
:::: WARNINGS
		::::::::::::::::::::::::::::::::::::::::::::::

		::          UNRESOLVED DEPENDENCIES         ::

		::::::::::::::::::::::::::::::::::::::::::::::

		:: org1#mod1.1;1.0: java.text.ParseException: [[Fatal Error] file:/Volumes/MacintoshHDD/mccurdyc/computer_science/cs441s2016/cs441s2016-fp-team1/container/tlb/tools/ivy/build/cache/org1/mod1.1/ivy-1.0.xml.original:-1:-1: Premature end of file. in file:/Volumes/MacintoshHDD/mccurdyc/computer_science/cs441s2016/cs441s2016-fp-team1/container/tlb/tools/ivy/build/cache/org1/mod1.1/ivy-1.0.xml.original
]

		::::::::::::::::::::::::::::::::::::::::::::::



:: USE VERBOSE OR DEBUG MESSAGE LEVEL FOR MORE DETAILS
:: loading settings :: file = test/repositories/ivysettings.xml
:: resolving dependencies :: org8#mod8.2;1.0
	confs: [default, private]
	found org8#mod8.1;1.0 in 2-ivy
:: resolution report :: resolve 14ms :: artifacts dl 0ms
	---------------------------------------------------------------------
	|                  |            modules            ||   artifacts   |
	|       conf       | number| search|dwnlded|evicted|| number|dwnlded|
	---------------------------------------------------------------------
	|      default     |   1   |   1   |   1   |   0   ||   0   |   0   |
	|      private     |   1   |   1   |   1   |   0   ||   0   |   0   |
	---------------------------------------------------------------------

:: problems summary ::
:::: WARNINGS
		::::::::::::::::::::::::::::::::::::::::::::::

		::          UNRESOLVED DEPENDENCIES         ::

		::::::::::::::::::::::::::::::::::::::::::::::

		:: org8#mod8.1;1.0: configuration not public in org8#mod8.1;1.0: 'private'. It was required from org8#mod8.2;1.0 default

		::::::::::::::::::::::::::::::::::::::::::::::



:: USE VERBOSE OR DEBUG MESSAGE LEVEL FOR MORE DETAILS
:: loading settings :: file = test/repositories/ivysettings.xml
:: resolving dependencies :: org8#mod8.3;1.0
	confs: [private]
	found org8#mod8.1;1.0 in 2-ivy
downloading /Volumes/MacintoshHDD/mccurdyc/computer_science/cs441s2016/cs441s2016-fp-team1/container/tlb/tools/ivy/test/repositories/2/mod8.1/a-1.0.txt ...
.. (0kB)
	[SUCCESSFUL ] org8#mod8.1;1.0!a.txt (0ms)
:: resolution report :: resolve 17ms :: artifacts dl 2ms
	---------------------------------------------------------------------
	|                  |            modules            ||   artifacts   |
	|       conf       | number| search|dwnlded|evicted|| number|dwnlded|
	---------------------------------------------------------------------
	|      private     |   1   |   1   |   1   |   0   ||   1   |   1   |
	---------------------------------------------------------------------
:: loading settings :: file = test/repositories/ivysettings.xml
:: resolving dependencies :: org8#mod8.4;1.0
	confs: [default]
	found org8#mod8.1;1.0 in 2-ivy
downloading /Volumes/MacintoshHDD/mccurdyc/computer_science/cs441s2016/cs441s2016-fp-team1/container/tlb/tools/ivy/test/repositories/2/mod8.1/a-1.0.txt ...
.. (0kB)
	[SUCCESSFUL ] org8#mod8.1;1.0!a.txt (1ms)
:: resolution report :: resolve 14ms :: artifacts dl 2ms
	---------------------------------------------------------------------
	|                  |            modules            ||   artifacts   |
	|       conf       | number| search|dwnlded|evicted|| number|dwnlded|
	---------------------------------------------------------------------
	|      default     |   1   |   1   |   1   |   0   ||   1   |   1   |
	---------------------------------------------------------------------
:: loading settings :: file = test/repositories/ivysettings.xml
:: resolving dependencies :: org8#mod8.4;1.1
	confs: [default]
	found org8#mod8.1;1.1 in 2-ivy
downloading /Volumes/MacintoshHDD/mccurdyc/computer_science/cs441s2016/cs441s2016-fp-team1/container/tlb/tools/ivy/test/repositories/2/mod8.1/a-private-1.1.txt ...
.. (0kB)
	[SUCCESSFUL ] org8#mod8.1;1.1!a-private.txt (1ms)
downloading /Volumes/MacintoshHDD/mccurdyc/computer_science/cs441s2016/cs441s2016-fp-team1/container/tlb/tools/ivy/test/repositories/2/mod8.1/a-1.1.txt ...
.. (0kB)
	[SUCCESSFUL ] org8#mod8.1;1.1!a.txt (0ms)
:: resolution report :: resolve 10ms :: artifacts dl 3ms
	---------------------------------------------------------------------
	|                  |            modules            ||   artifacts   |
	|       conf       | number| search|dwnlded|evicted|| number|dwnlded|
	---------------------------------------------------------------------
	|      default     |   1   |   1   |   1   |   0   ||   2   |   2   |
	---------------------------------------------------------------------
:: loading settings :: file = test/repositories/ivysettings.xml
:: loading settings :: file = test/repositories/IVY-84/ivysettings.xml
:: resolving dependencies :: test#test-1;working@Coltons-MacBook-Pro.local
	confs: [default, global, buildtime, test]
	found test#a;1.0.2 in LOCAL
	[1.0.2] test#a;latest.integration
	found test#b;1.0.2 in LOCAL
	[1.0.2] test#b;latest.integration
	found test#c;1.0.2 in LOCAL
	[1.0.2] test#c;latest.integration
downloading /Volumes/MacintoshHDD/mccurdyc/computer_science/cs441s2016/cs441s2016-fp-team1/container/tlb/tools/ivy/test/repositories/IVY-84/repo/test/a/1.0.2/a-1.0.2.txt ...
. (0kB)
	[SUCCESSFUL ] test#a;1.0.2!a.txt (1ms)
downloading /Volumes/MacintoshHDD/mccurdyc/computer_science/cs441s2016/cs441s2016-fp-team1/container/tlb/tools/ivy/test/repositories/IVY-84/repo/test/a/1.0.2/a-bt-1.0.2.txt ...
. (0kB)
	[SUCCESSFUL ] test#a;1.0.2!a-bt.txt (1ms)
downloading /Volumes/MacintoshHDD/mccurdyc/computer_science/cs441s2016/cs441s2016-fp-team1/container/tlb/tools/ivy/test/repositories/IVY-84/repo/test/b/1.0.2/b-1.0.2.txt ...
. (0kB)
	[SUCCESSFUL ] test#b;1.0.2!b.txt (3ms)
downloading /Volumes/MacintoshHDD/mccurdyc/computer_science/cs441s2016/cs441s2016-fp-team1/container/tlb/tools/ivy/test/repositories/IVY-84/repo/test/b/1.0.2/b-bt-1.0.2.txt ...
. (0kB)
	[SUCCESSFUL ] test#b;1.0.2!b-bt.txt (1ms)
downloading /Volumes/MacintoshHDD/mccurdyc/computer_science/cs441s2016/cs441s2016-fp-team1/container/tlb/tools/ivy/test/repositories/IVY-84/repo/test/c/1.0.2/c-1.0.2.txt ...
. (0kB)
	[SUCCESSFUL ] test#c;1.0.2!c.txt (1ms)
downloading /Volumes/MacintoshHDD/mccurdyc/computer_science/cs441s2016/cs441s2016-fp-team1/container/tlb/tools/ivy/test/repositories/IVY-84/repo/test/c/1.0.2/c-bt-1.0.2.txt ...
. (0kB)
	[SUCCESSFUL ] test#c;1.0.2!c-bt.txt (1ms)
:: resolution report :: resolve 36ms :: artifacts dl 10ms
	---------------------------------------------------------------------
	|                  |            modules            ||   artifacts   |
	|       conf       | number| search|dwnlded|evicted|| number|dwnlded|
	---------------------------------------------------------------------
	|      default     |   3   |   3   |   3   |   0   ||   3   |   3   |
	|      global      |   3   |   3   |   3   |   0   ||   3   |   3   |
	|     buildtime    |   3   |   3   |   3   |   0   ||   3   |   3   |
	|       test       |   0   |   0   |   0   |   0   ||   0   |   0   |
	---------------------------------------------------------------------
:: loading settings :: file = test/repositories/ivysettings.xml
:: loading settings :: file = test/repositories/IVY-84/ivysettings.xml
:: resolving dependencies :: test#test-2;working@Coltons-MacBook-Pro.local
	confs: [default, global, buildtime, test]
	found test#a;1.0.1 in LOCAL
	found test#b;1.0.1 in LOCAL
	found test#c;1.0.1 in LOCAL
downloading /Volumes/MacintoshHDD/mccurdyc/computer_science/cs441s2016/cs441s2016-fp-team1/container/tlb/tools/ivy/test/repositories/IVY-84/repo/test/a/1.0.1/a-bt-1.0.1.txt ...
. (0kB)
	[SUCCESSFUL ] test#a;1.0.1!a-bt.txt (2ms)
downloading /Volumes/MacintoshHDD/mccurdyc/computer_science/cs441s2016/cs441s2016-fp-team1/container/tlb/tools/ivy/test/repositories/IVY-84/repo/test/a/1.0.1/a-1.0.1.txt ...
. (0kB)
	[SUCCESSFUL ] test#a;1.0.1!a.txt (1ms)
downloading /Volumes/MacintoshHDD/mccurdyc/computer_science/cs441s2016/cs441s2016-fp-team1/container/tlb/tools/ivy/test/repositories/IVY-84/repo/test/b/1.0.1/b-1.0.1.txt ...
. (0kB)
	[SUCCESSFUL ] test#b;1.0.1!b.txt (1ms)
downloading /Volumes/MacintoshHDD/mccurdyc/computer_science/cs441s2016/cs441s2016-fp-team1/container/tlb/tools/ivy/test/repositories/IVY-84/repo/test/b/1.0.1/b-bt-1.0.1.txt ...
. (0kB)
	[SUCCESSFUL ] test#b;1.0.1!b-bt.txt (1ms)
downloading /Volumes/MacintoshHDD/mccurdyc/computer_science/cs441s2016/cs441s2016-fp-team1/container/tlb/tools/ivy/test/repositories/IVY-84/repo/test/c/1.0.1/c-1.0.1.txt ...
. (0kB)
	[SUCCESSFUL ] test#c;1.0.1!c.txt (1ms)
downloading /Volumes/MacintoshHDD/mccurdyc/computer_science/cs441s2016/cs441s2016-fp-team1/container/tlb/tools/ivy/test/repositories/IVY-84/repo/test/c/1.0.1/c-bt-1.0.1.txt ...
. (0kB)
	[SUCCESSFUL ] test#c;1.0.1!c-bt.txt (1ms)
:: resolution report :: resolve 47ms :: artifacts dl 11ms
	---------------------------------------------------------------------
	|                  |            modules            ||   artifacts   |
	|       conf       | number| search|dwnlded|evicted|| number|dwnlded|
	---------------------------------------------------------------------
	|      default     |   3   |   3   |   3   |   0   ||   3   |   3   |
	|      global      |   3   |   3   |   3   |   0   ||   3   |   3   |
	|     buildtime    |   3   |   3   |   3   |   0   ||   3   |   3   |
	|       test       |   0   |   0   |   0   |   0   ||   0   |   0   |
	---------------------------------------------------------------------
:: loading settings :: file = test/repositories/ivysettings.xml
:: loading settings :: file = test/repositories/IVY-84/ivysettings.xml
:: resolving dependencies :: test#test-3;working@Coltons-MacBook-Pro.local
	confs: [buildtime]
	found test#a;1.0.2 in LOCAL
	[1.0.2] test#a;latest.integration
	found test#b;1.0.1 in LOCAL
	found test#c;1.0.1 in LOCAL
downloading /Volumes/MacintoshHDD/mccurdyc/computer_science/cs441s2016/cs441s2016-fp-team1/container/tlb/tools/ivy/test/repositories/IVY-84/repo/test/a/1.0.2/a-bt-1.0.2.txt ...
. (0kB)
	[SUCCESSFUL ] test#a;1.0.2!a-bt.txt (1ms)
downloading /Volumes/MacintoshHDD/mccurdyc/computer_science/cs441s2016/cs441s2016-fp-team1/container/tlb/tools/ivy/test/repositories/IVY-84/repo/test/b/1.0.1/b-bt-1.0.1.txt ...
. (0kB)
	[SUCCESSFUL ] test#b;1.0.1!b-bt.txt (2ms)
downloading /Volumes/MacintoshHDD/mccurdyc/computer_science/cs441s2016/cs441s2016-fp-team1/container/tlb/tools/ivy/test/repositories/IVY-84/repo/test/c/1.0.1/c-bt-1.0.1.txt ...
. (0kB)
	[SUCCESSFUL ] test#c;1.0.1!c-bt.txt (1ms)
:: resolution report :: resolve 42ms :: artifacts dl 4ms
	:: evicted modules:
	test#a;1.0.1 by [test#a;1.0.2] in [buildtime]
	---------------------------------------------------------------------
	|                  |            modules            ||   artifacts   |
	|       conf       | number| search|dwnlded|evicted|| number|dwnlded|
	---------------------------------------------------------------------
	|     buildtime    |   4   |   3   |   3   |   1   ||   3   |   3   |
	---------------------------------------------------------------------
:: loading settings :: file = test/repositories/ivysettings.xml
:: loading settings :: file = test/repositories/IVY-84/ivysettings.xml
:: resolving dependencies :: test#test-4;working@Coltons-MacBook-Pro.local
	confs: [default]
	found test#a;1.0.2 in LOCAL
	[1.0.2] test#a;latest.integration
	found test#b;1.0.1 in LOCAL
	found test#c;1.0.1 in LOCAL
downloading /Volumes/MacintoshHDD/mccurdyc/computer_science/cs441s2016/cs441s2016-fp-team1/container/tlb/tools/ivy/test/repositories/IVY-84/repo/test/a/1.0.2/a-1.0.2.txt ...
. (0kB)
	[SUCCESSFUL ] test#a;1.0.2!a.txt (1ms)
downloading /Volumes/MacintoshHDD/mccurdyc/computer_science/cs441s2016/cs441s2016-fp-team1/container/tlb/tools/ivy/test/repositories/IVY-84/repo/test/b/1.0.1/b-1.0.1.txt ...
. (0kB)
	[SUCCESSFUL ] test#b;1.0.1!b.txt (1ms)
downloading /Volumes/MacintoshHDD/mccurdyc/computer_science/cs441s2016/cs441s2016-fp-team1/container/tlb/tools/ivy/test/repositories/IVY-84/repo/test/c/1.0.1/c-1.0.1.txt ...
. (0kB)
	[SUCCESSFUL ] test#c;1.0.1!c.txt (2ms)
:: resolution report :: resolve 44ms :: artifacts dl 4ms
	:: evicted modules:
	test#a;1.0.1 by [test#a;1.0.2] in [default]
	---------------------------------------------------------------------
	|                  |            modules            ||   artifacts   |
	|       conf       | number| search|dwnlded|evicted|| number|dwnlded|
	---------------------------------------------------------------------
	|      default     |   4   |   3   |   3   |   1   ||   3   |   3   |
	---------------------------------------------------------------------
:: loading settings :: file = test/repositories/ivysettings.xml
:: loading settings :: file = test/repositories/IVY-84/ivysettings.xml
:: resolving dependencies :: test#test-5;working@Coltons-MacBook-Pro.local
	confs: [default, global, buildtime, test]
	found test#a;1.0.2 in LOCAL
	[1.0.2] test#a;latest.integration
	found test#b;1.0.1 in LOCAL
	found test#c;1.0.1 in LOCAL
downloading /Volumes/MacintoshHDD/mccurdyc/computer_science/cs441s2016/cs441s2016-fp-team1/container/tlb/tools/ivy/test/repositories/IVY-84/repo/test/a/1.0.2/a-1.0.2.txt ...
. (0kB)
	[SUCCESSFUL ] test#a;1.0.2!a.txt (3ms)
downloading /Volumes/MacintoshHDD/mccurdyc/computer_science/cs441s2016/cs441s2016-fp-team1/container/tlb/tools/ivy/test/repositories/IVY-84/repo/test/a/1.0.2/a-bt-1.0.2.txt ...
. (0kB)
	[SUCCESSFUL ] test#a;1.0.2!a-bt.txt (1ms)
downloading /Volumes/MacintoshHDD/mccurdyc/computer_science/cs441s2016/cs441s2016-fp-team1/container/tlb/tools/ivy/test/repositories/IVY-84/repo/test/b/1.0.1/b-1.0.1.txt ...
. (0kB)
	[SUCCESSFUL ] test#b;1.0.1!b.txt (1ms)
downloading /Volumes/MacintoshHDD/mccurdyc/computer_science/cs441s2016/cs441s2016-fp-team1/container/tlb/tools/ivy/test/repositories/IVY-84/repo/test/b/1.0.1/b-bt-1.0.1.txt ...
. (0kB)
	[SUCCESSFUL ] test#b;1.0.1!b-bt.txt (1ms)
downloading /Volumes/MacintoshHDD/mccurdyc/computer_science/cs441s2016/cs441s2016-fp-team1/container/tlb/tools/ivy/test/repositories/IVY-84/repo/test/c/1.0.1/c-1.0.1.txt ...
. (0kB)
	[SUCCESSFUL ] test#c;1.0.1!c.txt (2ms)
downloading /Volumes/MacintoshHDD/mccurdyc/computer_science/cs441s2016/cs441s2016-fp-team1/container/tlb/tools/ivy/test/repositories/IVY-84/repo/test/c/1.0.1/c-bt-1.0.1.txt ...
. (0kB)
	[SUCCESSFUL ] test#c;1.0.1!c-bt.txt (1ms)
:: resolution report :: resolve 48ms :: artifacts dl 11ms
	:: evicted modules:
	test#a;1.0.1 by [test#a;1.0.2] in [default, buildtime, global]
	---------------------------------------------------------------------
	|                  |            modules            ||   artifacts   |
	|       conf       | number| search|dwnlded|evicted|| number|dwnlded|
	---------------------------------------------------------------------
	|      default     |   4   |   3   |   3   |   1   ||   3   |   3   |
	|      global      |   4   |   3   |   3   |   1   ||   3   |   3   |
	|     buildtime    |   4   |   3   |   3   |   1   ||   3   |   3   |
	|       test       |   0   |   0   |   0   |   0   ||   0   |   0   |
	---------------------------------------------------------------------
:: loading settings :: file = test/repositories/ivysettings.xml
:: loading settings :: file = test/repositories/IVY-84/ivysettings.xml
:: resolving dependencies :: test#test-6;working@Coltons-MacBook-Pro.local
	confs: [default, buildtime]
	found test#a;1.0.2 in LOCAL
	[1.0.2] test#a;latest.integration
	found test#b;1.0.1 in LOCAL
	found test#c;1.0.1 in LOCAL
downloading /Volumes/MacintoshHDD/mccurdyc/computer_science/cs441s2016/cs441s2016-fp-team1/container/tlb/tools/ivy/test/repositories/IVY-84/repo/test/a/1.0.2/a-1.0.2.txt ...
. (0kB)
	[SUCCESSFUL ] test#a;1.0.2!a.txt (2ms)
downloading /Volumes/MacintoshHDD/mccurdyc/computer_science/cs441s2016/cs441s2016-fp-team1/container/tlb/tools/ivy/test/repositories/IVY-84/repo/test/a/1.0.2/a-bt-1.0.2.txt ...
. (0kB)
	[SUCCESSFUL ] test#a;1.0.2!a-bt.txt (1ms)
downloading /Volumes/MacintoshHDD/mccurdyc/computer_science/cs441s2016/cs441s2016-fp-team1/container/tlb/tools/ivy/test/repositories/IVY-84/repo/test/b/1.0.1/b-1.0.1.txt ...
. (0kB)
	[SUCCESSFUL ] test#b;1.0.1!b.txt (1ms)
downloading /Volumes/MacintoshHDD/mccurdyc/computer_science/cs441s2016/cs441s2016-fp-team1/container/tlb/tools/ivy/test/repositories/IVY-84/repo/test/b/1.0.1/b-bt-1.0.1.txt ...
. (0kB)
	[SUCCESSFUL ] test#b;1.0.1!b-bt.txt (2ms)
downloading /Volumes/MacintoshHDD/mccurdyc/computer_science/cs441s2016/cs441s2016-fp-team1/container/tlb/tools/ivy/test/repositories/IVY-84/repo/test/c/1.0.1/c-1.0.1.txt ...
. (0kB)
	[SUCCESSFUL ] test#c;1.0.1!c.txt (1ms)
downloading /Volumes/MacintoshHDD/mccurdyc/computer_science/cs441s2016/cs441s2016-fp-team1/container/tlb/tools/ivy/test/repositories/IVY-84/repo/test/c/1.0.1/c-bt-1.0.1.txt ...
. (0kB)
	[SUCCESSFUL ] test#c;1.0.1!c-bt.txt (0ms)
:: resolution report :: resolve 58ms :: artifacts dl 11ms
	:: evicted modules:
	test#a;1.0.1 by [test#a;1.0.2] in [default, buildtime]
	---------------------------------------------------------------------
	|                  |            modules            ||   artifacts   |
	|       conf       | number| search|dwnlded|evicted|| number|dwnlded|
	---------------------------------------------------------------------
	|      default     |   4   |   3   |   3   |   1   ||   3   |   3   |
	|     buildtime    |   4   |   3   |   3   |   1   ||   3   |   3   |
	---------------------------------------------------------------------
:: loading settings :: file = test/repositories/ivysettings.xml
:: loading settings :: file = test/repositories/IVY-84/ivysettings.xml
:: resolving dependencies :: test#test-7;working@Coltons-MacBook-Pro.local
	confs: [buildtime, default]
	found test#a;1.0.2 in LOCAL
	[1.0.2] test#a;latest.integration
	found test#b;1.0.1 in LOCAL
	found test#c;1.0.1 in LOCAL
downloading /Volumes/MacintoshHDD/mccurdyc/computer_science/cs441s2016/cs441s2016-fp-team1/container/tlb/tools/ivy/test/repositories/IVY-84/repo/test/a/1.0.2/a-1.0.2.txt ...
. (0kB)
	[SUCCESSFUL ] test#a;1.0.2!a.txt (1ms)
downloading /Volumes/MacintoshHDD/mccurdyc/computer_science/cs441s2016/cs441s2016-fp-team1/container/tlb/tools/ivy/test/repositories/IVY-84/repo/test/a/1.0.2/a-bt-1.0.2.txt ...
. (0kB)
	[SUCCESSFUL ] test#a;1.0.2!a-bt.txt (3ms)
downloading /Volumes/MacintoshHDD/mccurdyc/computer_science/cs441s2016/cs441s2016-fp-team1/container/tlb/tools/ivy/test/repositories/IVY-84/repo/test/b/1.0.1/b-1.0.1.txt ...
. (0kB)
	[SUCCESSFUL ] test#b;1.0.1!b.txt (3ms)
downloading /Volumes/MacintoshHDD/mccurdyc/computer_science/cs441s2016/cs441s2016-fp-team1/container/tlb/tools/ivy/test/repositories/IVY-84/repo/test/b/1.0.1/b-bt-1.0.1.txt ...
. (0kB)
	[SUCCESSFUL ] test#b;1.0.1!b-bt.txt (2ms)
downloading /Volumes/MacintoshHDD/mccurdyc/computer_science/cs441s2016/cs441s2016-fp-team1/container/tlb/tools/ivy/test/repositories/IVY-84/repo/test/c/1.0.1/c-1.0.1.txt ...
. (0kB)
	[SUCCESSFUL ] test#c;1.0.1!c.txt (1ms)
downloading /Volumes/MacintoshHDD/mccurdyc/computer_science/cs441s2016/cs441s2016-fp-team1/container/tlb/tools/ivy/test/repositories/IVY-84/repo/test/c/1.0.1/c-bt-1.0.1.txt ...
. (0kB)
	[SUCCESSFUL ] test#c;1.0.1!c-bt.txt (72ms)
:: resolution report :: resolve 51ms :: artifacts dl 87ms
	:: evicted modules:
	test#a;1.0.1 by [test#a;1.0.2] in [default, buildtime]
	---------------------------------------------------------------------
	|                  |            modules            ||   artifacts   |
	|       conf       | number| search|dwnlded|evicted|| number|dwnlded|
	---------------------------------------------------------------------
	|     buildtime    |   4   |   3   |   3   |   1   ||   3   |   3   |
	|      default     |   4   |   3   |   3   |   1   ||   3   |   3   |
	---------------------------------------------------------------------
:: loading settings :: file = test/repositories/ivysettings.xml
:: resolving dependencies :: org9#mod9.2;1.0
	confs: [default]
	found org9#mod9.1;1.0 in 1
	[1.0] org9#mod9.1;latest.integration
	found org1#mod1.2;2.0 in 1
downloading /Volumes/MacintoshHDD/mccurdyc/computer_science/cs441s2016/cs441s2016-fp-team1/container/tlb/tools/ivy/test/repositories/1/org9/mod9.1/jars/mod9.1-1.0.jar ...
.. (0kB)
	[SUCCESSFUL ] org9#mod9.1;1.0!mod9.1.jar (22ms)
downloading /Volumes/MacintoshHDD/mccurdyc/computer_science/cs441s2016/cs441s2016-fp-team1/container/tlb/tools/ivy/test/repositories/1/org1/mod1.2/jars/mod1.2-2.0.jar ...
. (0kB)
	[SUCCESSFUL ] org1#mod1.2;2.0!mod1.2.jar (1ms)
:: resolution report :: resolve 28ms :: artifacts dl 23ms
	---------------------------------------------------------------------
	|                  |            modules            ||   artifacts   |
	|       conf       | number| search|dwnlded|evicted|| number|dwnlded|
	---------------------------------------------------------------------
	|      default     |   2   |   2   |   1   |   0   ||   2   |   2   |
	---------------------------------------------------------------------
:: loading settings :: file = test/repositories/ivysettings.xml
:: resolving dependencies :: multiple-same-deps#mod1;1.0
	confs: [default, compile, runtime, test, war]
	found multiple-same-deps#mod2;1.0 in 1
	found multiple-same-deps#mod3;1.0 in 1
	found multiple-same-deps#mod33;1.0 in 1
	found multiple-same-deps#mod32;1.0 in 1
	found multiple-same-deps#mod31;1.0 in 1
downloading /Volumes/MacintoshHDD/mccurdyc/computer_science/cs441s2016/cs441s2016-fp-team1/container/tlb/tools/ivy/test/repositories/1/multiple-same-deps/mod2/jars/mod2-1.0.jar ...
.. (0kB)
	[SUCCESSFUL ] multiple-same-deps#mod2;1.0!mod2.jar (1ms)
downloading /Volumes/MacintoshHDD/mccurdyc/computer_science/cs441s2016/cs441s2016-fp-team1/container/tlb/tools/ivy/test/repositories/1/multiple-same-deps/mod3/jars/mod3-1.0.jar ...
.. (0kB)
	[SUCCESSFUL ] multiple-same-deps#mod3;1.0!mod3.jar (20ms)
downloading /Volumes/MacintoshHDD/mccurdyc/computer_science/cs441s2016/cs441s2016-fp-team1/container/tlb/tools/ivy/test/repositories/1/multiple-same-deps/mod33/jars/mod33-1.0.jar ...
.. (0kB)
	[SUCCESSFUL ] multiple-same-deps#mod33;1.0!mod33.jar (1ms)
downloading /Volumes/MacintoshHDD/mccurdyc/computer_science/cs441s2016/cs441s2016-fp-team1/container/tlb/tools/ivy/test/repositories/1/multiple-same-deps/mod32/jars/mod32-1.0.jar ...
.. (0kB)
	[SUCCESSFUL ] multiple-same-deps#mod32;1.0!mod32.jar (1ms)
downloading /Volumes/MacintoshHDD/mccurdyc/computer_science/cs441s2016/cs441s2016-fp-team1/container/tlb/tools/ivy/test/repositories/1/multiple-same-deps/mod31/jars/mod31-1.0.jar ...
.. (0kB)
	[SUCCESSFUL ] multiple-same-deps#mod31;1.0!mod31.jar (1ms)
:: resolution report :: resolve 77ms :: artifacts dl 30ms
	---------------------------------------------------------------------
	|                  |            modules            ||   artifacts   |
	|       conf       | number| search|dwnlded|evicted|| number|dwnlded|
	---------------------------------------------------------------------
	|      default     |   0   |   0   |   0   |   0   ||   0   |   0   |
	|      compile     |   5   |   5   |   5   |   0   ||   5   |   5   |
	|      runtime     |   5   |   5   |   5   |   0   ||   5   |   5   |
	|       test       |   5   |   5   |   5   |   0   ||   5   |   5   |
	|        war       |   0   |   0   |   0   |   0   ||   0   |   0   |
	---------------------------------------------------------------------
:: loading settings :: file = test/repositories/ivysettings.xml
:: resolving dependencies :: org2#mod2.5;0.6
	confs: [default]
	found org2#mod2.3;0.7 in 1
	found org2#mod2.1;0.3 in 1
	found org1#mod1.1;1.0 in 1
	found org1#mod1.2;2.0 in 1
downloading /Volumes/MacintoshHDD/mccurdyc/computer_science/cs441s2016/cs441s2016-fp-team1/container/tlb/tools/ivy/test/repositories/1/org2/mod2.3/jars/mod2.3-0.7.jar ...
.. (0kB)
	[SUCCESSFUL ] org2#mod2.3;0.7!mod2.3.jar (2ms)
downloading /Volumes/MacintoshHDD/mccurdyc/computer_science/cs441s2016/cs441s2016-fp-team1/container/tlb/tools/ivy/test/repositories/1/org2/mod2.1/jars/art21A-0.3.jar ...
.. (0kB)
	[SUCCESSFUL ] org2#mod2.1;0.3!art21A.jar (1ms)
downloading /Volumes/MacintoshHDD/mccurdyc/computer_science/cs441s2016/cs441s2016-fp-team1/container/tlb/tools/ivy/test/repositories/1/org1/mod1.1/jars/mod1.1-1.0.jar ...
.. (0kB)
	[SUCCESSFUL ] org1#mod1.1;1.0!mod1.1.jar (1ms)
downloading /Volumes/MacintoshHDD/mccurdyc/computer_science/cs441s2016/cs441s2016-fp-team1/container/tlb/tools/ivy/test/repositories/1/org1/mod1.2/jars/mod1.2-2.0.jar ...
. (0kB)
	[SUCCESSFUL ] org1#mod1.2;2.0!mod1.2.jar (1ms)
:: resolution report :: resolve 34ms :: artifacts dl 6ms
	---------------------------------------------------------------------
	|                  |            modules            ||   artifacts   |
	|       conf       | number| search|dwnlded|evicted|| number|dwnlded|
	---------------------------------------------------------------------
	|      default     |   4   |   4   |   3   |   0   ||   4   |   4   |
	---------------------------------------------------------------------
:: loading settings :: file = test/repositories/ivysettings.xml
:: resolving dependencies :: org2#mod2.6;0.6
	confs: [default]
	found org2#mod2.3;0.6 in 1
	found org2#mod2.1;0.3 in 1
	found org1#mod1.1;1.0 in 1
	found org1#mod1.2;2.0 in 1
	found org2#mod2.5;0.7 in 1
downloading /Volumes/MacintoshHDD/mccurdyc/computer_science/cs441s2016/cs441s2016-fp-team1/container/tlb/tools/ivy/test/repositories/1/org2/mod2.5/jars/mod2.5-0.7.jar ...
.. (0kB)
	[SUCCESSFUL ] org2#mod2.5;0.7!mod2.5.jar (2ms)
downloading /Volumes/MacintoshHDD/mccurdyc/computer_science/cs441s2016/cs441s2016-fp-team1/container/tlb/tools/ivy/test/repositories/1/org2/mod2.1/jars/art21A-0.3.jar ...
.. (0kB)
	[SUCCESSFUL ] org2#mod2.1;0.3!art21A.jar (5ms)
downloading /Volumes/MacintoshHDD/mccurdyc/computer_science/cs441s2016/cs441s2016-fp-team1/container/tlb/tools/ivy/test/repositories/1/org2/mod2.1/jars/art21B-0.3.jar ...
.. (0kB)
	[SUCCESSFUL ] org2#mod2.1;0.3!art21B.jar (1ms)
downloading /Volumes/MacintoshHDD/mccurdyc/computer_science/cs441s2016/cs441s2016-fp-team1/container/tlb/tools/ivy/test/repositories/1/org1/mod1.1/jars/mod1.1-1.0.jar ...
.. (0kB)
	[SUCCESSFUL ] org1#mod1.1;1.0!mod1.1.jar (7ms)
downloading /Volumes/MacintoshHDD/mccurdyc/computer_science/cs441s2016/cs441s2016-fp-team1/container/tlb/tools/ivy/test/repositories/1/org1/mod1.2/jars/mod1.2-2.0.jar ...
. (0kB)
	[SUCCESSFUL ] org1#mod1.2;2.0!mod1.2.jar (1ms)
:: resolution report :: resolve 95ms :: artifacts dl 19ms
	---------------------------------------------------------------------
	|                  |            modules            ||   artifacts   |
	|       conf       | number| search|dwnlded|evicted|| number|dwnlded|
	---------------------------------------------------------------------
	|      default     |   5   |   5   |   4   |   0   ||   6   |   5   |
	---------------------------------------------------------------------

:: problems summary ::
:::: WARNINGS
		[NOT FOUND  ] org2#mod2.3;0.6!mod2.3.jar (0ms)

	==== 1: tried

	  /Volumes/MacintoshHDD/mccurdyc/computer_science/cs441s2016/cs441s2016-fp-team1/container/tlb/tools/ivy/test/repositories/1/org2/mod2.3/jars/mod2.3-0.6.jar

		::::::::::::::::::::::::::::::::::::::::::::::

		::              FAILED DOWNLOADS            ::

		:: ^ see resolution messages for details  ^ ::

		::::::::::::::::::::::::::::::::::::::::::::::

		:: org2#mod2.3;0.6!mod2.3.jar

		::::::::::::::::::::::::::::::::::::::::::::::



:: USE VERBOSE OR DEBUG MESSAGE LEVEL FOR MORE DETAILS
:: loading settings :: file = test/repositories/ivysettings.xml
:: resolving dependencies :: org2#mod2.6;0.7
	confs: [default]
	found org2#mod2.3;0.6 in 1
	found org2#mod2.1;0.3 in 1
	found org1#mod1.1;1.0 in 1
	found org1#mod1.2;2.0 in 1
	found org2#mod2.5;0.8 in 1
downloading /Volumes/MacintoshHDD/mccurdyc/computer_science/cs441s2016/cs441s2016-fp-team1/container/tlb/tools/ivy/test/repositories/1/org2/mod2.5/jars/mod2.5-0.8.jar ...
.. (0kB)
	[SUCCESSFUL ] org2#mod2.5;0.8!mod2.5.jar (1ms)
downloading /Volumes/MacintoshHDD/mccurdyc/computer_science/cs441s2016/cs441s2016-fp-team1/container/tlb/tools/ivy/test/repositories/1/org2/mod2.1/jars/art21A-0.3.jar ...
.. (0kB)
	[SUCCESSFUL ] org2#mod2.1;0.3!art21A.jar (1ms)
downloading /Volumes/MacintoshHDD/mccurdyc/computer_science/cs441s2016/cs441s2016-fp-team1/container/tlb/tools/ivy/test/repositories/1/org1/mod1.1/jars/mod1.1-1.0.jar ...
.. (0kB)
	[SUCCESSFUL ] org1#mod1.1;1.0!mod1.1.jar (1ms)
downloading /Volumes/MacintoshHDD/mccurdyc/computer_science/cs441s2016/cs441s2016-fp-team1/container/tlb/tools/ivy/test/repositories/1/org1/mod1.2/jars/mod1.2-2.0.jar ...
. (0kB)
	[SUCCESSFUL ] org1#mod1.2;2.0!mod1.2.jar (1ms)
:: resolution report :: resolve 106ms :: artifacts dl 6ms
	---------------------------------------------------------------------
	|                  |            modules            ||   artifacts   |
	|       conf       | number| search|dwnlded|evicted|| number|dwnlded|
	---------------------------------------------------------------------
	|      default     |   5   |   5   |   4   |   0   ||   5   |   4   |
	---------------------------------------------------------------------

:: problems summary ::
:::: WARNINGS
		[NOT FOUND  ] org2#mod2.3;0.6!mod2.3.jar (0ms)

	==== 1: tried

	  /Volumes/MacintoshHDD/mccurdyc/computer_science/cs441s2016/cs441s2016-fp-team1/container/tlb/tools/ivy/test/repositories/1/org2/mod2.3/jars/mod2.3-0.6.jar

		::::::::::::::::::::::::::::::::::::::::::::::

		::              FAILED DOWNLOADS            ::

		:: ^ see resolution messages for details  ^ ::

		::::::::::::::::::::::::::::::::::::::::::::::

		:: org2#mod2.3;0.6!mod2.3.jar

		::::::::::::::::::::::::::::::::::::::::::::::



:: USE VERBOSE OR DEBUG MESSAGE LEVEL FOR MORE DETAILS
:: loading settings :: file = test/repositories/ivysettings.xml
:: resolving dependencies :: org2#mod2.6;0.8
	confs: [default]
	found org2#mod2.1;0.3 in 1
	found org1#mod1.1;1.0 in 1
	found org1#mod1.2;2.0 in 1
	found org2#mod2.3;0.6 in 1
	found org2#mod2.5;0.8 in 1
downloading /Volumes/MacintoshHDD/mccurdyc/computer_science/cs441s2016/cs441s2016-fp-team1/container/tlb/tools/ivy/test/repositories/1/org2/mod2.1/jars/art21A-0.3.jar ...
.. (0kB)
	[SUCCESSFUL ] org2#mod2.1;0.3!art21A.jar (1ms)
downloading /Volumes/MacintoshHDD/mccurdyc/computer_science/cs441s2016/cs441s2016-fp-team1/container/tlb/tools/ivy/test/repositories/1/org2/mod2.1/jars/art21B-0.3.jar ...
.. (0kB)
	[SUCCESSFUL ] org2#mod2.1;0.3!art21B.jar (4ms)
downloading /Volumes/MacintoshHDD/mccurdyc/computer_science/cs441s2016/cs441s2016-fp-team1/container/tlb/tools/ivy/test/repositories/1/org2/mod2.5/jars/mod2.5-0.8.jar ...
.. (0kB)
	[SUCCESSFUL ] org2#mod2.5;0.8!mod2.5.jar (2ms)
downloading /Volumes/MacintoshHDD/mccurdyc/computer_science/cs441s2016/cs441s2016-fp-team1/container/tlb/tools/ivy/test/repositories/1/org1/mod1.1/jars/mod1.1-1.0.jar ...
.. (0kB)
	[SUCCESSFUL ] org1#mod1.1;1.0!mod1.1.jar (6ms)
downloading /Volumes/MacintoshHDD/mccurdyc/computer_science/cs441s2016/cs441s2016-fp-team1/container/tlb/tools/ivy/test/repositories/1/org1/mod1.2/jars/mod1.2-2.0.jar ...
. (0kB)
	[SUCCESSFUL ] org1#mod1.2;2.0!mod1.2.jar (2ms)
:: resolution report :: resolve 298ms :: artifacts dl 18ms
	---------------------------------------------------------------------
	|                  |            modules            ||   artifacts   |
	|       conf       | number| search|dwnlded|evicted|| number|dwnlded|
	---------------------------------------------------------------------
	|      default     |   5   |   5   |   4   |   0   ||   6   |   5   |
	---------------------------------------------------------------------

:: problems summary ::
:::: WARNINGS
		[NOT FOUND  ] org2#mod2.3;0.6!mod2.3.jar (0ms)

	==== 1: tried

	  /Volumes/MacintoshHDD/mccurdyc/computer_science/cs441s2016/cs441s2016-fp-team1/container/tlb/tools/ivy/test/repositories/1/org2/mod2.3/jars/mod2.3-0.6.jar

		::::::::::::::::::::::::::::::::::::::::::::::

		::              FAILED DOWNLOADS            ::

		:: ^ see resolution messages for details  ^ ::

		::::::::::::::::::::::::::::::::::::::::::::::

		:: org2#mod2.3;0.6!mod2.3.jar

		::::::::::::::::::::::::::::::::::::::::::::::



:: USE VERBOSE OR DEBUG MESSAGE LEVEL FOR MORE DETAILS
:: loading settings :: file = test/repositories/ivysettings.xml
:: resolving dependencies :: org2#mod2.6;0.9
	confs: [default]
	found org2#mod2.3;0.6 in 1
	found org2#mod2.1;0.3 in 1
	found org1#mod1.1;1.0 in 1
	found org1#mod1.2;2.0 in 1
downloading /Volumes/MacintoshHDD/mccurdyc/computer_science/cs441s2016/cs441s2016-fp-team1/container/tlb/tools/ivy/test/repositories/1/org1/mod1.1/jars/mod1.1-1.0.jar ...
.. (0kB)
	[SUCCESSFUL ] org1#mod1.1;1.0!mod1.1.jar (1ms)
downloading /Volumes/MacintoshHDD/mccurdyc/computer_science/cs441s2016/cs441s2016-fp-team1/container/tlb/tools/ivy/test/repositories/1/org1/mod1.2/jars/mod1.2-2.0.jar ...
. (0kB)
	[SUCCESSFUL ] org1#mod1.2;2.0!mod1.2.jar (1ms)
:: resolution report :: resolve 343ms :: artifacts dl 15ms
	---------------------------------------------------------------------
	|                  |            modules            ||   artifacts   |
	|       conf       | number| search|dwnlded|evicted|| number|dwnlded|
	---------------------------------------------------------------------
	|      default     |   4   |   4   |   3   |   0   ||   3   |   2   |
	---------------------------------------------------------------------

:: problems summary ::
:::: WARNINGS
		[NOT FOUND  ] org2#mod2.3;0.6!mod2.3.jar (0ms)

	==== 1: tried

	  /Volumes/MacintoshHDD/mccurdyc/computer_science/cs441s2016/cs441s2016-fp-team1/container/tlb/tools/ivy/test/repositories/1/org2/mod2.3/jars/mod2.3-0.6.jar

		::::::::::::::::::::::::::::::::::::::::::::::

		::              FAILED DOWNLOADS            ::

		:: ^ see resolution messages for details  ^ ::

		::::::::::::::::::::::::::::::::::::::::::::::

		:: org2#mod2.3;0.6!mod2.3.jar

		::::::::::::::::::::::::::::::::::::::::::::::



:: USE VERBOSE OR DEBUG MESSAGE LEVEL FOR MORE DETAILS
:: loading settings :: file = test/repositories/ivysettings.xml
:: resolving dependencies :: org2#mod2.6;0.10
	confs: [default]
	found org2#mod2.1;0.3 in 1
downloading /Volumes/MacintoshHDD/mccurdyc/computer_science/cs441s2016/cs441s2016-fp-team1/container/tlb/tools/ivy/test/repositories/1/org2/mod2.1/jars/art21A-0.3.jar ...
.. (0kB)
	[SUCCESSFUL ] org2#mod2.1;0.3!art21A.jar (1ms)
downloading /Volumes/MacintoshHDD/mccurdyc/computer_science/cs441s2016/cs441s2016-fp-team1/container/tlb/tools/ivy/test/repositories/1/org2/mod2.1/jars/art21B-0.3.jar ...
.. (0kB)
	[SUCCESSFUL ] org2#mod2.1;0.3!art21B.jar (3ms)
:: resolution report :: resolve 110ms :: artifacts dl 5ms
	---------------------------------------------------------------------
	|                  |            modules            ||   artifacts   |
	|       conf       | number| search|dwnlded|evicted|| number|dwnlded|
	---------------------------------------------------------------------
	|      default     |   1   |   1   |   1   |   0   ||   2   |   2   |
	---------------------------------------------------------------------
:: loading settings :: file = test/repositories/ivysettings.xml
:: resolving dependencies :: org2#mod2.6;0.11
	confs: [default]
	found org2#mod2.1;0.3 in 1
	found org1#mod1.4;1.0.1 in 1
	found org1#mod1.2;2.2 in 1
	[2.2] org1#mod1.2;latest.integration
downloading /Volumes/MacintoshHDD/mccurdyc/computer_science/cs441s2016/cs441s2016-fp-team1/container/tlb/tools/ivy/test/repositories/1/org2/mod2.1/jars/art21A-0.3.jar ...
.. (0kB)
	[SUCCESSFUL ] org2#mod2.1;0.3!art21A.jar (1ms)
downloading /Volumes/MacintoshHDD/mccurdyc/computer_science/cs441s2016/cs441s2016-fp-team1/container/tlb/tools/ivy/test/repositories/1/org2/mod2.1/jars/art21B-0.3.jar ...
.. (0kB)
	[SUCCESSFUL ] org2#mod2.1;0.3!art21B.jar (2ms)
downloading /Volumes/MacintoshHDD/mccurdyc/computer_science/cs441s2016/cs441s2016-fp-team1/container/tlb/tools/ivy/test/repositories/1/org1/mod1.2/jars/mod1.2-2.2.jar ...
. (0kB)
	[SUCCESSFUL ] org1#mod1.2;2.2!mod1.2.jar (3ms)
:: resolution report :: resolve 40ms :: artifacts dl 7ms
	---------------------------------------------------------------------
	|                  |            modules            ||   artifacts   |
	|       conf       | number| search|dwnlded|evicted|| number|dwnlded|
	---------------------------------------------------------------------
	|      default     |   3   |   3   |   2   |   0   ||   3   |   3   |
	---------------------------------------------------------------------
:: loading settings :: file = test/repositories/ivysettings.xml
:: resolving dependencies :: org2#mod2.6;0.13
	confs: [include]
	found org2#mod2.5;0.9 in 1
	found org2#mod2.3;0.4 in 1
	found org2#mod2.1;0.3 in 1
	found org1#mod1.1;1.0 in 1
	found org1#mod1.2;2.0 in 1
downloading /Volumes/MacintoshHDD/mccurdyc/computer_science/cs441s2016/cs441s2016-fp-team1/container/tlb/tools/ivy/test/repositories/1/org2/mod2.1/jars/art21A-0.3.jar ...
.. (0kB)
	[SUCCESSFUL ] org2#mod2.1;0.3!art21A.jar (1ms)
downloading /Volumes/MacintoshHDD/mccurdyc/computer_science/cs441s2016/cs441s2016-fp-team1/container/tlb/tools/ivy/test/repositories/1/org2/mod2.1/jars/art21B-0.3.jar ...
.. (0kB)
	[SUCCESSFUL ] org2#mod2.1;0.3!art21B.jar (2ms)
downloading /Volumes/MacintoshHDD/mccurdyc/computer_science/cs441s2016/cs441s2016-fp-team1/container/tlb/tools/ivy/test/repositories/1/org1/mod1.1/jars/mod1.1-1.0.jar ...
.. (0kB)
	[SUCCESSFUL ] org1#mod1.1;1.0!mod1.1.jar (1ms)
downloading /Volumes/MacintoshHDD/mccurdyc/computer_science/cs441s2016/cs441s2016-fp-team1/container/tlb/tools/ivy/test/repositories/1/org1/mod1.2/jars/mod1.2-2.0.jar ...
. (0kB)
	[SUCCESSFUL ] org1#mod1.2;2.0!mod1.2.jar (1ms)
:: resolution report :: resolve 41ms :: artifacts dl 7ms
	---------------------------------------------------------------------
	|                  |            modules            ||   artifacts   |
	|       conf       | number| search|dwnlded|evicted|| number|dwnlded|
	---------------------------------------------------------------------
	|      include     |   5   |   5   |   4   |   0   ||   5   |   4   |
	---------------------------------------------------------------------

:: problems summary ::
:::: WARNINGS
		[NOT FOUND  ] org2#mod2.5;0.9!mod2.5.jar (0ms)

	==== 1: tried

	  /Volumes/MacintoshHDD/mccurdyc/computer_science/cs441s2016/cs441s2016-fp-team1/container/tlb/tools/ivy/test/repositories/1/org2/mod2.5/jars/mod2.5-0.9.jar

		::::::::::::::::::::::::::::::::::::::::::::::

		::          UNRESOLVED DEPENDENCIES         ::

		::::::::::::::::::::::::::::::::::::::::::::::

		:: org2#mod2.3;0.4: configuration not found in org2#mod2.3;0.4: 'default'. It was required from org2#mod2.6;0.13 include

		::::::::::::::::::::::::::::::::::::::::::::::


		::::::::::::::::::::::::::::::::::::::::::::::

		::              FAILED DOWNLOADS            ::

		:: ^ see resolution messages for details  ^ ::

		::::::::::::::::::::::::::::::::::::::::::::::

		:: org2#mod2.5;0.9!mod2.5.jar

		::::::::::::::::::::::::::::::::::::::::::::::



:: USE VERBOSE OR DEBUG MESSAGE LEVEL FOR MORE DETAILS
:: loading settings :: file = test/repositories/ivysettings.xml
:: resolving dependencies :: org2#mod2.6;0.13
	confs: [exclude]
	found org2#mod2.5;0.9 in 1
:: resolution report :: resolve 10ms :: artifacts dl 0ms
	---------------------------------------------------------------------
	|                  |            modules            ||   artifacts   |
	|       conf       | number| search|dwnlded|evicted|| number|dwnlded|
	---------------------------------------------------------------------
	|      exclude     |   1   |   1   |   1   |   0   ||   1   |   0   |
	---------------------------------------------------------------------

:: problems summary ::
:::: WARNINGS
		[NOT FOUND  ] org2#mod2.5;0.9!mod2.5.jar (0ms)

	==== 1: tried

	  /Volumes/MacintoshHDD/mccurdyc/computer_science/cs441s2016/cs441s2016-fp-team1/container/tlb/tools/ivy/test/repositories/1/org2/mod2.5/jars/mod2.5-0.9.jar

		::::::::::::::::::::::::::::::::::::::::::::::

		::              FAILED DOWNLOADS            ::

		:: ^ see resolution messages for details  ^ ::

		::::::::::::::::::::::::::::::::::::::::::::::

		:: org2#mod2.5;0.9!mod2.5.jar

		::::::::::::::::::::::::::::::::::::::::::::::



:: USE VERBOSE OR DEBUG MESSAGE LEVEL FOR MORE DETAILS
:: loading settings :: file = test/repositories/ivysettings.xml
:: resolving dependencies :: org2#mod2.6;0.14
	confs: [exclude]
:: resolution report :: resolve 2ms :: artifacts dl 0ms
	---------------------------------------------------------------------
	|                  |            modules            ||   artifacts   |
	|       conf       | number| search|dwnlded|evicted|| number|dwnlded|
	---------------------------------------------------------------------
	|      exclude     |   0   |   0   |   0   |   0   ||   0   |   0   |
	---------------------------------------------------------------------
:: loading settings :: file = test/repositories/ivysettings.xml
:: resolving dependencies :: org10#mod10.2;1.3
	confs: [default]
	found org5#mod5.1;4.1 in 2-ivy
downloading /Volumes/MacintoshHDD/mccurdyc/computer_science/cs441s2016/cs441s2016-fp-team1/container/tlb/tools/ivy/test/repositories/2/mod5.1/art51B-4.1.jar ...
.. (0kB)
	[SUCCESSFUL ] org5#mod5.1;4.1!art51B.jar (1ms)
:: resolution report :: resolve 13ms :: artifacts dl 1ms
	---------------------------------------------------------------------
	|                  |            modules            ||   artifacts   |
	|       conf       | number| search|dwnlded|evicted|| number|dwnlded|
	---------------------------------------------------------------------
	|      default     |   1   |   1   |   1   |   0   ||   1   |   1   |
	---------------------------------------------------------------------
:: loading settings :: file = test/repositories/ivysettings.xml
:: resolving dependencies :: org5#mod5.2;3.0
	confs: [A]
	found org5#mod5.1;4.4 in 2-ivy
	found org2#mod2.8;0.6 in 1
downloading /Volumes/MacintoshHDD/mccurdyc/computer_science/cs441s2016/cs441s2016-fp-team1/container/tlb/tools/ivy/test/repositories/2/mod5.1/art51A-4.4.jar ...
.. (0kB)
	[SUCCESSFUL ] org5#mod5.1;4.4!art51A.jar (1ms)
downloading /Volumes/MacintoshHDD/mccurdyc/computer_science/cs441s2016/cs441s2016-fp-team1/container/tlb/tools/ivy/test/repositories/1/org2/mod2.8/jars/art28-win-debug-thread-0.6.jar ...
.. (0kB)
	[SUCCESSFUL ] org2#mod2.8;0.6!art28-win-debug-thread.jar (2ms)
downloading /Volumes/MacintoshHDD/mccurdyc/computer_science/cs441s2016/cs441s2016-fp-team1/container/tlb/tools/ivy/test/repositories/1/org2/mod2.8/jars/art28-linux-debug-0.6.jar ...
.. (0kB)
	[SUCCESSFUL ] org2#mod2.8;0.6!art28-linux-debug.jar (1ms)
downloading /Volumes/MacintoshHDD/mccurdyc/computer_science/cs441s2016/cs441s2016-fp-team1/container/tlb/tools/ivy/test/repositories/1/org2/mod2.8/jars/art28-win-debug-0.6.jar ...
.. (0kB)
	[SUCCESSFUL ] org2#mod2.8;0.6!art28-win-debug.jar (1ms)
downloading /Volumes/MacintoshHDD/mccurdyc/computer_science/cs441s2016/cs441s2016-fp-team1/container/tlb/tools/ivy/test/repositories/1/org2/mod2.8/jars/art28-linux-debug-thread-0.6.jar ...
.. (0kB)
	[SUCCESSFUL ] org2#mod2.8;0.6!art28-linux-debug-thread.jar (1ms)
:: resolution report :: resolve 22ms :: artifacts dl 8ms
	---------------------------------------------------------------------
	|                  |            modules            ||   artifacts   |
	|       conf       | number| search|dwnlded|evicted|| number|dwnlded|
	---------------------------------------------------------------------
	|         A        |   2   |   2   |   2   |   0   ||   5   |   5   |
	---------------------------------------------------------------------
:: loading settings :: file = test/repositories/ivysettings.xml
:: resolving dependencies :: org5#mod5.2;3.0
	confs: [B]
	found org5#mod5.1;4.4 in 2-ivy
	found org1#mod1.2;2.0 in 1
	found org2#mod2.2;0.9 in 1
	found org2#mod2.1;0.5 in 1
	found org2#mod2.8;0.6 in 1
downloading /Volumes/MacintoshHDD/mccurdyc/computer_science/cs441s2016/cs441s2016-fp-team1/container/tlb/tools/ivy/test/repositories/2/mod5.1/art51B-4.4.dll ...
. (0kB)
	[SUCCESSFUL ] org5#mod5.1;4.4!art51B.dll (1ms)
downloading /Volumes/MacintoshHDD/mccurdyc/computer_science/cs441s2016/cs441s2016-fp-team1/container/tlb/tools/ivy/test/repositories/2/mod5.1/art51B-4.4.jar ...
. (0kB)
	[SUCCESSFUL ] org5#mod5.1;4.4!art51B.jar (0ms)
downloading /Volumes/MacintoshHDD/mccurdyc/computer_science/cs441s2016/cs441s2016-fp-team1/container/tlb/tools/ivy/test/repositories/2/mod5.1/art51B-4.4.so ...
. (0kB)
	[SUCCESSFUL ] org5#mod5.1;4.4!art51B.so (0ms)
downloading /Volumes/MacintoshHDD/mccurdyc/computer_science/cs441s2016/cs441s2016-fp-team1/container/tlb/tools/ivy/test/repositories/1/org1/mod1.2/jars/mod1.2-2.0.jar ...
. (0kB)
	[SUCCESSFUL ] org1#mod1.2;2.0!mod1.2.jar (2ms)
downloading /Volumes/MacintoshHDD/mccurdyc/computer_science/cs441s2016/cs441s2016-fp-team1/container/tlb/tools/ivy/test/repositories/1/org2/mod2.2/jars/art22-1-0.9.jar ...
.. (0kB)
	[SUCCESSFUL ] org2#mod2.2;0.9!art22-1.jar (1ms)
downloading /Volumes/MacintoshHDD/mccurdyc/computer_science/cs441s2016/cs441s2016-fp-team1/container/tlb/tools/ivy/test/repositories/1/org2/mod2.2/jars/art22-2-0.9.jar ...
.. (0kB)
	[SUCCESSFUL ] org2#mod2.2;0.9!art22-2.jar (1ms)
downloading /Volumes/MacintoshHDD/mccurdyc/computer_science/cs441s2016/cs441s2016-fp-team1/container/tlb/tools/ivy/test/repositories/1/org2/mod2.1/jars/art21AB-0.5.jar ...
.. (0kB)
	[SUCCESSFUL ] org2#mod2.1;0.5!art21AB.jar (1ms)
downloading /Volumes/MacintoshHDD/mccurdyc/computer_science/cs441s2016/cs441s2016-fp-team1/container/tlb/tools/ivy/test/repositories/1/org2/mod2.8/jars/art28-win-debug-thread-0.6.jar ...
.. (0kB)
	[SUCCESSFUL ] org2#mod2.8;0.6!art28-win-debug-thread.jar (1ms)
downloading /Volumes/MacintoshHDD/mccurdyc/computer_science/cs441s2016/cs441s2016-fp-team1/container/tlb/tools/ivy/test/repositories/1/org2/mod2.8/jars/art28-linux-debug-0.6.jar ...
.. (0kB)
	[SUCCESSFUL ] org2#mod2.8;0.6!art28-linux-debug.jar (1ms)
downloading /Volumes/MacintoshHDD/mccurdyc/computer_science/cs441s2016/cs441s2016-fp-team1/container/tlb/tools/ivy/test/repositories/1/org2/mod2.8/jars/art28-win-debug-0.6.jar ...
.. (0kB)
	[SUCCESSFUL ] org2#mod2.8;0.6!art28-win-debug.jar (0ms)
downloading /Volumes/MacintoshHDD/mccurdyc/computer_science/cs441s2016/cs441s2016-fp-team1/container/tlb/tools/ivy/test/repositories/1/org2/mod2.8/jars/art28-linux-debug-thread-0.6.jar ...
.. (0kB)
	[SUCCESSFUL ] org2#mod2.8;0.6!art28-linux-debug-thread.jar (1ms)
:: resolution report :: resolve 42ms :: artifacts dl 16ms
	---------------------------------------------------------------------
	|                  |            modules            ||   artifacts   |
	|       conf       | number| search|dwnlded|evicted|| number|dwnlded|
	---------------------------------------------------------------------
	|         B        |   5   |   5   |   4   |   0   ||   11  |   11  |
	---------------------------------------------------------------------
:: loading settings :: file = test/repositories/ivysettings.xml
:: resolving dependencies :: org5#mod5.2;3.0
	confs: [B+windows]
	found org5#mod5.1;4.4 in 2-ivy
	found org1#mod1.2;2.0 in 1
	found org2#mod2.2;0.9 in 1
	found org2#mod2.1;0.5 in 1
	found org2#mod2.8;0.6 in 1
downloading /Volumes/MacintoshHDD/mccurdyc/computer_science/cs441s2016/cs441s2016-fp-team1/container/tlb/tools/ivy/test/repositories/2/mod5.1/art51B-4.4.dll ...
. (0kB)
	[SUCCESSFUL ] org5#mod5.1;4.4!art51B.dll (2ms)
downloading /Volumes/MacintoshHDD/mccurdyc/computer_science/cs441s2016/cs441s2016-fp-team1/container/tlb/tools/ivy/test/repositories/2/mod5.1/art51B-4.4.jar ...
. (0kB)
	[SUCCESSFUL ] org5#mod5.1;4.4!art51B.jar (1ms)
downloading /Volumes/MacintoshHDD/mccurdyc/computer_science/cs441s2016/cs441s2016-fp-team1/container/tlb/tools/ivy/test/repositories/1/org1/mod1.2/jars/mod1.2-2.0.jar ...
. (0kB)
	[SUCCESSFUL ] org1#mod1.2;2.0!mod1.2.jar (1ms)
downloading /Volumes/MacintoshHDD/mccurdyc/computer_science/cs441s2016/cs441s2016-fp-team1/container/tlb/tools/ivy/test/repositories/1/org2/mod2.2/jars/art22-1-0.9.jar ...
.. (0kB)
	[SUCCESSFUL ] org2#mod2.2;0.9!art22-1.jar (1ms)
downloading /Volumes/MacintoshHDD/mccurdyc/computer_science/cs441s2016/cs441s2016-fp-team1/container/tlb/tools/ivy/test/repositories/1/org2/mod2.1/jars/art21AB-0.5.jar ...
.. (0kB)
	[SUCCESSFUL ] org2#mod2.1;0.5!art21AB.jar (1ms)
downloading /Volumes/MacintoshHDD/mccurdyc/computer_science/cs441s2016/cs441s2016-fp-team1/container/tlb/tools/ivy/test/repositories/1/org2/mod2.8/jars/art28-win-debug-thread-0.6.jar ...
.. (0kB)
	[SUCCESSFUL ] org2#mod2.8;0.6!art28-win-debug-thread.jar (2ms)
:: resolution report :: resolve 43ms :: artifacts dl 9ms
	---------------------------------------------------------------------
	|                  |            modules            ||   artifacts   |
	|       conf       | number| search|dwnlded|evicted|| number|dwnlded|
	---------------------------------------------------------------------
	|     B+windows    |   5   |   5   |   4   |   0   ||   6   |   6   |
	---------------------------------------------------------------------
:: loading settings :: file = test/repositories/ivysettings.xml
:: resolving dependencies :: org5#mod5.2;3.0
	confs: [B+linux]
	found org5#mod5.1;4.4 in 2-ivy
	found org1#mod1.2;2.0 in 1
	found org2#mod2.2;0.9 in 1
	found org2#mod2.8;0.6 in 1
downloading /Volumes/MacintoshHDD/mccurdyc/computer_science/cs441s2016/cs441s2016-fp-team1/container/tlb/tools/ivy/test/repositories/2/mod5.1/art51B-4.4.jar ...
. (0kB)
	[SUCCESSFUL ] org5#mod5.1;4.4!art51B.jar (1ms)
downloading /Volumes/MacintoshHDD/mccurdyc/computer_science/cs441s2016/cs441s2016-fp-team1/container/tlb/tools/ivy/test/repositories/2/mod5.1/art51B-4.4.so ...
. (0kB)
	[SUCCESSFUL ] org5#mod5.1;4.4!art51B.so (2ms)
downloading /Volumes/MacintoshHDD/mccurdyc/computer_science/cs441s2016/cs441s2016-fp-team1/container/tlb/tools/ivy/test/repositories/1/org1/mod1.2/jars/mod1.2-2.0.jar ...
. (0kB)
	[SUCCESSFUL ] org1#mod1.2;2.0!mod1.2.jar (1ms)
downloading /Volumes/MacintoshHDD/mccurdyc/computer_science/cs441s2016/cs441s2016-fp-team1/container/tlb/tools/ivy/test/repositories/1/org2/mod2.2/jars/art22-2-0.9.jar ...
.. (0kB)
	[SUCCESSFUL ] org2#mod2.2;0.9!art22-2.jar (1ms)
downloading /Volumes/MacintoshHDD/mccurdyc/computer_science/cs441s2016/cs441s2016-fp-team1/container/tlb/tools/ivy/test/repositories/1/org2/mod2.8/jars/art28-linux-debug-thread-0.6.jar ...
.. (0kB)
	[SUCCESSFUL ] org2#mod2.8;0.6!art28-linux-debug-thread.jar (1ms)
:: resolution report :: resolve 33ms :: artifacts dl 8ms
	---------------------------------------------------------------------
	|                  |            modules            ||   artifacts   |
	|       conf       | number| search|dwnlded|evicted|| number|dwnlded|
	---------------------------------------------------------------------
	|      B+linux     |   4   |   4   |   3   |   0   ||   5   |   5   |
	---------------------------------------------------------------------
:: loading settings :: file = test/repositories/ivysettings.xml
:: resolving dependencies :: org5#mod5.2;3.1
	confs: [B+linux]
	found org5#mod5.1;4.5 in 2-ivy
	found org1#mod1.2;2.0 in 1
	found org2#mod2.2;0.9 in 1
	found org2#mod2.8;0.6 in 1
downloading /Volumes/MacintoshHDD/mccurdyc/computer_science/cs441s2016/cs441s2016-fp-team1/container/tlb/tools/ivy/test/repositories/2/mod5.1/art51B-4.5.jar ...
. (0kB)
	[SUCCESSFUL ] org5#mod5.1;4.5!art51B.jar (1ms)
downloading /Volumes/MacintoshHDD/mccurdyc/computer_science/cs441s2016/cs441s2016-fp-team1/container/tlb/tools/ivy/test/repositories/2/mod5.1/art51B-4.5.so ...
. (0kB)
	[SUCCESSFUL ] org5#mod5.1;4.5!art51B.so (1ms)
downloading /Volumes/MacintoshHDD/mccurdyc/computer_science/cs441s2016/cs441s2016-fp-team1/container/tlb/tools/ivy/test/repositories/1/org1/mod1.2/jars/mod1.2-2.0.jar ...
. (0kB)
	[SUCCESSFUL ] org1#mod1.2;2.0!mod1.2.jar (1ms)
downloading /Volumes/MacintoshHDD/mccurdyc/computer_science/cs441s2016/cs441s2016-fp-team1/container/tlb/tools/ivy/test/repositories/1/org2/mod2.2/jars/art22-2-0.9.jar ...
.. (0kB)
	[SUCCESSFUL ] org2#mod2.2;0.9!art22-2.jar (2ms)
downloading /Volumes/MacintoshHDD/mccurdyc/computer_science/cs441s2016/cs441s2016-fp-team1/container/tlb/tools/ivy/test/repositories/1/org2/mod2.8/jars/art28-linux-debug-thread-0.6.jar ...
.. (0kB)
	[SUCCESSFUL ] org2#mod2.8;0.6!art28-linux-debug-thread.jar (1ms)
:: resolution report :: resolve 37ms :: artifacts dl 9ms
	---------------------------------------------------------------------
	|                  |            modules            ||   artifacts   |
	|       conf       | number| search|dwnlded|evicted|| number|dwnlded|
	---------------------------------------------------------------------
	|      B+linux     |   4   |   4   |   3   |   0   ||   5   |   5   |
	---------------------------------------------------------------------
:: loading settings :: file = test/repositories/ivysettings.xml
:: resolving dependencies :: org10#mod10.2;1.0
	confs: [default]
	found org5#mod5.1;4.0 in 2-ivy
downloading /Volumes/MacintoshHDD/mccurdyc/computer_science/cs441s2016/cs441s2016-fp-team1/container/tlb/tools/ivy/test/repositories/2/mod5.1/art51A-4.0.jar ...
.. (0kB)
	[SUCCESSFUL ] org5#mod5.1;4.0!art51A.jar (1ms)
:: resolution report :: resolve 10ms :: artifacts dl 2ms
	---------------------------------------------------------------------
	|                  |            modules            ||   artifacts   |
	|       conf       | number| search|dwnlded|evicted|| number|dwnlded|
	---------------------------------------------------------------------
	|      default     |   1   |   1   |   1   |   0   ||   1   |   1   |
	---------------------------------------------------------------------
:: loading settings :: file = test/repositories/ivysettings.xml
:: resolving dependencies :: org10#mod10.2;1.1
	confs: [default]
	found org5#mod5.1;4.0 in 2-ivy
downloading /Volumes/MacintoshHDD/mccurdyc/computer_science/cs441s2016/cs441s2016-fp-team1/container/tlb/tools/ivy/test/repositories/2/mod5.1/art51A-4.0.jar ...
.. (0kB)
	[SUCCESSFUL ] org5#mod5.1;4.0!art51A.jar (1ms)
downloading /Volumes/MacintoshHDD/mccurdyc/computer_science/cs441s2016/cs441s2016-fp-team1/container/tlb/tools/ivy/test/repositories/2/mod5.1/art51B-4.0.jar ...
.. (0kB)
	[SUCCESSFUL ] org5#mod5.1;4.0!art51B.jar (1ms)
:: resolution report :: resolve 11ms :: artifacts dl 3ms
	---------------------------------------------------------------------
	|                  |            modules            ||   artifacts   |
	|       conf       | number| search|dwnlded|evicted|| number|dwnlded|
	---------------------------------------------------------------------
	|      default     |   1   |   1   |   1   |   0   ||   2   |   2   |
	---------------------------------------------------------------------
:: loading settings :: file = test/repositories/ivysettings.xml
:: resolving dependencies :: org10#mod10.2;1.2
	confs: [default]
	found org5#mod5.1;4.0 in 2-ivy
downloading /Volumes/MacintoshHDD/mccurdyc/computer_science/cs441s2016/cs441s2016-fp-team1/container/tlb/tools/ivy/test/repositories/2/mod5.1/art51A-4.0.jar ...
.. (0kB)
	[SUCCESSFUL ] org5#mod5.1;4.0!art51A.jar (1ms)
downloading /Volumes/MacintoshHDD/mccurdyc/computer_science/cs441s2016/cs441s2016-fp-team1/container/tlb/tools/ivy/test/repositories/2/mod5.1/art51B-4.0.jar ...
.. (0kB)
	[SUCCESSFUL ] org5#mod5.1;4.0!art51B.jar (1ms)
:: resolution report :: resolve 11ms :: artifacts dl 3ms
	---------------------------------------------------------------------
	|                  |            modules            ||   artifacts   |
	|       conf       | number| search|dwnlded|evicted|| number|dwnlded|
	---------------------------------------------------------------------
	|      default     |   1   |   1   |   1   |   0   ||   2   |   2   |
	---------------------------------------------------------------------
:: loading settings :: file = test/repositories/ivysettings.xml
:: resolving dependencies :: org10#mod10.2;1.3
	confs: [default]
	found org5#mod5.1;4.0 in 2-ivy
:: resolution report :: resolve 11ms :: artifacts dl 0ms
	---------------------------------------------------------------------
	|                  |            modules            ||   artifacts   |
	|       conf       | number| search|dwnlded|evicted|| number|dwnlded|
	---------------------------------------------------------------------
	|      default     |   1   |   1   |   1   |   0   ||   0   |   0   |
	---------------------------------------------------------------------
:: loading settings :: file = test/repositories/ivysettings.xml
:: loading settings :: file = test/repositories/m2/ivysettings.xml
DEPRECATED: 'defaultCache' is deprecated, use 'caches[@defaultCacheDir]' instead (file:/Volumes/MacintoshHDD/mccurdyc/computer_science/cs441s2016/cs441s2016-fp-team1/container/tlb/tools/ivy/test/repositories/m2/ivysettings.xml)
:: resolving dependencies :: org.apache#test3;1.0
	confs: [test]
	found org.apache#test2;1.0 in m2
	found org.apache#test;1.0 in m2
downloading file:/Volumes/MacintoshHDD/mccurdyc/computer_science/cs441s2016/cs441s2016-fp-team1/container/tlb/tools/ivy/test/repositories/m2/org/apache/test2/1.0/test2-1.0.jar ...
.. (0kB)
	[SUCCESSFUL ] org.apache#test2;1.0!test2.jar (2ms)
downloading file:/Volumes/MacintoshHDD/mccurdyc/computer_science/cs441s2016/cs441s2016-fp-team1/container/tlb/tools/ivy/test/repositories/m2/org/apache/test/1.0/test-1.0.jar ...
.. (0kB)
	[SUCCESSFUL ] org.apache#test;1.0!test.jar (2ms)
:: resolution report :: resolve 39ms :: artifacts dl 5ms
	---------------------------------------------------------------------
	|                  |            modules            ||   artifacts   |
	|       conf       | number| search|dwnlded|evicted|| number|dwnlded|
	---------------------------------------------------------------------
	|       test       |   2   |   2   |   2   |   0   ||   2   |   2   |
	---------------------------------------------------------------------
:: loading settings :: file = test/repositories/ivysettings.xml
:: loading settings :: file = test/repositories/m2/ivysettings.xml
DEPRECATED: 'defaultCache' is deprecated, use 'caches[@defaultCacheDir]' instead (file:/Volumes/MacintoshHDD/mccurdyc/computer_science/cs441s2016/cs441s2016-fp-team1/container/tlb/tools/ivy/test/repositories/m2/ivysettings.xml)
:: resolving dependencies :: org.apache#test3;1.1
	confs: [default]
	found org.apache#test2;1.1 in m2
	found org.apache#test;1.1 in m2
downloading file:/Volumes/MacintoshHDD/mccurdyc/computer_science/cs441s2016/cs441s2016-fp-team1/container/tlb/tools/ivy/test/repositories/m2/org/apache/test2/1.1/test2-1.1.jar ...
.. (0kB)
	[SUCCESSFUL ] org.apache#test2;1.1!test2.jar (1ms)
downloading file:/Volumes/MacintoshHDD/mccurdyc/computer_science/cs441s2016/cs441s2016-fp-team1/container/tlb/tools/ivy/test/repositories/m2/org/apache/test/1.1/test-1.1.jar ...
.. (0kB)
	[SUCCESSFUL ] org.apache#test;1.1!test.jar (1ms)
:: resolution report :: resolve 28ms :: artifacts dl 4ms
	:: evicted modules:
	org.apache#test;1.0 by [org.apache#test;1.1] in [default]
	---------------------------------------------------------------------
	|                  |            modules            ||   artifacts   |
	|       conf       | number| search|dwnlded|evicted|| number|dwnlded|
	---------------------------------------------------------------------
	|      default     |   3   |   2   |   2   |   1   ||   2   |   2   |
	---------------------------------------------------------------------
:: loading settings :: file = test/repositories/ivysettings.xml
:: loading settings :: file = test/repositories/m2/ivysettings.xml
DEPRECATED: 'defaultCache' is deprecated, use 'caches[@defaultCacheDir]' instead (file:/Volumes/MacintoshHDD/mccurdyc/computer_science/cs441s2016/cs441s2016-fp-team1/container/tlb/tools/ivy/test/repositories/m2/ivysettings.xml)
:: resolving dependencies :: apache#IVY-874;1.0
	confs: [default]
	found org.apache#test3;1.1 in m2
	found org.apache#test2;1.1 in m2
	found org.apache#test;1.2 in m2
downloading file:/Volumes/MacintoshHDD/mccurdyc/computer_science/cs441s2016/cs441s2016-fp-team1/container/tlb/tools/ivy/test/repositories/m2/org/apache/test3/1.1/test3-1.1.jar ...
.. (0kB)
	[SUCCESSFUL ] org.apache#test3;1.1!test3.jar (2ms)
downloading file:/Volumes/MacintoshHDD/mccurdyc/computer_science/cs441s2016/cs441s2016-fp-team1/container/tlb/tools/ivy/test/repositories/m2/org/apache/test2/1.1/test2-1.1.jar ...
.. (0kB)
	[SUCCESSFUL ] org.apache#test2;1.1!test2.jar (1ms)
downloading file:/Volumes/MacintoshHDD/mccurdyc/computer_science/cs441s2016/cs441s2016-fp-team1/container/tlb/tools/ivy/test/repositories/m2/org/apache/test/1.2/test-1.2.jar ...
.. (0kB)
	[SUCCESSFUL ] org.apache#test;1.2!test.jar (2ms)
:: resolution report :: resolve 37ms :: artifacts dl 6ms
	:: evicted modules:
	org.apache#test;1.0 by [org.apache#test;1.2] in [default]
	org.apache#test;1.1 by [org.apache#test;1.2] in [default]
	---------------------------------------------------------------------
	|                  |            modules            ||   artifacts   |
	|       conf       | number| search|dwnlded|evicted|| number|dwnlded|
	---------------------------------------------------------------------
	|      default     |   5   |   3   |   3   |   2   ||   3   |   3   |
	---------------------------------------------------------------------
:: loading settings :: file = test/repositories/ivysettings.xml
:: loading settings :: file = test/repositories/m2/ivysettings.xml
DEPRECATED: 'defaultCache' is deprecated, use 'caches[@defaultCacheDir]' instead (file:/Volumes/MacintoshHDD/mccurdyc/computer_science/cs441s2016/cs441s2016-fp-team1/container/tlb/tools/ivy/test/repositories/m2/ivysettings.xml)
org.relocated#test3;1.0 is relocated to org.apache#test3;1.0. Please update your dependencies.
:: resolving dependencies :: org.relocated#test3;1.0
	confs: [default, master, compile, provided, runtime, test, system, sources, javadoc, optional]
	found org.apache#test3;1.0 in m2
	found org.apache#test2;1.0 in m2
	found org.apache#test;1.0 in m2
downloading file:/Volumes/MacintoshHDD/mccurdyc/computer_science/cs441s2016/cs441s2016-fp-team1/container/tlb/tools/ivy/test/repositories/m2/org/apache/test3/1.0/test3-1.0.jar ...
.. (0kB)
	[SUCCESSFUL ] org.apache#test3;1.0!test3.jar (1ms)
downloading file:/Volumes/MacintoshHDD/mccurdyc/computer_science/cs441s2016/cs441s2016-fp-team1/container/tlb/tools/ivy/test/repositories/m2/org/apache/test2/1.0/test2-1.0.jar ...
.. (0kB)
	[SUCCESSFUL ] org.apache#test2;1.0!test2.jar (1ms)
downloading file:/Volumes/MacintoshHDD/mccurdyc/computer_science/cs441s2016/cs441s2016-fp-team1/container/tlb/tools/ivy/test/repositories/m2/org/apache/test/1.0/test-1.0.jar ...
.. (0kB)
	[SUCCESSFUL ] org.apache#test;1.0!test.jar (2ms)
:: resolution report :: resolve 36ms :: artifacts dl 6ms
	---------------------------------------------------------------------
	|                  |            modules            ||   artifacts   |
	|       conf       | number| search|dwnlded|evicted|| number|dwnlded|
	---------------------------------------------------------------------
	|      default     |   3   |   3   |   3   |   0   ||   3   |   3   |
	|      master      |   1   |   1   |   1   |   0   ||   1   |   1   |
	|      compile     |   3   |   3   |   3   |   0   ||   2   |   2   |
	|     provided     |   1   |   1   |   1   |   0   ||   0   |   0   |
	|      runtime     |   3   |   3   |   3   |   0   ||   2   |   2   |
	|       test       |   3   |   3   |   3   |   0   ||   2   |   2   |
	|      system      |   1   |   1   |   1   |   0   ||   0   |   0   |
	|      sources     |   1   |   1   |   1   |   0   ||   0   |   0   |
	|      javadoc     |   1   |   1   |   1   |   0   ||   0   |   0   |
	|     optional     |   1   |   1   |   1   |   0   ||   0   |   0   |
	---------------------------------------------------------------------
:: loading settings :: file = test/repositories/ivysettings.xml
:: loading settings :: file = test/repositories/m2/ivysettings.xml
DEPRECATED: 'defaultCache' is deprecated, use 'caches[@defaultCacheDir]' instead (file:/Volumes/MacintoshHDD/mccurdyc/computer_science/cs441s2016/cs441s2016-fp-team1/container/tlb/tools/ivy/test/repositories/m2/ivysettings.xml)
org.relocated#test3full;1.1 is relocated to org.apache#test3;1.0. Please update your dependencies.
:: resolving dependencies :: org.relocated#test3full;1.1
	confs: [default, master, compile, provided, runtime, test, system, sources, javadoc, optional]
	found org.apache#test3;1.0 in m2
	found org.apache#test2;1.0 in m2
	found org.apache#test;1.0 in m2
downloading file:/Volumes/MacintoshHDD/mccurdyc/computer_science/cs441s2016/cs441s2016-fp-team1/container/tlb/tools/ivy/test/repositories/m2/org/apache/test3/1.0/test3-1.0.jar ...
.. (0kB)
	[SUCCESSFUL ] org.apache#test3;1.0!test3.jar (2ms)
downloading file:/Volumes/MacintoshHDD/mccurdyc/computer_science/cs441s2016/cs441s2016-fp-team1/container/tlb/tools/ivy/test/repositories/m2/org/apache/test2/1.0/test2-1.0.jar ...
.. (0kB)
	[SUCCESSFUL ] org.apache#test2;1.0!test2.jar (2ms)
downloading file:/Volumes/MacintoshHDD/mccurdyc/computer_science/cs441s2016/cs441s2016-fp-team1/container/tlb/tools/ivy/test/repositories/m2/org/apache/test/1.0/test-1.0.jar ...
.. (0kB)
	[SUCCESSFUL ] org.apache#test;1.0!test.jar (1ms)
:: resolution report :: resolve 51ms :: artifacts dl 5ms
	---------------------------------------------------------------------
	|                  |            modules            ||   artifacts   |
	|       conf       | number| search|dwnlded|evicted|| number|dwnlded|
	---------------------------------------------------------------------
	|      default     |   3   |   3   |   3   |   0   ||   3   |   3   |
	|      master      |   1   |   1   |   1   |   0   ||   1   |   1   |
	|      compile     |   3   |   3   |   3   |   0   ||   2   |   2   |
	|     provided     |   1   |   1   |   1   |   0   ||   0   |   0   |
	|      runtime     |   3   |   3   |   3   |   0   ||   2   |   2   |
	|       test       |   3   |   3   |   3   |   0   ||   2   |   2   |
	|      system      |   1   |   1   |   1   |   0   ||   0   |   0   |
	|      sources     |   1   |   1   |   1   |   0   ||   0   |   0   |
	|      javadoc     |   1   |   1   |   1   |   0   ||   0   |   0   |
	|     optional     |   1   |   1   |   1   |   0   ||   0   |   0   |
	---------------------------------------------------------------------
:: loading settings :: file = test/repositories/ivysettings.xml
:: loading settings :: file = test/repositories/m2/ivysettings.xml
DEPRECATED: 'defaultCache' is deprecated, use 'caches[@defaultCacheDir]' instead (file:/Volumes/MacintoshHDD/mccurdyc/computer_science/cs441s2016/cs441s2016-fp-team1/container/tlb/tools/ivy/test/repositories/m2/ivysettings.xml)
org.relocated#test3;1.0 is relocated to org.apache#test3;1.0. Please update your dependencies.
:: resolving dependencies :: org.relocated#test3;1.1
	confs: [default, master, compile, provided, runtime, test, system, sources, javadoc, optional]
	found org.apache#test3;1.0 in m2
	found org.apache#test2;1.0 in m2
	found org.apache#test;1.0 in m2
downloading file:/Volumes/MacintoshHDD/mccurdyc/computer_science/cs441s2016/cs441s2016-fp-team1/container/tlb/tools/ivy/test/repositories/m2/org/apache/test3/1.0/test3-1.0.jar ...
.. (0kB)
	[SUCCESSFUL ] org.apache#test3;1.0!test3.jar (2ms)
downloading file:/Volumes/MacintoshHDD/mccurdyc/computer_science/cs441s2016/cs441s2016-fp-team1/container/tlb/tools/ivy/test/repositories/m2/org/apache/test2/1.0/test2-1.0.jar ...
.. (0kB)
	[SUCCESSFUL ] org.apache#test2;1.0!test2.jar (1ms)
downloading file:/Volumes/MacintoshHDD/mccurdyc/computer_science/cs441s2016/cs441s2016-fp-team1/container/tlb/tools/ivy/test/repositories/m2/org/apache/test/1.0/test-1.0.jar ...
.. (0kB)
	[SUCCESSFUL ] org.apache#test;1.0!test.jar (2ms)
:: resolution report :: resolve 51ms :: artifacts dl 7ms
	---------------------------------------------------------------------
	|                  |            modules            ||   artifacts   |
	|       conf       | number| search|dwnlded|evicted|| number|dwnlded|
	---------------------------------------------------------------------
	|      default     |   3   |   3   |   3   |   0   ||   3   |   3   |
	|      master      |   1   |   1   |   1   |   0   ||   1   |   1   |
	|      compile     |   3   |   3   |   3   |   0   ||   2   |   2   |
	|     provided     |   1   |   1   |   1   |   0   ||   0   |   0   |
	|      runtime     |   3   |   3   |   3   |   0   ||   2   |   2   |
	|       test       |   3   |   3   |   3   |   0   ||   2   |   2   |
	|      system      |   1   |   1   |   1   |   0   ||   0   |   0   |
	|      sources     |   1   |   1   |   1   |   0   ||   0   |   0   |
	|      javadoc     |   1   |   1   |   1   |   0   ||   0   |   0   |
	|     optional     |   1   |   1   |   1   |   0   ||   0   |   0   |
	---------------------------------------------------------------------

:: problems summary ::
:::: WARNINGS
	Resolution will only pick dependencies of the relocated element.  Artefact and other metadata will be ignored.

:::: ERRORS
	Relocation to an other version number not supported in ivy : org.relocated#test3;1.1 relocated to org.relocated#test3;1.0. Please update your dependency to directly use the right version.


:: USE VERBOSE OR DEBUG MESSAGE LEVEL FOR MORE DETAILS
:: loading settings :: file = test/repositories/ivysettings.xml
:: loading settings :: file = test/repositories/m2/ivysettings.xml
DEPRECATED: 'defaultCache' is deprecated, use 'caches[@defaultCacheDir]' instead (file:/Volumes/MacintoshHDD/mccurdyc/computer_science/cs441s2016/cs441s2016-fp-team1/container/tlb/tools/ivy/test/repositories/m2/ivysettings.xml)
:: resolving dependencies :: org.relocated#testRelocationUser;1.0
	confs: [compile]
org.relocated#test3;1.0 is relocated to org.apache#test3;1.0. Please update your dependencies.
	found org.relocated#test3;1.0 in m2
	found org.apache#test3;1.0 in m2
	found org.apache#test2;1.0 in m2
	found org.apache#test;1.0 in m2
downloading file:/Volumes/MacintoshHDD/mccurdyc/computer_science/cs441s2016/cs441s2016-fp-team1/container/tlb/tools/ivy/test/repositories/m2/org/apache/test3/1.0/test3-1.0.jar ...
.. (0kB)
	[SUCCESSFUL ] org.apache#test3;1.0!test3.jar (1ms)
downloading file:/Volumes/MacintoshHDD/mccurdyc/computer_science/cs441s2016/cs441s2016-fp-team1/container/tlb/tools/ivy/test/repositories/m2/org/apache/test2/1.0/test2-1.0.jar ...
.. (0kB)
	[SUCCESSFUL ] org.apache#test2;1.0!test2.jar (2ms)
downloading file:/Volumes/MacintoshHDD/mccurdyc/computer_science/cs441s2016/cs441s2016-fp-team1/container/tlb/tools/ivy/test/repositories/m2/org/apache/test/1.0/test-1.0.jar ...
.. (0kB)
	[SUCCESSFUL ] org.apache#test;1.0!test.jar (1ms)
:: resolution report :: resolve 50ms :: artifacts dl 6ms
	---------------------------------------------------------------------
	|                  |            modules            ||   artifacts   |
	|       conf       | number| search|dwnlded|evicted|| number|dwnlded|
	---------------------------------------------------------------------
	|      compile     |   4   |   4   |   4   |   0   ||   3   |   3   |
	---------------------------------------------------------------------
:: loading settings :: file = test/repositories/ivysettings.xml
:: loading settings :: file = test/repositories/m2/ivysettings.xml
DEPRECATED: 'defaultCache' is deprecated, use 'caches[@defaultCacheDir]' instead (file:/Volumes/MacintoshHDD/mccurdyc/computer_science/cs441s2016/cs441s2016-fp-team1/container/tlb/tools/ivy/test/repositories/m2/ivysettings.xml)
:: resolving dependencies :: org.relocated#testRelocationUser;1.1
	confs: [compile]
org.relocated#test3;1.0 is relocated to org.apache#test3;1.0. Please update your dependencies.
	found org.relocated#test3;1.1 in m2
	found org.apache#test3;1.0 in m2
	found org.apache#test2;1.0 in m2
	found org.apache#test;1.0 in m2
downloading file:/Volumes/MacintoshHDD/mccurdyc/computer_science/cs441s2016/cs441s2016-fp-team1/container/tlb/tools/ivy/test/repositories/m2/org/apache/test3/1.0/test3-1.0.jar ...
.. (0kB)
	[SUCCESSFUL ] org.apache#test3;1.0!test3.jar (5ms)
downloading file:/Volumes/MacintoshHDD/mccurdyc/computer_science/cs441s2016/cs441s2016-fp-team1/container/tlb/tools/ivy/test/repositories/m2/org/apache/test2/1.0/test2-1.0.jar ...
.. (0kB)
	[SUCCESSFUL ] org.apache#test2;1.0!test2.jar (6ms)
downloading file:/Volumes/MacintoshHDD/mccurdyc/computer_science/cs441s2016/cs441s2016-fp-team1/container/tlb/tools/ivy/test/repositories/m2/org/apache/test/1.0/test-1.0.jar ...
.. (0kB)
	[SUCCESSFUL ] org.apache#test;1.0!test.jar (1ms)
:: resolution report :: resolve 99ms :: artifacts dl 13ms
	---------------------------------------------------------------------
	|                  |            modules            ||   artifacts   |
	|       conf       | number| search|dwnlded|evicted|| number|dwnlded|
	---------------------------------------------------------------------
	|      compile     |   4   |   4   |   4   |   0   ||   3   |   3   |
	---------------------------------------------------------------------

:: problems summary ::
:::: WARNINGS
	Resolution will only pick dependencies of the relocated element.  Artefact and other metadata will be ignored.

:::: ERRORS
	Relocation to an other version number not supported in ivy : org.relocated#test3;1.1 relocated to org.relocated#test3;1.0. Please update your dependency to directly use the right version.


:: USE VERBOSE OR DEBUG MESSAGE LEVEL FOR MORE DETAILS
:: loading settings :: file = test/repositories/ivysettings.xml
:: loading settings :: file = test/repositories/m2/ivysettings.xml
DEPRECATED: 'defaultCache' is deprecated, use 'caches[@defaultCacheDir]' instead (file:/Volumes/MacintoshHDD/mccurdyc/computer_science/cs441s2016/cs441s2016-fp-team1/container/tlb/tools/ivy/test/repositories/m2/ivysettings.xml)
:: resolving dependencies :: org.apache#test-classifier;1.0
	confs: [default, master, compile, provided, runtime, test, system, sources, javadoc, optional]
	found org.apache#test-classified;1.0 in m2
downloading file:/Volumes/MacintoshHDD/mccurdyc/computer_science/cs441s2016/cs441s2016-fp-team1/container/tlb/tools/ivy/test/repositories/m2/org/apache/test-classified/1.0/test-classified-1.0-asl.jar ...
.. (0kB)
	[SUCCESSFUL ] org.apache#test-classified;1.0!test-classified.jar (2ms)
:: resolution report :: resolve 26ms :: artifacts dl 2ms
	---------------------------------------------------------------------
	|                  |            modules            ||   artifacts   |
	|       conf       | number| search|dwnlded|evicted|| number|dwnlded|
	---------------------------------------------------------------------
	|      default     |   1   |   1   |   1   |   0   ||   1   |   1   |
	|      master      |   0   |   0   |   0   |   0   ||   0   |   0   |
	|      compile     |   1   |   1   |   1   |   0   ||   1   |   1   |
	|     provided     |   0   |   0   |   0   |   0   ||   0   |   0   |
	|      runtime     |   1   |   1   |   1   |   0   ||   1   |   1   |
	|       test       |   1   |   1   |   1   |   0   ||   1   |   1   |
	|      system      |   0   |   0   |   0   |   0   ||   0   |   0   |
	|      sources     |   0   |   0   |   0   |   0   ||   0   |   0   |
	|      javadoc     |   0   |   0   |   0   |   0   ||   0   |   0   |
	|     optional     |   0   |   0   |   0   |   0   ||   0   |   0   |
	---------------------------------------------------------------------
:: loading settings :: file = test/repositories/ivysettings.xml
:: loading settings :: file = test/repositories/m2/ivysettings.xml
DEPRECATED: 'defaultCache' is deprecated, use 'caches[@defaultCacheDir]' instead (file:/Volumes/MacintoshHDD/mccurdyc/computer_science/cs441s2016/cs441s2016-fp-team1/container/tlb/tools/ivy/test/repositories/m2/ivysettings.xml)
:: resolving dependencies :: org.apache#test-classifier;2.0
	confs: [default, master, compile, provided, runtime, test, system, sources, javadoc, optional]
	found org.apache#test-classified;2.0 in m2
downloading file:/Volumes/MacintoshHDD/mccurdyc/computer_science/cs441s2016/cs441s2016-fp-team1/container/tlb/tools/ivy/test/repositories/m2/org/apache/test-classified/2.0/test-classified-2.0-asl.jar ...
.. (0kB)
	[SUCCESSFUL ] org.apache#test-classified;2.0!test-classified.jar (2ms)
:: resolution report :: resolve 6ms :: artifacts dl 2ms
	---------------------------------------------------------------------
	|                  |            modules            ||   artifacts   |
	|       conf       | number| search|dwnlded|evicted|| number|dwnlded|
	---------------------------------------------------------------------
	|      default     |   1   |   1   |   0   |   0   ||   1   |   1   |
	|      master      |   0   |   0   |   0   |   0   ||   0   |   0   |
	|      compile     |   1   |   1   |   0   |   0   ||   1   |   1   |
	|     provided     |   0   |   0   |   0   |   0   ||   0   |   0   |
	|      runtime     |   1   |   1   |   0   |   0   ||   1   |   1   |
	|       test       |   1   |   1   |   0   |   0   ||   1   |   1   |
	|      system      |   0   |   0   |   0   |   0   ||   0   |   0   |
	|      sources     |   0   |   0   |   0   |   0   ||   0   |   0   |
	|      javadoc     |   0   |   0   |   0   |   0   ||   0   |   0   |
	|     optional     |   0   |   0   |   0   |   0   ||   0   |   0   |
	---------------------------------------------------------------------
:: loading settings :: file = test/repositories/ivysettings.xml
:: loading settings :: file = test/repositories/m2/ivysettings.xml
DEPRECATED: 'defaultCache' is deprecated, use 'caches[@defaultCacheDir]' instead (file:/Volumes/MacintoshHDD/mccurdyc/computer_science/cs441s2016/cs441s2016-fp-team1/container/tlb/tools/ivy/test/repositories/m2/ivysettings.xml)
:: resolving dependencies :: apache#test-m2-with-sources;1.0
	confs: [default]
	found org.apache#test-sources;1.0 in m2
downloading file:/Volumes/MacintoshHDD/mccurdyc/computer_science/cs441s2016/cs441s2016-fp-team1/container/tlb/tools/ivy/test/repositories/m2/org/apache/test-sources/1.0/test-sources-1.0.jar ...
.. (0kB)
	[SUCCESSFUL ] org.apache#test-sources;1.0!test-sources.jar (2ms)
downloading file:/Volumes/MacintoshHDD/mccurdyc/computer_science/cs441s2016/cs441s2016-fp-team1/container/tlb/tools/ivy/test/repositories/m2/org/apache/test-sources/1.0/test-sources-1.0-sources.jar ...
.. (0kB)
	[SUCCESSFUL ] org.apache#test-sources;1.0!test-sources.jar(source) (2ms)
:: resolution report :: resolve 16ms :: artifacts dl 4ms
	---------------------------------------------------------------------
	|                  |            modules            ||   artifacts   |
	|       conf       | number| search|dwnlded|evicted|| number|dwnlded|
	---------------------------------------------------------------------
	|      default     |   1   |   1   |   1   |   0   ||   2   |   2   |
	---------------------------------------------------------------------
:: loading settings :: file = test/repositories/ivysettings.xml
:: loading settings :: file = test/repositories/m2/ivysettings.xml
DEPRECATED: 'defaultCache' is deprecated, use 'caches[@defaultCacheDir]' instead (file:/Volumes/MacintoshHDD/mccurdyc/computer_science/cs441s2016/cs441s2016-fp-team1/container/tlb/tools/ivy/test/repositories/m2/ivysettings.xml)
:: resolving dependencies :: apache#test-m2-with-src;1.0
	confs: [default]
	found org.apache#test-src;1.0 in m2
downloading file:/Volumes/MacintoshHDD/mccurdyc/computer_science/cs441s2016/cs441s2016-fp-team1/container/tlb/tools/ivy/test/repositories/m2/org/apache/test-src/1.0/test-src-1.0-src.jar ...
.. (0kB)
	[SUCCESSFUL ] org.apache#test-src;1.0!test-src.jar(source) (2ms)
downloading file:/Volumes/MacintoshHDD/mccurdyc/computer_science/cs441s2016/cs441s2016-fp-team1/container/tlb/tools/ivy/test/repositories/m2/org/apache/test-src/1.0/test-src-1.0.jar ...
.. (0kB)
	[SUCCESSFUL ] org.apache#test-src;1.0!test-src.jar (5ms)
:: resolution report :: resolve 27ms :: artifacts dl 10ms
	---------------------------------------------------------------------
	|                  |            modules            ||   artifacts   |
	|       conf       | number| search|dwnlded|evicted|| number|dwnlded|
	---------------------------------------------------------------------
	|      default     |   1   |   1   |   1   |   0   ||   2   |   2   |
	---------------------------------------------------------------------
:: loading settings :: file = test/repositories/ivysettings.xml
:: loading settings :: file = test/repositories/m2/ivysettings.xml
DEPRECATED: 'defaultCache' is deprecated, use 'caches[@defaultCacheDir]' instead (file:/Volumes/MacintoshHDD/mccurdyc/computer_science/cs441s2016/cs441s2016-fp-team1/container/tlb/tools/ivy/test/repositories/m2/ivysettings.xml)
:: resolving dependencies :: apache#test-m2-with-sources-auto;1.0
	confs: [default]
	found org.apache#test-sources;1.0 in m2
downloading file:/Volumes/MacintoshHDD/mccurdyc/computer_science/cs441s2016/cs441s2016-fp-team1/container/tlb/tools/ivy/test/repositories/m2/org/apache/test-sources/1.0/test-sources-1.0.jar ...
.. (0kB)
	[SUCCESSFUL ] org.apache#test-sources;1.0!test-sources.jar (2ms)
downloading file:/Volumes/MacintoshHDD/mccurdyc/computer_science/cs441s2016/cs441s2016-fp-team1/container/tlb/tools/ivy/test/repositories/m2/org/apache/test-sources/1.0/test-sources-1.0-javadoc.jar ...
.. (0kB)
	[SUCCESSFUL ] org.apache#test-sources;1.0!test-sources.jar(javadoc) (5ms)
downloading file:/Volumes/MacintoshHDD/mccurdyc/computer_science/cs441s2016/cs441s2016-fp-team1/container/tlb/tools/ivy/test/repositories/m2/org/apache/test-sources/1.0/test-sources-1.0-sources.jar ...
.. (0kB)
	[SUCCESSFUL ] org.apache#test-sources;1.0!test-sources.jar(source) (3ms)
:: resolution report :: resolve 34ms :: artifacts dl 11ms
	---------------------------------------------------------------------
	|                  |            modules            ||   artifacts   |
	|       conf       | number| search|dwnlded|evicted|| number|dwnlded|
	---------------------------------------------------------------------
	|      default     |   1   |   1   |   1   |   0   ||   3   |   3   |
	---------------------------------------------------------------------
:: loading settings :: file = test/repositories/ivysettings.xml
:: loading settings :: file = test/repositories/m2/ivysettings.xml
DEPRECATED: 'defaultCache' is deprecated, use 'caches[@defaultCacheDir]' instead (file:/Volumes/MacintoshHDD/mccurdyc/computer_science/cs441s2016/cs441s2016-fp-team1/container/tlb/tools/ivy/test/repositories/m2/ivysettings.xml)
:: resolving dependencies :: org.apache#test-version;1.0
	confs: [default, master, compile, provided, runtime, test, system, sources, javadoc, optional]
	found org.apache#test-classifier;1.0 in m2
	found org.apache#test-classified;1.0 in m2
downloading file:/Volumes/MacintoshHDD/mccurdyc/computer_science/cs441s2016/cs441s2016-fp-team1/container/tlb/tools/ivy/test/repositories/m2/org/apache/test-classifier/1.0/test-classifier-1.0.jar ...
.. (0kB)
	[SUCCESSFUL ] org.apache#test-classifier;1.0!test-classifier.jar (2ms)
downloading file:/Volumes/MacintoshHDD/mccurdyc/computer_science/cs441s2016/cs441s2016-fp-team1/container/tlb/tools/ivy/test/repositories/m2/org/apache/test-classified/1.0/test-classified-1.0-asl.jar ...
.. (0kB)
	[SUCCESSFUL ] org.apache#test-classified;1.0!test-classified.jar (2ms)
:: resolution report :: resolve 47ms :: artifacts dl 6ms
	---------------------------------------------------------------------
	|                  |            modules            ||   artifacts   |
	|       conf       | number| search|dwnlded|evicted|| number|dwnlded|
	---------------------------------------------------------------------
	|      default     |   2   |   2   |   2   |   0   ||   2   |   2   |
	|      master      |   0   |   0   |   0   |   0   ||   0   |   0   |
	|      compile     |   2   |   2   |   2   |   0   ||   2   |   2   |
	|     provided     |   0   |   0   |   0   |   0   ||   0   |   0   |
	|      runtime     |   2   |   2   |   2   |   0   ||   2   |   2   |
	|       test       |   2   |   2   |   2   |   0   ||   2   |   2   |
	|      system      |   0   |   0   |   0   |   0   ||   0   |   0   |
	|      sources     |   0   |   0   |   0   |   0   ||   0   |   0   |
	|      javadoc     |   0   |   0   |   0   |   0   ||   0   |   0   |
	|     optional     |   0   |   0   |   0   |   0   ||   0   |   0   |
	---------------------------------------------------------------------
:: loading settings :: file = test/repositories/ivysettings.xml
:: loading settings :: file = test/repositories/parentPom/ivysettings.xml
DEPRECATED: 'defaultCache' is deprecated, use 'caches[@defaultCacheDir]' instead (file:/Volumes/MacintoshHDD/mccurdyc/computer_science/cs441s2016/cs441s2016-fp-team1/container/tlb/tools/ivy/test/repositories/parentPom/ivysettings.xml)
:: resolving dependencies :: org.apache.dm#test;1.0
	confs: [default, master, compile, provided, runtime, test, system, sources, javadoc, optional]
	found org.apache.dm#test2;1.0 in m2
	found org.apache.dm#test3;1.0 in m2
downloading /Volumes/MacintoshHDD/mccurdyc/computer_science/cs441s2016/cs441s2016-fp-team1/container/tlb/tools/ivy/test/repositories/parentPom/org/apache/dm/test2/1.0/test2-1.0.jar ...
.. (0kB)
	[SUCCESSFUL ] org.apache.dm#test2;1.0!test2.jar (3ms)
downloading /Volumes/MacintoshHDD/mccurdyc/computer_science/cs441s2016/cs441s2016-fp-team1/container/tlb/tools/ivy/test/repositories/parentPom/org/apache/dm/test3/1.0/test3-1.0.jar ...
.. (0kB)
	[SUCCESSFUL ] org.apache.dm#test3;1.0!test3.jar (1ms)
:: resolution report :: resolve 22ms :: artifacts dl 6ms
	---------------------------------------------------------------------
	|                  |            modules            ||   artifacts   |
	|       conf       | number| search|dwnlded|evicted|| number|dwnlded|
	---------------------------------------------------------------------
	|      default     |   2   |   2   |   2   |   0   ||   2   |   2   |
	|      master      |   0   |   0   |   0   |   0   ||   0   |   0   |
	|      compile     |   2   |   2   |   2   |   0   ||   2   |   2   |
	|     provided     |   0   |   0   |   0   |   0   ||   0   |   0   |
	|      runtime     |   2   |   2   |   2   |   0   ||   2   |   2   |
	|       test       |   2   |   2   |   2   |   0   ||   2   |   2   |
	|      system      |   0   |   0   |   0   |   0   ||   0   |   0   |
	|      sources     |   0   |   0   |   0   |   0   ||   0   |   0   |
	|      javadoc     |   0   |   0   |   0   |   0   ||   0   |   0   |
	|     optional     |   0   |   0   |   0   |   0   ||   0   |   0   |
	---------------------------------------------------------------------
:: loading settings :: file = test/repositories/ivysettings.xml
:: loading settings :: file = test/repositories/parentPom/ivysettings-namespace.xml
DEPRECATED: 'defaultCache' is deprecated, use 'caches[@defaultCacheDir]' instead (file:/Volumes/MacintoshHDD/mccurdyc/computer_science/cs441s2016/cs441s2016-fp-team1/container/tlb/tools/ivy/test/repositories/parentPom/ivysettings-namespace.xml)
:: resolving dependencies :: org.apache.systemDm#test-caller;working
	confs: [default, master, compile, provided, runtime, system, sources, javadoc, optional]
	found org.apache.systemDm#test;1.0 in m2
	found org.apache.systemDm#test2;2.0 in m2
	found org.apache.systemDm#test3;1.0 in m2
downloading /Volumes/MacintoshHDD/mccurdyc/computer_science/cs441s2016/cs441s2016-fp-team1/container/tlb/tools/ivy/test/repositories/parentPom/org/apache/dm/test/1.0/test-1.0.jar ...
.. (0kB)
	[SUCCESSFUL ] org.apache.systemDm#test;1.0!test.jar (2ms)
downloading /Volumes/MacintoshHDD/mccurdyc/computer_science/cs441s2016/cs441s2016-fp-team1/container/tlb/tools/ivy/test/repositories/parentPom/org/apache/dm/test2/2.0/test2-2.0.jar ...
.. (0kB)
	[SUCCESSFUL ] org.apache.systemDm#test2;2.0!test2.jar (1ms)
downloading /Volumes/MacintoshHDD/mccurdyc/computer_science/cs441s2016/cs441s2016-fp-team1/container/tlb/tools/ivy/test/repositories/parentPom/org/apache/dm/test3/1.0/test3-1.0.jar ...
.. (0kB)
	[SUCCESSFUL ] org.apache.systemDm#test3;1.0!test3.jar (2ms)
:: resolution report :: resolve 72ms :: artifacts dl 11ms
	---------------------------------------------------------------------
	|                  |            modules            ||   artifacts   |
	|       conf       | number| search|dwnlded|evicted|| number|dwnlded|
	---------------------------------------------------------------------
	|      default     |   3   |   3   |   3   |   0   ||   3   |   3   |
	|      master      |   1   |   1   |   1   |   0   ||   1   |   1   |
	|      compile     |   3   |   3   |   3   |   0   ||   2   |   2   |
	|     provided     |   1   |   1   |   1   |   0   ||   0   |   0   |
	|      runtime     |   3   |   3   |   3   |   0   ||   2   |   2   |
	|      system      |   1   |   1   |   1   |   0   ||   0   |   0   |
	|      sources     |   1   |   1   |   1   |   0   ||   0   |   0   |
	|      javadoc     |   1   |   1   |   1   |   0   ||   0   |   0   |
	|     optional     |   1   |   1   |   1   |   0   ||   0   |   0   |
	---------------------------------------------------------------------
:: loading settings :: file = test/repositories/ivysettings.xml
:: loading settings :: file = test/repositories/parentPom/ivysettings.xml
DEPRECATED: 'defaultCache' is deprecated, use 'caches[@defaultCacheDir]' instead (file:/Volumes/MacintoshHDD/mccurdyc/computer_science/cs441s2016/cs441s2016-fp-team1/container/tlb/tools/ivy/test/repositories/parentPom/ivysettings.xml)
:: resolving dependencies :: org.apache.dm#test;1.0
	confs: [default, master, compile, provided, runtime, test, system, sources, javadoc, optional]
	found org.apache.dm#test2;1.0 in ivy
	found org.apache.dm#test3;1.0 in ivy
downloading /Volumes/MacintoshHDD/mccurdyc/computer_science/cs441s2016/cs441s2016-fp-team1/container/tlb/tools/ivy/test/repositories/parentPom/org/apache/dm/test2/1.0/test2-1.0.jar ...
.. (0kB)
	[SUCCESSFUL ] org.apache.dm#test2;1.0!test2.jar (1ms)
downloading /Volumes/MacintoshHDD/mccurdyc/computer_science/cs441s2016/cs441s2016-fp-team1/container/tlb/tools/ivy/test/repositories/parentPom/org/apache/dm/test3/1.0/test3-1.0.jar ...
.. (0kB)
	[SUCCESSFUL ] org.apache.dm#test3;1.0!test3.jar (1ms)
:: resolution report :: resolve 18ms :: artifacts dl 4ms
	---------------------------------------------------------------------
	|                  |            modules            ||   artifacts   |
	|       conf       | number| search|dwnlded|evicted|| number|dwnlded|
	---------------------------------------------------------------------
	|      default     |   2   |   2   |   2   |   0   ||   2   |   2   |
	|      master      |   0   |   0   |   0   |   0   ||   0   |   0   |
	|      compile     |   2   |   2   |   2   |   0   ||   2   |   2   |
	|     provided     |   0   |   0   |   0   |   0   ||   0   |   0   |
	|      runtime     |   2   |   2   |   2   |   0   ||   2   |   2   |
	|       test       |   2   |   2   |   2   |   0   ||   2   |   2   |
	|      system      |   0   |   0   |   0   |   0   ||   0   |   0   |
	|      sources     |   0   |   0   |   0   |   0   ||   0   |   0   |
	|      javadoc     |   0   |   0   |   0   |   0   ||   0   |   0   |
	|     optional     |   0   |   0   |   0   |   0   ||   0   |   0   |
	---------------------------------------------------------------------
:: loading settings :: file = test/repositories/ivysettings.xml
:: loading settings :: file = test/repositories/parentPom/ivysettings.xml
DEPRECATED: 'defaultCache' is deprecated, use 'caches[@defaultCacheDir]' instead (file:/Volumes/MacintoshHDD/mccurdyc/computer_science/cs441s2016/cs441s2016-fp-team1/container/tlb/tools/ivy/test/repositories/parentPom/ivysettings.xml)
:: resolving dependencies :: org.apache.dm#test;2.0
	confs: [default, master, compile, provided, runtime, test, system, sources, javadoc, optional]
	found org.apache.dm#test2;3.0 in m2
	found org.apache.dm#test4;1.0 in m2
	found org.apache.dm#test3;1.0 in m2
downloading /Volumes/MacintoshHDD/mccurdyc/computer_science/cs441s2016/cs441s2016-fp-team1/container/tlb/tools/ivy/test/repositories/parentPom/org/apache/dm/test2/3.0/test2-3.0.jar ...
.. (0kB)
	[SUCCESSFUL ] org.apache.dm#test2;3.0!test2.jar (1ms)
downloading /Volumes/MacintoshHDD/mccurdyc/computer_science/cs441s2016/cs441s2016-fp-team1/container/tlb/tools/ivy/test/repositories/parentPom/org/apache/dm/test3/1.0/test3-1.0.jar ...
.. (0kB)
	[SUCCESSFUL ] org.apache.dm#test3;1.0!test3.jar (1ms)
downloading /Volumes/MacintoshHDD/mccurdyc/computer_science/cs441s2016/cs441s2016-fp-team1/container/tlb/tools/ivy/test/repositories/parentPom/org/apache/dm/test4/1.0/test4-1.0.jar ...
.. (0kB)
	[SUCCESSFUL ] org.apache.dm#test4;1.0!test4.jar (1ms)
:: resolution report :: resolve 44ms :: artifacts dl 5ms
	---------------------------------------------------------------------
	|                  |            modules            ||   artifacts   |
	|       conf       | number| search|dwnlded|evicted|| number|dwnlded|
	---------------------------------------------------------------------
	|      default     |   3   |   3   |   3   |   0   ||   3   |   3   |
	|      master      |   0   |   0   |   0   |   0   ||   0   |   0   |
	|      compile     |   3   |   3   |   3   |   0   ||   3   |   3   |
	|     provided     |   0   |   0   |   0   |   0   ||   0   |   0   |
	|      runtime     |   3   |   3   |   3   |   0   ||   3   |   3   |
	|       test       |   3   |   3   |   3   |   0   ||   3   |   3   |
	|      system      |   0   |   0   |   0   |   0   ||   0   |   0   |
	|      sources     |   0   |   0   |   0   |   0   ||   0   |   0   |
	|      javadoc     |   0   |   0   |   0   |   0   ||   0   |   0   |
	|     optional     |   0   |   0   |   0   |   0   ||   0   |   0   |
	---------------------------------------------------------------------
:: loading settings :: file = test/repositories/ivysettings.xml
:: loading settings :: file = test/repositories/parentPom/ivysettings.xml
DEPRECATED: 'defaultCache' is deprecated, use 'caches[@defaultCacheDir]' instead (file:/Volumes/MacintoshHDD/mccurdyc/computer_science/cs441s2016/cs441s2016-fp-team1/container/tlb/tools/ivy/test/repositories/parentPom/ivysettings.xml)
:: resolving dependencies :: org.apache.dm#test;3.0
	confs: [default, master, compile, provided, runtime, test, system, sources, javadoc, optional]
	found org.apache.dm#test5;2.0 in m2
	found org.apache.dm#test3;1.0 in m2
downloading /Volumes/MacintoshHDD/mccurdyc/computer_science/cs441s2016/cs441s2016-fp-team1/container/tlb/tools/ivy/test/repositories/parentPom/org/apache/dm/test5/2.0/test5-2.0.jar ...
.. (0kB)
	[SUCCESSFUL ] org.apache.dm#test5;2.0!test5.jar (1ms)
downloading /Volumes/MacintoshHDD/mccurdyc/computer_science/cs441s2016/cs441s2016-fp-team1/container/tlb/tools/ivy/test/repositories/parentPom/org/apache/dm/test3/1.0/test3-1.0.jar ...
.. (0kB)
	[SUCCESSFUL ] org.apache.dm#test3;1.0!test3.jar (1ms)
:: resolution report :: resolve 49ms :: artifacts dl 3ms
	---------------------------------------------------------------------
	|                  |            modules            ||   artifacts   |
	|       conf       | number| search|dwnlded|evicted|| number|dwnlded|
	---------------------------------------------------------------------
	|      default     |   2   |   2   |   2   |   0   ||   2   |   2   |
	|      master      |   0   |   0   |   0   |   0   ||   0   |   0   |
	|      compile     |   2   |   2   |   2   |   0   ||   2   |   2   |
	|     provided     |   0   |   0   |   0   |   0   ||   0   |   0   |
	|      runtime     |   2   |   2   |   2   |   0   ||   2   |   2   |
	|       test       |   2   |   2   |   2   |   0   ||   2   |   2   |
	|      system      |   0   |   0   |   0   |   0   ||   0   |   0   |
	|      sources     |   0   |   0   |   0   |   0   ||   0   |   0   |
	|      javadoc     |   0   |   0   |   0   |   0   ||   0   |   0   |
	|     optional     |   0   |   0   |   0   |   0   ||   0   |   0   |
	---------------------------------------------------------------------
:: loading settings :: file = test/repositories/ivysettings.xml
:: loading settings :: file = test/repositories/m2/ivysettings.xml
DEPRECATED: 'defaultCache' is deprecated, use 'caches[@defaultCacheDir]' instead (file:/Volumes/MacintoshHDD/mccurdyc/computer_science/cs441s2016/cs441s2016-fp-team1/container/tlb/tools/ivy/test/repositories/m2/ivysettings.xml)
:: resolving dependencies :: org.apache#test4;1.0
	confs: [default, master, compile, provided, runtime, test, system, sources, javadoc, optional]
	found org.apache#test-SNAPSHOT1;2.0.2-SNAPSHOT in m2
downloading file:/Volumes/MacintoshHDD/mccurdyc/computer_science/cs441s2016/cs441s2016-fp-team1/container/tlb/tools/ivy/test/repositories/m2/org/apache/test-SNAPSHOT1/2.0.2-SNAPSHOT/test-SNAPSHOT1-2.0.2-20070310.181613-3.jar ...
.. (0kB)
	[SUCCESSFUL ] org.apache#test-SNAPSHOT1;2.0.2-SNAPSHOT!test-SNAPSHOT1.jar (7ms)
:: resolution report :: resolve 23ms :: artifacts dl 7ms
	---------------------------------------------------------------------
	|                  |            modules            ||   artifacts   |
	|       conf       | number| search|dwnlded|evicted|| number|dwnlded|
	---------------------------------------------------------------------
	|      default     |   1   |   1   |   1   |   0   ||   1   |   1   |
	|      master      |   0   |   0   |   0   |   0   ||   0   |   0   |
	|      compile     |   1   |   1   |   1   |   0   ||   1   |   1   |
	|     provided     |   0   |   0   |   0   |   0   ||   0   |   0   |
	|      runtime     |   1   |   1   |   1   |   0   ||   1   |   1   |
	|       test       |   1   |   1   |   1   |   0   ||   1   |   1   |
	|      system      |   0   |   0   |   0   |   0   ||   0   |   0   |
	|      sources     |   0   |   0   |   0   |   0   ||   0   |   0   |
	|      javadoc     |   0   |   0   |   0   |   0   ||   0   |   0   |
	|     optional     |   0   |   0   |   0   |   0   ||   0   |   0   |
	---------------------------------------------------------------------
:: loading settings :: file = test/repositories/ivysettings.xml
:: loading settings :: file = test/repositories/m2/ivysettings.xml
DEPRECATED: 'defaultCache' is deprecated, use 'caches[@defaultCacheDir]' instead (file:/Volumes/MacintoshHDD/mccurdyc/computer_science/cs441s2016/cs441s2016-fp-team1/container/tlb/tools/ivy/test/repositories/m2/ivysettings.xml)
:: resolving dependencies :: org.apache#test-SNAPSHOT1-caller;working
	confs: [default, master, compile, provided, runtime, system, sources, javadoc, optional]
	found org.apache#test-SNAPSHOT1;2.0.2-SNAPSHOT in m2
downloading file:/Volumes/MacintoshHDD/mccurdyc/computer_science/cs441s2016/cs441s2016-fp-team1/container/tlb/tools/ivy/test/repositories/m2/org/apache/test-SNAPSHOT1/2.0.2-SNAPSHOT/test-SNAPSHOT1-2.0.2-20070310.181613-3.jar ...
.. (0kB)
	[SUCCESSFUL ] org.apache#test-SNAPSHOT1;2.0.2-SNAPSHOT!test-SNAPSHOT1.jar (3ms)
:: resolution report :: resolve 21ms :: artifacts dl 4ms
	---------------------------------------------------------------------
	|                  |            modules            ||   artifacts   |
	|       conf       | number| search|dwnlded|evicted|| number|dwnlded|
	---------------------------------------------------------------------
	|      default     |   1   |   1   |   1   |   0   ||   1   |   1   |
	|      master      |   1   |   1   |   1   |   0   ||   1   |   1   |
	|      compile     |   1   |   1   |   1   |   0   ||   0   |   0   |
	|     provided     |   1   |   1   |   1   |   0   ||   0   |   0   |
	|      runtime     |   1   |   1   |   1   |   0   ||   0   |   0   |
	|      system      |   1   |   1   |   1   |   0   ||   0   |   0   |
	|      sources     |   1   |   1   |   1   |   0   ||   0   |   0   |
	|      javadoc     |   1   |   1   |   1   |   0   ||   0   |   0   |
	|     optional     |   1   |   1   |   1   |   0   ||   0   |   0   |
	---------------------------------------------------------------------
:: loading settings :: file = test/repositories/ivysettings.xml
:: loading settings :: file = test/repositories/m2/ivysettings.xml
DEPRECATED: 'defaultCache' is deprecated, use 'caches[@defaultCacheDir]' instead (file:/Volumes/MacintoshHDD/mccurdyc/computer_science/cs441s2016/cs441s2016-fp-team1/container/tlb/tools/ivy/test/repositories/m2/ivysettings.xml)
:: resolving dependencies :: org.apache#test4;1.1
	confs: [default, master, compile, provided, runtime, test, system, sources, javadoc, optional]
	found org.apache#test-SNAPSHOT2;2.0.2-SNAPSHOT in m2
downloading file:/Volumes/MacintoshHDD/mccurdyc/computer_science/cs441s2016/cs441s2016-fp-team1/container/tlb/tools/ivy/test/repositories/m2/org/apache/test-SNAPSHOT2/2.0.2-SNAPSHOT/test-SNAPSHOT2-2.0.2-SNAPSHOT.jar ...
.. (0kB)
	[SUCCESSFUL ] org.apache#test-SNAPSHOT2;2.0.2-SNAPSHOT!test-SNAPSHOT2.jar (2ms)
:: resolution report :: resolve 14ms :: artifacts dl 3ms
	---------------------------------------------------------------------
	|                  |            modules            ||   artifacts   |
	|       conf       | number| search|dwnlded|evicted|| number|dwnlded|
	---------------------------------------------------------------------
	|      default     |   1   |   1   |   1   |   0   ||   1   |   1   |
	|      master      |   0   |   0   |   0   |   0   ||   0   |   0   |
	|      compile     |   1   |   1   |   1   |   0   ||   1   |   1   |
	|     provided     |   0   |   0   |   0   |   0   ||   0   |   0   |
	|      runtime     |   1   |   1   |   1   |   0   ||   1   |   1   |
	|       test       |   1   |   1   |   1   |   0   ||   1   |   1   |
	|      system      |   0   |   0   |   0   |   0   ||   0   |   0   |
	|      sources     |   0   |   0   |   0   |   0   ||   0   |   0   |
	|      javadoc     |   0   |   0   |   0   |   0   ||   0   |   0   |
	|     optional     |   0   |   0   |   0   |   0   ||   0   |   0   |
	---------------------------------------------------------------------
:: loading settings :: file = test/repositories/ivysettings.xml
:: loading settings :: file = test/repositories/m2/ivysettings.xml
DEPRECATED: 'defaultCache' is deprecated, use 'caches[@defaultCacheDir]' instead (file:/Volumes/MacintoshHDD/mccurdyc/computer_science/cs441s2016/cs441s2016-fp-team1/container/tlb/tools/ivy/test/repositories/m2/ivysettings.xml)
:: resolving dependencies :: org.apache#test-SNAPSHOT2-caller;working
	confs: [default, master, compile, provided, runtime, system, sources, javadoc, optional]
	found org.apache#test-SNAPSHOT2;2.0.2-SNAPSHOT in m2
downloading file:/Volumes/MacintoshHDD/mccurdyc/computer_science/cs441s2016/cs441s2016-fp-team1/container/tlb/tools/ivy/test/repositories/m2/org/apache/test-SNAPSHOT2/2.0.2-SNAPSHOT/test-SNAPSHOT2-2.0.2-SNAPSHOT.jar ...
.. (0kB)
	[SUCCESSFUL ] org.apache#test-SNAPSHOT2;2.0.2-SNAPSHOT!test-SNAPSHOT2.jar (2ms)
:: resolution report :: resolve 14ms :: artifacts dl 2ms
	---------------------------------------------------------------------
	|                  |            modules            ||   artifacts   |
	|       conf       | number| search|dwnlded|evicted|| number|dwnlded|
	---------------------------------------------------------------------
	|      default     |   1   |   1   |   1   |   0   ||   1   |   1   |
	|      master      |   1   |   1   |   1   |   0   ||   1   |   1   |
	|      compile     |   1   |   1   |   1   |   0   ||   0   |   0   |
	|     provided     |   1   |   1   |   1   |   0   ||   0   |   0   |
	|      runtime     |   1   |   1   |   1   |   0   ||   0   |   0   |
	|      system      |   1   |   1   |   1   |   0   ||   0   |   0   |
	|      sources     |   1   |   1   |   1   |   0   ||   0   |   0   |
	|      javadoc     |   1   |   1   |   1   |   0   ||   0   |   0   |
	|     optional     |   1   |   1   |   1   |   0   ||   0   |   0   |
	---------------------------------------------------------------------
:: loading settings :: file = test/repositories/ivysettings.xml
:: loading settings :: file = test/repositories/namespace/ivysettings.xml
DEPRECATED: 'defaultCache' is deprecated, use 'caches[@defaultCacheDir]' instead (file:/Volumes/MacintoshHDD/mccurdyc/computer_science/cs441s2016/cs441s2016-fp-team1/container/tlb/tools/ivy/test/repositories/namespace/ivysettings.xml)
:: resolving dependencies :: apache#namespace;1.0
	confs: [default]
	found systemorg#systemmod;1.0 in ns
downloading /Volumes/MacintoshHDD/mccurdyc/computer_science/cs441s2016/cs441s2016-fp-team1/container/tlb/tools/ivy/test/repositories/namespace/A/A/1.0/A.jar ...
.. (0kB)
	[SUCCESSFUL ] systemorg#systemmod;1.0!A.jar (1ms)
:: resolution report :: resolve 12ms :: artifacts dl 1ms
	---------------------------------------------------------------------
	|                  |            modules            ||   artifacts   |
	|       conf       | number| search|dwnlded|evicted|| number|dwnlded|
	---------------------------------------------------------------------
	|      default     |   1   |   1   |   1   |   0   ||   1   |   1   |
	---------------------------------------------------------------------
:: loading settings :: file = test/repositories/ivysettings.xml
:: loading settings :: file = test/repositories/namespace/ivysettings.xml
DEPRECATED: 'defaultCache' is deprecated, use 'caches[@defaultCacheDir]' instead (file:/Volumes/MacintoshHDD/mccurdyc/computer_science/cs441s2016/cs441s2016-fp-team1/container/tlb/tools/ivy/test/repositories/namespace/ivysettings.xml)
:: resolving dependencies :: apache#namespace;2.0
	confs: [default]
	found systemorg#systemmod2;1.0 in ns
	found systemorg#systemmod;1.0 in ns
downloading /Volumes/MacintoshHDD/mccurdyc/computer_science/cs441s2016/cs441s2016-fp-team1/container/tlb/tools/ivy/test/repositories/namespace/A/B/1.0/B.jar ...
.. (0kB)
	[SUCCESSFUL ] systemorg#systemmod2;1.0!B.jar (1ms)
downloading /Volumes/MacintoshHDD/mccurdyc/computer_science/cs441s2016/cs441s2016-fp-team1/container/tlb/tools/ivy/test/repositories/namespace/A/A/1.0/A.jar ...
.. (0kB)
	[SUCCESSFUL ] systemorg#systemmod;1.0!A.jar (1ms)
:: resolution report :: resolve 24ms :: artifacts dl 3ms
	---------------------------------------------------------------------
	|                  |            modules            ||   artifacts   |
	|       conf       | number| search|dwnlded|evicted|| number|dwnlded|
	---------------------------------------------------------------------
	|      default     |   2   |   2   |   2   |   0   ||   2   |   2   |
	---------------------------------------------------------------------
:: loading settings :: file = test/repositories/ivysettings.xml
:: loading settings :: file = test/repositories/namespace/ivysettings.xml
DEPRECATED: 'defaultCache' is deprecated, use 'caches[@defaultCacheDir]' instead (file:/Volumes/MacintoshHDD/mccurdyc/computer_science/cs441s2016/cs441s2016-fp-team1/container/tlb/tools/ivy/test/repositories/namespace/ivysettings.xml)
:: resolving dependencies :: apache#namespace;3.0
	confs: [default]
	found systemorg2#system-2;1.0 in ns
	found systemorg2#system-1;1.0 in ns
downloading /Volumes/MacintoshHDD/mccurdyc/computer_science/cs441s2016/cs441s2016-fp-team1/container/tlb/tools/ivy/test/repositories/namespace/B/2/1.0/2.jar ...
.. (0kB)
	[SUCCESSFUL ] systemorg2#system-2;1.0!2.jar (1ms)
downloading /Volumes/MacintoshHDD/mccurdyc/computer_science/cs441s2016/cs441s2016-fp-team1/container/tlb/tools/ivy/test/repositories/namespace/B/1/1.0/1.jar ...
.. (0kB)
	[SUCCESSFUL ] systemorg2#system-1;1.0!1.jar (1ms)
:: resolution report :: resolve 23ms :: artifacts dl 4ms
	---------------------------------------------------------------------
	|                  |            modules            ||   artifacts   |
	|       conf       | number| search|dwnlded|evicted|| number|dwnlded|
	---------------------------------------------------------------------
	|      default     |   2   |   2   |   2   |   0   ||   2   |   2   |
	---------------------------------------------------------------------
:: loading settings :: file = test/repositories/ivysettings.xml
:: loading settings :: file = test/repositories/namespace/ivysettings.xml
DEPRECATED: 'defaultCache' is deprecated, use 'caches[@defaultCacheDir]' instead (file:/Volumes/MacintoshHDD/mccurdyc/computer_science/cs441s2016/cs441s2016-fp-team1/container/tlb/tools/ivy/test/repositories/namespace/ivysettings.xml)
:: resolving dependencies :: apache#namespace;4.0
	confs: [default]
:: resolution report :: resolve 10ms :: artifacts dl 0ms
	---------------------------------------------------------------------
	|                  |            modules            ||   artifacts   |
	|       conf       | number| search|dwnlded|evicted|| number|dwnlded|
	---------------------------------------------------------------------
	|      default     |   1   |   0   |   0   |   0   ||   0   |   0   |
	---------------------------------------------------------------------

:: problems summary ::
:::: WARNINGS
		::::::::::::::::::::::::::::::::::::::::::::::

		::          UNRESOLVED DEPENDENCIES         ::

		::::::::::::::::::::::::::::::::::::::::::::::

		:: A#A;1.0: java.text.ParseException: inconsistent module descriptor file found in '/Volumes/MacintoshHDD/mccurdyc/computer_science/cs441s2016/cs441s2016-fp-team1/container/tlb/tools/ivy/test/repositories/namespace/A/A/1.0/ivy.xml': bad organisation: expected='A' found='systemorg'; bad module name: expected='A' found='systemmod'; 

		::::::::::::::::::::::::::::::::::::::::::::::


:::: ERRORS
		ns: bad organisation found in /Volumes/MacintoshHDD/mccurdyc/computer_science/cs441s2016/cs441s2016-fp-team1/container/tlb/tools/ivy/test/repositories/namespace/A/A/1.0/ivy.xml: expected='A' found='systemorg'

		ns: bad module name found in /Volumes/MacintoshHDD/mccurdyc/computer_science/cs441s2016/cs441s2016-fp-team1/container/tlb/tools/ivy/test/repositories/namespace/A/A/1.0/ivy.xml: expected='A found='systemmod'


:: USE VERBOSE OR DEBUG MESSAGE LEVEL FOR MORE DETAILS
:: loading settings :: file = test/repositories/ivysettings.xml
:: loading settings :: file = test/repositories/namespace/ivysettings.xml
DEPRECATED: 'defaultCache' is deprecated, use 'caches[@defaultCacheDir]' instead (file:/Volumes/MacintoshHDD/mccurdyc/computer_science/cs441s2016/cs441s2016-fp-team1/container/tlb/tools/ivy/test/repositories/namespace/ivysettings.xml)
:: resolving dependencies :: apache#namespace;5.0
	confs: [default]
	found systemorg3#systemmod3;1.0 in ns
:: resolution report :: resolve 11ms :: artifacts dl 0ms
	---------------------------------------------------------------------
	|                  |            modules            ||   artifacts   |
	|       conf       | number| search|dwnlded|evicted|| number|dwnlded|
	---------------------------------------------------------------------
	|      default     |   1   |   1   |   1   |   0   ||   0   |   0   |
	---------------------------------------------------------------------
:: loading settings :: file = test/repositories/ivysettings.xml
:: loading settings :: file = test/repositories/multirevisions/ivysettings.xml
:: resolving dependencies :: TEST#moduleY;1.0
	confs: [compile, test]
	found TEST#moduleX;1.0 in LOCAL
	[1.0] TEST#moduleX;1+
	found TEST#moduleZ;1.0 in LOCAL
	found TEST#moduleX;2.0 in LOCAL
downloading /Volumes/MacintoshHDD/mccurdyc/computer_science/cs441s2016/cs441s2016-fp-team1/container/tlb/tools/ivy/test/repositories/multirevisions/jars/moduleX-1.0.jar ...
.. (0kB)
	[SUCCESSFUL ] TEST#moduleX;1.0!moduleX.jar (1ms)
downloading /Volumes/MacintoshHDD/mccurdyc/computer_science/cs441s2016/cs441s2016-fp-team1/container/tlb/tools/ivy/test/repositories/multirevisions/jars/moduleZ-1.0.jar ...
.. (0kB)
	[SUCCESSFUL ] TEST#moduleZ;1.0!moduleZ.jar (1ms)
downloading /Volumes/MacintoshHDD/mccurdyc/computer_science/cs441s2016/cs441s2016-fp-team1/container/tlb/tools/ivy/test/repositories/multirevisions/jars/moduleX-2.0.jar ...
.. (0kB)
	[SUCCESSFUL ] TEST#moduleX;2.0!moduleX.jar (1ms)
:: resolution report :: resolve 27ms :: artifacts dl 3ms
	:: evicted modules:
	TEST#moduleX;1.0 by [TEST#moduleX;2.0] in [test]
	---------------------------------------------------------------------
	|                  |            modules            ||   artifacts   |
	|       conf       | number| search|dwnlded|evicted|| number|dwnlded|
	---------------------------------------------------------------------
	|      compile     |   1   |   1   |   1   |   0   ||   1   |   1   |
	|       test       |   3   |   3   |   3   |   1   ||   2   |   2   |
	---------------------------------------------------------------------
:: loading settings :: file = test/repositories/ivysettings.xml
:: resolving dependencies :: org12#mod12.2;1.0
	confs: [default]
:: resolution report :: resolve 9ms :: artifacts dl 0ms
	---------------------------------------------------------------------
	|                  |            modules            ||   artifacts   |
	|       conf       | number| search|dwnlded|evicted|| number|dwnlded|
	---------------------------------------------------------------------
	|      default     |   1   |   0   |   0   |   0   ||   0   |   0   |
	---------------------------------------------------------------------

:: problems summary ::
:::: WARNINGS
		::::::::::::::::::::::::::::::::::::::::::::::

		::          UNRESOLVED DEPENDENCIES         ::

		::::::::::::::::::::::::::::::::::::::::::::::

		:: org12#mod12.1;1.0: java.text.ParseException: inconsistent module descriptor file found in '/Volumes/MacintoshHDD/mccurdyc/computer_science/cs441s2016/cs441s2016-fp-team1/container/tlb/tools/ivy/test/repositories/2/mod12.1/ivy-1.0.xml': bad revision: expected='1.0' found='working@Coltons-MacBook-Pro.local'; 

		::::::::::::::::::::::::::::::::::::::::::::::


:::: ERRORS
		2-ivy: bad revision found in /Volumes/MacintoshHDD/mccurdyc/computer_science/cs441s2016/cs441s2016-fp-team1/container/tlb/tools/ivy/test/repositories/2/mod12.1/ivy-1.0.xml: expected='1.0 found='working@Coltons-MacBook-Pro.local'


:: USE VERBOSE OR DEBUG MESSAGE LEVEL FOR MORE DETAILS
:: loading settings :: file = test/repositories/ivysettings.xml
:: resolving dependencies :: org12#mod12.2;1.0
	confs: [default]
	found org12#mod12.1;1.0 in 2-ivy
	found org1#mod1.2;2.0 in 1
downloading /Volumes/MacintoshHDD/mccurdyc/computer_science/cs441s2016/cs441s2016-fp-team1/container/tlb/tools/ivy/test/repositories/2/mod12.1/mod12.1-1.0.jar ...
.. (0kB)
	[SUCCESSFUL ] org12#mod12.1;1.0!mod12.1.jar (10ms)
downloading /Volumes/MacintoshHDD/mccurdyc/computer_science/cs441s2016/cs441s2016-fp-team1/container/tlb/tools/ivy/test/repositories/1/org1/mod1.2/jars/mod1.2-2.0.jar ...
. (0kB)
	[SUCCESSFUL ] org1#mod1.2;2.0!mod1.2.jar (0ms)
:: resolution report :: resolve 16ms :: artifacts dl 12ms
	---------------------------------------------------------------------
	|                  |            modules            ||   artifacts   |
	|       conf       | number| search|dwnlded|evicted|| number|dwnlded|
	---------------------------------------------------------------------
	|      default     |   2   |   2   |   1   |   0   ||   2   |   2   |
	---------------------------------------------------------------------
:: loading settings :: file = test/repositories/ivysettings.xml
:: resolving dependencies :: org13#mod13.3;1.0
	confs: [j2ee, compile, runtime, test, war, tgz, provided, default]
	found org13#mod13.2;1.0 in 2-ivy
	found org13#mod13.1;1.0 in 2-ivy
	found org1#mod1.2;2.0 in 1
downloading /Volumes/MacintoshHDD/mccurdyc/computer_science/cs441s2016/cs441s2016-fp-team1/container/tlb/tools/ivy/test/repositories/2/mod13.2/mod13.2-1.0.jar ...
.. (0kB)
	[SUCCESSFUL ] org13#mod13.2;1.0!mod13.2.jar (1ms)
downloading /Volumes/MacintoshHDD/mccurdyc/computer_science/cs441s2016/cs441s2016-fp-team1/container/tlb/tools/ivy/test/repositories/2/mod13.1/mod13.1-1.0.jar ...
.. (0kB)
	[SUCCESSFUL ] org13#mod13.1;1.0!mod13.1.jar (1ms)
downloading /Volumes/MacintoshHDD/mccurdyc/computer_science/cs441s2016/cs441s2016-fp-team1/container/tlb/tools/ivy/test/repositories/1/org1/mod1.2/jars/mod1.2-2.0.jar ...
. (0kB)
	[SUCCESSFUL ] org1#mod1.2;2.0!mod1.2.jar (1ms)
:: resolution report :: resolve 35ms :: artifacts dl 4ms
	---------------------------------------------------------------------
	|                  |            modules            ||   artifacts   |
	|       conf       | number| search|dwnlded|evicted|| number|dwnlded|
	---------------------------------------------------------------------
	|       j2ee       |   2   |   2   |   2   |   0   ||   0   |   0   |
	|      compile     |   3   |   3   |   2   |   0   ||   3   |   3   |
	|      runtime     |   3   |   3   |   2   |   0   ||   3   |   3   |
	|       test       |   3   |   3   |   2   |   0   ||   3   |   3   |
	|        war       |   3   |   3   |   2   |   0   ||   3   |   3   |
	|        tgz       |   2   |   2   |   2   |   0   ||   0   |   0   |
	|     provided     |   3   |   3   |   2   |   0   ||   3   |   3   |
	|      default     |   3   |   3   |   2   |   0   ||   3   |   3   |
	---------------------------------------------------------------------
:: loading settings :: file = test/repositories/ivysettings.xml
:: loading settings :: file = test/repositories/extra-attributes/ivysettings.xml
:: resolving dependencies :: apache#extra-att;1.0
	confs: [default]
	found apache#mymodule;1854 in default
	[1854] apache#mymodule;1854
downloading /Volumes/MacintoshHDD/mccurdyc/computer_science/cs441s2016/cs441s2016-fp-team1/container/tlb/tools/ivy/test/repositories/extra-attributes/mymodule/task1/1854/mymodule-linux.jar ...
.. (0kB)
	[SUCCESSFUL ] apache#mymodule;1854!mymodule.jar (1ms)
downloading /Volumes/MacintoshHDD/mccurdyc/computer_science/cs441s2016/cs441s2016-fp-team1/container/tlb/tools/ivy/test/repositories/extra-attributes/mymodule/task1/1854/mymodule-windows.jar ...
.. (0kB)
	[SUCCESSFUL ] apache#mymodule;1854!mymodule.jar (1ms)
:: resolution report :: resolve 14ms :: artifacts dl 3ms
	---------------------------------------------------------------------
	|                  |            modules            ||   artifacts   |
	|       conf       | number| search|dwnlded|evicted|| number|dwnlded|
	---------------------------------------------------------------------
	|      default     |   1   |   1   |   1   |   0   ||   2   |   2   |
	---------------------------------------------------------------------
:: loading settings :: file = test/repositories/ivysettings.xml
:: loading settings :: file = test/repositories/extra-attributes/ivysettings.xml
:: resolving dependencies :: apache#extra-att;1.0
	confs: [default]
	found apache#mymodule;1748 in default
	[1748] apache#mymodule;1748
	found apache#module2;1976 in default
	[1976] apache#module2;1976
downloading /Volumes/MacintoshHDD/mccurdyc/computer_science/cs441s2016/cs441s2016-fp-team1/container/tlb/tools/ivy/test/repositories/extra-attributes/mymodule/task2/1748/mymodule-linux.jar ...
.. (0kB)
	[SUCCESSFUL ] apache#mymodule;1748!mymodule.jar (3ms)
downloading /Volumes/MacintoshHDD/mccurdyc/computer_science/cs441s2016/cs441s2016-fp-team1/container/tlb/tools/ivy/test/repositories/extra-attributes/mymodule/task2/1748/mymodule-windows.jar ...
.. (0kB)
	[SUCCESSFUL ] apache#mymodule;1748!mymodule.jar (4ms)
downloading /Volumes/MacintoshHDD/mccurdyc/computer_science/cs441s2016/cs441s2016-fp-team1/container/tlb/tools/ivy/test/repositories/extra-attributes/module2/task2/1976/module2-windows.jar ...
.. (0kB)
	[SUCCESSFUL ] apache#module2;1976!module2.jar (1ms)
downloading /Volumes/MacintoshHDD/mccurdyc/computer_science/cs441s2016/cs441s2016-fp-team1/container/tlb/tools/ivy/test/repositories/extra-attributes/module2/task2/1976/module2-linux.jar ...
.. (0kB)
	[SUCCESSFUL ] apache#module2;1976!module2.jar (1ms)
:: resolution report :: resolve 17ms :: artifacts dl 10ms
	---------------------------------------------------------------------
	|                  |            modules            ||   artifacts   |
	|       conf       | number| search|dwnlded|evicted|| number|dwnlded|
	---------------------------------------------------------------------
	|      default     |   2   |   2   |   2   |   0   ||   4   |   4   |
	---------------------------------------------------------------------
:: loading settings :: file = test/repositories/ivysettings.xml
:: loading settings :: file = test/repositories/ivysettings.xml
:: loading settings :: file = test/repositories/extra-attributes/ivysettings.xml
:: resolving dependencies :: apache#extra-att;1.0
	confs: [default]
	found apache#mymodule;1749 in default
downloading /Volumes/MacintoshHDD/mccurdyc/computer_science/cs441s2016/cs441s2016-fp-team1/container/tlb/tools/ivy/test/repositories/extra-attributes/mymodule/task2/1749/mymodule-linux.jar ...
.. (0kB)
	[SUCCESSFUL ] apache#mymodule;1749!mymodule.jar (1ms)
downloading /Volumes/MacintoshHDD/mccurdyc/computer_science/cs441s2016/cs441s2016-fp-team1/container/tlb/tools/ivy/test/repositories/extra-attributes/mymodule/task2/1749/mymodule-windows.jar ...
.. (0kB)
	[SUCCESSFUL ] apache#mymodule;1749!mymodule.jar (1ms)
:: resolution report :: resolve 9ms :: artifacts dl 3ms
	---------------------------------------------------------------------
	|                  |            modules            ||   artifacts   |
	|       conf       | number| search|dwnlded|evicted|| number|dwnlded|
	---------------------------------------------------------------------
	|      default     |   1   |   1   |   1   |   0   ||   2   |   2   |
	---------------------------------------------------------------------
:: loading settings :: file = test/repositories/ivysettings.xml
:: loading settings :: file = test/repositories/extra-attributes/ivysettings.xml
:: resolving dependencies :: apache#extra-att;1.0
	confs: [default]
	found apache#mymodule;1855 in default
downloading /Volumes/MacintoshHDD/mccurdyc/computer_science/cs441s2016/cs441s2016-fp-team1/container/tlb/tools/ivy/test/repositories/extra-attributes/mymodule/task1/1855/mymodule-windows.jar ...
.. (0kB)
	[SUCCESSFUL ] apache#mymodule;1855!mymodule.jar (1ms)
downloading /Volumes/MacintoshHDD/mccurdyc/computer_science/cs441s2016/cs441s2016-fp-team1/container/tlb/tools/ivy/test/repositories/extra-attributes/mymodule/task1/1855/mymodule-linux.jar ...
.. (0kB)
	[SUCCESSFUL ] apache#mymodule;1855!mymodule.jar (1ms)
:: resolution report :: resolve 11ms :: artifacts dl 2ms
	---------------------------------------------------------------------
	|                  |            modules            ||   artifacts   |
	|       conf       | number| search|dwnlded|evicted|| number|dwnlded|
	---------------------------------------------------------------------
	|      default     |   1   |   1   |   1   |   0   ||   2   |   2   |
	---------------------------------------------------------------------
:: loading settings :: file = test/repositories/ivysettings.xml
:: loading settings :: file = test/repositories/branches/ivysettings.xml
:: resolving dependencies :: bar#bar1#trunk;1
	confs: [default]
	found foo#foo1#trunk;3 in default
	[3] foo#foo1#trunk;[0,4]
downloading /Volumes/MacintoshHDD/mccurdyc/computer_science/cs441s2016/cs441s2016-fp-team1/container/tlb/tools/ivy/test/repositories/branches/foo/foo1/trunk/3/foo1.jar ...
.. (0kB)
	[SUCCESSFUL ] foo#foo1#trunk;3!foo1.jar (1ms)
:: resolution report :: resolve 11ms :: artifacts dl 1ms
	---------------------------------------------------------------------
	|                  |            modules            ||   artifacts   |
	|       conf       | number| search|dwnlded|evicted|| number|dwnlded|
	---------------------------------------------------------------------
	|      default     |   1   |   1   |   1   |   0   ||   1   |   1   |
	---------------------------------------------------------------------
:: loading settings :: file = test/repositories/ivysettings.xml
:: loading settings :: file = test/repositories/branches/ivysettings.xml
:: resolving dependencies :: bar#bar1#trunk;2
	confs: [default]
	found foo#foo1#branch1;4 in default
	[4] foo#foo1#branch1;[0,4]
downloading /Volumes/MacintoshHDD/mccurdyc/computer_science/cs441s2016/cs441s2016-fp-team1/container/tlb/tools/ivy/test/repositories/branches/foo/foo1/branch1/4/foo1.jar ...
.. (0kB)
	[SUCCESSFUL ] foo#foo1#branch1;4!foo1.jar (1ms)
:: resolution report :: resolve 13ms :: artifacts dl 1ms
	---------------------------------------------------------------------
	|                  |            modules            ||   artifacts   |
	|       conf       | number| search|dwnlded|evicted|| number|dwnlded|
	---------------------------------------------------------------------
	|      default     |   1   |   1   |   1   |   0   ||   1   |   1   |
	---------------------------------------------------------------------
:: loading settings :: file = test/repositories/ivysettings.xml
:: loading settings :: file = test/repositories/branches/ivysettings-defaultbranch1.xml
:: resolving dependencies :: bar#bar1#branch1;1
	confs: [default]
	found foo#foo1#branch1;4 in default
	[4] foo#foo1#branch1;[0,4]
downloading /Volumes/MacintoshHDD/mccurdyc/computer_science/cs441s2016/cs441s2016-fp-team1/container/tlb/tools/ivy/test/repositories/branches/foo/foo1/branch1/4/foo1.jar ...
.. (0kB)
	[SUCCESSFUL ] foo#foo1#branch1;4!foo1.jar (1ms)
:: resolution report :: resolve 9ms :: artifacts dl 1ms
	---------------------------------------------------------------------
	|                  |            modules            ||   artifacts   |
	|       conf       | number| search|dwnlded|evicted|| number|dwnlded|
	---------------------------------------------------------------------
	|      default     |   1   |   1   |   1   |   0   ||   1   |   1   |
	---------------------------------------------------------------------
:: loading settings :: file = test/repositories/ivysettings.xml
:: loading settings :: file = test/repositories/branches/ivysettings.xml
:: resolving dependencies :: bar#bar1#trunk;3
	confs: [default]
	found foo#foo1#trunk;3 in default
	[3] foo#foo1#trunk;[0,4]
	found bar#bar2#trunk;2 in default
	[2] bar#bar2#trunk;latest.integration
downloading /Volumes/MacintoshHDD/mccurdyc/computer_science/cs441s2016/cs441s2016-fp-team1/container/tlb/tools/ivy/test/repositories/branches/foo/foo1/trunk/3/foo1.jar ...
.. (0kB)
	[SUCCESSFUL ] foo#foo1#trunk;3!foo1.jar (1ms)
downloading /Volumes/MacintoshHDD/mccurdyc/computer_science/cs441s2016/cs441s2016-fp-team1/container/tlb/tools/ivy/test/repositories/branches/bar/bar2/trunk/2/bar2.jar ...
.. (0kB)
	[SUCCESSFUL ] bar#bar2#trunk;2!bar2.jar (1ms)
:: resolution report :: resolve 15ms :: artifacts dl 3ms
	---------------------------------------------------------------------
	|                  |            modules            ||   artifacts   |
	|       conf       | number| search|dwnlded|evicted|| number|dwnlded|
	---------------------------------------------------------------------
	|      default     |   2   |   2   |   2   |   0   ||   2   |   2   |
	---------------------------------------------------------------------
:: loading settings :: file = test/repositories/ivysettings.xml
:: loading settings :: file = test/repositories/branches/ivysettings-fooonbranch1.xml
:: resolving dependencies :: bar#bar1#trunk;3
	confs: [default]
	found foo#foo1#branch1;4 in default
	[4] foo#foo1#branch1;[0,4]
	found bar#bar2#trunk;2 in default
	[2] bar#bar2#trunk;latest.integration
downloading /Volumes/MacintoshHDD/mccurdyc/computer_science/cs441s2016/cs441s2016-fp-team1/container/tlb/tools/ivy/test/repositories/branches/foo/foo1/branch1/4/foo1.jar ...
.. (0kB)
	[SUCCESSFUL ] foo#foo1#branch1;4!foo1.jar (1ms)
downloading /Volumes/MacintoshHDD/mccurdyc/computer_science/cs441s2016/cs441s2016-fp-team1/container/tlb/tools/ivy/test/repositories/branches/bar/bar2/trunk/2/bar2.jar ...
.. (0kB)
	[SUCCESSFUL ] bar#bar2#trunk;2!bar2.jar (1ms)
:: resolution report :: resolve 24ms :: artifacts dl 3ms
	---------------------------------------------------------------------
	|                  |            modules            ||   artifacts   |
	|       conf       | number| search|dwnlded|evicted|| number|dwnlded|
	---------------------------------------------------------------------
	|      default     |   2   |   2   |   2   |   0   ||   2   |   2   |
	---------------------------------------------------------------------
:: loading settings :: file = test/repositories/ivysettings.xml
:: loading settings :: file = test/repositories/branches/ivysettings.xml
:: resolving dependencies :: bar#bar1#trunk;2
	confs: [default]
	found foo#foo1#branch1;5 in default
	found foo#foo2#branch1;1 in default
downloading /Volumes/MacintoshHDD/mccurdyc/computer_science/cs441s2016/cs441s2016-fp-team1/container/tlb/tools/ivy/test/repositories/branches/foo/foo1/branch1/5/foo1.jar ...
.. (0kB)
	[SUCCESSFUL ] foo#foo1#branch1;5!foo1.jar (1ms)
downloading /Volumes/MacintoshHDD/mccurdyc/computer_science/cs441s2016/cs441s2016-fp-team1/container/tlb/tools/ivy/test/repositories/branches/foo/foo2/branch1/1/foo2.jar ...
.. (0kB)
	[SUCCESSFUL ] foo#foo2#branch1;1!foo2.jar (1ms)
:: resolution report :: resolve 27ms :: artifacts dl 3ms
	---------------------------------------------------------------------
	|                  |            modules            ||   artifacts   |
	|       conf       | number| search|dwnlded|evicted|| number|dwnlded|
	---------------------------------------------------------------------
	|      default     |   2   |   2   |   2   |   0   ||   2   |   2   |
	---------------------------------------------------------------------
:: resolving dependencies :: bar#bar1#trunk;2
	confs: [default]
	found foo#foo1#trunk;5 in default
downloading /Volumes/MacintoshHDD/mccurdyc/computer_science/cs441s2016/cs441s2016-fp-team1/container/tlb/tools/ivy/test/repositories/branches/foo/foo1/trunk/5/foo1.jar ...
.. (0kB)
	[SUCCESSFUL ] foo#foo1#trunk;5!foo1.jar (2ms)
:: resolution report :: resolve 8ms :: artifacts dl 2ms
	---------------------------------------------------------------------
	|                  |            modules            ||   artifacts   |
	|       conf       | number| search|dwnlded|evicted|| number|dwnlded|
	---------------------------------------------------------------------
	|      default     |   1   |   1   |   1   |   0   ||   1   |   1   |
	---------------------------------------------------------------------
:: loading settings :: file = test/repositories/ivysettings.xml
:: loading settings :: file = test/repositories/external-artifacts/ivysettings.xml
:: resolving dependencies :: apache#test;working@Coltons-MacBook-Pro.local
	confs: [default]
	found apache#A;1.0 in r
	[1.0] apache#A;latest.integration
	found apache#B;2.0 in r
	found apache#C;3.0 in r
downloading /Volumes/MacintoshHDD/mccurdyc/computer_science/cs441s2016/cs441s2016-fp-team1/container/tlb/tools/ivy/test/repositories/external-artifacts/elsewhere/mya-1.1-windows.zip ...
.. (0kB)
	[SUCCESSFUL ] apache#A;1.0!a.jar (1ms)
downloading /Volumes/MacintoshHDD/mccurdyc/computer_science/cs441s2016/cs441s2016-fp-team1/container/tlb/tools/ivy/test/repositories/external-artifacts/somewhere/myb-2.0-ext.jar ...
.. (0kB)
	[SUCCESSFUL ] apache#B;2.0!b.jar (1ms)
downloading /Volumes/MacintoshHDD/mccurdyc/computer_science/cs441s2016/cs441s2016-fp-team1/container/tlb/tools/ivy/test/repositories/external-artifacts/somewhere/afile.jar ...
.. (0kB)
	[SUCCESSFUL ] apache#C;3.0!C.jar (1ms)
:: resolution report :: resolve 13ms :: artifacts dl 3ms
	---------------------------------------------------------------------
	|                  |            modules            ||   artifacts   |
	|       conf       | number| search|dwnlded|evicted|| number|dwnlded|
	---------------------------------------------------------------------
	|      default     |   3   |   3   |   1   |   0   ||   3   |   3   |
	---------------------------------------------------------------------
:: loading settings :: file = test/repositories/ivysettings.xml
:: loading settings :: file = test/repositories/multi-ivypattern/ivysettings.xml
DEPRECATED: 'defaultCache' is deprecated, use 'caches[@defaultCacheDir]' instead (file:/Volumes/MacintoshHDD/mccurdyc/computer_science/cs441s2016/cs441s2016-fp-team1/container/tlb/tools/ivy/test/repositories/multi-ivypattern/ivysettings.xml)
:: resolving dependencies :: org1#mod1.1-caller;working [not transitive]
	confs: [default]
	found org1#mod1.1;1.1 in multi-ivy
:: resolution report :: resolve 2ms :: artifacts dl 0ms
	---------------------------------------------------------------------
	|                  |            modules            ||   artifacts   |
	|       conf       | number| search|dwnlded|evicted|| number|dwnlded|
	---------------------------------------------------------------------
	|      default     |   1   |   0   |   0   |   0   ||   0   |   0   |
	---------------------------------------------------------------------
:: loading settings :: file = test/repositories/ivysettings.xml
:: resolving dependencies :: orgConflictAndPrivateConf#root;1.0
	confs: [assembly]
	found orgConflictAndPrivateConf#modA;1.0 in 1
	found orgConflictAndPrivateConf#modC;1.0 in 1
	found orgConflictAndPrivateConf#modB;1.0 in 1
	found orgConflictAndPrivateConf#modC;1.1 in 1
:: resolution report :: resolve 34ms :: artifacts dl 0ms
	:: evicted modules:
	orgConflictAndPrivateConf#modC;1.0 by [orgConflictAndPrivateConf#modC;1.1] in [assembly]
	---------------------------------------------------------------------
	|                  |            modules            ||   artifacts   |
	|       conf       | number| search|dwnlded|evicted|| number|dwnlded|
	---------------------------------------------------------------------
	|     assembly     |   4   |   4   |   4   |   1   ||   0   |   0   |
	---------------------------------------------------------------------
:: loading settings :: file = test/repositories/ivysettings.xml
:: loading settings :: file = test/repositories/extra-attributes-forceddependencies/ivysettings-filerepo-attribs.xml
:: resolving dependencies :: CAE-Visualization-Products#IG-6_2#MAIN;6.2.1.4
	confs: [default, BuildTimeDependencies, RunTimeDependencies, TestingDependencies]
	found CAE-Visualization-Components#RTS#MAIN;6.2.1.20 in attribs
	[6.2.1.20] CAE-Visualization-Components#RTS#MAIN;6.2.1.20
	found CAE-Visualization-Components#SGL#MAIN;6.2.34.7 in attribs
	[6.2.34.7] CAE-Visualization-Components#SGL#MAIN;6.2.34.7
	found CAE-Visualization-Components#SGL#MAIN;6.2.34.17 in attribs
	[6.2.34.17] CAE-Visualization-Components#SGL#MAIN;[6.2.0,6.2.999]
BLACKLISTING [CAE-Visualization-Components#SGL#MAIN;6.2.34.17 blacklisted to evict CAE-Visualization-Components#SGL#MAIN;6.2.34.17 in favor of CAE-Visualization-Components#SGL#MAIN;6.2.34.7 in CAE-Visualization-Products#IG-6_2#MAIN;6.2.1.4 for BuildTimeDependencies]
	found CAE-Visualization-Components#SGL#MAIN;6.2.34.7 in attribs
	[6.2.34.7] CAE-Visualization-Components#SGL#MAIN;[6.2.0,6.2.999]
downloading /Volumes/MacintoshHDD/mccurdyc/computer_science/cs441s2016/cs441s2016-fp-team1/container/tlb/tools/ivy/test/repositories/extra-attributes-forceddependencies/filerepo-attribs/CAE-Visualization-Components/RTS/6.2.1.20/RTS-6.2.1.20.zip ...
. (0kB)
	[SUCCESSFUL ] CAE-Visualization-Components#RTS#MAIN;6.2.1.20!RTS.zip (1ms)
downloading /Volumes/MacintoshHDD/mccurdyc/computer_science/cs441s2016/cs441s2016-fp-team1/container/tlb/tools/ivy/test/repositories/extra-attributes-forceddependencies/filerepo-attribs/CAE-Visualization-Components/SGL/6.2.34.7/SGL-6.2.34.7.zip ...
. (0kB)
	[SUCCESSFUL ] CAE-Visualization-Components#SGL#MAIN;6.2.34.7!SGL.zip (1ms)
:: resolution report :: resolve 30ms :: artifacts dl 2ms
	---------------------------------------------------------------------
	|                  |            modules            ||   artifacts   |
	|       conf       | number| search|dwnlded|evicted|| number|dwnlded|
	---------------------------------------------------------------------
	|      default     |   0   |   0   |   0   |   0   ||   0   |   0   |
	|BuildTimeDependenc|   2   |   2   |   2   |   0   ||   2   |   2   |
	|RunTimeDependencie|   0   |   0   |   0   |   0   ||   0   |   0   |
	|TestingDependencie|   0   |   0   |   0   |   0   ||   0   |   0   |
	---------------------------------------------------------------------
:: delivering :: CAE-Visualization-Products#IG-6_2#MAIN;6.2.1.4 :: 1.0.0 :: null :: Sun May 01 11:22:47 EDT 2016
	delivering ivy file to /Volumes/MacintoshHDD/mccurdyc/computer_science/cs441s2016/cs441s2016-fp-team1/container/tlb/tools/ivy/build/test/deliver/ivy-1.0.0.xml
:: loading settings :: file = test/repositories/ivysettings.xml
:: loading settings :: file = test/repositories/extra-attributes-forceddependencies/ivysettings-filerepo-noattribs.xml
:: resolving dependencies :: CAE-Visualization-Products#IG-6_2#MAIN;6.2.1.4
	confs: [default, BuildTimeDependencies, RunTimeDependencies, TestingDependencies]
	found CAE-Visualization-Components#RTS#MAIN;6.2.1.20 in attribs
	found CAE-Visualization-Components#SGL#MAIN;6.2.34.7 in attribs
	found CAE-Visualization-Components#SGL#MAIN;6.2.34.17 in attribs
	[6.2.34.17] CAE-Visualization-Components#SGL#MAIN;[6.2.0,6.2.999]
BLACKLISTING [CAE-Visualization-Components#SGL#MAIN;6.2.34.17 blacklisted to evict CAE-Visualization-Components#SGL#MAIN;6.2.34.17 in favor of CAE-Visualization-Components#SGL#MAIN;6.2.34.7 in CAE-Visualization-Products#IG-6_2#MAIN;6.2.1.4 for BuildTimeDependencies]
	found CAE-Visualization-Components#SGL#MAIN;6.2.34.7 in attribs
	[6.2.34.7] CAE-Visualization-Components#SGL#MAIN;[6.2.0,6.2.999]
downloading /Volumes/MacintoshHDD/mccurdyc/computer_science/cs441s2016/cs441s2016-fp-team1/container/tlb/tools/ivy/test/repositories/extra-attributes-forceddependencies/filerepo-noattribs/CAE-Visualization-Components/RTS/6.2.1.20/RTS-6.2.1.20.zip ...
. (0kB)
	[SUCCESSFUL ] CAE-Visualization-Components#RTS#MAIN;6.2.1.20!RTS.zip (1ms)
downloading /Volumes/MacintoshHDD/mccurdyc/computer_science/cs441s2016/cs441s2016-fp-team1/container/tlb/tools/ivy/test/repositories/extra-attributes-forceddependencies/filerepo-noattribs/CAE-Visualization-Components/SGL/6.2.34.7/SGL-6.2.34.7.zip ...
. (0kB)
	[SUCCESSFUL ] CAE-Visualization-Components#SGL#MAIN;6.2.34.7!SGL.zip (1ms)
:: resolution report :: resolve 27ms :: artifacts dl 3ms
	---------------------------------------------------------------------
	|                  |            modules            ||   artifacts   |
	|       conf       | number| search|dwnlded|evicted|| number|dwnlded|
	---------------------------------------------------------------------
	|      default     |   0   |   0   |   0   |   0   ||   0   |   0   |
	|BuildTimeDependenc|   2   |   2   |   2   |   0   ||   2   |   2   |
	|RunTimeDependencie|   0   |   0   |   0   |   0   ||   0   |   0   |
	|TestingDependencie|   0   |   0   |   0   |   0   ||   0   |   0   |
	---------------------------------------------------------------------
:: delivering :: CAE-Visualization-Products#IG-6_2#MAIN;6.2.1.4 :: 1.0.0 :: null :: Sun May 01 11:22:47 EDT 2016
	delivering ivy file to /Volumes/MacintoshHDD/mccurdyc/computer_science/cs441s2016/cs441s2016-fp-team1/container/tlb/tools/ivy/build/test/deliver/ivy-1.0.0.xml
:: loading settings :: file = test/repositories/ivysettings.xml
:: loading settings :: file = test/repositories/extra-attributes-multipledependencies/ivysettings-filerepo-attribs.xml
:: resolving dependencies :: CAE#TESTA#MAIN;working@Coltons-MacBook-Pro.local
	confs: [default, BuildTimeDependencies, RunTimeDependencies, TestingDependencies]
	found CAE-VSK#VSK-FC#MAIN;0.53.0.1 in attribs
	[0.53.0.1] CAE-VSK#VSK-FC#MAIN;0.53.0.1
	found CAE-VSK#VSK-FC#MAIN;0.54.1.0 in attribs
	[0.54.1.0] CAE-VSK#VSK-FC#MAIN;[0.50.0.0,0.55.0.0]
BLACKLISTING [CAE-VSK#VSK-FC#MAIN;0.54.1.0 blacklisted to evict CAE-VSK#VSK-FC#MAIN;0.54.1.0 in favor of CAE-VSK#VSK-FC#MAIN;0.53.0.1 in CAE#TESTA#MAIN;working@Coltons-MacBook-Pro.local for BuildTimeDependencies]
	found CAE-VSK#VSK-FC#MAIN;0.54.0.0 in attribs
	[0.54.0.0] CAE-VSK#VSK-FC#MAIN;[0.50.0.0,0.55.0.0]
BLACKLISTING [CAE-VSK#VSK-FC#MAIN;0.54.0.0 blacklisted to evict CAE-VSK#VSK-FC#MAIN;0.54.0.0 in favor of CAE-VSK#VSK-FC#MAIN;0.53.0.1 in CAE#TESTA#MAIN;working@Coltons-MacBook-Pro.local for BuildTimeDependencies]
	found CAE-VSK#VSK-FC#MAIN;0.53.0.1 in attribs
	[0.53.0.1] CAE-VSK#VSK-FC#MAIN;[0.50.0.0,0.55.0.0]
:: resolution report :: resolve 30ms :: artifacts dl 0ms
	---------------------------------------------------------------------
	|                  |            modules            ||   artifacts   |
	|       conf       | number| search|dwnlded|evicted|| number|dwnlded|
	---------------------------------------------------------------------
	|      default     |   0   |   0   |   0   |   0   ||   0   |   0   |
	|BuildTimeDependenc|   1   |   1   |   1   |   0   ||   0   |   0   |
	|RunTimeDependencie|   0   |   0   |   0   |   0   ||   0   |   0   |
	|TestingDependencie|   0   |   0   |   0   |   0   ||   0   |   0   |
	---------------------------------------------------------------------
:: loading settings :: file = test/repositories/ivysettings.xml
:: loading settings :: file = test/repositories/extra-attributes-multipledependencies/ivysettings-filerepo-noattribs.xml
:: resolving dependencies :: CAE#TESTA#MAIN;working@Coltons-MacBook-Pro.local
	confs: [default, BuildTimeDependencies, RunTimeDependencies, TestingDependencies]
	found CAE-VSK#VSK-FC#MAIN;0.53.0.1 in attribs
	found CAE-VSK#VSK-FC#MAIN;0.54.1.0 in attribs
	[0.54.1.0] CAE-VSK#VSK-FC#MAIN;[0.50.0.0,0.55.0.0]
BLACKLISTING [CAE-VSK#VSK-FC#MAIN;0.54.1.0 blacklisted to evict CAE-VSK#VSK-FC#MAIN;0.54.1.0 in favor of CAE-VSK#VSK-FC#MAIN;0.53.0.1 in CAE#TESTA#MAIN;working@Coltons-MacBook-Pro.local for BuildTimeDependencies]
	found CAE-VSK#VSK-FC#MAIN;0.54.0.0 in attribs
	[0.54.0.0] CAE-VSK#VSK-FC#MAIN;[0.50.0.0,0.55.0.0]
BLACKLISTING [CAE-VSK#VSK-FC#MAIN;0.54.0.0 blacklisted to evict CAE-VSK#VSK-FC#MAIN;0.54.0.0 in favor of CAE-VSK#VSK-FC#MAIN;0.53.0.1 in CAE#TESTA#MAIN;working@Coltons-MacBook-Pro.local for BuildTimeDependencies]
	found CAE-VSK#VSK-FC#MAIN;0.53.0.1 in attribs
	[0.53.0.1] CAE-VSK#VSK-FC#MAIN;[0.50.0.0,0.55.0.0]
:: resolution report :: resolve 33ms :: artifacts dl 0ms
	---------------------------------------------------------------------
	|                  |            modules            ||   artifacts   |
	|       conf       | number| search|dwnlded|evicted|| number|dwnlded|
	---------------------------------------------------------------------
	|      default     |   0   |   0   |   0   |   0   ||   0   |   0   |
	|BuildTimeDependenc|   1   |   1   |   1   |   0   ||   0   |   0   |
	|RunTimeDependencie|   0   |   0   |   0   |   0   ||   0   |   0   |
	|TestingDependencie|   0   |   0   |   0   |   0   ||   0   |   0   |
	---------------------------------------------------------------------
:: loading settings :: file = test/repositories/ivysettings.xml
:: loading settings :: file = test/repositories/extra-attributes-multipledependencies/ivysettings-filerepo-attribs.xml
:: resolving dependencies :: CAE#TESTA#MAIN;working@Coltons-MacBook-Pro.local
	confs: [default, BuildTimeDependencies, RunTimeDependencies, TestingDependencies]
	found CAE-VSK#VSK-FC#MAIN;0.54.1.0 in attribs
	[0.54.1.0] CAE-VSK#VSK-FC#MAIN;[0.50.0.0,0.55.0.0]
BLACKLISTING [CAE-VSK#VSK-FC#MAIN;0.54.1.0 blacklisted to evict CAE-VSK#VSK-FC#MAIN;0.54.1.0 in favor of CAE-VSK#VSK-FC#MAIN;0.53.0.1 in CAE#TESTA#MAIN;working@Coltons-MacBook-Pro.local for BuildTimeDependencies]
	found CAE-VSK#VSK-FC#MAIN;0.54.0.0 in attribs
	[0.54.0.0] CAE-VSK#VSK-FC#MAIN;[0.50.0.0,0.55.0.0]
BLACKLISTING [CAE-VSK#VSK-FC#MAIN;0.54.0.0 blacklisted to evict CAE-VSK#VSK-FC#MAIN;0.54.0.0 in favor of CAE-VSK#VSK-FC#MAIN;0.53.0.1 in CAE#TESTA#MAIN;working@Coltons-MacBook-Pro.local for BuildTimeDependencies]
	found CAE-VSK#VSK-FC#MAIN;0.53.0.1 in attribs
	[0.53.0.1] CAE-VSK#VSK-FC#MAIN;[0.50.0.0,0.55.0.0]
	found CAE-VSK#VSK-FC#MAIN;0.53.0.1 in attribs
	[0.53.0.1] CAE-VSK#VSK-FC#MAIN;0.53.0.1
:: resolution report :: resolve 30ms :: artifacts dl 0ms
	---------------------------------------------------------------------
	|                  |            modules            ||   artifacts   |
	|       conf       | number| search|dwnlded|evicted|| number|dwnlded|
	---------------------------------------------------------------------
	|      default     |   0   |   0   |   0   |   0   ||   0   |   0   |
	|BuildTimeDependenc|   1   |   1   |   1   |   0   ||   0   |   0   |
	|RunTimeDependencie|   0   |   0   |   0   |   0   ||   0   |   0   |
	|TestingDependencie|   0   |   0   |   0   |   0   ||   0   |   0   |
	---------------------------------------------------------------------
:: loading settings :: file = test/repositories/ivysettings.xml
:: loading settings :: file = test/repositories/extra-attributes-multipledependencies/ivysettings-filerepo-noattribs.xml
:: resolving dependencies :: CAE#TESTA#MAIN;working@Coltons-MacBook-Pro.local
	confs: [default, BuildTimeDependencies, RunTimeDependencies, TestingDependencies]
	found CAE-VSK#VSK-FC#MAIN;0.54.1.0 in attribs
	[0.54.1.0] CAE-VSK#VSK-FC#MAIN;[0.50.0.0,0.55.0.0]
BLACKLISTING [CAE-VSK#VSK-FC#MAIN;0.54.1.0 blacklisted to evict CAE-VSK#VSK-FC#MAIN;0.54.1.0 in favor of CAE-VSK#VSK-FC#MAIN;0.53.0.1 in CAE#TESTA#MAIN;working@Coltons-MacBook-Pro.local for BuildTimeDependencies]
	found CAE-VSK#VSK-FC#MAIN;0.54.0.0 in attribs
	[0.54.0.0] CAE-VSK#VSK-FC#MAIN;[0.50.0.0,0.55.0.0]
BLACKLISTING [CAE-VSK#VSK-FC#MAIN;0.54.0.0 blacklisted to evict CAE-VSK#VSK-FC#MAIN;0.54.0.0 in favor of CAE-VSK#VSK-FC#MAIN;0.53.0.1 in CAE#TESTA#MAIN;working@Coltons-MacBook-Pro.local for BuildTimeDependencies]
	found CAE-VSK#VSK-FC#MAIN;0.53.0.1 in attribs
	[0.53.0.1] CAE-VSK#VSK-FC#MAIN;[0.50.0.0,0.55.0.0]
:: resolution report :: resolve 27ms :: artifacts dl 0ms
	---------------------------------------------------------------------
	|                  |            modules            ||   artifacts   |
	|       conf       | number| search|dwnlded|evicted|| number|dwnlded|
	---------------------------------------------------------------------
	|      default     |   0   |   0   |   0   |   0   ||   0   |   0   |
	|BuildTimeDependenc|   1   |   1   |   1   |   0   ||   0   |   0   |
	|RunTimeDependencie|   0   |   0   |   0   |   0   ||   0   |   0   |
	|TestingDependencie|   0   |   0   |   0   |   0   ||   0   |   0   |
	---------------------------------------------------------------------
:: loading settings :: file = test/repositories/ivysettings.xml
:: resolving dependencies :: apache#ivy-956;working@Coltons-MacBook-Pro.local
	confs: [default]
	found org1#mod1.4;1.0.2 in 1
	found org1#mod1.2;1.1 in 1
	[1.1] org1#mod1.2;[1.0,2.0[
BLACKLISTING [org1#mod1.2;1.1 blacklisted to evict org1#mod1.2;1.1 in favor of org1#mod1.2;[0.9,1.0[ in apache#ivy-956;working@Coltons-MacBook-Pro.local for default]
	found org1#mod1.2;1.0 in 1
	[1.0] org1#mod1.2;[1.0,2.0[
BLACKLISTING [org1#mod1.2;1.0 blacklisted to evict org1#mod1.2;1.0 in favor of org1#mod1.2;[0.9,1.0[ in apache#ivy-956;working@Coltons-MacBook-Pro.local for default]

:: problems summary ::
:::: ERRORS
	org1#mod1.2;1.1 (needed by []) conflicts with org1#mod1.2;[0.9,1.0[ (needed by [apache#ivy-956;working@Coltons-MacBook-Pro.local])


:: USE VERBOSE OR DEBUG MESSAGE LEVEL FOR MORE DETAILS
:: loading settings :: file = test/repositories/ivysettings.xml
:: loading settings :: file = test/repositories/IVY-1159/ivysettings.xml
:: resolving dependencies :: myorg#modC;1
	confs: [default]
	found myorg#modA;1 in local
	[1] myorg#modA;0 (forced)
	found myorg#modB;1 in local
	[1] myorg#modB;0 (forced)
downloading /Volumes/MacintoshHDD/mccurdyc/computer_science/cs441s2016/cs441s2016-fp-team1/container/tlb/tools/ivy/test/repositories/IVY-1159/myorg/modA/1/modA.jar ...
.. (0kB)
	[SUCCESSFUL ] myorg#modA;1!modA.jar(lib) (1ms)
downloading /Volumes/MacintoshHDD/mccurdyc/computer_science/cs441s2016/cs441s2016-fp-team1/container/tlb/tools/ivy/test/repositories/IVY-1159/myorg/modB/1/modB.jar ...
.. (0kB)
	[SUCCESSFUL ] myorg#modB;1!modB.jar(lib) (2ms)
:: resolution report :: resolve 20ms :: artifacts dl 4ms
	---------------------------------------------------------------------
	|                  |            modules            ||   artifacts   |
	|       conf       | number| search|dwnlded|evicted|| number|dwnlded|
	---------------------------------------------------------------------
	|      default     |   2   |   2   |   2   |   0   ||   2   |   2   |
	---------------------------------------------------------------------
:: delivering :: myorg#modC;1 :: 1 :: release :: Sun May 01 11:22:47 EDT 2016
	delivering ivy file to /Volumes/MacintoshHDD/mccurdyc/computer_science/cs441s2016/cs441s2016-fp-team1/container/tlb/tools/ivy/build/test/deliver/ivy-1.xml
:: loading settings :: file = test/repositories/ivysettings.xml
:: loading settings :: file = test/repositories/IVY-1159/ivysettings.xml
:: resolving dependencies :: myorg#modC;1
	confs: [default]
	found myorg#modA;1 in local
	[1] myorg#modA;0 (forced)
	found myorg#modB;1 in local
	[1] myorg#modB;0 (forced)
downloading /Volumes/MacintoshHDD/mccurdyc/computer_science/cs441s2016/cs441s2016-fp-team1/container/tlb/tools/ivy/test/repositories/IVY-1159/myorg/modA/1/modA.jar ...
.. (0kB)
	[SUCCESSFUL ] myorg#modA;1!modA.jar(lib) (1ms)
downloading /Volumes/MacintoshHDD/mccurdyc/computer_science/cs441s2016/cs441s2016-fp-team1/container/tlb/tools/ivy/test/repositories/IVY-1159/myorg/modB/1/modB.jar ...
.. (0kB)
	[SUCCESSFUL ] myorg#modB;1!modB.jar(lib) (0ms)
:: resolution report :: resolve 20ms :: artifacts dl 3ms
	---------------------------------------------------------------------
	|                  |            modules            ||   artifacts   |
	|       conf       | number| search|dwnlded|evicted|| number|dwnlded|
	---------------------------------------------------------------------
	|      default     |   2   |   2   |   2   |   0   ||   2   |   2   |
	---------------------------------------------------------------------
:: delivering :: myorg#modC;1 :: 1 :: release :: Sun May 01 11:22:47 EDT 2016
	delivering ivy file to /Volumes/MacintoshHDD/mccurdyc/computer_science/cs441s2016/cs441s2016-fp-team1/container/tlb/tools/ivy/build/test/deliver/ivy-1.xml
:: loading settings :: file = test/repositories/ivysettings.xml
:: loading settings :: file = test/repositories/IVY-1159/ivysettings.xml
:: resolving dependencies :: myorg#modC;1
	confs: [default]
	found myorg#modB;1 in local
	[1] myorg#modB;0 (forced)
	found myorg#modA;1 in local
downloading /Volumes/MacintoshHDD/mccurdyc/computer_science/cs441s2016/cs441s2016-fp-team1/container/tlb/tools/ivy/test/repositories/IVY-1159/myorg/modB/1/modB.jar ...
.. (0kB)
	[SUCCESSFUL ] myorg#modB;1!modB.jar(lib) (3ms)
downloading /Volumes/MacintoshHDD/mccurdyc/computer_science/cs441s2016/cs441s2016-fp-team1/container/tlb/tools/ivy/test/repositories/IVY-1159/myorg/modA/1/modA.jar ...
.. (0kB)
	[SUCCESSFUL ] myorg#modA;1!modA.jar(lib) (1ms)
:: resolution report :: resolve 21ms :: artifacts dl 4ms
	:: evicted modules:
	myorg#modA;0 by [myorg#modA;1] in [default]
	---------------------------------------------------------------------
	|                  |            modules            ||   artifacts   |
	|       conf       | number| search|dwnlded|evicted|| number|dwnlded|
	---------------------------------------------------------------------
	|      default     |   3   |   2   |   2   |   1   ||   2   |   2   |
	---------------------------------------------------------------------
:: delivering :: myorg#modC;1 :: 1 :: release :: Sun May 01 11:22:47 EDT 2016
	delivering ivy file to /Volumes/MacintoshHDD/mccurdyc/computer_science/cs441s2016/cs441s2016-fp-team1/container/tlb/tools/ivy/build/test/deliver/ivy-1.xml
:: loading settings :: file = test/repositories/ivysettings.xml
:: loading settings :: file = test/repositories/IVY-1159/ivysettings.xml
:: resolving dependencies :: myorg#modC;1
	confs: [default]
	found myorg#modB;1 in local
	[1] myorg#modB;0 (forced)
	found myorg#modA;1 in local
downloading /Volumes/MacintoshHDD/mccurdyc/computer_science/cs441s2016/cs441s2016-fp-team1/container/tlb/tools/ivy/test/repositories/IVY-1159/myorg/modB/1/modB.jar ...
.. (0kB)
	[SUCCESSFUL ] myorg#modB;1!modB.jar(lib) (2ms)
downloading /Volumes/MacintoshHDD/mccurdyc/computer_science/cs441s2016/cs441s2016-fp-team1/container/tlb/tools/ivy/test/repositories/IVY-1159/myorg/modA/1/modA.jar ...
.. (0kB)
	[SUCCESSFUL ] myorg#modA;1!modA.jar(lib) (1ms)
:: resolution report :: resolve 22ms :: artifacts dl 3ms
	:: evicted modules:
	myorg#modA;0 by [myorg#modA;1] in [default]
	---------------------------------------------------------------------
	|                  |            modules            ||   artifacts   |
	|       conf       | number| search|dwnlded|evicted|| number|dwnlded|
	---------------------------------------------------------------------
	|      default     |   3   |   2   |   2   |   1   ||   2   |   2   |
	---------------------------------------------------------------------
:: delivering :: myorg#modC;1 :: 1 :: release :: Sun May 01 11:22:48 EDT 2016
	delivering ivy file to /Volumes/MacintoshHDD/mccurdyc/computer_science/cs441s2016/cs441s2016-fp-team1/container/tlb/tools/ivy/build/test/deliver/ivy-1.xml
:: loading settings :: file = test/repositories/ivysettings.xml
:: loading settings :: file = test/repositories/IVY-1300/ivysettings.xml
:: resolving dependencies :: myorg#projectassembly#releasebranch;1
	confs: [default]
	found myorg#modA#releasebranch;1 in local
	[1] myorg#modA#releasebranch;latest.integration
	found myorg#modB#releasebranch;1 in local
	[1] myorg#modB#releasebranch;latest.integration
	found myorg#modA#trunk;5 in local
	[5] myorg#modA#trunk;latest.integration
:: resolution report :: resolve 42ms :: artifacts dl 0ms
	:: evicted modules:
	myorg#modA#releasebranch;1 by [myorg#modA#trunk;5] in [default]
	---------------------------------------------------------------------
	|                  |            modules            ||   artifacts   |
	|       conf       | number| search|dwnlded|evicted|| number|dwnlded|
	---------------------------------------------------------------------
	|      default     |   3   |   3   |   3   |   1   ||   0   |   0   |
	---------------------------------------------------------------------
:: delivering :: myorg#projectassembly#releasebranch;1 :: 1 :: release :: Sun May 01 11:22:48 EDT 2016
	delivering ivy file to /Volumes/MacintoshHDD/mccurdyc/computer_science/cs441s2016/cs441s2016-fp-team1/container/tlb/tools/ivy/build/test/deliver/assembly-1.xml
:: loading settings :: file = test/repositories/ivysettings.xml
:: resolving dependencies :: usecacheonly#mod1;1.0
	confs: [default]
	found usecacheonly#mod2;1.0 in 1
downloading /Volumes/MacintoshHDD/mccurdyc/computer_science/cs441s2016/cs441s2016-fp-team1/container/tlb/tools/ivy/test/repositories/1/usecacheonly/mod2/jars/mod2-1.0.jar ...
.. (0kB)
	[SUCCESSFUL ] usecacheonly#mod2;1.0!mod2.jar (1ms)
:: resolution report :: resolve 15ms :: artifacts dl 3ms
	---------------------------------------------------------------------
	|                  |            modules            ||   artifacts   |
	|       conf       | number| search|dwnlded|evicted|| number|dwnlded|
	---------------------------------------------------------------------
	|      default     |   1   |   1   |   1   |   0   ||   1   |   1   |
	---------------------------------------------------------------------
:: resolving dependencies :: usecacheonly#mod1;1.0
	confs: [default]
	found usecacheonly#mod2;1.0 in 1
:: resolution report :: resolve 4ms :: artifacts dl 1ms
	---------------------------------------------------------------------
	|                  |            modules            ||   artifacts   |
	|       conf       | number| search|dwnlded|evicted|| number|dwnlded|
	---------------------------------------------------------------------
	|      default     |   1   |   0   |   0   |   0   ||   1   |   0   |
	---------------------------------------------------------------------
:: resolving dependencies :: usecacheonly#mod1;1.0
	confs: [default]
:: resolution report :: resolve 3ms :: artifacts dl 0ms
	---------------------------------------------------------------------
	|                  |            modules            ||   artifacts   |
	|       conf       | number| search|dwnlded|evicted|| number|dwnlded|
	---------------------------------------------------------------------
	|      default     |   1   |   0   |   0   |   0   ||   0   |   0   |
	---------------------------------------------------------------------

:: problems summary ::
:::: WARNINGS
		module not found: usecacheonly#mod2;1.0

	==== 1: tried

	==== 2-ivy: tried

	==== 2-artifact: tried

	==== m2: tried

		::::::::::::::::::::::::::::::::::::::::::::::

		::          UNRESOLVED DEPENDENCIES         ::

		::::::::::::::::::::::::::::::::::::::::::::::

		:: usecacheonly#mod2;1.0: not found

		::::::::::::::::::::::::::::::::::::::::::::::



:: USE VERBOSE OR DEBUG MESSAGE LEVEL FOR MORE DETAILS
:: resolving dependencies :: usecacheonly#mod1;1.0
	confs: [default]
:: resolution report :: resolve 2ms :: artifacts dl 0ms
	---------------------------------------------------------------------
	|                  |            modules            ||   artifacts   |
	|       conf       | number| search|dwnlded|evicted|| number|dwnlded|
	---------------------------------------------------------------------
	|      default     |   1   |   0   |   0   |   0   ||   0   |   0   |
	---------------------------------------------------------------------

:: problems summary ::
:::: WARNINGS
		module not found: usecacheonly#mod2;1.0

	==== 1: tried

	==== 2-ivy: tried

	==== 2-artifact: tried

	==== m2: tried

		::::::::::::::::::::::::::::::::::::::::::::::

		::          UNRESOLVED DEPENDENCIES         ::

		::::::::::::::::::::::::::::::::::::::::::::::

		:: usecacheonly#mod2;1.0: not found

		::::::::::::::::::::::::::::::::::::::::::::::



:: USE VERBOSE OR DEBUG MESSAGE LEVEL FOR MORE DETAILS
:: resolving dependencies :: usecacheonly#mod1;1.0
	confs: [default]
	found usecacheonly#mod2;1.0 in 1
:: resolution report :: resolve 16ms :: artifacts dl 1ms
	---------------------------------------------------------------------
	|                  |            modules            ||   artifacts   |
	|       conf       | number| search|dwnlded|evicted|| number|dwnlded|
	---------------------------------------------------------------------
	|      default     |   1   |   1   |   0   |   0   ||   1   |   0   |
	---------------------------------------------------------------------
:: resolving dependencies :: usecacheonly#mod1;1.0
	confs: [default]
	found usecacheonly#mod2;1.0 in 1
:: resolution report :: resolve 3ms :: artifacts dl 1ms
	---------------------------------------------------------------------
	|                  |            modules            ||   artifacts   |
	|       conf       | number| search|dwnlded|evicted|| number|dwnlded|
	---------------------------------------------------------------------
	|      default     |   1   |   0   |   0   |   0   ||   1   |   0   |
	---------------------------------------------------------------------
:: resolving dependencies :: usecacheonly#mod1;1.0
	confs: [default]
	found usecacheonly#mod2;1.0 in 1
:: resolution report :: resolve 3ms :: artifacts dl 1ms
	---------------------------------------------------------------------
	|                  |            modules            ||   artifacts   |
	|       conf       | number| search|dwnlded|evicted|| number|dwnlded|
	---------------------------------------------------------------------
	|      default     |   1   |   0   |   0   |   0   ||   1   |   0   |
	---------------------------------------------------------------------
:: loading settings :: file = test/repositories/ivysettings.xml
:: resolving dependencies :: usecacheonly#mod3;1.0
	confs: [default]
	found usecacheonly#mod2;1.0 in 1
	[1.0] usecacheonly#mod2;[1.0,2.0)
:: resolution report :: resolve 10ms :: artifacts dl 1ms
	---------------------------------------------------------------------
	|                  |            modules            ||   artifacts   |
	|       conf       | number| search|dwnlded|evicted|| number|dwnlded|
	---------------------------------------------------------------------
	|      default     |   1   |   1   |   0   |   0   ||   1   |   0   |
	---------------------------------------------------------------------
:: resolving dependencies :: usecacheonly#mod3;1.0
	confs: [default]
	found usecacheonly#mod2;1.0 in 1
	[1.0] usecacheonly#mod2;[1.0,2.0)
:: resolution report :: resolve 4ms :: artifacts dl 1ms
	---------------------------------------------------------------------
	|                  |            modules            ||   artifacts   |
	|       conf       | number| search|dwnlded|evicted|| number|dwnlded|
	---------------------------------------------------------------------
	|      default     |   1   |   0   |   0   |   0   ||   1   |   0   |
	---------------------------------------------------------------------
:: loading settings :: file = test/repositories/ivysettings.xml
:: resolving dependencies :: usecacheonly#mod4;1.0
	confs: [default]
	found usecacheonly#mod5;1.0.0-SNAPSHOT in 1
	[1.0.0-SNAPSHOT] usecacheonly#mod5;[1.0, 2.0)
:: resolution report :: resolve 109ms :: artifacts dl 8ms
	---------------------------------------------------------------------
	|                  |            modules            ||   artifacts   |
	|       conf       | number| search|dwnlded|evicted|| number|dwnlded|
	---------------------------------------------------------------------
	|      default     |   1   |   1   |   0   |   0   ||   1   |   0   |
	---------------------------------------------------------------------
:: resolving dependencies :: usecacheonly#mod4;1.0
	confs: [default]
	found usecacheonly#mod5;1.0.0-SNAPSHOT in 1
	[1.0.0-SNAPSHOT] usecacheonly#mod5;[1.0, 2.0)
:: resolution report :: resolve 20ms :: artifacts dl 1ms
	---------------------------------------------------------------------
	|                  |            modules            ||   artifacts   |
	|       conf       | number| search|dwnlded|evicted|| number|dwnlded|
	---------------------------------------------------------------------
	|      default     |   1   |   0   |   0   |   0   ||   1   |   0   |
	---------------------------------------------------------------------
:: loading settings :: file = test/repositories/ivysettings.xml
:: resolving dependencies :: packaging#module1;1.0
	confs: [default]
	found packaging#module2;1.0 in 1
downloading /Volumes/MacintoshHDD/mccurdyc/computer_science/cs441s2016/cs441s2016-fp-team1/container/tlb/tools/ivy/test/repositories/1/packaging/module2/jars/module2-1.0.jar ...
.. (0kB)
	Unpacking packaging#module2;1.0!module2.jar
	[SUCCESSFUL ] packaging#module2;1.0!module2.jar (1ms)
:: resolution report :: resolve 9ms :: artifacts dl 5ms
	---------------------------------------------------------------------
	|                  |            modules            ||   artifacts   |
	|       conf       | number| search|dwnlded|evicted|| number|dwnlded|
	---------------------------------------------------------------------
	|      default     |   1   |   1   |   1   |   0   ||   1   |   1   |
	---------------------------------------------------------------------
]]></system-out>
  <system-err><![CDATA[]]></system-err>
</testsuite>
